[0.378s] Invoking command in '/home/devam/turtlebot3_ws/src/build/turtlebot3_description': CMAKE_PREFIX_PATH=${CMAKE_PREFIX_PATH}:/home/devam/FYP_ROS2/install/occ_map_creator:/home/devam/FYP_ROS2/install/ekf_slam:/home/devam/FYP_ROS2/install/ekf_localization:/home/devam/turtlebot3_ws/install/turtlebot3_teleop:/home/devam/turtlebot3_ws/install/turtlebot3_rtabmap_slam:/home/devam/turtlebot3_ws/install/turtlebot3_example:/home/devam/turtlebot3_ws/install/microstrain_inertial_rqt:/opt/ros/humble /usr/local/bin/cmake /home/devam/turtlebot3_ws/src/turtlebot3/turtlebot3_description -DCMAKE_BUILD_TYPE=Release -DAMENT_CMAKE_SYMLINK_INSTALL=1 -DCMAKE_INSTALL_PREFIX=/home/devam/turtlebot3_ws/src/install/turtlebot3_description
[0.792s] -- The C compiler identification is GNU 11.4.0
[0.792s] -- The CXX compiler identification is GNU 11.4.0
[0.793s] -- Detecting C compiler ABI info
[0.794s] -- Detecting C compiler ABI info - done
[0.794s] -- Check for working C compiler: /usr/bin/cc - skipped
[0.797s] -- Detecting C compile features
[0.797s] -- Detecting C compile features - done
[0.811s] -- Detecting CXX compiler ABI info
[0.907s] -- Detecting CXX compiler ABI info - done
[0.919s] -- Check for working CXX compiler: /usr/bin/c++ - skipped
[0.919s] -- Detecting CXX compile features
[0.920s] -- Detecting CXX compile features - done
[0.926s] -- Found ament_cmake: 1.3.11 (/opt/ros/humble/share/ament_cmake/cmake)
[1.157s] -- Found Python3: /usr/bin/python3 (found version "3.10.12") found components: Interpreter 
[1.247s] -- Override CMake install command with custom implementation using symlinks instead of copying resources
[1.332s] -- Found urdf: 2.6.1 (/opt/ros/humble/share/urdf/cmake)
[1.778s] -- Configuring done (1.4s)
[1.781s] -- Generating done (0.0s)
[1.782s] -- Build files have been written to: /home/devam/turtlebot3_ws/src/build/turtlebot3_description
