running egg_info
creating ../build/turtlebot3_rtabmap_slam/turtlebot3_rtabmap_slam.egg-info
writing ../build/turtlebot3_rtabmap_slam/turtlebot3_rtabmap_slam.egg-info/PKG-INFO
writing dependency_links to ../build/turtlebot3_rtabmap_slam/turtlebot3_rtabmap_slam.egg-info/dependency_links.txt
writing requirements to ../build/turtlebot3_rtabmap_slam/turtlebot3_rtabmap_slam.egg-info/requires.txt
writing top-level names to ../build/turtlebot3_rtabmap_slam/turtlebot3_rtabmap_slam.egg-info/top_level.txt
writing manifest file '../build/turtlebot3_rtabmap_slam/turtlebot3_rtabmap_slam.egg-info/SOURCES.txt'
reading manifest file '../build/turtlebot3_rtabmap_slam/turtlebot3_rtabmap_slam.egg-info/SOURCES.txt'
writing manifest file '../build/turtlebot3_rtabmap_slam/turtlebot3_rtabmap_slam.egg-info/SOURCES.txt'
running build
running build_py
creating /home/devam/turtlebot3_ws/src/build/turtlebot3_rtabmap_slam/build
creating /home/devam/turtlebot3_ws/src/build/turtlebot3_rtabmap_slam/build/lib
creating /home/devam/turtlebot3_ws/src/build/turtlebot3_rtabmap_slam/build/lib/turtlebot3_rtabmap_slam
copying turtlebot3_rtabmap_slam/__init__.py -> /home/devam/turtlebot3_ws/src/build/turtlebot3_rtabmap_slam/build/lib/turtlebot3_rtabmap_slam
running install
running install_lib
creating /home/devam/turtlebot3_ws/src/install/turtlebot3_rtabmap_slam/lib/python3.10/site-packages/turtlebot3_rtabmap_slam
copying /home/devam/turtlebot3_ws/src/build/turtlebot3_rtabmap_slam/build/lib/turtlebot3_rtabmap_slam/__init__.py -> /home/devam/turtlebot3_ws/src/install/turtlebot3_rtabmap_slam/lib/python3.10/site-packages/turtlebot3_rtabmap_slam
byte-compiling /home/devam/turtlebot3_ws/src/install/turtlebot3_rtabmap_slam/lib/python3.10/site-packages/turtlebot3_rtabmap_slam/__init__.py to __init__.cpython-310.pyc
running install_data
creating /home/devam/turtlebot3_ws/src/install/turtlebot3_rtabmap_slam/share/ament_index
creating /home/devam/turtlebot3_ws/src/install/turtlebot3_rtabmap_slam/share/ament_index/resource_index
creating /home/devam/turtlebot3_ws/src/install/turtlebot3_rtabmap_slam/share/ament_index/resource_index/packages
copying resource/turtlebot3_rtabmap_slam -> /home/devam/turtlebot3_ws/src/install/turtlebot3_rtabmap_slam/share/ament_index/resource_index/packages
copying package.xml -> /home/devam/turtlebot3_ws/src/install/turtlebot3_rtabmap_slam/share/turtlebot3_rtabmap_slam
creating /home/devam/turtlebot3_ws/src/install/turtlebot3_rtabmap_slam/share/turtlebot3_rtabmap_slam/launch
copying launch/turtlebot3_rtabmap_lidar_only.launch.py -> /home/devam/turtlebot3_ws/src/install/turtlebot3_rtabmap_slam/share/turtlebot3_rtabmap_slam/launch
copying launch/turtlebot3_rtabmap.launch.py -> /home/devam/turtlebot3_ws/src/install/turtlebot3_rtabmap_slam/share/turtlebot3_rtabmap_slam/launch
creating /home/devam/turtlebot3_ws/src/install/turtlebot3_rtabmap_slam/share/turtlebot3_rtabmap_slam/config
copying config/rtabmap_params.yaml -> /home/devam/turtlebot3_ws/src/install/turtlebot3_rtabmap_slam/share/turtlebot3_rtabmap_slam/config
creating /home/devam/turtlebot3_ws/src/install/turtlebot3_rtabmap_slam/share/turtlebot3_rtabmap_slam/rviz
copying rviz/rtabmap_slam.rviz -> /home/devam/turtlebot3_ws/src/install/turtlebot3_rtabmap_slam/share/turtlebot3_rtabmap_slam/rviz
running install_egg_info
Copying ../build/turtlebot3_rtabmap_slam/turtlebot3_rtabmap_slam.egg-info to /home/devam/turtlebot3_ws/src/install/turtlebot3_rtabmap_slam/lib/python3.10/site-packages/turtlebot3_rtabmap_slam-0.0.1-py3.10.egg-info
running install_scripts
writing list of installed files to '/home/devam/turtlebot3_ws/src/build/turtlebot3_rtabmap_slam/install.log'
