[3.050s] Invoking command in '/home/devam/turtlebot3_ws/src/build/microstrain_inertial_rqt': AMENT_PREFIX_PATH=/home/devam/turtlebot3_ws/src/install/microstrain_inertial_msgs:${AMENT_PREFIX_PATH} CMAKE_PREFIX_PATH=/home/devam/turtlebot3_ws/src/install/microstrain_inertial_msgs:${CMAKE_PREFIX_PATH} LD_LIBRARY_PATH=/home/devam/turtlebot3_ws/src/install/microstrain_inertial_msgs/lib:/home/devam/turtlebot4_ws/install/turtlebot4_msgs/lib:/home/devam/turtlebot3_ws/install/velodyne_pointcloud/lib:/home/devam/turtlebot3_ws/install/velodyne_driver/lib:/home/devam/turtlebot3_ws/install/velodyne_msgs/lib:/home/devam/turtlebot3_ws/install/velodyne_laserscan/lib:/home/devam/turtlebot3_ws/install/velodyne_gazebo_plugins/lib:/home/devam/turtlebot3_ws/install/turtlebot3_msgs/lib:/home/devam/turtlebot3_ws/install/microstrain_inertial_msgs/lib:/home/devam/turtlebot3_ws/install/lio_sam/lib:/usr/lib/x86_64-linux-gnu/gazebo-11/plugins:/opt/ros/humble/opt/rviz_ogre_vendor/lib:/opt/ros/humble/lib/x86_64-linux-gnu:/opt/ros/humble/lib:/usr/share/gazebo/../../lib/x86_64-linux-gnu/gazebo-11/plugins PYTHONPATH=/home/devam/turtlebot3_ws/src/build/microstrain_inertial_rqt/prefix_override:/usr/lib/python3/dist-packages/colcon_core/task/python/colcon_distutils_commands:/home/devam/turtlebot3_ws/src/install/microstrain_inertial_rqt/lib/python3.10/site-packages:/home/devam/turtlebot3_ws/src/install/microstrain_inertial_msgs/local/lib/python3.10/dist-packages:${PYTHONPATH} /usr/bin/python3 -W ignore:setup.py install is deprecated -W ignore:easy_install command is deprecated setup.py develop --editable --build-directory /home/devam/turtlebot3_ws/src/build/microstrain_inertial_rqt/build --no-deps symlink_data
[3.467s] running develop
[3.736s] running egg_info
[3.736s] creating microstrain_inertial_rqt_common/src/microstrain_inertial_rqt.egg-info
[3.754s] writing microstrain_inertial_rqt_common/src/microstrain_inertial_rqt.egg-info/PKG-INFO
[3.755s] writing dependency_links to microstrain_inertial_rqt_common/src/microstrain_inertial_rqt.egg-info/dependency_links.txt
[3.755s] writing requirements to microstrain_inertial_rqt_common/src/microstrain_inertial_rqt.egg-info/requires.txt
[3.755s] writing top-level names to microstrain_inertial_rqt_common/src/microstrain_inertial_rqt.egg-info/top_level.txt
[3.756s] writing manifest file 'microstrain_inertial_rqt_common/src/microstrain_inertial_rqt.egg-info/SOURCES.txt'
[3.793s] reading manifest file 'microstrain_inertial_rqt_common/src/microstrain_inertial_rqt.egg-info/SOURCES.txt'
[3.795s] writing manifest file 'microstrain_inertial_rqt_common/src/microstrain_inertial_rqt.egg-info/SOURCES.txt'
[3.815s] running build_ext
[3.815s] Creating /home/devam/turtlebot3_ws/src/install/microstrain_inertial_rqt/lib/python3.10/site-packages/microstrain-inertial-rqt.egg-link (link to microstrain_inertial_rqt_common/src)
[3.816s] 
[3.816s] Installed /home/devam/turtlebot3_ws/src/build/microstrain_inertial_rqt/microstrain_inertial_rqt_common/src
[3.816s] running symlink_data
[3.816s] creating /home/devam/turtlebot3_ws/src/install/microstrain_inertial_rqt/share/ament_index
[3.816s] creating /home/devam/turtlebot3_ws/src/install/microstrain_inertial_rqt/share/ament_index/resource_index
[3.816s] creating /home/devam/turtlebot3_ws/src/install/microstrain_inertial_rqt/share/ament_index/resource_index/packages
[3.817s] symbolically linking /home/devam/turtlebot3_ws/src/build/microstrain_inertial_rqt/resource/microstrain_inertial_rqt -> /home/devam/turtlebot3_ws/src/install/microstrain_inertial_rqt/share/ament_index/resource_index/packages
[3.817s] symbolically linking /home/devam/turtlebot3_ws/src/build/microstrain_inertial_rqt/package.xml -> /home/devam/turtlebot3_ws/src/install/microstrain_inertial_rqt/share/microstrain_inertial_rqt
[3.817s] symbolically linking /home/devam/turtlebot3_ws/src/build/microstrain_inertial_rqt/launch/quickview_launch.py -> /home/devam/turtlebot3_ws/src/install/microstrain_inertial_rqt/share/microstrain_inertial_rqt
[3.818s] creating /home/devam/turtlebot3_ws/src/install/microstrain_inertial_rqt/share/microstrain_inertial_rqt/microstrain_inertial_rqt_common
[3.818s] symbolically linking /home/devam/turtlebot3_ws/src/build/microstrain_inertial_rqt/microstrain_inertial_rqt_common/plugin.xml -> /home/devam/turtlebot3_ws/src/install/microstrain_inertial_rqt/share/microstrain_inertial_rqt/microstrain_inertial_rqt_common
[3.818s] creating /home/devam/turtlebot3_ws/src/install/microstrain_inertial_rqt/share/microstrain_inertial_rqt/microstrain_inertial_rqt_common/resource
[3.819s] symbolically linking /home/devam/turtlebot3_ws/src/build/microstrain_inertial_rqt/microstrain_inertial_rqt_common/resource/GNSSData.ui -> /home/devam/turtlebot3_ws/src/install/microstrain_inertial_rqt/share/microstrain_inertial_rqt/microstrain_inertial_rqt_common/resource
[3.819s] symbolically linking /home/devam/turtlebot3_ws/src/build/microstrain_inertial_rqt/microstrain_inertial_rqt_common/resource/RTKStatus.ui -> /home/devam/turtlebot3_ws/src/install/microstrain_inertial_rqt/share/microstrain_inertial_rqt/microstrain_inertial_rqt_common/resource
[3.819s] symbolically linking /home/devam/turtlebot3_ws/src/build/microstrain_inertial_rqt/microstrain_inertial_rqt_common/resource/DeviceSelector.ui -> /home/devam/turtlebot3_ws/src/install/microstrain_inertial_rqt/share/microstrain_inertial_rqt/microstrain_inertial_rqt_common/resource
[3.819s] symbolically linking /home/devam/turtlebot3_ws/src/build/microstrain_inertial_rqt/microstrain_inertial_rqt_common/resource/FilterData.ui -> /home/devam/turtlebot3_ws/src/install/microstrain_inertial_rqt/share/microstrain_inertial_rqt/microstrain_inertial_rqt_common/resource
[3.820s] symbolically linking /home/devam/turtlebot3_ws/src/build/microstrain_inertial_rqt/microstrain_inertial_rqt_common/resource/quickview.perspective -> /home/devam/turtlebot3_ws/src/install/microstrain_inertial_rqt/share/microstrain_inertial_rqt/microstrain_inertial_rqt_common/resource
[3.820s] symbolically linking /home/devam/turtlebot3_ws/src/build/microstrain_inertial_rqt/microstrain_inertial_rqt_common/resource/SensorData.ui -> /home/devam/turtlebot3_ws/src/install/microstrain_inertial_rqt/share/microstrain_inertial_rqt/microstrain_inertial_rqt_common/resource
[3.820s] symbolically linking /home/devam/turtlebot3_ws/src/build/microstrain_inertial_rqt/microstrain_inertial_rqt_common/resource/GQ7LED.ui -> /home/devam/turtlebot3_ws/src/install/microstrain_inertial_rqt/share/microstrain_inertial_rqt/microstrain_inertial_rqt_common/resource
[3.821s] creating /home/devam/turtlebot3_ws/src/install/microstrain_inertial_rqt/share/microstrain_inertial_rqt/microstrain_inertial_rqt_common/resource/icons
[3.821s] symbolically linking /home/devam/turtlebot3_ws/src/build/microstrain_inertial_rqt/microstrain_inertial_rqt_common/resource/icons/icon-green-checked.png -> /home/devam/turtlebot3_ws/src/install/microstrain_inertial_rqt/share/microstrain_inertial_rqt/microstrain_inertial_rqt_common/resource/icons
[3.821s] symbolically linking /home/devam/turtlebot3_ws/src/build/microstrain_inertial_rqt/microstrain_inertial_rqt_common/resource/icons/icon-grey-checked.png -> /home/devam/turtlebot3_ws/src/install/microstrain_inertial_rqt/share/microstrain_inertial_rqt/microstrain_inertial_rqt_common/resource/icons
[3.821s] symbolically linking /home/devam/turtlebot3_ws/src/build/microstrain_inertial_rqt/microstrain_inertial_rqt_common/resource/icons/icon-blue-unchecked.png -> /home/devam/turtlebot3_ws/src/install/microstrain_inertial_rqt/share/microstrain_inertial_rqt/microstrain_inertial_rqt_common/resource/icons
[3.822s] symbolically linking /home/devam/turtlebot3_ws/src/build/microstrain_inertial_rqt/microstrain_inertial_rqt_common/resource/icons/icon-grey-unchecked.png -> /home/devam/turtlebot3_ws/src/install/microstrain_inertial_rqt/share/microstrain_inertial_rqt/microstrain_inertial_rqt_common/resource/icons
[3.822s] symbolically linking /home/devam/turtlebot3_ws/src/build/microstrain_inertial_rqt/microstrain_inertial_rqt_common/resource/icons/icon-red-unchecked.png -> /home/devam/turtlebot3_ws/src/install/microstrain_inertial_rqt/share/microstrain_inertial_rqt/microstrain_inertial_rqt_common/resource/icons
[3.822s] symbolically linking /home/devam/turtlebot3_ws/src/build/microstrain_inertial_rqt/microstrain_inertial_rqt_common/resource/icons/icon-teal-unchecked.png -> /home/devam/turtlebot3_ws/src/install/microstrain_inertial_rqt/share/microstrain_inertial_rqt/microstrain_inertial_rqt_common/resource/icons
[3.822s] symbolically linking /home/devam/turtlebot3_ws/src/build/microstrain_inertial_rqt/microstrain_inertial_rqt_common/resource/icons/icon-yellow-checked.png -> /home/devam/turtlebot3_ws/src/install/microstrain_inertial_rqt/share/microstrain_inertial_rqt/microstrain_inertial_rqt_common/resource/icons
[3.823s] symbolically linking /home/devam/turtlebot3_ws/src/build/microstrain_inertial_rqt/microstrain_inertial_rqt_common/resource/icons/icon-teal-checked.png -> /home/devam/turtlebot3_ws/src/install/microstrain_inertial_rqt/share/microstrain_inertial_rqt/microstrain_inertial_rqt_common/resource/icons
[3.823s] symbolically linking /home/devam/turtlebot3_ws/src/build/microstrain_inertial_rqt/microstrain_inertial_rqt_common/resource/icons/icon-red-checked.png -> /home/devam/turtlebot3_ws/src/install/microstrain_inertial_rqt/share/microstrain_inertial_rqt/microstrain_inertial_rqt_common/resource/icons
[3.823s] symbolically linking /home/devam/turtlebot3_ws/src/build/microstrain_inertial_rqt/microstrain_inertial_rqt_common/resource/icons/icon-yellow-unchecked.png -> /home/devam/turtlebot3_ws/src/install/microstrain_inertial_rqt/share/microstrain_inertial_rqt/microstrain_inertial_rqt_common/resource/icons
[3.823s] symbolically linking /home/devam/turtlebot3_ws/src/build/microstrain_inertial_rqt/microstrain_inertial_rqt_common/resource/icons/icon-blue-checked.png -> /home/devam/turtlebot3_ws/src/install/microstrain_inertial_rqt/share/microstrain_inertial_rqt/microstrain_inertial_rqt_common/resource/icons
[3.824s] symbolically linking /home/devam/turtlebot3_ws/src/build/microstrain_inertial_rqt/microstrain_inertial_rqt_common/resource/icons/icon-green-unchecked.png -> /home/devam/turtlebot3_ws/src/install/microstrain_inertial_rqt/share/microstrain_inertial_rqt/microstrain_inertial_rqt_common/resource/icons
[3.856s] Invoked command in '/home/devam/turtlebot3_ws/src/build/microstrain_inertial_rqt' returned '0': AMENT_PREFIX_PATH=/home/devam/turtlebot3_ws/src/install/microstrain_inertial_msgs:${AMENT_PREFIX_PATH} CMAKE_PREFIX_PATH=/home/devam/turtlebot3_ws/src/install/microstrain_inertial_msgs:${CMAKE_PREFIX_PATH} LD_LIBRARY_PATH=/home/devam/turtlebot3_ws/src/install/microstrain_inertial_msgs/lib:/home/devam/turtlebot4_ws/install/turtlebot4_msgs/lib:/home/devam/turtlebot3_ws/install/velodyne_pointcloud/lib:/home/devam/turtlebot3_ws/install/velodyne_driver/lib:/home/devam/turtlebot3_ws/install/velodyne_msgs/lib:/home/devam/turtlebot3_ws/install/velodyne_laserscan/lib:/home/devam/turtlebot3_ws/install/velodyne_gazebo_plugins/lib:/home/devam/turtlebot3_ws/install/turtlebot3_msgs/lib:/home/devam/turtlebot3_ws/install/microstrain_inertial_msgs/lib:/home/devam/turtlebot3_ws/install/lio_sam/lib:/usr/lib/x86_64-linux-gnu/gazebo-11/plugins:/opt/ros/humble/opt/rviz_ogre_vendor/lib:/opt/ros/humble/lib/x86_64-linux-gnu:/opt/ros/humble/lib:/usr/share/gazebo/../../lib/x86_64-linux-gnu/gazebo-11/plugins PYTHONPATH=/home/devam/turtlebot3_ws/src/build/microstrain_inertial_rqt/prefix_override:/usr/lib/python3/dist-packages/colcon_core/task/python/colcon_distutils_commands:/home/devam/turtlebot3_ws/src/install/microstrain_inertial_rqt/lib/python3.10/site-packages:/home/devam/turtlebot3_ws/src/install/microstrain_inertial_msgs/local/lib/python3.10/dist-packages:${PYTHONPATH} /usr/bin/python3 -W ignore:setup.py install is deprecated -W ignore:easy_install command is deprecated setup.py develop --editable --build-directory /home/devam/turtlebot3_ws/src/build/microstrain_inertial_rqt/build --no-deps symlink_data
