[0.122s] Invoking command in '/home/devam/turtlebot3_ws/src/build/microstrain_inertial_msgs': CMAKE_PREFIX_PATH=${CMAKE_PREFIX_PATH}:/home/devam/FYP_ROS2/install/occ_map_creator:/home/devam/FYP_ROS2/install/ekf_slam:/home/devam/FYP_ROS2/install/ekf_localization:/home/devam/turtlebot3_ws/install/turtlebot3_teleop:/home/devam/turtlebot3_ws/install/turtlebot3_rtabmap_slam:/home/devam/turtlebot3_ws/install/turtlebot3_example:/home/devam/turtlebot3_ws/install/microstrain_inertial_rqt:/opt/ros/humble /usr/local/bin/cmake /home/devam/turtlebot3_ws/src/microstrain_inertial/microstrain_inertial_msgs -DCMAKE_BUILD_TYPE=Release -DAMENT_CMAKE_SYMLINK_INSTALL=1 -DCMAKE_INSTALL_PREFIX=/home/devam/turtlebot3_ws/src/install/microstrain_inertial_msgs
[0.805s] -- The C compiler identification is GNU 11.4.0
[0.806s] -- The CXX compiler identification is GNU 11.4.0
[0.806s] -- Detecting C compiler ABI info
[0.806s] -- Detecting C compiler ABI info - done
[0.806s] -- Check for working C compiler: /usr/bin/cc - skipped
[0.806s] -- Detecting C compile features
[0.806s] -- Detecting C compile features - done
[0.806s] -- Detecting CXX compiler ABI info
[0.806s] -- Detecting CXX compiler ABI info - done
[0.808s] -- Check for working CXX compiler: /usr/bin/c++ - skipped
[0.808s] -- Detecting CXX compile features
[0.809s] -- Detecting CXX compile features - done
[0.809s] -- Found ament_cmake: 1.3.11 (/opt/ros/humble/share/ament_cmake/cmake)
[0.827s] -- Found Python3: /usr/bin/python3 (found version "3.10.12") found components: Interpreter 
[0.961s] -- Override CMake install command with custom implementation using symlinks instead of copying resources
[1.037s] -- Found rosidl_default_runtime: 1.2.0 (/opt/ros/humble/share/rosidl_default_runtime/cmake)
[1.121s] -- Using all available rosidl_typesupport_c: rosidl_typesupport_fastrtps_c;rosidl_typesupport_introspection_c
[1.186s] -- Found rosidl_adapter: 3.1.6 (/opt/ros/humble/share/rosidl_adapter/cmake)
[1.356s] -- Using all available rosidl_typesupport_cpp: rosidl_typesupport_fastrtps_cpp;rosidl_typesupport_introspection_cpp
[1.402s] -- Found rosidl_default_generators: 1.2.0 (/opt/ros/humble/share/rosidl_default_generators/cmake)
[1.424s] -- Found std_msgs: 4.9.0 (/opt/ros/humble/share/std_msgs/cmake)
[1.463s] -- Found geometry_msgs: 4.9.0 (/opt/ros/humble/share/geometry_msgs/cmake)
[2.556s] -- Found ament_cmake_ros: 0.10.0 (/opt/ros/humble/share/ament_cmake_ros/cmake)
[3.425s] -- Using all available rosidl_typesupport_c: rosidl_typesupport_fastrtps_c;rosidl_typesupport_introspection_c
[4.584s] -- Using all available rosidl_typesupport_cpp: rosidl_typesupport_fastrtps_cpp;rosidl_typesupport_introspection_cpp
[4.587s] [33mCMake Warning (dev) at /opt/ros/humble/share/rosidl_generator_py/cmake/rosidl_generator_py_generate_interfaces.cmake:20 (find_package):
[4.587s]   Policy CMP0148 is not set: The FindPythonInterp and FindPythonLibs modules
[4.587s]   are removed.  Run "cmake --help-policy CMP0148" for policy details.  Use
[4.587s]   the cmake_policy command to set the policy and suppress this warning.
[4.587s] 
[4.587s] Call Stack (most recent call first):
[4.587s]   /opt/ros/humble/share/ament_cmake_core/cmake/core/ament_execute_extensions.cmake:48 (include)
[4.587s]   /opt/ros/humble/share/rosidl_cmake/cmake/rosidl_generate_interfaces.cmake:286 (ament_execute_extensions)
[4.587s]   CMakeLists.txt:61 (rosidl_generate_interfaces)
[4.587s] This warning is for project developers.  Use -Wno-dev to suppress it.
[4.587s] [0m
[4.621s] -- Found PythonInterp: /usr/bin/python3 (found suitable version "3.10.12", minimum required is "3.6") 
[4.625s] -- Found python_cmake_module: 0.10.0 (/opt/ros/humble/share/python_cmake_module/cmake)
[4.625s] [33mCMake Warning (dev) at /opt/ros/humble/share/python_cmake_module/cmake/Modules/FindPythonExtra.cmake:52 (find_package):
[4.626s]   Policy CMP0148 is not set: The FindPythonInterp and FindPythonLibs modules
[4.626s]   are removed.  Run "cmake --help-policy CMP0148" for policy details.  Use
[4.626s]   the cmake_policy command to set the policy and suppress this warning.
[4.626s] 
[4.627s] Call Stack (most recent call first):
[4.627s]   /opt/ros/humble/share/rosidl_generator_py/cmake/rosidl_generator_py_generate_interfaces.cmake:23 (find_package)
[4.627s]   /opt/ros/humble/share/ament_cmake_core/cmake/core/ament_execute_extensions.cmake:48 (include)
[4.627s]   /opt/ros/humble/share/rosidl_cmake/cmake/rosidl_generate_interfaces.cmake:286 (ament_execute_extensions)
[4.628s]   CMakeLists.txt:61 (rosidl_generate_interfaces)
[4.628s] This warning is for project developers.  Use -Wno-dev to suppress it.
[4.628s] [0m
[4.661s] [33mCMake Warning (dev) at /opt/ros/humble/share/python_cmake_module/cmake/Modules/FindPythonExtra.cmake:140 (find_package):
[4.661s]   Policy CMP0148 is not set: The FindPythonInterp and FindPythonLibs modules
[4.662s]   are removed.  Run "cmake --help-policy CMP0148" for policy details.  Use
[4.662s]   the cmake_policy command to set the policy and suppress this warning.
[4.662s] 
[4.662s] Call Stack (most recent call first):
[4.662s]   /opt/ros/humble/share/rosidl_generator_py/cmake/rosidl_generator_py_generate_interfaces.cmake:23 (find_package)
[4.662s]   /opt/ros/humble/share/ament_cmake_core/cmake/core/ament_execute_extensions.cmake:48 (include)
[4.662s]   /opt/ros/humble/share/rosidl_cmake/cmake/rosidl_generate_interfaces.cmake:286 (ament_execute_extensions)
[4.662s]   CMakeLists.txt:61 (rosidl_generate_interfaces)
[4.662s] This warning is for project developers.  Use -Wno-dev to suppress it.
[4.662s] [0m
[4.671s] -- Found PythonLibs: /usr/lib/x86_64-linux-gnu/libpython3.10.so (found suitable version "3.10.12", minimum required is "3.5") 
[4.671s] -- Using PYTHON_EXECUTABLE: /usr/bin/python3
[4.671s] -- Using PYTHON_INCLUDE_DIRS: /usr/include/python3.10
[4.671s] -- Using PYTHON_LIBRARIES: /usr/lib/x86_64-linux-gnu/libpython3.10.so
[4.707s] -- Found PythonExtra: .so  
[4.841s] -- Configuring done (4.7s)
[4.950s] -- Generating done (0.1s)
[4.965s] -- Build files have been written to: /home/devam/turtlebot3_ws/src/build/microstrain_inertial_msgs
