-- Install configuration: "Release"
-- Execute custom install script
-- Symlinking: /home/devam/turtlebot3_ws/src/install/velodyne_description/share/ament_index/resource_index/package_run_dependencies/velodyne_description
-- Symlinking: /home/devam/turtlebot3_ws/src/install/velodyne_description/share/ament_index/resource_index/parent_prefix_path/velodyne_description
-- Symlinking: /home/devam/turtlebot3_ws/src/install/velodyne_description/share/velodyne_description/environment/ament_prefix_path.sh
-- Symlinking: /home/devam/turtlebot3_ws/src/install/velodyne_description/share/velodyne_description/environment/ament_prefix_path.dsv
-- Symlinking: /home/devam/turtlebot3_ws/src/install/velodyne_description/share/velodyne_description/environment/path.sh
-- Symlinking: /home/devam/turtlebot3_ws/src/install/velodyne_description/share/velodyne_description/environment/path.dsv
-- Symlinking: /home/devam/turtlebot3_ws/src/install/velodyne_description/share/velodyne_description/local_setup.bash
-- Symlinking: /home/devam/turtlebot3_ws/src/install/velodyne_description/share/velodyne_description/local_setup.sh
-- Symlinking: /home/devam/turtlebot3_ws/src/install/velodyne_description/share/velodyne_description/local_setup.zsh
-- Symlinking: /home/devam/turtlebot3_ws/src/install/velodyne_description/share/velodyne_description/local_setup.dsv
-- Symlinking: /home/devam/turtlebot3_ws/src/install/velodyne_description/share/velodyne_description/package.dsv
-- Symlinking: /home/devam/turtlebot3_ws/src/install/velodyne_description/share/ament_index/resource_index/packages/velodyne_description
-- Symlinking: /home/devam/turtlebot3_ws/src/install/velodyne_description/share/velodyne_description/cmake/ament_cmake_export_dependencies-extras.cmake
-- Symlinking: /home/devam/turtlebot3_ws/src/install/velodyne_description/share/velodyne_description/cmake/velodyne_descriptionConfig.cmake
-- Symlinking: /home/devam/turtlebot3_ws/src/install/velodyne_description/share/velodyne_description/cmake/velodyne_descriptionConfig-version.cmake
-- Symlinking: /home/devam/turtlebot3_ws/src/install/velodyne_description/share/velodyne_description/package.xml
-- Symlinking: /home/devam/turtlebot3_ws/src/install/velodyne_description/share/velodyne_description/launch/example-launch.py
-- Symlinking: /home/devam/turtlebot3_ws/src/install/velodyne_description/share/velodyne_description/meshes/HDL32E_base.dae
-- Symlinking: /home/devam/turtlebot3_ws/src/install/velodyne_description/share/velodyne_description/meshes/HDL32E_base.stl
-- Symlinking: /home/devam/turtlebot3_ws/src/install/velodyne_description/share/velodyne_description/meshes/HDL32E_scan.dae
-- Symlinking: /home/devam/turtlebot3_ws/src/install/velodyne_description/share/velodyne_description/meshes/HDL32E_scan.stl
-- Symlinking: /home/devam/turtlebot3_ws/src/install/velodyne_description/share/velodyne_description/meshes/VLP16_base_1.dae
-- Symlinking: /home/devam/turtlebot3_ws/src/install/velodyne_description/share/velodyne_description/meshes/VLP16_base_1.stl
-- Symlinking: /home/devam/turtlebot3_ws/src/install/velodyne_description/share/velodyne_description/meshes/VLP16_base_2.dae
-- Symlinking: /home/devam/turtlebot3_ws/src/install/velodyne_description/share/velodyne_description/meshes/VLP16_base_2.stl
-- Symlinking: /home/devam/turtlebot3_ws/src/install/velodyne_description/share/velodyne_description/meshes/VLP16_scan.dae
-- Symlinking: /home/devam/turtlebot3_ws/src/install/velodyne_description/share/velodyne_description/meshes/VLP16_scan.stl
-- Symlinking: /home/devam/turtlebot3_ws/src/install/velodyne_description/share/velodyne_description/rviz/example.rviz
-- Symlinking: /home/devam/turtlebot3_ws/src/install/velodyne_description/share/velodyne_description/urdf/HDL-32E.urdf.xacro
-- Symlinking: /home/devam/turtlebot3_ws/src/install/velodyne_description/share/velodyne_description/urdf/VLP-16.urdf.xacro
-- Symlinking: /home/devam/turtlebot3_ws/src/install/velodyne_description/share/velodyne_description/urdf/VLP-32C.urdf.xacro
-- Symlinking: /home/devam/turtlebot3_ws/src/install/velodyne_description/share/velodyne_description/urdf/example.urdf.xacro
-- Symlinking: /home/devam/turtlebot3_ws/src/install/velodyne_description/share/velodyne_description/world/example.world
-- Symlinking: /home/devam/turtlebot3_ws/src/install/velodyne_description/share/velodyne_description/world/lio_sam.model
-- Symlinking: /home/devam/turtlebot3_ws/src/install/velodyne_description/share/velodyne_description/models/rs_robot/meshes/DAE/base/base_link.dae
-- Symlinking: /home/devam/turtlebot3_ws/src/install/velodyne_description/share/velodyne_description/models/rs_robot/meshes/DAE/base/base_linkOLD.dae
-- Symlinking: /home/devam/turtlebot3_ws/src/install/velodyne_description/share/velodyne_description/models/rs_robot/meshes/DAE/lidar_base/YDlidar_base.dae
-- Symlinking: /home/devam/turtlebot3_ws/src/install/velodyne_description/share/velodyne_description/models/rs_robot/meshes/DAE/lidar_head/YDlidar_head.dae
-- Symlinking: /home/devam/turtlebot3_ws/src/install/velodyne_description/share/velodyne_description/models/rs_robot/meshes/DAE/sensors/camera/camera.dae
-- Symlinking: /home/devam/turtlebot3_ws/src/install/velodyne_description/share/velodyne_description/models/rs_robot/meshes/DAE/sensors/front_lrf/front_lrf.dae
-- Symlinking: /home/devam/turtlebot3_ws/src/install/velodyne_description/share/velodyne_description/models/rs_robot/meshes/DAE/sensors/front_lrf/lrf_texture.png
-- Symlinking: /home/devam/turtlebot3_ws/src/install/velodyne_description/share/velodyne_description/models/rs_robot/meshes/DAE/sensors/gim30/gim30.dae
-- Symlinking: /home/devam/turtlebot3_ws/src/install/velodyne_description/share/velodyne_description/models/rs_robot/meshes/DAE/sensors/gim30/gim30_lrf_texture.png
-- Symlinking: /home/devam/turtlebot3_ws/src/install/velodyne_description/share/velodyne_description/models/rs_robot/meshes/DAE/sensors/gps/gps.dae
-- Symlinking: /home/devam/turtlebot3_ws/src/install/velodyne_description/share/velodyne_description/models/rs_robot/meshes/DAE/sensors/gps/gps_texture.png
-- Symlinking: /home/devam/turtlebot3_ws/src/install/velodyne_description/share/velodyne_description/models/rs_robot/meshes/DAE/sensors/rear_lrf/rear_lrf.dae
-- Symlinking: /home/devam/turtlebot3_ws/src/install/velodyne_description/share/velodyne_description/models/rs_robot/meshes/DAE/sensors/rear_lrf/urg_texture.png
-- Symlinking: /home/devam/turtlebot3_ws/src/install/velodyne_description/share/velodyne_description/models/rs_robot/meshes/DAE/suspension/front_left_link.dae
-- Symlinking: /home/devam/turtlebot3_ws/src/install/velodyne_description/share/velodyne_description/models/rs_robot/meshes/DAE/suspension/front_right_link.dae
-- Symlinking: /home/devam/turtlebot3_ws/src/install/velodyne_description/share/velodyne_description/models/rs_robot/meshes/DAE/suspension/rear_left_link.dae
-- Symlinking: /home/devam/turtlebot3_ws/src/install/velodyne_description/share/velodyne_description/models/rs_robot/meshes/DAE/suspension/rear_right_link.dae
-- Symlinking: /home/devam/turtlebot3_ws/src/install/velodyne_description/share/velodyne_description/models/rs_robot/meshes/DAE/wheel/wheel_link.dae
-- Symlinking: /home/devam/turtlebot3_ws/src/install/velodyne_description/share/velodyne_description/models/rs_robot/meshes/STL/base/base_link.stl
-- Symlinking: /home/devam/turtlebot3_ws/src/install/velodyne_description/share/velodyne_description/models/rs_robot/meshes/STL/base/base_link_old.stl
-- Symlinking: /home/devam/turtlebot3_ws/src/install/velodyne_description/share/velodyne_description/models/rs_robot/meshes/STL/lidar_base/YDlidar_base.stl
-- Symlinking: /home/devam/turtlebot3_ws/src/install/velodyne_description/share/velodyne_description/models/rs_robot/meshes/STL/lidar_head/YDlidar_head v4.stl
-- Symlinking: /home/devam/turtlebot3_ws/src/install/velodyne_description/share/velodyne_description/models/rs_robot/meshes/STL/sensors/front_lrf/front_lrf.stl
-- Symlinking: /home/devam/turtlebot3_ws/src/install/velodyne_description/share/velodyne_description/models/rs_robot/meshes/STL/sensors/gim30/gim30.stl
-- Symlinking: /home/devam/turtlebot3_ws/src/install/velodyne_description/share/velodyne_description/models/rs_robot/meshes/STL/sensors/gps/gps.stl
-- Symlinking: /home/devam/turtlebot3_ws/src/install/velodyne_description/share/velodyne_description/models/rs_robot/meshes/STL/sensors/rear_lrf/rear_lrf.stl
-- Symlinking: /home/devam/turtlebot3_ws/src/install/velodyne_description/share/velodyne_description/models/rs_robot/meshes/STL/suspension/FRONT_LEFT_LINKSTL.stl
-- Symlinking: /home/devam/turtlebot3_ws/src/install/velodyne_description/share/velodyne_description/models/rs_robot/meshes/STL/suspension/FRONT_RIGHT_LINKSTL.stl
-- Symlinking: /home/devam/turtlebot3_ws/src/install/velodyne_description/share/velodyne_description/models/rs_robot/meshes/STL/suspension/REAR_LEFT_LINKSTL.stl
-- Symlinking: /home/devam/turtlebot3_ws/src/install/velodyne_description/share/velodyne_description/models/rs_robot/meshes/STL/suspension/REAR_RIGHT_LINKSTL.stl
-- Symlinking: /home/devam/turtlebot3_ws/src/install/velodyne_description/share/velodyne_description/models/rs_robot/meshes/STL/suspension/sus_link.stl
-- Symlinking: /home/devam/turtlebot3_ws/src/install/velodyne_description/share/velodyne_description/models/rs_robot/meshes/STL/wheel/robot_wheel.stl
-- Symlinking: /home/devam/turtlebot3_ws/src/install/velodyne_description/share/velodyne_description/models/rs_robot/model.config
-- Symlinking: /home/devam/turtlebot3_ws/src/install/velodyne_description/share/velodyne_description/models/rs_robot/rs_robot.sdf
