[1.538s] Invoking command in '/home/devam/turtlebot3_ws/src/build/velodyne_gazebo_plugins': CMAKE_PREFIX_PATH=${CMAKE_PREFIX_PATH}:/home/devam/FYP_ROS2/install/occ_map_creator:/home/devam/FYP_ROS2/install/ekf_slam:/home/devam/FYP_ROS2/install/ekf_localization:/home/devam/turtlebot3_ws/install/turtlebot3_teleop:/home/devam/turtlebot3_ws/install/turtlebot3_rtabmap_slam:/home/devam/turtlebot3_ws/install/turtlebot3_example:/home/devam/turtlebot3_ws/install/microstrain_inertial_rqt:/opt/ros/humble /usr/local/bin/cmake /home/devam/turtlebot3_ws/src/LIO-SAM-Robot/velodyne_simulator/velodyne_gazebo_plugins -DCMAKE_BUILD_TYPE=Release -DAMENT_CMAKE_SYMLINK_INSTALL=1 -DCMAKE_INSTALL_PREFIX=/home/devam/turtlebot3_ws/src/install/velodyne_gazebo_plugins
[1.599s] -- Found ament_cmake: 1.3.11 (/opt/ros/humble/share/ament_cmake/cmake)
[2.056s] -- Override CMake install command with custom implementation using symlinks instead of copying resources
[2.063s] -- Found gazebo_dev: 3.9.0 (/opt/ros/humble/share/gazebo_dev/cmake)
[2.129s] -- Found DART: /usr/include (Required is at least version "6.6") found components: dart 
[2.206s] -- Found Protobuf: /usr/lib/x86_64-linux-gnu/libprotobuf.so (found version "3.12.4") 
[2.210s] -- Looking for ignition-math6 -- found version 6.15.1
[2.220s] -- Searching for dependencies of ignition-math6
[2.224s] -- Looking for OGRE...
[2.235s] -- Found Ogre Ghadamon (1.9.0)
[2.236s] -- Found OGRE: optimized;/usr/lib/x86_64-linux-gnu/libOgreMain.so;debug;/usr/lib/x86_64-linux-gnu/libOgreMain.so
[2.260s] -- Looking for OGRE_Paging...
[2.261s] -- Found OGRE_Paging: optimized;/usr/lib/x86_64-linux-gnu/libOgrePaging.so;debug;/usr/lib/x86_64-linux-gnu/libOgrePaging.so
[2.261s] -- Looking for OGRE_Terrain...
[2.261s] -- Found OGRE_Terrain: optimized;/usr/lib/x86_64-linux-gnu/libOgreTerrain.so;debug;/usr/lib/x86_64-linux-gnu/libOgreTerrain.so
[2.262s] -- Looking for OGRE_Property...
[2.262s] -- Found OGRE_Property: optimized;/usr/lib/x86_64-linux-gnu/libOgreProperty.so;debug;/usr/lib/x86_64-linux-gnu/libOgreProperty.so
[2.262s] -- Looking for OGRE_RTShaderSystem...
[2.263s] -- Found OGRE_RTShaderSystem: optimized;/usr/lib/x86_64-linux-gnu/libOgreRTShaderSystem.so;debug;/usr/lib/x86_64-linux-gnu/libOgreRTShaderSystem.so
[2.263s] -- Looking for OGRE_Volume...
[2.263s] -- Found OGRE_Volume: optimized;/usr/lib/x86_64-linux-gnu/libOgreVolume.so;debug;/usr/lib/x86_64-linux-gnu/libOgreVolume.so
[2.264s] -- Looking for OGRE_Overlay...
[2.264s] -- Found OGRE_Overlay: optimized;/usr/lib/x86_64-linux-gnu/libOgreOverlay.so;debug;/usr/lib/x86_64-linux-gnu/libOgreOverlay.so
[2.765s] -- Looking for ignition-math6 -- found version 6.15.1
[2.765s] -- Looking for ignition-transport8 -- found version 8.2.1
[2.766s] -- Searching for dependencies of ignition-transport8
[2.806s] -- Found Protobuf: /usr/lib/x86_64-linux-gnu/libprotobuf.so (found suitable version "3.12.4", minimum required is "3") 
[2.830s] -- Config-file not installed for ZeroMQ -- checking for pkg-config
[2.842s] -- Checking for module 'libzmq >= 4'
[2.868s] --   Found libzmq , version 4.3.4
[2.939s] -- Checking for module 'uuid'
[2.953s] --   Found uuid, version 2.37.2
[2.999s] -- Looking for ignition-msgs5 -- found version 5.8.1
[2.999s] -- Searching for dependencies of ignition-msgs5
[3.080s] -- Looking for ignition-math6 -- found version 6.15.1
[3.096s] -- Checking for module 'tinyxml2'
[3.128s] --   Found tinyxml2, version 9.0.0
[3.173s] -- Looking for ignition-msgs5 -- found version 5.8.1
[3.174s] -- Looking for ignition-common3 -- found version 3.14.0
[3.174s] -- Searching for dependencies of ignition-common3
[3.175s] -- Looking for dlfcn.h - found
[3.175s] -- Looking for libdl - found
[3.197s] -- Searching for <ignition-common3> component [graphics]
[3.198s] -- Looking for ignition-common3-graphics -- found version 3.14.0
[3.198s] -- Searching for dependencies of ignition-common3-graphics
[3.199s] -- Looking for ignition-math6 -- found version 6.15.1
[3.201s] -- Looking for ignition-fuel_tools4 -- found version 4.4.0
[3.201s] -- Searching for dependencies of ignition-fuel_tools4
[3.294s] [0mCMake Deprecation Warning at /usr/lib/x86_64-linux-gnu/cmake/jsoncpp/jsoncppConfig.cmake:2 (cmake_policy):
[3.294s]   Compatibility with CMake < 3.5 will be removed from a future version of
[3.294s]   CMake.
[3.294s] 
[3.294s]   Update the VERSION argument <min> value or use a ...<max> suffix to tell
[3.294s]   CMake that the project does not need compatibility with older versions.
[3.295s] Call Stack (most recent call first):
[3.295s]   /usr/share/cmake/ignition-cmake2/cmake2/FindJSONCPP.cmake:34 (find_package)
[3.295s]   /usr/lib/x86_64-linux-gnu/cmake/ignition-fuel_tools4/ignition-fuel_tools4-config.cmake:94 (find_package)
[3.295s]   /usr/lib/x86_64-linux-gnu/cmake/gazebo/gazebo-config.cmake:251 (find_package)
[3.295s]   /opt/ros/humble/share/gazebo_dev/cmake/gazebo_dev-extras.cmake:3 (find_package)
[3.295s]   /opt/ros/humble/share/gazebo_dev/cmake/gazebo_devConfig.cmake:41 (include)
[3.295s]   CMakeLists.txt:14 (find_package)
[3.295s] 
[3.295s] [0m
[3.303s] -- Checking for module 'jsoncpp'
[3.326s] --   Found jsoncpp, version 1.9.5
[3.382s] -- Checking for module 'libzip'
[3.407s] --   Found libzip, version 1.7.3
[3.450s] -- Looking for ignition-common3 -- found version 3.14.0
[3.451s] -- Looking for ignition-math6 -- found version 6.15.1
[3.452s] -- Looking for ignition-msgs5 -- found version 5.8.1
[3.454s] -- Gazebo version: 11.10
[3.455s] -- Found gazebo_ros: 3.9.0 (/opt/ros/humble/share/gazebo_ros/cmake)
[3.506s] -- Found rosidl_generator_c: 3.1.6 (/opt/ros/humble/share/rosidl_generator_c/cmake)
[3.511s] -- Found rosidl_adapter: 3.1.6 (/opt/ros/humble/share/rosidl_adapter/cmake)
[3.524s] -- Found rosidl_generator_cpp: 3.1.6 (/opt/ros/humble/share/rosidl_generator_cpp/cmake)
[3.547s] -- Using all available rosidl_typesupport_c: rosidl_typesupport_fastrtps_c;rosidl_typesupport_introspection_c
[3.578s] -- Using all available rosidl_typesupport_cpp: rosidl_typesupport_fastrtps_cpp;rosidl_typesupport_introspection_cpp
[3.656s] -- Found rmw_implementation_cmake: 6.1.2 (/opt/ros/humble/share/rmw_implementation_cmake/cmake)
[3.668s] -- Found rmw_cyclonedds_cpp: 1.3.4 (/opt/ros/humble/share/rmw_cyclonedds_cpp/cmake)
[3.741s] -- Using RMW implementation 'rmw_cyclonedds_cpp' as default
[3.771s] -- Found Threads: TRUE  
[3.922s] -- Found gazebo_msgs: 3.9.0 (/opt/ros/humble/share/gazebo_msgs/cmake)
[4.078s] -- Found sensor_msgs: 4.9.0 (/opt/ros/humble/share/sensor_msgs/cmake)
[4.128s] -- Found tf2: 0.25.13 (/opt/ros/humble/share/tf2/cmake)
[4.339s] -- Configuring done (2.8s)
[4.388s] -- Generating done (0.0s)
[4.396s] -- Build files have been written to: /home/devam/turtlebot3_ws/src/build/velodyne_gazebo_plugins
[4.412s] Invoked command in '/home/devam/turtlebot3_ws/src/build/velodyne_gazebo_plugins' returned '0': CMAKE_PREFIX_PATH=${CMAKE_PREFIX_PATH}:/home/devam/FYP_ROS2/install/occ_map_creator:/home/devam/FYP_ROS2/install/ekf_slam:/home/devam/FYP_ROS2/install/ekf_localization:/home/devam/turtlebot3_ws/install/turtlebot3_teleop:/home/devam/turtlebot3_ws/install/turtlebot3_rtabmap_slam:/home/devam/turtlebot3_ws/install/turtlebot3_example:/home/devam/turtlebot3_ws/install/microstrain_inertial_rqt:/opt/ros/humble /usr/local/bin/cmake /home/devam/turtlebot3_ws/src/LIO-SAM-Robot/velodyne_simulator/velodyne_gazebo_plugins -DCMAKE_BUILD_TYPE=Release -DAMENT_CMAKE_SYMLINK_INSTALL=1 -DCMAKE_INSTALL_PREFIX=/home/devam/turtlebot3_ws/src/install/velodyne_gazebo_plugins
[4.415s] Invoking command in '/home/devam/turtlebot3_ws/src/build/velodyne_gazebo_plugins': CMAKE_PREFIX_PATH=${CMAKE_PREFIX_PATH}:/home/devam/FYP_ROS2/install/occ_map_creator:/home/devam/FYP_ROS2/install/ekf_slam:/home/devam/FYP_ROS2/install/ekf_localization:/home/devam/turtlebot3_ws/install/turtlebot3_teleop:/home/devam/turtlebot3_ws/install/turtlebot3_rtabmap_slam:/home/devam/turtlebot3_ws/install/turtlebot3_example:/home/devam/turtlebot3_ws/install/microstrain_inertial_rqt:/opt/ros/humble /usr/local/bin/cmake --build /home/devam/turtlebot3_ws/src/build/velodyne_gazebo_plugins
[4.453s] [ 50%] [32mBuilding CXX object CMakeFiles/gazebo_ros_velodyne_laser.dir/src/GazeboRosVelodyneLaser.cpp.o[0m
[38.253s] In file included from [01m[K/opt/ros/humble/include/rclcpp/rclcpp/logging.hpp:24[m[K,
[38.253s]                  from [01m[K/opt/ros/humble/include/rclcpp/rclcpp/client.hpp:40[m[K,
[38.254s]                  from [01m[K/opt/ros/humble/include/rclcpp/rclcpp/callback_group.hpp:24[m[K,
[38.254s]                  from [01m[K/opt/ros/humble/include/rclcpp/rclcpp/any_executable.hpp:20[m[K,
[38.255s]                  from [01m[K/opt/ros/humble/include/rclcpp/rclcpp/memory_strategy.hpp:25[m[K,
[38.255s]                  from [01m[K/opt/ros/humble/include/rclcpp/rclcpp/memory_strategies.hpp:18[m[K,
[38.255s]                  from [01m[K/opt/ros/humble/include/rclcpp/rclcpp/executor_options.hpp:20[m[K,
[38.255s]                  from [01m[K/opt/ros/humble/include/rclcpp/rclcpp/executor.hpp:37[m[K,
[38.256s]                  from [01m[K/opt/ros/humble/include/rclcpp/rclcpp/executors/multi_threaded_executor.hpp:25[m[K,
[38.256s]                  from [01m[K/opt/ros/humble/include/rclcpp/rclcpp/executors.hpp:21[m[K,
[38.256s]                  from [01m[K/opt/ros/humble/include/rclcpp/rclcpp/rclcpp.hpp:155[m[K,
[38.256s]                  from [01m[K/opt/ros/humble/include/gazebo_ros/node.hpp:18[m[K,
[38.257s]                  from [01m[K/home/devam/turtlebot3_ws/src/LIO-SAM-Robot/velodyne_simulator/velodyne_gazebo_plugins/include/velodyne_gazebo_plugins/GazeboRosVelodyneLaser.h:53[m[K,
[38.260s]                  from [01m[K/home/devam/turtlebot3_ws/src/LIO-SAM-Robot/velodyne_simulator/velodyne_gazebo_plugins/src/GazeboRosVelodyneLaser.cpp:35[m[K:
[38.260s] [01m[K/home/devam/turtlebot3_ws/src/LIO-SAM-Robot/velodyne_simulator/velodyne_gazebo_plugins/src/GazeboRosVelodyneLaser.cpp:[m[K In member function ‘[01m[Kvirtual void gazebo::GazeboRosVelodyneLaser::Load(gazebo::sensors::SensorPtr, sdf::v9::ElementPtr)[m[K’:
[38.261s] [01m[K/home/devam/turtlebot3_ws/src/LIO-SAM-Robot/velodyne_simulator/velodyne_gazebo_plugins/src/GazeboRosVelodyneLaser.cpp:295:40:[m[K [01;35m[Kwarning: [m[Kformat ‘[01m[K%s[m[K’ expects a matching ‘[01m[Kchar*[m[K’ argument [[01;35m[K]8;;https://gcc.gnu.org/onlinedocs/gcc/Warning-Options.html#index-Wformat=-Wformat=]8;;[m[K]
[38.261s]   295 |   RCLCPP_INFO(ros_node_->get_logger(), [01;35m[K"Velodyne %slaser plugin ready"[m[K);
[38.261s]       |                                        [01;35m[K^~~~~~~~~~~~~~~~~~~~~~~~~~~~~~~[m[K
[38.262s] [01m[K/home/devam/turtlebot3_ws/src/LIO-SAM-Robot/velodyne_simulator/velodyne_gazebo_plugins/src/GazeboRosVelodyneLaser.cpp:295:51:[m[K [01;36m[Knote: [m[Kformat string is defined here
[38.262s]   295 |   RCLCPP_INFO(ros_node_->get_logger(), "Velodyne [01;36m[K%s[m[Klaser plugin ready");
[38.262s]       |                                                  [01;36m[K~^[m[K
[38.262s]       |                                                   [01;36m[K|[m[K
[38.263s]       |                                                   [01;36m[Kchar*[m[K
[71.904s] [100%] [32m[1mLinking CXX shared library libgazebo_ros_velodyne_laser.so[0m
[72.803s] [100%] Built target gazebo_ros_velodyne_laser
[72.822s] Invoked command in '/home/devam/turtlebot3_ws/src/build/velodyne_gazebo_plugins' returned '0': CMAKE_PREFIX_PATH=${CMAKE_PREFIX_PATH}:/home/devam/FYP_ROS2/install/occ_map_creator:/home/devam/FYP_ROS2/install/ekf_slam:/home/devam/FYP_ROS2/install/ekf_localization:/home/devam/turtlebot3_ws/install/turtlebot3_teleop:/home/devam/turtlebot3_ws/install/turtlebot3_rtabmap_slam:/home/devam/turtlebot3_ws/install/turtlebot3_example:/home/devam/turtlebot3_ws/install/microstrain_inertial_rqt:/opt/ros/humble /usr/local/bin/cmake --build /home/devam/turtlebot3_ws/src/build/velodyne_gazebo_plugins
[72.826s] Invoking command in '/home/devam/turtlebot3_ws/src/build/velodyne_gazebo_plugins': CMAKE_PREFIX_PATH=${CMAKE_PREFIX_PATH}:/home/devam/FYP_ROS2/install/occ_map_creator:/home/devam/FYP_ROS2/install/ekf_slam:/home/devam/FYP_ROS2/install/ekf_localization:/home/devam/turtlebot3_ws/install/turtlebot3_teleop:/home/devam/turtlebot3_ws/install/turtlebot3_rtabmap_slam:/home/devam/turtlebot3_ws/install/turtlebot3_example:/home/devam/turtlebot3_ws/install/microstrain_inertial_rqt:/opt/ros/humble /usr/local/bin/cmake --install /home/devam/turtlebot3_ws/src/build/velodyne_gazebo_plugins
[72.831s] -- Install configuration: "Release"
[72.832s] -- Execute custom install script
[72.833s] -- Symlinking: /home/devam/turtlebot3_ws/src/install/velodyne_gazebo_plugins/share/velodyne_gazebo_plugins/environment/library_path.sh
[72.839s] -- Symlinking: /home/devam/turtlebot3_ws/src/install/velodyne_gazebo_plugins/share/velodyne_gazebo_plugins/environment/library_path.dsv
[72.846s] -- Symlinking: /home/devam/turtlebot3_ws/src/install/velodyne_gazebo_plugins/share/ament_index/resource_index/package_run_dependencies/velodyne_gazebo_plugins
[72.853s] -- Symlinking: /home/devam/turtlebot3_ws/src/install/velodyne_gazebo_plugins/share/ament_index/resource_index/parent_prefix_path/velodyne_gazebo_plugins
[72.859s] -- Symlinking: /home/devam/turtlebot3_ws/src/install/velodyne_gazebo_plugins/share/velodyne_gazebo_plugins/environment/ament_prefix_path.sh
[72.865s] -- Symlinking: /home/devam/turtlebot3_ws/src/install/velodyne_gazebo_plugins/share/velodyne_gazebo_plugins/environment/ament_prefix_path.dsv
[72.871s] -- Symlinking: /home/devam/turtlebot3_ws/src/install/velodyne_gazebo_plugins/share/velodyne_gazebo_plugins/environment/path.sh
[72.877s] -- Symlinking: /home/devam/turtlebot3_ws/src/install/velodyne_gazebo_plugins/share/velodyne_gazebo_plugins/environment/path.dsv
[72.882s] -- Symlinking: /home/devam/turtlebot3_ws/src/install/velodyne_gazebo_plugins/share/velodyne_gazebo_plugins/local_setup.bash
[72.889s] -- Symlinking: /home/devam/turtlebot3_ws/src/install/velodyne_gazebo_plugins/share/velodyne_gazebo_plugins/local_setup.sh
[72.895s] -- Symlinking: /home/devam/turtlebot3_ws/src/install/velodyne_gazebo_plugins/share/velodyne_gazebo_plugins/local_setup.zsh
[72.901s] -- Symlinking: /home/devam/turtlebot3_ws/src/install/velodyne_gazebo_plugins/share/velodyne_gazebo_plugins/local_setup.dsv
[72.907s] -- Symlinking: /home/devam/turtlebot3_ws/src/install/velodyne_gazebo_plugins/share/velodyne_gazebo_plugins/package.dsv
[72.913s] -- Symlinking: /home/devam/turtlebot3_ws/src/install/velodyne_gazebo_plugins/share/ament_index/resource_index/packages/velodyne_gazebo_plugins
[72.920s] -- Symlinking: /home/devam/turtlebot3_ws/src/install/velodyne_gazebo_plugins/share/velodyne_gazebo_plugins/cmake/ament_cmake_export_libraries-extras.cmake
[72.926s] -- Symlinking: /home/devam/turtlebot3_ws/src/install/velodyne_gazebo_plugins/share/velodyne_gazebo_plugins/cmake/ament_cmake_export_include_directories-extras.cmake
[72.933s] -- Symlinking: /home/devam/turtlebot3_ws/src/install/velodyne_gazebo_plugins/share/velodyne_gazebo_plugins/cmake/ament_cmake_export_dependencies-extras.cmake
[72.939s] -- Symlinking: /home/devam/turtlebot3_ws/src/install/velodyne_gazebo_plugins/share/velodyne_gazebo_plugins/cmake/velodyne_gazebo_pluginsConfig.cmake
[72.945s] -- Symlinking: /home/devam/turtlebot3_ws/src/install/velodyne_gazebo_plugins/share/velodyne_gazebo_plugins/cmake/velodyne_gazebo_pluginsConfig-version.cmake
[72.951s] -- Symlinking: /home/devam/turtlebot3_ws/src/install/velodyne_gazebo_plugins/share/velodyne_gazebo_plugins/package.xml
[72.958s] -- Symlinking: /home/devam/turtlebot3_ws/src/install/velodyne_gazebo_plugins/include/velodyne_gazebo_plugins/GazeboRosVelodyneLaser.h
[72.965s] -- Symlinking: /home/devam/turtlebot3_ws/src/install/velodyne_gazebo_plugins/lib/libgazebo_ros_velodyne_laser.so
[72.975s] Invoked command in '/home/devam/turtlebot3_ws/src/build/velodyne_gazebo_plugins' returned '0': CMAKE_PREFIX_PATH=${CMAKE_PREFIX_PATH}:/home/devam/FYP_ROS2/install/occ_map_creator:/home/devam/FYP_ROS2/install/ekf_slam:/home/devam/FYP_ROS2/install/ekf_localization:/home/devam/turtlebot3_ws/install/turtlebot3_teleop:/home/devam/turtlebot3_ws/install/turtlebot3_rtabmap_slam:/home/devam/turtlebot3_ws/install/turtlebot3_example:/home/devam/turtlebot3_ws/install/microstrain_inertial_rqt:/opt/ros/humble /usr/local/bin/cmake --install /home/devam/turtlebot3_ws/src/build/velodyne_gazebo_plugins
