[0.019s] Invoking command in '/home/devam/turtlebot3_ws/src/build/robot_gazebo': AMENT_PREFIX_PATH=/home/devam/turtlebot3_ws/src/install/robot_description:${AMENT_PREFIX_PATH} CMAKE_PREFIX_PATH=/home/devam/turtlebot3_ws/src/install/robot_description:/home/devam/turtlebot4_ws/install/turtlebot4_simulator:/home/devam/turtlebot4_ws/install/turtlebot4_ignition_bringup:/home/devam/turtlebot4_ws/install/turtlebot4_node:/home/devam/turtlebot4_ws/install/turtlebot4_navigation:/home/devam/turtlebot4_ws/install/turtlebot4_ignition_toolbox:/home/devam/turtlebot4_ws/install/turtlebot4_msgs:/home/devam/turtlebot4_ws/install/turtlebot4_ignition_gui_plugins:/home/devam/turtlebot4_ws/install/turtlebot4_description:/home/devam/turtlebot3_ws/install/velodyne_simulator:/home/devam/turtlebot3_ws/install/velodyne:/home/devam/turtlebot3_ws/install/velodyne_pointcloud:/home/devam/turtlebot3_ws/install/velodyne_driver:/home/devam/turtlebot3_ws/install/velodyne_msgs:/home/devam/turtlebot3_ws/install/velodyne_laserscan:/home/devam/turtlebot3_ws/install/velodyne_gazebo_plugins:/home/devam/turtlebot3_ws/install/velodyne_description:/home/devam/turtlebot3_ws/install/turtlebot3:/home/devam/turtlebot3_ws/install/turtlebot3_simulations:/home/devam/turtlebot3_ws/install/turtlebot3_bringup:/home/devam/turtlebot3_ws/install/turtlebot3_node:/home/devam/turtlebot3_ws/install/turtlebot3_navigation2:/home/devam/turtlebot3_ws/install/turtlebot3_fake_node:/home/devam/turtlebot3_ws/install/turtlebot3_msgs:/home/devam/turtlebot3_ws/install/turtlebot3_gazebo:/home/devam/turtlebot3_ws/install/turtlebot3_description:/home/devam/turtlebot3_ws/install/turtlebot3_cartographer:/home/devam/turtlebot3_ws/install/robot_gazebo:/home/devam/turtlebot3_ws/install/robot_description:/home/devam/turtlebot3_ws/install/robot_control:/home/devam/turtlebot3_ws/install/microstrain_inertial_msgs:/home/devam/turtlebot3_ws/install/microstrain_inertial_description:/home/devam/turtlebot3_ws/install/lio_sam:/home/devam/FYP_ROS2/install/occ_map_creator:/home/devam/FYP_ROS2/install/ekf_slam:/home/devam/FYP_ROS2/install/ekf_localization:/home/devam/turtlebot3_ws/install/turtlebot3_teleop:/home/devam/turtlebot3_ws/install/turtlebot3_rtabmap_slam:/home/devam/turtlebot3_ws/install/turtlebot3_example:/home/devam/turtlebot3_ws/install/microstrain_inertial_rqt:/opt/ros/humble /usr/local/bin/cmake /home/devam/turtlebot3_ws/src/LIO-SAM-Robot/robot_gazebo -DCMAKE_BUILD_TYPE=Release -DAMENT_CMAKE_SYMLINK_INSTALL=1 -DCMAKE_INSTALL_PREFIX=/home/devam/turtlebot3_ws/src/install/robot_gazebo
[0.145s] -- The C compiler identification is GNU 11.4.0
[0.258s] -- The CXX compiler identification is GNU 11.4.0
[0.292s] -- Detecting C compiler ABI info
[0.432s] -- Detecting C compiler ABI info - done
[0.455s] -- Check for working C compiler: /usr/bin/cc - skipped
[0.456s] -- Detecting C compile features
[0.456s] -- Detecting C compile features - done
[0.472s] -- Detecting CXX compiler ABI info
[0.634s] -- Detecting CXX compiler ABI info - done
[0.653s] -- Check for working CXX compiler: /usr/bin/c++ - skipped
[0.654s] -- Detecting CXX compile features
[0.655s] -- Detecting CXX compile features - done
[0.664s] -- Found ament_cmake: 1.3.11 (/opt/ros/humble/share/ament_cmake/cmake)
[0.930s] -- Found Python3: /usr/bin/python3 (found version "3.10.12") found components: Interpreter 
[1.045s] -- Override CMake install command with custom implementation using symlinks instead of copying resources
[1.168s] -- Found ament_lint_auto: 0.12.12 (/opt/ros/humble/share/ament_lint_auto/cmake)
[1.354s] -- Added test 'copyright' to check source files copyright and LICENSE
[1.386s] -- Added test 'flake8' to check Python code syntax and style conventions
[1.390s] -- Added test 'lint_cmake' to check CMake code style
[1.394s] -- Added test 'pep257' to check Python code against some of the docstring style conventions in PEP 257
[1.406s] -- Added test 'xmllint' to check XML markup files
[1.411s] -- Configuring done (1.4s)
[1.415s] -- Generating done (0.0s)
[1.417s] -- Build files have been written to: /home/devam/turtlebot3_ws/src/build/robot_gazebo
[1.423s] Invoked command in '/home/devam/turtlebot3_ws/src/build/robot_gazebo' returned '0': AMENT_PREFIX_PATH=/home/devam/turtlebot3_ws/src/install/robot_description:${AMENT_PREFIX_PATH} CMAKE_PREFIX_PATH=/home/devam/turtlebot3_ws/src/install/robot_description:/home/devam/turtlebot4_ws/install/turtlebot4_simulator:/home/devam/turtlebot4_ws/install/turtlebot4_ignition_bringup:/home/devam/turtlebot4_ws/install/turtlebot4_node:/home/devam/turtlebot4_ws/install/turtlebot4_navigation:/home/devam/turtlebot4_ws/install/turtlebot4_ignition_toolbox:/home/devam/turtlebot4_ws/install/turtlebot4_msgs:/home/devam/turtlebot4_ws/install/turtlebot4_ignition_gui_plugins:/home/devam/turtlebot4_ws/install/turtlebot4_description:/home/devam/turtlebot3_ws/install/velodyne_simulator:/home/devam/turtlebot3_ws/install/velodyne:/home/devam/turtlebot3_ws/install/velodyne_pointcloud:/home/devam/turtlebot3_ws/install/velodyne_driver:/home/devam/turtlebot3_ws/install/velodyne_msgs:/home/devam/turtlebot3_ws/install/velodyne_laserscan:/home/devam/turtlebot3_ws/install/velodyne_gazebo_plugins:/home/devam/turtlebot3_ws/install/velodyne_description:/home/devam/turtlebot3_ws/install/turtlebot3:/home/devam/turtlebot3_ws/install/turtlebot3_simulations:/home/devam/turtlebot3_ws/install/turtlebot3_bringup:/home/devam/turtlebot3_ws/install/turtlebot3_node:/home/devam/turtlebot3_ws/install/turtlebot3_navigation2:/home/devam/turtlebot3_ws/install/turtlebot3_fake_node:/home/devam/turtlebot3_ws/install/turtlebot3_msgs:/home/devam/turtlebot3_ws/install/turtlebot3_gazebo:/home/devam/turtlebot3_ws/install/turtlebot3_description:/home/devam/turtlebot3_ws/install/turtlebot3_cartographer:/home/devam/turtlebot3_ws/install/robot_gazebo:/home/devam/turtlebot3_ws/install/robot_description:/home/devam/turtlebot3_ws/install/robot_control:/home/devam/turtlebot3_ws/install/microstrain_inertial_msgs:/home/devam/turtlebot3_ws/install/microstrain_inertial_description:/home/devam/turtlebot3_ws/install/lio_sam:/home/devam/FYP_ROS2/install/occ_map_creator:/home/devam/FYP_ROS2/install/ekf_slam:/home/devam/FYP_ROS2/install/ekf_localization:/home/devam/turtlebot3_ws/install/turtlebot3_teleop:/home/devam/turtlebot3_ws/install/turtlebot3_rtabmap_slam:/home/devam/turtlebot3_ws/install/turtlebot3_example:/home/devam/turtlebot3_ws/install/microstrain_inertial_rqt:/opt/ros/humble /usr/local/bin/cmake /home/devam/turtlebot3_ws/src/LIO-SAM-Robot/robot_gazebo -DCMAKE_BUILD_TYPE=Release -DAMENT_CMAKE_SYMLINK_INSTALL=1 -DCMAKE_INSTALL_PREFIX=/home/devam/turtlebot3_ws/src/install/robot_gazebo
[1.426s] Invoking command in '/home/devam/turtlebot3_ws/src/build/robot_gazebo': AMENT_PREFIX_PATH=/home/devam/turtlebot3_ws/src/install/robot_description:${AMENT_PREFIX_PATH} CMAKE_PREFIX_PATH=/home/devam/turtlebot3_ws/src/install/robot_description:/home/devam/turtlebot4_ws/install/turtlebot4_simulator:/home/devam/turtlebot4_ws/install/turtlebot4_ignition_bringup:/home/devam/turtlebot4_ws/install/turtlebot4_node:/home/devam/turtlebot4_ws/install/turtlebot4_navigation:/home/devam/turtlebot4_ws/install/turtlebot4_ignition_toolbox:/home/devam/turtlebot4_ws/install/turtlebot4_msgs:/home/devam/turtlebot4_ws/install/turtlebot4_ignition_gui_plugins:/home/devam/turtlebot4_ws/install/turtlebot4_description:/home/devam/turtlebot3_ws/install/velodyne_simulator:/home/devam/turtlebot3_ws/install/velodyne:/home/devam/turtlebot3_ws/install/velodyne_pointcloud:/home/devam/turtlebot3_ws/install/velodyne_driver:/home/devam/turtlebot3_ws/install/velodyne_msgs:/home/devam/turtlebot3_ws/install/velodyne_laserscan:/home/devam/turtlebot3_ws/install/velodyne_gazebo_plugins:/home/devam/turtlebot3_ws/install/velodyne_description:/home/devam/turtlebot3_ws/install/turtlebot3:/home/devam/turtlebot3_ws/install/turtlebot3_simulations:/home/devam/turtlebot3_ws/install/turtlebot3_bringup:/home/devam/turtlebot3_ws/install/turtlebot3_node:/home/devam/turtlebot3_ws/install/turtlebot3_navigation2:/home/devam/turtlebot3_ws/install/turtlebot3_fake_node:/home/devam/turtlebot3_ws/install/turtlebot3_msgs:/home/devam/turtlebot3_ws/install/turtlebot3_gazebo:/home/devam/turtlebot3_ws/install/turtlebot3_description:/home/devam/turtlebot3_ws/install/turtlebot3_cartographer:/home/devam/turtlebot3_ws/install/robot_gazebo:/home/devam/turtlebot3_ws/install/robot_description:/home/devam/turtlebot3_ws/install/robot_control:/home/devam/turtlebot3_ws/install/microstrain_inertial_msgs:/home/devam/turtlebot3_ws/install/microstrain_inertial_description:/home/devam/turtlebot3_ws/install/lio_sam:/home/devam/FYP_ROS2/install/occ_map_creator:/home/devam/FYP_ROS2/install/ekf_slam:/home/devam/FYP_ROS2/install/ekf_localization:/home/devam/turtlebot3_ws/install/turtlebot3_teleop:/home/devam/turtlebot3_ws/install/turtlebot3_rtabmap_slam:/home/devam/turtlebot3_ws/install/turtlebot3_example:/home/devam/turtlebot3_ws/install/microstrain_inertial_rqt:/opt/ros/humble /usr/local/bin/cmake --build /home/devam/turtlebot3_ws/src/build/robot_gazebo
[1.459s] Invoked command in '/home/devam/turtlebot3_ws/src/build/robot_gazebo' returned '0': AMENT_PREFIX_PATH=/home/devam/turtlebot3_ws/src/install/robot_description:${AMENT_PREFIX_PATH} CMAKE_PREFIX_PATH=/home/devam/turtlebot3_ws/src/install/robot_description:/home/devam/turtlebot4_ws/install/turtlebot4_simulator:/home/devam/turtlebot4_ws/install/turtlebot4_ignition_bringup:/home/devam/turtlebot4_ws/install/turtlebot4_node:/home/devam/turtlebot4_ws/install/turtlebot4_navigation:/home/devam/turtlebot4_ws/install/turtlebot4_ignition_toolbox:/home/devam/turtlebot4_ws/install/turtlebot4_msgs:/home/devam/turtlebot4_ws/install/turtlebot4_ignition_gui_plugins:/home/devam/turtlebot4_ws/install/turtlebot4_description:/home/devam/turtlebot3_ws/install/velodyne_simulator:/home/devam/turtlebot3_ws/install/velodyne:/home/devam/turtlebot3_ws/install/velodyne_pointcloud:/home/devam/turtlebot3_ws/install/velodyne_driver:/home/devam/turtlebot3_ws/install/velodyne_msgs:/home/devam/turtlebot3_ws/install/velodyne_laserscan:/home/devam/turtlebot3_ws/install/velodyne_gazebo_plugins:/home/devam/turtlebot3_ws/install/velodyne_description:/home/devam/turtlebot3_ws/install/turtlebot3:/home/devam/turtlebot3_ws/install/turtlebot3_simulations:/home/devam/turtlebot3_ws/install/turtlebot3_bringup:/home/devam/turtlebot3_ws/install/turtlebot3_node:/home/devam/turtlebot3_ws/install/turtlebot3_navigation2:/home/devam/turtlebot3_ws/install/turtlebot3_fake_node:/home/devam/turtlebot3_ws/install/turtlebot3_msgs:/home/devam/turtlebot3_ws/install/turtlebot3_gazebo:/home/devam/turtlebot3_ws/install/turtlebot3_description:/home/devam/turtlebot3_ws/install/turtlebot3_cartographer:/home/devam/turtlebot3_ws/install/robot_gazebo:/home/devam/turtlebot3_ws/install/robot_description:/home/devam/turtlebot3_ws/install/robot_control:/home/devam/turtlebot3_ws/install/microstrain_inertial_msgs:/home/devam/turtlebot3_ws/install/microstrain_inertial_description:/home/devam/turtlebot3_ws/install/lio_sam:/home/devam/FYP_ROS2/install/occ_map_creator:/home/devam/FYP_ROS2/install/ekf_slam:/home/devam/FYP_ROS2/install/ekf_localization:/home/devam/turtlebot3_ws/install/turtlebot3_teleop:/home/devam/turtlebot3_ws/install/turtlebot3_rtabmap_slam:/home/devam/turtlebot3_ws/install/turtlebot3_example:/home/devam/turtlebot3_ws/install/microstrain_inertial_rqt:/opt/ros/humble /usr/local/bin/cmake --build /home/devam/turtlebot3_ws/src/build/robot_gazebo
[1.461s] Invoking command in '/home/devam/turtlebot3_ws/src/build/robot_gazebo': AMENT_PREFIX_PATH=/home/devam/turtlebot3_ws/src/install/robot_description:${AMENT_PREFIX_PATH} CMAKE_PREFIX_PATH=/home/devam/turtlebot3_ws/src/install/robot_description:/home/devam/turtlebot4_ws/install/turtlebot4_simulator:/home/devam/turtlebot4_ws/install/turtlebot4_ignition_bringup:/home/devam/turtlebot4_ws/install/turtlebot4_node:/home/devam/turtlebot4_ws/install/turtlebot4_navigation:/home/devam/turtlebot4_ws/install/turtlebot4_ignition_toolbox:/home/devam/turtlebot4_ws/install/turtlebot4_msgs:/home/devam/turtlebot4_ws/install/turtlebot4_ignition_gui_plugins:/home/devam/turtlebot4_ws/install/turtlebot4_description:/home/devam/turtlebot3_ws/install/velodyne_simulator:/home/devam/turtlebot3_ws/install/velodyne:/home/devam/turtlebot3_ws/install/velodyne_pointcloud:/home/devam/turtlebot3_ws/install/velodyne_driver:/home/devam/turtlebot3_ws/install/velodyne_msgs:/home/devam/turtlebot3_ws/install/velodyne_laserscan:/home/devam/turtlebot3_ws/install/velodyne_gazebo_plugins:/home/devam/turtlebot3_ws/install/velodyne_description:/home/devam/turtlebot3_ws/install/turtlebot3:/home/devam/turtlebot3_ws/install/turtlebot3_simulations:/home/devam/turtlebot3_ws/install/turtlebot3_bringup:/home/devam/turtlebot3_ws/install/turtlebot3_node:/home/devam/turtlebot3_ws/install/turtlebot3_navigation2:/home/devam/turtlebot3_ws/install/turtlebot3_fake_node:/home/devam/turtlebot3_ws/install/turtlebot3_msgs:/home/devam/turtlebot3_ws/install/turtlebot3_gazebo:/home/devam/turtlebot3_ws/install/turtlebot3_description:/home/devam/turtlebot3_ws/install/turtlebot3_cartographer:/home/devam/turtlebot3_ws/install/robot_gazebo:/home/devam/turtlebot3_ws/install/robot_description:/home/devam/turtlebot3_ws/install/robot_control:/home/devam/turtlebot3_ws/install/microstrain_inertial_msgs:/home/devam/turtlebot3_ws/install/microstrain_inertial_description:/home/devam/turtlebot3_ws/install/lio_sam:/home/devam/FYP_ROS2/install/occ_map_creator:/home/devam/FYP_ROS2/install/ekf_slam:/home/devam/FYP_ROS2/install/ekf_localization:/home/devam/turtlebot3_ws/install/turtlebot3_teleop:/home/devam/turtlebot3_ws/install/turtlebot3_rtabmap_slam:/home/devam/turtlebot3_ws/install/turtlebot3_example:/home/devam/turtlebot3_ws/install/microstrain_inertial_rqt:/opt/ros/humble /usr/local/bin/cmake --install /home/devam/turtlebot3_ws/src/build/robot_gazebo
[1.467s] -- Install configuration: "Release"
[1.468s] -- Execute custom install script
[1.469s] -- Symlinking: /home/devam/turtlebot3_ws/src/install/robot_gazebo/share/robot_gazebo//launch/robot_sim.launch.py
[1.475s] -- Symlinking: /home/devam/turtlebot3_ws/src/install/robot_gazebo/share/robot_gazebo//launch/robot_state_publisher.launch.py
[1.485s] -- Symlinking: /home/devam/turtlebot3_ws/src/install/robot_gazebo/share/robot_gazebo//models/robot/meshes/DAE/base/base_link.dae
[1.491s] -- Symlinking: /home/devam/turtlebot3_ws/src/install/robot_gazebo/share/robot_gazebo//models/robot/meshes/DAE/camera/camera.dae
[1.498s] -- Symlinking: /home/devam/turtlebot3_ws/src/install/robot_gazebo/share/robot_gazebo//models/robot/meshes/DAE/camera_stay/camera_stay.dae
[1.505s] -- Symlinking: /home/devam/turtlebot3_ws/src/install/robot_gazebo/share/robot_gazebo//models/robot/meshes/DAE/front_wheel/wheel.dae
[1.513s] -- Symlinking: /home/devam/turtlebot3_ws/src/install/robot_gazebo/share/robot_gazebo//models/robot/meshes/DAE/rear_wheel/wheel.dae
[1.519s] -- Symlinking: /home/devam/turtlebot3_ws/src/install/robot_gazebo/share/robot_gazebo//models/robot/meshes/DAE/suspension/front_left_sus.dae
[1.526s] -- Symlinking: /home/devam/turtlebot3_ws/src/install/robot_gazebo/share/robot_gazebo//models/robot/meshes/DAE/suspension/front_right_sus.dae
[1.532s] -- Symlinking: /home/devam/turtlebot3_ws/src/install/robot_gazebo/share/robot_gazebo//models/robot/meshes/STL/base/base_link.stl
[1.539s] -- Symlinking: /home/devam/turtlebot3_ws/src/install/robot_gazebo/share/robot_gazebo//models/robot/meshes/STL/camera/camera.stl
[1.545s] -- Symlinking: /home/devam/turtlebot3_ws/src/install/robot_gazebo/share/robot_gazebo//models/robot/meshes/STL/front_wheel/wheel.stl
[1.552s] -- Symlinking: /home/devam/turtlebot3_ws/src/install/robot_gazebo/share/robot_gazebo//models/robot/meshes/STL/rear_wheel/wheel.stl
[1.559s] -- Symlinking: /home/devam/turtlebot3_ws/src/install/robot_gazebo/share/robot_gazebo//models/robot/meshes/STL/suspension/front_left_sus.stl
[1.568s] -- Symlinking: /home/devam/turtlebot3_ws/src/install/robot_gazebo/share/robot_gazebo//models/robot/meshes/STL/suspension/front_right_sus.stl
[1.579s] -- Symlinking: /home/devam/turtlebot3_ws/src/install/robot_gazebo/share/robot_gazebo//models/robot/model.config
[1.586s] -- Symlinking: /home/devam/turtlebot3_ws/src/install/robot_gazebo/share/robot_gazebo//models/robot/robot.sdf
[1.592s] -- Symlinking: /home/devam/turtlebot3_ws/src/install/robot_gazebo/share/robot_gazebo//models/velodyne_description/CHANGELOG.rst
[1.598s] -- Symlinking: /home/devam/turtlebot3_ws/src/install/robot_gazebo/share/robot_gazebo//models/velodyne_description/CMakeLists.txt
[1.606s] -- Symlinking: /home/devam/turtlebot3_ws/src/install/robot_gazebo/share/robot_gazebo//models/velodyne_description/launch/example-launch.py
[1.613s] -- Symlinking: /home/devam/turtlebot3_ws/src/install/robot_gazebo/share/robot_gazebo//models/velodyne_description/meshes/HDL32E_base.dae
[1.620s] -- Symlinking: /home/devam/turtlebot3_ws/src/install/robot_gazebo/share/robot_gazebo//models/velodyne_description/meshes/HDL32E_base.stl
[1.626s] -- Symlinking: /home/devam/turtlebot3_ws/src/install/robot_gazebo/share/robot_gazebo//models/velodyne_description/meshes/HDL32E_scan.dae
[1.636s] -- Symlinking: /home/devam/turtlebot3_ws/src/install/robot_gazebo/share/robot_gazebo//models/velodyne_description/meshes/HDL32E_scan.stl
[1.641s] -- Symlinking: /home/devam/turtlebot3_ws/src/install/robot_gazebo/share/robot_gazebo//models/velodyne_description/meshes/VLP16_base_1.dae
[1.646s] -- Symlinking: /home/devam/turtlebot3_ws/src/install/robot_gazebo/share/robot_gazebo//models/velodyne_description/meshes/VLP16_base_1.stl
[1.650s] -- Symlinking: /home/devam/turtlebot3_ws/src/install/robot_gazebo/share/robot_gazebo//models/velodyne_description/meshes/VLP16_base_2.dae
[1.655s] -- Symlinking: /home/devam/turtlebot3_ws/src/install/robot_gazebo/share/robot_gazebo//models/velodyne_description/meshes/VLP16_base_2.stl
[1.659s] -- Symlinking: /home/devam/turtlebot3_ws/src/install/robot_gazebo/share/robot_gazebo//models/velodyne_description/meshes/VLP16_scan.dae
[1.664s] -- Symlinking: /home/devam/turtlebot3_ws/src/install/robot_gazebo/share/robot_gazebo//models/velodyne_description/meshes/VLP16_scan.stl
[1.668s] -- Symlinking: /home/devam/turtlebot3_ws/src/install/robot_gazebo/share/robot_gazebo//models/velodyne_description/models/rs_robot/meshes/DAE/base/base_link.dae
[1.673s] -- Symlinking: /home/devam/turtlebot3_ws/src/install/robot_gazebo/share/robot_gazebo//models/velodyne_description/models/rs_robot/meshes/DAE/base/base_linkOLD.dae
[1.677s] -- Symlinking: /home/devam/turtlebot3_ws/src/install/robot_gazebo/share/robot_gazebo//models/velodyne_description/models/rs_robot/meshes/DAE/lidar_base/YDlidar_base.dae
[1.682s] -- Symlinking: /home/devam/turtlebot3_ws/src/install/robot_gazebo/share/robot_gazebo//models/velodyne_description/models/rs_robot/meshes/DAE/lidar_head/YDlidar_head.dae
[1.687s] -- Symlinking: /home/devam/turtlebot3_ws/src/install/robot_gazebo/share/robot_gazebo//models/velodyne_description/models/rs_robot/meshes/DAE/sensors/camera/camera.dae
[1.691s] -- Symlinking: /home/devam/turtlebot3_ws/src/install/robot_gazebo/share/robot_gazebo//models/velodyne_description/models/rs_robot/meshes/DAE/sensors/front_lrf/front_lrf.dae
[1.696s] -- Symlinking: /home/devam/turtlebot3_ws/src/install/robot_gazebo/share/robot_gazebo//models/velodyne_description/models/rs_robot/meshes/DAE/sensors/front_lrf/lrf_texture.png
[1.701s] -- Symlinking: /home/devam/turtlebot3_ws/src/install/robot_gazebo/share/robot_gazebo//models/velodyne_description/models/rs_robot/meshes/DAE/sensors/gim30/gim30.dae
[1.705s] -- Symlinking: /home/devam/turtlebot3_ws/src/install/robot_gazebo/share/robot_gazebo//models/velodyne_description/models/rs_robot/meshes/DAE/sensors/gim30/gim30_lrf_texture.png
[1.710s] -- Symlinking: /home/devam/turtlebot3_ws/src/install/robot_gazebo/share/robot_gazebo//models/velodyne_description/models/rs_robot/meshes/DAE/sensors/gps/gps.dae
[1.714s] -- Symlinking: /home/devam/turtlebot3_ws/src/install/robot_gazebo/share/robot_gazebo//models/velodyne_description/models/rs_robot/meshes/DAE/sensors/gps/gps_texture.png
[1.719s] -- Symlinking: /home/devam/turtlebot3_ws/src/install/robot_gazebo/share/robot_gazebo//models/velodyne_description/models/rs_robot/meshes/DAE/sensors/rear_lrf/rear_lrf.dae
[1.723s] -- Symlinking: /home/devam/turtlebot3_ws/src/install/robot_gazebo/share/robot_gazebo//models/velodyne_description/models/rs_robot/meshes/DAE/sensors/rear_lrf/urg_texture.png
[1.728s] -- Symlinking: /home/devam/turtlebot3_ws/src/install/robot_gazebo/share/robot_gazebo//models/velodyne_description/models/rs_robot/meshes/DAE/suspension/front_left_link.dae
[1.732s] -- Symlinking: /home/devam/turtlebot3_ws/src/install/robot_gazebo/share/robot_gazebo//models/velodyne_description/models/rs_robot/meshes/DAE/suspension/front_right_link.dae
[1.737s] -- Symlinking: /home/devam/turtlebot3_ws/src/install/robot_gazebo/share/robot_gazebo//models/velodyne_description/models/rs_robot/meshes/DAE/suspension/rear_left_link.dae
[1.741s] -- Symlinking: /home/devam/turtlebot3_ws/src/install/robot_gazebo/share/robot_gazebo//models/velodyne_description/models/rs_robot/meshes/DAE/suspension/rear_right_link.dae
[1.746s] -- Symlinking: /home/devam/turtlebot3_ws/src/install/robot_gazebo/share/robot_gazebo//models/velodyne_description/models/rs_robot/meshes/DAE/wheel/wheel_link.dae
[1.751s] -- Symlinking: /home/devam/turtlebot3_ws/src/install/robot_gazebo/share/robot_gazebo//models/velodyne_description/models/rs_robot/meshes/STL/base/base_link.stl
[1.755s] -- Symlinking: /home/devam/turtlebot3_ws/src/install/robot_gazebo/share/robot_gazebo//models/velodyne_description/models/rs_robot/meshes/STL/base/base_link_old.stl
[1.760s] -- Symlinking: /home/devam/turtlebot3_ws/src/install/robot_gazebo/share/robot_gazebo//models/velodyne_description/models/rs_robot/meshes/STL/lidar_base/YDlidar_base.stl
[1.766s] -- Symlinking: /home/devam/turtlebot3_ws/src/install/robot_gazebo/share/robot_gazebo//models/velodyne_description/models/rs_robot/meshes/STL/lidar_head/YDlidar_head v4.stl
[1.771s] -- Symlinking: /home/devam/turtlebot3_ws/src/install/robot_gazebo/share/robot_gazebo//models/velodyne_description/models/rs_robot/meshes/STL/sensors/front_lrf/front_lrf.stl
[1.778s] -- Symlinking: /home/devam/turtlebot3_ws/src/install/robot_gazebo/share/robot_gazebo//models/velodyne_description/models/rs_robot/meshes/STL/sensors/gim30/gim30.stl
[1.784s] -- Symlinking: /home/devam/turtlebot3_ws/src/install/robot_gazebo/share/robot_gazebo//models/velodyne_description/models/rs_robot/meshes/STL/sensors/gps/gps.stl
[1.791s] -- Symlinking: /home/devam/turtlebot3_ws/src/install/robot_gazebo/share/robot_gazebo//models/velodyne_description/models/rs_robot/meshes/STL/sensors/rear_lrf/rear_lrf.stl
[1.799s] -- Symlinking: /home/devam/turtlebot3_ws/src/install/robot_gazebo/share/robot_gazebo//models/velodyne_description/models/rs_robot/meshes/STL/suspension/FRONT_LEFT_LINKSTL.stl
[1.810s] -- Symlinking: /home/devam/turtlebot3_ws/src/install/robot_gazebo/share/robot_gazebo//models/velodyne_description/models/rs_robot/meshes/STL/suspension/FRONT_RIGHT_LINKSTL.stl
[1.816s] -- Symlinking: /home/devam/turtlebot3_ws/src/install/robot_gazebo/share/robot_gazebo//models/velodyne_description/models/rs_robot/meshes/STL/suspension/REAR_LEFT_LINKSTL.stl
[1.822s] -- Symlinking: /home/devam/turtlebot3_ws/src/install/robot_gazebo/share/robot_gazebo//models/velodyne_description/models/rs_robot/meshes/STL/suspension/REAR_RIGHT_LINKSTL.stl
[1.829s] -- Symlinking: /home/devam/turtlebot3_ws/src/install/robot_gazebo/share/robot_gazebo//models/velodyne_description/models/rs_robot/meshes/STL/suspension/sus_link.stl
[1.835s] -- Symlinking: /home/devam/turtlebot3_ws/src/install/robot_gazebo/share/robot_gazebo//models/velodyne_description/models/rs_robot/meshes/STL/wheel/robot_wheel.stl
[1.842s] -- Symlinking: /home/devam/turtlebot3_ws/src/install/robot_gazebo/share/robot_gazebo//models/velodyne_description/models/rs_robot/model.config
[1.849s] -- Symlinking: /home/devam/turtlebot3_ws/src/install/robot_gazebo/share/robot_gazebo//models/velodyne_description/models/rs_robot/rs_robot.sdf
[1.855s] -- Symlinking: /home/devam/turtlebot3_ws/src/install/robot_gazebo/share/robot_gazebo//models/velodyne_description/package.xml
[1.862s] -- Symlinking: /home/devam/turtlebot3_ws/src/install/robot_gazebo/share/robot_gazebo//models/velodyne_description/rviz/example.rviz
[1.869s] -- Symlinking: /home/devam/turtlebot3_ws/src/install/robot_gazebo/share/robot_gazebo//models/velodyne_description/urdf/HDL-32E.urdf.xacro
[1.875s] -- Symlinking: /home/devam/turtlebot3_ws/src/install/robot_gazebo/share/robot_gazebo//models/velodyne_description/urdf/VLP-16.urdf.xacro
[1.881s] -- Symlinking: /home/devam/turtlebot3_ws/src/install/robot_gazebo/share/robot_gazebo//models/velodyne_description/urdf/VLP-32C.urdf.xacro
[1.888s] -- Symlinking: /home/devam/turtlebot3_ws/src/install/robot_gazebo/share/robot_gazebo//models/velodyne_description/urdf/example.urdf.xacro
[1.895s] -- Symlinking: /home/devam/turtlebot3_ws/src/install/robot_gazebo/share/robot_gazebo//models/velodyne_description/world/example.world
[1.902s] -- Symlinking: /home/devam/turtlebot3_ws/src/install/robot_gazebo/share/robot_gazebo//models/velodyne_description/world/lio_sam.model
[1.909s] -- Symlinking: /home/devam/turtlebot3_ws/src/install/robot_gazebo/share/robot_gazebo//urdf/robot.urdf
[1.916s] -- Symlinking: /home/devam/turtlebot3_ws/src/install/robot_gazebo/share/robot_gazebo//worlds/lio_world.model
[1.923s] -- Symlinking: /home/devam/turtlebot3_ws/src/install/robot_gazebo/lib/robot_gazebo/robot_sim.launch.py
[1.931s] -- Symlinking: /home/devam/turtlebot3_ws/src/install/robot_gazebo/share/ament_index/resource_index/package_run_dependencies/robot_gazebo
[1.938s] -- Symlinking: /home/devam/turtlebot3_ws/src/install/robot_gazebo/share/ament_index/resource_index/parent_prefix_path/robot_gazebo
[1.945s] -- Symlinking: /home/devam/turtlebot3_ws/src/install/robot_gazebo/share/robot_gazebo/environment/ament_prefix_path.sh
[1.952s] -- Symlinking: /home/devam/turtlebot3_ws/src/install/robot_gazebo/share/robot_gazebo/environment/ament_prefix_path.dsv
[1.959s] -- Symlinking: /home/devam/turtlebot3_ws/src/install/robot_gazebo/share/robot_gazebo/environment/path.sh
[1.966s] -- Symlinking: /home/devam/turtlebot3_ws/src/install/robot_gazebo/share/robot_gazebo/environment/path.dsv
[1.973s] -- Symlinking: /home/devam/turtlebot3_ws/src/install/robot_gazebo/share/robot_gazebo/local_setup.bash
[1.979s] -- Symlinking: /home/devam/turtlebot3_ws/src/install/robot_gazebo/share/robot_gazebo/local_setup.sh
[1.986s] -- Symlinking: /home/devam/turtlebot3_ws/src/install/robot_gazebo/share/robot_gazebo/local_setup.zsh
[1.993s] -- Symlinking: /home/devam/turtlebot3_ws/src/install/robot_gazebo/share/robot_gazebo/local_setup.dsv
[2.000s] -- Symlinking: /home/devam/turtlebot3_ws/src/install/robot_gazebo/share/robot_gazebo/package.dsv
[2.007s] -- Symlinking: /home/devam/turtlebot3_ws/src/install/robot_gazebo/share/ament_index/resource_index/packages/robot_gazebo
[2.014s] -- Symlinking: /home/devam/turtlebot3_ws/src/install/robot_gazebo/share/robot_gazebo/cmake/robot_gazeboConfig.cmake
[2.019s] -- Symlinking: /home/devam/turtlebot3_ws/src/install/robot_gazebo/share/robot_gazebo/cmake/robot_gazeboConfig-version.cmake
[2.024s] -- Symlinking: /home/devam/turtlebot3_ws/src/install/robot_gazebo/share/robot_gazebo/package.xml
[2.034s] Invoked command in '/home/devam/turtlebot3_ws/src/build/robot_gazebo' returned '0': AMENT_PREFIX_PATH=/home/devam/turtlebot3_ws/src/install/robot_description:${AMENT_PREFIX_PATH} CMAKE_PREFIX_PATH=/home/devam/turtlebot3_ws/src/install/robot_description:/home/devam/turtlebot4_ws/install/turtlebot4_simulator:/home/devam/turtlebot4_ws/install/turtlebot4_ignition_bringup:/home/devam/turtlebot4_ws/install/turtlebot4_node:/home/devam/turtlebot4_ws/install/turtlebot4_navigation:/home/devam/turtlebot4_ws/install/turtlebot4_ignition_toolbox:/home/devam/turtlebot4_ws/install/turtlebot4_msgs:/home/devam/turtlebot4_ws/install/turtlebot4_ignition_gui_plugins:/home/devam/turtlebot4_ws/install/turtlebot4_description:/home/devam/turtlebot3_ws/install/velodyne_simulator:/home/devam/turtlebot3_ws/install/velodyne:/home/devam/turtlebot3_ws/install/velodyne_pointcloud:/home/devam/turtlebot3_ws/install/velodyne_driver:/home/devam/turtlebot3_ws/install/velodyne_msgs:/home/devam/turtlebot3_ws/install/velodyne_laserscan:/home/devam/turtlebot3_ws/install/velodyne_gazebo_plugins:/home/devam/turtlebot3_ws/install/velodyne_description:/home/devam/turtlebot3_ws/install/turtlebot3:/home/devam/turtlebot3_ws/install/turtlebot3_simulations:/home/devam/turtlebot3_ws/install/turtlebot3_bringup:/home/devam/turtlebot3_ws/install/turtlebot3_node:/home/devam/turtlebot3_ws/install/turtlebot3_navigation2:/home/devam/turtlebot3_ws/install/turtlebot3_fake_node:/home/devam/turtlebot3_ws/install/turtlebot3_msgs:/home/devam/turtlebot3_ws/install/turtlebot3_gazebo:/home/devam/turtlebot3_ws/install/turtlebot3_description:/home/devam/turtlebot3_ws/install/turtlebot3_cartographer:/home/devam/turtlebot3_ws/install/robot_gazebo:/home/devam/turtlebot3_ws/install/robot_description:/home/devam/turtlebot3_ws/install/robot_control:/home/devam/turtlebot3_ws/install/microstrain_inertial_msgs:/home/devam/turtlebot3_ws/install/microstrain_inertial_description:/home/devam/turtlebot3_ws/install/lio_sam:/home/devam/FYP_ROS2/install/occ_map_creator:/home/devam/FYP_ROS2/install/ekf_slam:/home/devam/FYP_ROS2/install/ekf_localization:/home/devam/turtlebot3_ws/install/turtlebot3_teleop:/home/devam/turtlebot3_ws/install/turtlebot3_rtabmap_slam:/home/devam/turtlebot3_ws/install/turtlebot3_example:/home/devam/turtlebot3_ws/install/microstrain_inertial_rqt:/opt/ros/humble /usr/local/bin/cmake --install /home/devam/turtlebot3_ws/src/build/robot_gazebo
