[0.704s] Invoking command in '/home/devam/turtlebot3_ws/src/build/velodyne_description': CMAKE_PREFIX_PATH=${CMAKE_PREFIX_PATH}:/home/devam/FYP_ROS2/install/occ_map_creator:/home/devam/FYP_ROS2/install/ekf_slam:/home/devam/FYP_ROS2/install/ekf_localization:/home/devam/turtlebot3_ws/install/turtlebot3_teleop:/home/devam/turtlebot3_ws/install/turtlebot3_rtabmap_slam:/home/devam/turtlebot3_ws/install/turtlebot3_example:/home/devam/turtlebot3_ws/install/microstrain_inertial_rqt:/opt/ros/humble /usr/local/bin/cmake /home/devam/turtlebot3_ws/src/LIO-SAM-Robot/velodyne_simulator/velodyne_description -DCMAKE_BUILD_TYPE=Release -DAMENT_CMAKE_SYMLINK_INSTALL=1 -DCMAKE_INSTALL_PREFIX=/home/devam/turtlebot3_ws/src/install/velodyne_description
[0.785s] -- The C compiler identification is GNU 11.4.0
[0.937s] -- The CXX compiler identification is GNU 11.4.0
[0.959s] -- Detecting C compiler ABI info
[1.034s] -- Detecting C compiler ABI info - done
[1.050s] -- Check for working C compiler: /usr/bin/cc - skipped
[1.051s] -- Detecting C compile features
[1.051s] -- Detecting C compile features - done
[1.062s] -- Detecting CXX compiler ABI info
[1.145s] -- Detecting CXX compiler ABI info - done
[1.157s] -- Check for working CXX compiler: /usr/bin/c++ - skipped
[1.157s] -- Detecting CXX compile features
[1.158s] -- Detecting CXX compile features - done
[1.174s] -- Found ament_cmake: 1.3.11 (/opt/ros/humble/share/ament_cmake/cmake)
[1.581s] -- Found Python3: /usr/bin/python3 (found version "3.10.12") found components: Interpreter 
[1.675s] -- Override CMake install command with custom implementation using symlinks instead of copying resources
[1.765s] [33mCMake Warning (dev) at /usr/local/share/cmake-3.27/Modules/FindPackageHandleStandardArgs.cmake:438 (message):
[1.765s]   The package name passed to `find_package_handle_standard_args` (PkgConfig)
[1.765s]   does not match the name of the calling package (gazebo).  This can lead to
[1.765s]   problems in calling code that expects `find_package` result variables
[1.765s]   (e.g., `_FOUND`) to follow a certain pattern.
[1.765s] Call Stack (most recent call first):
[1.765s]   /usr/local/share/cmake-3.27/Modules/FindPkgConfig.cmake:99 (find_package_handle_standard_args)
[1.765s]   /usr/lib/x86_64-linux-gnu/cmake/gazebo/gazebo-config.cmake:72 (include)
[1.765s]   CMakeLists.txt:5 (find_package)
[1.765s] This warning is for project developers.  Use -Wno-dev to suppress it.
[1.765s] [0m
[1.765s] -- Found PkgConfig: /usr/bin/pkg-config (found version "0.29.2") 
[1.770s] -- Checking for module 'bullet>=2.82'
[1.798s] --   Found bullet, version 3.05
[1.968s] -- Found fcl: /usr/include (found suitable version "0.7.0", minimum required is "0.5.0") 
[2.058s] -- Found assimp: /usr/include (found version "5.2.0") 
[2.094s] -- Found DART: /usr/include (Required is at least version "6.6") found components: dart 
[2.375s] -- Found Boost: /usr/lib/x86_64-linux-gnu/cmake/Boost-1.74.0/BoostConfig.cmake (found suitable version "1.74.0", minimum required is "1.40.0") found components: thread system filesystem program_options regex iostreams date_time 
[2.405s] -- Found Protobuf: /usr/lib/x86_64-linux-gnu/libprotobuf.so (found version "3.12.4") 
[2.415s] -- Looking for ignition-math6 -- found version 6.15.1
[2.426s] -- Searching for dependencies of ignition-math6
[2.428s] -- Looking for OGRE...
[2.428s] -- OGRE_PREFIX_WATCH changed.
[2.434s] -- Checking for module 'OGRE'
[2.471s] --   Found OGRE, version 1.9.0
[2.539s] -- Found Ogre Ghadamon (1.9.0)
[2.560s] -- Found OGRE: optimized;/usr/lib/x86_64-linux-gnu/libOgreMain.so;debug;/usr/lib/x86_64-linux-gnu/libOgreMain.so
[2.572s] -- Looking for OGRE_Paging...
[2.586s] -- Found OGRE_Paging: optimized;/usr/lib/x86_64-linux-gnu/libOgrePaging.so;debug;/usr/lib/x86_64-linux-gnu/libOgrePaging.so
[2.587s] -- Looking for OGRE_Terrain...
[2.601s] -- Found OGRE_Terrain: optimized;/usr/lib/x86_64-linux-gnu/libOgreTerrain.so;debug;/usr/lib/x86_64-linux-gnu/libOgreTerrain.so
[2.601s] -- Looking for OGRE_Property...
[2.615s] -- Found OGRE_Property: optimized;/usr/lib/x86_64-linux-gnu/libOgreProperty.so;debug;/usr/lib/x86_64-linux-gnu/libOgreProperty.so
[2.615s] -- Looking for OGRE_RTShaderSystem...
[2.630s] -- Found OGRE_RTShaderSystem: optimized;/usr/lib/x86_64-linux-gnu/libOgreRTShaderSystem.so;debug;/usr/lib/x86_64-linux-gnu/libOgreRTShaderSystem.so
[2.630s] -- Looking for OGRE_Volume...
[2.644s] -- Found OGRE_Volume: optimized;/usr/lib/x86_64-linux-gnu/libOgreVolume.so;debug;/usr/lib/x86_64-linux-gnu/libOgreVolume.so
[2.644s] -- Looking for OGRE_Overlay...
[2.658s] -- Found OGRE_Overlay: optimized;/usr/lib/x86_64-linux-gnu/libOgreOverlay.so;debug;/usr/lib/x86_64-linux-gnu/libOgreOverlay.so
[2.952s] -- Looking for ignition-math6 -- found version 6.15.1
[2.957s] -- Looking for ignition-transport8 -- found version 8.2.1
[2.958s] -- Searching for dependencies of ignition-transport8
[2.988s] -- Found Protobuf: /usr/lib/x86_64-linux-gnu/libprotobuf.so (found suitable version "3.12.4", minimum required is "3") 
[3.004s] -- Config-file not installed for ZeroMQ -- checking for pkg-config
[3.012s] -- Checking for module 'libzmq >= 4'
[3.055s] --   Found libzmq , version 4.3.4
[3.120s] -- Found ZeroMQ: TRUE (Required is at least version "4") 
[3.135s] -- Checking for module 'uuid'
[3.167s] --   Found uuid, version 2.37.2
[3.255s] -- Found UUID: TRUE  
[3.268s] -- Looking for ignition-msgs5 -- found version 5.8.1
[3.268s] -- Searching for dependencies of ignition-msgs5
[3.294s] -- Looking for ignition-math6 -- found version 6.15.1
[3.309s] -- Checking for module 'tinyxml2'
[3.353s] --   Found tinyxml2, version 9.0.0
[3.422s] -- Looking for ignition-msgs5 -- found version 5.8.1
[3.437s] -- Looking for ignition-common3 -- found version 3.14.0
[3.437s] -- Searching for dependencies of ignition-common3
[3.438s] -- Looking for dlfcn.h - found
[3.439s] -- Looking for libdl - found
[3.441s] -- Found DL: TRUE  
[3.462s] -- Found tinyobjloader: /usr/lib/x86_64-linux-gnu/cmake/tinyobjloader/tinyobjloader-config.cmake (found version "2.0.0") 
[3.463s] -- Searching for <ignition-common3> component [graphics]
[3.469s] -- Looking for ignition-common3-graphics -- found version 3.14.0
[3.469s] -- Searching for dependencies of ignition-common3-graphics
[3.469s] -- Looking for ignition-math6 -- found version 6.15.1
[3.474s] -- Looking for ignition-fuel_tools4 -- found version 4.4.0
[3.475s] -- Searching for dependencies of ignition-fuel_tools4
[3.655s] -- Found CURL: /usr/lib/x86_64-linux-gnu/libcurl.so (found version "7.81.0")  
[3.661s] [0mCMake Deprecation Warning at /usr/lib/x86_64-linux-gnu/cmake/jsoncpp/jsoncppConfig.cmake:2 (cmake_policy):
[3.661s]   Compatibility with CMake < 3.5 will be removed from a future version of
[3.661s]   CMake.
[3.661s] 
[3.662s]   Update the VERSION argument <min> value or use a ...<max> suffix to tell
[3.662s]   CMake that the project does not need compatibility with older versions.
[3.662s] Call Stack (most recent call first):
[3.662s]   /usr/share/cmake/ignition-cmake2/cmake2/FindJSONCPP.cmake:34 (find_package)
[3.663s]   /usr/lib/x86_64-linux-gnu/cmake/ignition-fuel_tools4/ignition-fuel_tools4-config.cmake:94 (find_package)
[3.663s]   /usr/lib/x86_64-linux-gnu/cmake/gazebo/gazebo-config.cmake:251 (find_package)
[3.663s]   CMakeLists.txt:5 (find_package)
[3.663s] 
[3.664s] [0m
[3.671s] -- Checking for module 'jsoncpp'
[3.704s] --   Found jsoncpp, version 1.9.5
[3.760s] -- Found JSONCPP: TRUE  
[3.773s] -- Checking for module 'libzip'
[3.796s] --   Found libzip, version 1.7.3
[3.870s] -- Found ZIP: TRUE  
[3.870s] -- Looking for ignition-common3 -- found version 3.14.0
[3.871s] -- Looking for ignition-math6 -- found version 6.15.1
[3.871s] -- Looking for ignition-msgs5 -- found version 5.8.1
[3.882s] -- Found gazebo_ros_pkgs: 3.9.0 (/opt/ros/humble/share/gazebo_ros_pkgs/cmake)
[3.966s] -- Configuring done (3.3s)
[3.969s] -- Generating done (0.0s)
[3.971s] -- Build files have been written to: /home/devam/turtlebot3_ws/src/build/velodyne_description
