[0.705s] Invoking command in '/home/devam/turtlebot3_ws/src/build/velodyne_gazebo_plugins': CMAKE_PREFIX_PATH=${CMAKE_PREFIX_PATH}:/home/devam/FYP_ROS2/install/occ_map_creator:/home/devam/FYP_ROS2/install/ekf_slam:/home/devam/FYP_ROS2/install/ekf_localization:/home/devam/turtlebot3_ws/install/turtlebot3_teleop:/home/devam/turtlebot3_ws/install/turtlebot3_rtabmap_slam:/home/devam/turtlebot3_ws/install/turtlebot3_example:/home/devam/turtlebot3_ws/install/microstrain_inertial_rqt:/opt/ros/humble /usr/local/bin/cmake /home/devam/turtlebot3_ws/src/LIO-SAM-Robot/velodyne_simulator/velodyne_gazebo_plugins -DCMAKE_BUILD_TYPE=Release -DAMENT_CMAKE_SYMLINK_INSTALL=1 -DCMAKE_INSTALL_PREFIX=/home/devam/turtlebot3_ws/src/install/velodyne_gazebo_plugins
[0.795s] -- The C compiler identification is GNU 11.4.0
[0.908s] -- The CXX compiler identification is GNU 11.4.0
[0.924s] -- Detecting C compiler ABI info
[1.014s] -- Detecting C compiler ABI info - done
[1.027s] -- Check for working C compiler: /usr/bin/cc - skipped
[1.028s] -- Detecting C compile features
[1.028s] -- Detecting C compile features - done
[1.042s] -- Detecting CXX compiler ABI info
[1.136s] -- Detecting CXX compiler ABI info - done
[1.150s] -- Check for working CXX compiler: /usr/bin/c++ - skipped
[1.150s] -- Detecting CXX compile features
[1.151s] -- Detecting CXX compile features - done
[1.157s] -- Found ament_cmake: 1.3.11 (/opt/ros/humble/share/ament_cmake/cmake)
[1.442s] -- Found Python3: /usr/bin/python3 (found version "3.10.12") found components: Interpreter 
[1.528s] -- Override CMake install command with custom implementation using symlinks instead of copying resources
[1.602s] -- Found gazebo_dev: 3.9.0 (/opt/ros/humble/share/gazebo_dev/cmake)
[1.611s] -- Found PkgConfig: /usr/bin/pkg-config (found version "0.29.2") 
[1.617s] -- Checking for module 'bullet>=2.82'
[1.630s] --   Found bullet, version 3.05
[1.776s] -- Found fcl: /usr/include (found suitable version "0.7.0", minimum required is "0.5.0") 
[1.856s] -- Found assimp: /usr/include (found version "5.2.0") 
[1.995s] -- Found DART: /usr/include (Required is at least version "6.6") found components: dart 
[2.266s] -- Found Boost: /usr/lib/x86_64-linux-gnu/cmake/Boost-1.74.0/BoostConfig.cmake (found suitable version "1.74.0", minimum required is "1.40.0") found components: thread system filesystem program_options regex iostreams date_time 
[2.319s] -- Found Protobuf: /usr/lib/x86_64-linux-gnu/libprotobuf.so (found version "3.12.4") 
[2.330s] -- Looking for ignition-math6 -- found version 6.15.1
[2.340s] -- Searching for dependencies of ignition-math6
[2.342s] -- Looking for OGRE...
[2.343s] -- OGRE_PREFIX_WATCH changed.
[2.348s] -- Checking for module 'OGRE'
[2.365s] --   Found OGRE, version 1.9.0
[2.428s] -- Found Ogre Ghadamon (1.9.0)
[2.449s] -- Found OGRE: optimized;/usr/lib/x86_64-linux-gnu/libOgreMain.so;debug;/usr/lib/x86_64-linux-gnu/libOgreMain.so
[2.462s] -- Looking for OGRE_Paging...
[2.476s] -- Found OGRE_Paging: optimized;/usr/lib/x86_64-linux-gnu/libOgrePaging.so;debug;/usr/lib/x86_64-linux-gnu/libOgrePaging.so
[2.476s] -- Looking for OGRE_Terrain...
[2.490s] -- Found OGRE_Terrain: optimized;/usr/lib/x86_64-linux-gnu/libOgreTerrain.so;debug;/usr/lib/x86_64-linux-gnu/libOgreTerrain.so
[2.490s] -- Looking for OGRE_Property...
[2.504s] -- Found OGRE_Property: optimized;/usr/lib/x86_64-linux-gnu/libOgreProperty.so;debug;/usr/lib/x86_64-linux-gnu/libOgreProperty.so
[2.504s] -- Looking for OGRE_RTShaderSystem...
[2.519s] -- Found OGRE_RTShaderSystem: optimized;/usr/lib/x86_64-linux-gnu/libOgreRTShaderSystem.so;debug;/usr/lib/x86_64-linux-gnu/libOgreRTShaderSystem.so
[2.519s] -- Looking for OGRE_Volume...
[2.533s] -- Found OGRE_Volume: optimized;/usr/lib/x86_64-linux-gnu/libOgreVolume.so;debug;/usr/lib/x86_64-linux-gnu/libOgreVolume.so
[2.533s] -- Looking for OGRE_Overlay...
[2.547s] -- Found OGRE_Overlay: optimized;/usr/lib/x86_64-linux-gnu/libOgreOverlay.so;debug;/usr/lib/x86_64-linux-gnu/libOgreOverlay.so
[2.840s] -- Looking for ignition-math6 -- found version 6.15.1
[2.845s] -- Looking for ignition-transport8 -- found version 8.2.1
[2.845s] -- Searching for dependencies of ignition-transport8
[2.869s] -- Found Protobuf: /usr/lib/x86_64-linux-gnu/libprotobuf.so (found suitable version "3.12.4", minimum required is "3") 
[2.885s] -- Config-file not installed for ZeroMQ -- checking for pkg-config
[2.895s] -- Checking for module 'libzmq >= 4'
[2.925s] --   Found libzmq , version 4.3.4
[3.027s] -- Found ZeroMQ: TRUE (Required is at least version "4") 
[3.049s] -- Checking for module 'uuid'
[3.092s] --   Found uuid, version 2.37.2
[3.160s] -- Found UUID: TRUE  
[3.165s] -- Looking for ignition-msgs5 -- found version 5.8.1
[3.165s] -- Searching for dependencies of ignition-msgs5
[3.191s] -- Looking for ignition-math6 -- found version 6.15.1
[3.196s] -- Checking for module 'tinyxml2'
[3.228s] --   Found tinyxml2, version 9.0.0
[3.297s] -- Looking for ignition-msgs5 -- found version 5.8.1
[3.303s] -- Looking for ignition-common3 -- found version 3.14.0
[3.304s] -- Searching for dependencies of ignition-common3
[3.304s] -- Looking for dlfcn.h - found
[3.305s] -- Looking for libdl - found
[3.307s] -- Found DL: TRUE  
[3.324s] -- Found tinyobjloader: /usr/lib/x86_64-linux-gnu/cmake/tinyobjloader/tinyobjloader-config.cmake (found version "2.0.0") 
[3.325s] -- Searching for <ignition-common3> component [graphics]
[3.330s] -- Looking for ignition-common3-graphics -- found version 3.14.0
[3.330s] -- Searching for dependencies of ignition-common3-graphics
[3.331s] -- Looking for ignition-math6 -- found version 6.15.1
[3.337s] -- Looking for ignition-fuel_tools4 -- found version 4.4.0
[3.337s] -- Searching for dependencies of ignition-fuel_tools4
[3.507s] -- Found CURL: /usr/lib/x86_64-linux-gnu/libcurl.so (found version "7.81.0")  
[3.514s] [0mCMake Deprecation Warning at /usr/lib/x86_64-linux-gnu/cmake/jsoncpp/jsoncppConfig.cmake:2 (cmake_policy):
[3.514s]   Compatibility with CMake < 3.5 will be removed from a future version of
[3.514s]   CMake.
[3.514s] 
[3.515s]   Update the VERSION argument <min> value or use a ...<max> suffix to tell
[3.515s]   CMake that the project does not need compatibility with older versions.
[3.515s] Call Stack (most recent call first):
[3.515s]   /usr/share/cmake/ignition-cmake2/cmake2/FindJSONCPP.cmake:34 (find_package)
[3.516s]   /usr/lib/x86_64-linux-gnu/cmake/ignition-fuel_tools4/ignition-fuel_tools4-config.cmake:94 (find_package)
[3.516s]   /usr/lib/x86_64-linux-gnu/cmake/gazebo/gazebo-config.cmake:251 (find_package)
[3.516s]   /opt/ros/humble/share/gazebo_dev/cmake/gazebo_dev-extras.cmake:3 (find_package)
[3.516s]   /opt/ros/humble/share/gazebo_dev/cmake/gazebo_devConfig.cmake:41 (include)
[3.517s]   CMakeLists.txt:14 (find_package)
[3.517s] 
[3.517s] [0m
[3.524s] -- Checking for module 'jsoncpp'
[3.564s] --   Found jsoncpp, version 1.9.5
[3.653s] -- Found JSONCPP: TRUE  
[3.685s] -- Checking for module 'libzip'
[3.716s] --   Found libzip, version 1.7.3
[3.787s] -- Found ZIP: TRUE  
[3.789s] -- Looking for ignition-common3 -- found version 3.14.0
[3.790s] -- Looking for ignition-math6 -- found version 6.15.1
[3.792s] -- Looking for ignition-msgs5 -- found version 5.8.1
[3.816s] -- Gazebo version: 11.10
[3.818s] -- Checking for module 'tbb'
[3.877s] --   Found tbb, version 2021.5.0
[3.972s] -- Found gazebo_ros: 3.9.0 (/opt/ros/humble/share/gazebo_ros/cmake)
[4.055s] -- Found rosidl_generator_c: 3.1.6 (/opt/ros/humble/share/rosidl_generator_c/cmake)
[4.066s] -- Found rosidl_adapter: 3.1.6 (/opt/ros/humble/share/rosidl_adapter/cmake)
[4.081s] -- Found rosidl_generator_cpp: 3.1.6 (/opt/ros/humble/share/rosidl_generator_cpp/cmake)
[4.104s] -- Using all available rosidl_typesupport_c: rosidl_typesupport_fastrtps_c;rosidl_typesupport_introspection_c
[4.134s] -- Using all available rosidl_typesupport_cpp: rosidl_typesupport_fastrtps_cpp;rosidl_typesupport_introspection_cpp
[4.217s] -- Found rmw_implementation_cmake: 6.1.2 (/opt/ros/humble/share/rmw_implementation_cmake/cmake)
[4.220s] [31mCMake Error at /opt/ros/humble/share/rmw_implementation_cmake/cmake/get_default_rmw_implementation.cmake:60 (message):
[4.220s]   Could not find ROS middleware implementation 'rmw_cyclonedds_cpp'.  Choose
[4.220s]   one of the following: rmw_fastrtps_cpp
[4.220s] Call Stack (most recent call first):
[4.220s]   /opt/ros/humble/share/rmw_implementation/cmake/rmw_implementation-extras.cmake:19 (get_default_rmw_implementation)
[4.220s]   /opt/ros/humble/share/rmw_implementation/cmake/rmw_implementationConfig.cmake:41 (include)
[4.221s]   /opt/ros/humble/share/rcl/cmake/ament_cmake_export_dependencies-extras.cmake:21 (find_package)
[4.221s]   /opt/ros/humble/share/rcl/cmake/rclConfig.cmake:41 (include)
[4.221s]   /opt/ros/humble/share/libstatistics_collector/cmake/ament_cmake_export_dependencies-extras.cmake:21 (find_package)
[4.221s]   /opt/ros/humble/share/libstatistics_collector/cmake/libstatistics_collectorConfig.cmake:41 (include)
[4.221s]   /opt/ros/humble/share/rclcpp/cmake/ament_cmake_export_dependencies-extras.cmake:21 (find_package)
[4.221s]   /opt/ros/humble/share/rclcpp/cmake/rclcppConfig.cmake:41 (include)
[4.221s]   /opt/ros/humble/share/gazebo_ros/cmake/ament_cmake_export_dependencies-extras.cmake:21 (find_package)
[4.221s]   /opt/ros/humble/share/gazebo_ros/cmake/gazebo_rosConfig.cmake:41 (include)
[4.221s]   CMakeLists.txt:15 (find_package)
[4.221s] 
[4.221s] [0m
[4.221s] -- Configuring incomplete, errors occurred!
