[0.071s] Invoking command in '/home/devam/turtlebot3_ws/src/build/rtabmap_odom': AMENT_PREFIX_PATH=/home/devam/turtlebot3_ws/src/install/rtabmap_util:/home/devam/turtlebot3_ws/src/install/rtabmap_sync:/home/devam/turtlebot3_ws/src/install/rtabmap_conversions:/home/devam/turtlebot3_ws/src/install/rtabmap_msgs:${AMENT_PREFIX_PATH} CMAKE_PREFIX_PATH=/home/devam/turtlebot3_ws/src/install/rtabmap_util:/home/devam/turtlebot3_ws/src/install/rtabmap_sync:/home/devam/turtlebot3_ws/src/install/rtabmap_conversions:/home/devam/turtlebot3_ws/src/install/rtabmap_msgs:/home/devam/turtlebot3_ws/src/install/rtabmap:/home/devam/turtlebot4_ws/install/turtlebot4_simulator:/home/devam/turtlebot4_ws/install/turtlebot4_ignition_bringup:/home/devam/turtlebot4_ws/install/turtlebot4_node:/home/devam/turtlebot4_ws/install/turtlebot4_navigation:/home/devam/turtlebot4_ws/install/turtlebot4_ignition_toolbox:/home/devam/turtlebot4_ws/install/turtlebot4_msgs:/home/devam/turtlebot4_ws/install/turtlebot4_ignition_gui_plugins:/home/devam/turtlebot4_ws/install/turtlebot4_description:/home/devam/turtlebot3_ws/install/velodyne_simulator:/home/devam/turtlebot3_ws/install/velodyne:/home/devam/turtlebot3_ws/install/velodyne_pointcloud:/home/devam/turtlebot3_ws/install/velodyne_driver:/home/devam/turtlebot3_ws/install/velodyne_msgs:/home/devam/turtlebot3_ws/install/velodyne_laserscan:/home/devam/turtlebot3_ws/install/velodyne_gazebo_plugins:/home/devam/turtlebot3_ws/install/velodyne_description:/home/devam/turtlebot3_ws/install/turtlebot3:/home/devam/turtlebot3_ws/install/turtlebot3_simulations:/home/devam/turtlebot3_ws/install/turtlebot3_bringup:/home/devam/turtlebot3_ws/install/turtlebot3_node:/home/devam/turtlebot3_ws/install/turtlebot3_navigation2:/home/devam/turtlebot3_ws/install/turtlebot3_fake_node:/home/devam/turtlebot3_ws/install/turtlebot3_msgs:/home/devam/turtlebot3_ws/install/turtlebot3_gazebo:/home/devam/turtlebot3_ws/install/turtlebot3_description:/home/devam/turtlebot3_ws/install/turtlebot3_cartographer:/home/devam/turtlebot3_ws/install/robot_gazebo:/home/devam/turtlebot3_ws/install/robot_description:/home/devam/turtlebot3_ws/install/robot_control:/home/devam/turtlebot3_ws/install/microstrain_inertial_msgs:/home/devam/turtlebot3_ws/install/microstrain_inertial_description:/home/devam/turtlebot3_ws/install/lio_sam:/home/devam/FYP_ROS2/install/occ_map_creator:/home/devam/FYP_ROS2/install/ekf_slam:/home/devam/FYP_ROS2/install/ekf_localization:/home/devam/turtlebot3_ws/install/turtlebot3_teleop:/home/devam/turtlebot3_ws/install/turtlebot3_rtabmap_slam:/home/devam/turtlebot3_ws/install/turtlebot3_example:/home/devam/turtlebot3_ws/install/microstrain_inertial_rqt:/opt/ros/humble LD_LIBRARY_PATH=/home/devam/turtlebot3_ws/src/install/rtabmap_util/lib:/home/devam/turtlebot3_ws/src/install/rtabmap_sync/lib:/home/devam/turtlebot3_ws/src/install/rtabmap_conversions/lib:/home/devam/turtlebot3_ws/src/install/rtabmap_msgs/lib:/home/devam/turtlebot3_ws/src/install/rtabmap/lib:/home/devam/turtlebot4_ws/install/turtlebot4_msgs/lib:/home/devam/turtlebot3_ws/install/velodyne_pointcloud/lib:/home/devam/turtlebot3_ws/install/velodyne_driver/lib:/home/devam/turtlebot3_ws/install/velodyne_msgs/lib:/home/devam/turtlebot3_ws/install/velodyne_laserscan/lib:/home/devam/turtlebot3_ws/install/velodyne_gazebo_plugins/lib:/home/devam/turtlebot3_ws/install/turtlebot3_msgs/lib:/home/devam/turtlebot3_ws/install/microstrain_inertial_msgs/lib:/home/devam/turtlebot3_ws/install/lio_sam/lib:/usr/lib/x86_64-linux-gnu/gazebo-11/plugins:/opt/ros/humble/opt/rviz_ogre_vendor/lib:/opt/ros/humble/lib/x86_64-linux-gnu:/opt/ros/humble/lib:/usr/share/gazebo/../../lib/x86_64-linux-gnu/gazebo-11/plugins PATH=/home/devam/turtlebot3_ws/src/install/rtabmap/bin:${PATH} PKG_CONFIG_PATH=/home/devam/turtlebot3_ws/src/install/rtabmap/lib/x86_64-linux-gnu/pkgconfig:/home/devam/turtlebot3_ws/src/install/rtabmap/lib/pkgconfig PYTHONPATH=/home/devam/turtlebot3_ws/src/install/rtabmap_msgs/local/lib/python3.10/dist-packages:${PYTHONPATH} /usr/local/bin/cmake /home/devam/turtlebot3_ws/src/src/rtabmap_ros/rtabmap_odom -DCMAKE_BUILD_TYPE=Release -DAMENT_CMAKE_SYMLINK_INSTALL=1 -DCMAKE_INSTALL_PREFIX=/home/devam/turtlebot3_ws/src/install/rtabmap_odom
[0.209s] -- The C compiler identification is GNU 11.4.0
[0.276s] -- The CXX compiler identification is GNU 11.4.0
[0.295s] -- Detecting C compiler ABI info
[0.405s] -- Detecting C compiler ABI info - done
[0.410s] -- Check for working C compiler: /usr/bin/cc - skipped
[0.410s] -- Detecting C compile features
[0.410s] -- Detecting C compile features - done
[0.418s] -- Detecting CXX compiler ABI info
[0.474s] -- Detecting CXX compiler ABI info - done
[0.482s] -- Check for working CXX compiler: /usr/bin/c++ - skipped
[0.482s] -- Detecting CXX compile features
[0.482s] -- Detecting CXX compile features - done
[0.487s] -- Found ament_cmake_ros: 0.10.0 (/opt/ros/humble/share/ament_cmake_ros/cmake)
[0.630s] -- Found Python3: /usr/bin/python3 (found version "3.10.12") found components: Interpreter 
[0.688s] -- Override CMake install command with custom implementation using symlinks instead of copying resources
[0.728s] -- Found cv_bridge: 3.2.1 (/opt/ros/humble/share/cv_bridge/cmake)
[0.788s] -- Found rosidl_generator_c: 3.1.6 (/opt/ros/humble/share/rosidl_generator_c/cmake)
[0.795s] -- Found rosidl_adapter: 3.1.6 (/opt/ros/humble/share/rosidl_adapter/cmake)
[0.805s] -- Found rosidl_generator_cpp: 3.1.6 (/opt/ros/humble/share/rosidl_generator_cpp/cmake)
[0.831s] -- Using all available rosidl_typesupport_c: rosidl_typesupport_fastrtps_c;rosidl_typesupport_introspection_c
[0.850s] -- Using all available rosidl_typesupport_cpp: rosidl_typesupport_fastrtps_cpp;rosidl_typesupport_introspection_cpp
[0.917s] -- Found image_geometry: 3.2.1 (/opt/ros/humble/share/image_geometry/cmake)
[0.921s] -- Found laser_geometry: 2.4.0 (/opt/ros/humble/share/laser_geometry/cmake)
[0.971s] -- Found rmw_implementation_cmake: 6.1.2 (/opt/ros/humble/share/rmw_implementation_cmake/cmake)
[0.974s] -- Found rmw_cyclonedds_cpp: 1.3.4 (/opt/ros/humble/share/rmw_cyclonedds_cpp/cmake)
[1.001s] -- Using RMW implementation 'rmw_cyclonedds_cpp' as default
[1.012s] -- Performing Test CMAKE_HAVE_LIBC_PTHREAD
[1.061s] -- Performing Test CMAKE_HAVE_LIBC_PTHREAD - Success
[1.062s] -- Found Threads: TRUE  
[1.128s] -- Found message_filters: 4.3.7 (/opt/ros/humble/share/message_filters/cmake)
[1.133s] -- Found nav_msgs: 4.9.0 (/opt/ros/humble/share/nav_msgs/cmake)
[1.147s] -- Found pcl_conversions: 2.4.5 (/opt/ros/humble/share/pcl_conversions/cmake)
[1.180s] [33mCMake Warning (dev) at /usr/lib/x86_64-linux-gnu/cmake/pcl/PCLConfig.cmake:146 (find_package):
[1.181s]   Policy CMP0144 is not set: find_package uses upper-case <PACKAGENAME>_ROOT
[1.181s]   variables.  Run "cmake --help-policy CMP0144" for policy details.  Use the
[1.181s]   cmake_policy command to set the policy and suppress this warning.
[1.181s] 
[1.181s]   CMake variable EIGEN_ROOT is set to:
[1.181s] 
[1.181s]     /usr/include/eigen3
[1.181s] 
[1.181s]   For compatibility, find_package is ignoring the variable, but code in a
[1.181s]   .cmake module might still use it.
[1.181s] Call Stack (most recent call first):
[1.181s]   /usr/lib/x86_64-linux-gnu/cmake/pcl/PCLConfig.cmake:299 (find_eigen)
[1.181s]   /usr/lib/x86_64-linux-gnu/cmake/pcl/PCLConfig.cmake:543 (find_external_library)
[1.181s]   /opt/ros/humble/share/pcl_conversions/cmake/ament_cmake_export_dependencies-extras.cmake:21 (find_package)
[1.181s]   /opt/ros/humble/share/pcl_conversions/cmake/pcl_conversionsConfig.cmake:41 (include)
[1.181s]   CMakeLists.txt:28 (find_package)
[1.181s] This warning is for project developers.  Use -Wno-dev to suppress it.
[1.181s] [0m
[1.183s] -- Checking for module 'eigen3'
[1.197s] --   Found eigen3, version 3.4.0
[1.219s] -- Found Eigen: /usr/include/eigen3 (Required is at least version "3.1") 
[1.219s] -- Eigen found (include: /usr/include/eigen3, version: 3.4.0)
[1.248s] [33mCMake Warning (dev) at /usr/lib/x86_64-linux-gnu/cmake/pcl/Modules/FindFLANN.cmake:44 (find_package):
[1.248s]   Policy CMP0144 is not set: find_package uses upper-case <PACKAGENAME>_ROOT
[1.248s]   variables.  Run "cmake --help-policy CMP0144" for policy details.  Use the
[1.248s]   cmake_policy command to set the policy and suppress this warning.
[1.248s] 
[1.248s]   CMake variable FLANN_ROOT is set to:
[1.248s] 
[1.248s]     /usr
[1.248s] 
[1.248s]   For compatibility, find_package is ignoring the variable, but code in a
[1.248s]   .cmake module might still use it.
[1.248s] Call Stack (most recent call first):
[1.248s]   /usr/lib/x86_64-linux-gnu/cmake/pcl/PCLConfig.cmake:256 (find_package)
[1.248s]   /usr/lib/x86_64-linux-gnu/cmake/pcl/PCLConfig.cmake:301 (find_flann)
[1.249s]   /usr/lib/x86_64-linux-gnu/cmake/pcl/PCLConfig.cmake:543 (find_external_library)
[1.249s]   /opt/ros/humble/share/pcl_conversions/cmake/ament_cmake_export_dependencies-extras.cmake:21 (find_package)
[1.249s]   /opt/ros/humble/share/pcl_conversions/cmake/pcl_conversionsConfig.cmake:41 (include)
[1.249s]   CMakeLists.txt:28 (find_package)
[1.249s] This warning is for project developers.  Use -Wno-dev to suppress it.
[1.249s] [0m
[1.257s] -- Checking for module 'flann'
[1.268s] --   Found flann, version 1.9.1
[1.299s] -- Found FLANN: /usr/lib/x86_64-linux-gnu/libflann_cpp.so  
[1.299s] -- FLANN found (include: /usr/include, lib: /usr/lib/x86_64-linux-gnu/libflann_cpp.so)
[2.137s] -- Checking for module 'libusb-1.0'
[2.150s] --   Found libusb-1.0, version 1.0.25
[2.178s] -- Found libusb: /usr/lib/x86_64-linux-gnu/libusb-1.0.so  
[2.179s] -- OpenNI found (version: 1.5.4.0, include: /usr/include/ni, lib: /usr/lib/libOpenNI.so;libusb::libusb)
[2.223s] -- OpenNI2 found (version: 2.2.0.33, include: /usr/include/openni2, lib: /usr/lib/x86_64-linux-gnu/libOpenNI2.so;libusb::libusb)
[2.399s] -- Eigen found (include: /usr/include/eigen3, version: 3.4.0)
[2.404s] -- OpenNI found (version: 1.5.4.0, include: /usr/include/ni, lib: /usr/lib/libOpenNI.so;libusb::libusb)
[2.409s] -- OpenNI2 found (version: 2.2.0.33, include: /usr/include/openni2, lib: /usr/lib/x86_64-linux-gnu/libOpenNI2.so;libusb::libusb)
[2.572s] -- Found Qhull version 8.0.2
[2.735s] -- OpenNI found (version: 1.5.4.0, include: /usr/include/ni, lib: /usr/lib/libOpenNI.so;libusb::libusb)
[2.894s] -- Found PCL_COMMON: /usr/lib/x86_64-linux-gnu/libpcl_common.so  
[2.894s] -- Found PCL_KDTREE: /usr/lib/x86_64-linux-gnu/libpcl_kdtree.so  
[2.895s] -- Found PCL_OCTREE: /usr/lib/x86_64-linux-gnu/libpcl_octree.so  
[2.896s] -- Found PCL_SEARCH: /usr/lib/x86_64-linux-gnu/libpcl_search.so  
[2.896s] -- Found PCL_SAMPLE_CONSENSUS: /usr/lib/x86_64-linux-gnu/libpcl_sample_consensus.so  
[2.897s] -- Found PCL_FILTERS: /usr/lib/x86_64-linux-gnu/libpcl_filters.so  
[2.897s] -- Found PCL_2D: /usr/include/pcl-1.12  
[2.898s] -- Found PCL_GEOMETRY: /usr/include/pcl-1.12  
[2.898s] -- Found PCL_IO: /usr/lib/x86_64-linux-gnu/libpcl_io.so  
[2.899s] -- Found PCL_FEATURES: /usr/lib/x86_64-linux-gnu/libpcl_features.so  
[2.900s] -- Found PCL_ML: /usr/lib/x86_64-linux-gnu/libpcl_ml.so  
[2.900s] -- Found PCL_SEGMENTATION: /usr/lib/x86_64-linux-gnu/libpcl_segmentation.so  
[2.901s] -- Found PCL_VISUALIZATION: /usr/lib/x86_64-linux-gnu/libpcl_visualization.so  
[2.902s] -- Found PCL_SURFACE: /usr/lib/x86_64-linux-gnu/libpcl_surface.so  
[2.902s] -- Found PCL_REGISTRATION: /usr/lib/x86_64-linux-gnu/libpcl_registration.so  
[2.903s] -- Found PCL_KEYPOINTS: /usr/lib/x86_64-linux-gnu/libpcl_keypoints.so  
[2.903s] -- Found PCL_TRACKING: /usr/lib/x86_64-linux-gnu/libpcl_tracking.so  
[2.904s] -- Found PCL_RECOGNITION: /usr/lib/x86_64-linux-gnu/libpcl_recognition.so  
[2.905s] -- Found PCL_STEREO: /usr/lib/x86_64-linux-gnu/libpcl_stereo.so  
[2.906s] -- Found PCL_APPS: /usr/lib/x86_64-linux-gnu/libpcl_apps.so  
[2.906s] -- Found PCL_IN_HAND_SCANNER: /usr/include/pcl-1.12  
[2.906s] -- Found PCL_MODELER: /usr/include/pcl-1.12  
[2.907s] -- Found PCL_POINT_CLOUD_EDITOR: /usr/include/pcl-1.12  
[2.907s] -- Found PCL_OUTOFCORE: /usr/lib/x86_64-linux-gnu/libpcl_outofcore.so  
[2.908s] -- Found PCL_PEOPLE: /usr/lib/x86_64-linux-gnu/libpcl_people.so  
[2.912s] -- Found pcl_ros: 2.4.5 (/opt/ros/humble/share/pcl_ros/cmake)
[2.931s] -- Found Eigen3: TRUE (found version "3.4.0") 
[2.931s] -- Ensuring Eigen3 include directory is part of orocos-kdl CMake target
[3.008s] -- Found pluginlib: 5.1.0 (/opt/ros/humble/share/pluginlib/cmake)
[3.020s] -- Found rtabmap_conversions: 0.22.0 (/home/devam/turtlebot3_ws/src/install/rtabmap_conversions/share/rtabmap_conversions/cmake)
[3.063s] -- Found rtabmap_util: 0.22.0 (/home/devam/turtlebot3_ws/src/install/rtabmap_util/share/rtabmap_util/cmake)
[3.194s] -- Found rtabmap_sync: 0.22.0 (/home/devam/turtlebot3_ws/src/install/rtabmap_sync/share/rtabmap_sync/cmake)
[3.388s] -- Configuring done (3.3s)
[3.532s] -- Generating done (0.1s)
[3.545s] -- Build files have been written to: /home/devam/turtlebot3_ws/src/build/rtabmap_odom
[3.559s] Invoked command in '/home/devam/turtlebot3_ws/src/build/rtabmap_odom' returned '0': AMENT_PREFIX_PATH=/home/devam/turtlebot3_ws/src/install/rtabmap_util:/home/devam/turtlebot3_ws/src/install/rtabmap_sync:/home/devam/turtlebot3_ws/src/install/rtabmap_conversions:/home/devam/turtlebot3_ws/src/install/rtabmap_msgs:${AMENT_PREFIX_PATH} CMAKE_PREFIX_PATH=/home/devam/turtlebot3_ws/src/install/rtabmap_util:/home/devam/turtlebot3_ws/src/install/rtabmap_sync:/home/devam/turtlebot3_ws/src/install/rtabmap_conversions:/home/devam/turtlebot3_ws/src/install/rtabmap_msgs:/home/devam/turtlebot3_ws/src/install/rtabmap:/home/devam/turtlebot4_ws/install/turtlebot4_simulator:/home/devam/turtlebot4_ws/install/turtlebot4_ignition_bringup:/home/devam/turtlebot4_ws/install/turtlebot4_node:/home/devam/turtlebot4_ws/install/turtlebot4_navigation:/home/devam/turtlebot4_ws/install/turtlebot4_ignition_toolbox:/home/devam/turtlebot4_ws/install/turtlebot4_msgs:/home/devam/turtlebot4_ws/install/turtlebot4_ignition_gui_plugins:/home/devam/turtlebot4_ws/install/turtlebot4_description:/home/devam/turtlebot3_ws/install/velodyne_simulator:/home/devam/turtlebot3_ws/install/velodyne:/home/devam/turtlebot3_ws/install/velodyne_pointcloud:/home/devam/turtlebot3_ws/install/velodyne_driver:/home/devam/turtlebot3_ws/install/velodyne_msgs:/home/devam/turtlebot3_ws/install/velodyne_laserscan:/home/devam/turtlebot3_ws/install/velodyne_gazebo_plugins:/home/devam/turtlebot3_ws/install/velodyne_description:/home/devam/turtlebot3_ws/install/turtlebot3:/home/devam/turtlebot3_ws/install/turtlebot3_simulations:/home/devam/turtlebot3_ws/install/turtlebot3_bringup:/home/devam/turtlebot3_ws/install/turtlebot3_node:/home/devam/turtlebot3_ws/install/turtlebot3_navigation2:/home/devam/turtlebot3_ws/install/turtlebot3_fake_node:/home/devam/turtlebot3_ws/install/turtlebot3_msgs:/home/devam/turtlebot3_ws/install/turtlebot3_gazebo:/home/devam/turtlebot3_ws/install/turtlebot3_description:/home/devam/turtlebot3_ws/install/turtlebot3_cartographer:/home/devam/turtlebot3_ws/install/robot_gazebo:/home/devam/turtlebot3_ws/install/robot_description:/home/devam/turtlebot3_ws/install/robot_control:/home/devam/turtlebot3_ws/install/microstrain_inertial_msgs:/home/devam/turtlebot3_ws/install/microstrain_inertial_description:/home/devam/turtlebot3_ws/install/lio_sam:/home/devam/FYP_ROS2/install/occ_map_creator:/home/devam/FYP_ROS2/install/ekf_slam:/home/devam/FYP_ROS2/install/ekf_localization:/home/devam/turtlebot3_ws/install/turtlebot3_teleop:/home/devam/turtlebot3_ws/install/turtlebot3_rtabmap_slam:/home/devam/turtlebot3_ws/install/turtlebot3_example:/home/devam/turtlebot3_ws/install/microstrain_inertial_rqt:/opt/ros/humble LD_LIBRARY_PATH=/home/devam/turtlebot3_ws/src/install/rtabmap_util/lib:/home/devam/turtlebot3_ws/src/install/rtabmap_sync/lib:/home/devam/turtlebot3_ws/src/install/rtabmap_conversions/lib:/home/devam/turtlebot3_ws/src/install/rtabmap_msgs/lib:/home/devam/turtlebot3_ws/src/install/rtabmap/lib:/home/devam/turtlebot4_ws/install/turtlebot4_msgs/lib:/home/devam/turtlebot3_ws/install/velodyne_pointcloud/lib:/home/devam/turtlebot3_ws/install/velodyne_driver/lib:/home/devam/turtlebot3_ws/install/velodyne_msgs/lib:/home/devam/turtlebot3_ws/install/velodyne_laserscan/lib:/home/devam/turtlebot3_ws/install/velodyne_gazebo_plugins/lib:/home/devam/turtlebot3_ws/install/turtlebot3_msgs/lib:/home/devam/turtlebot3_ws/install/microstrain_inertial_msgs/lib:/home/devam/turtlebot3_ws/install/lio_sam/lib:/usr/lib/x86_64-linux-gnu/gazebo-11/plugins:/opt/ros/humble/opt/rviz_ogre_vendor/lib:/opt/ros/humble/lib/x86_64-linux-gnu:/opt/ros/humble/lib:/usr/share/gazebo/../../lib/x86_64-linux-gnu/gazebo-11/plugins PATH=/home/devam/turtlebot3_ws/src/install/rtabmap/bin:${PATH} PKG_CONFIG_PATH=/home/devam/turtlebot3_ws/src/install/rtabmap/lib/x86_64-linux-gnu/pkgconfig:/home/devam/turtlebot3_ws/src/install/rtabmap/lib/pkgconfig PYTHONPATH=/home/devam/turtlebot3_ws/src/install/rtabmap_msgs/local/lib/python3.10/dist-packages:${PYTHONPATH} /usr/local/bin/cmake /home/devam/turtlebot3_ws/src/src/rtabmap_ros/rtabmap_odom -DCMAKE_BUILD_TYPE=Release -DAMENT_CMAKE_SYMLINK_INSTALL=1 -DCMAKE_INSTALL_PREFIX=/home/devam/turtlebot3_ws/src/install/rtabmap_odom
[3.560s] Invoking command in '/home/devam/turtlebot3_ws/src/build/rtabmap_odom': AMENT_PREFIX_PATH=/home/devam/turtlebot3_ws/src/install/rtabmap_util:/home/devam/turtlebot3_ws/src/install/rtabmap_sync:/home/devam/turtlebot3_ws/src/install/rtabmap_conversions:/home/devam/turtlebot3_ws/src/install/rtabmap_msgs:${AMENT_PREFIX_PATH} CMAKE_PREFIX_PATH=/home/devam/turtlebot3_ws/src/install/rtabmap_util:/home/devam/turtlebot3_ws/src/install/rtabmap_sync:/home/devam/turtlebot3_ws/src/install/rtabmap_conversions:/home/devam/turtlebot3_ws/src/install/rtabmap_msgs:/home/devam/turtlebot3_ws/src/install/rtabmap:/home/devam/turtlebot4_ws/install/turtlebot4_simulator:/home/devam/turtlebot4_ws/install/turtlebot4_ignition_bringup:/home/devam/turtlebot4_ws/install/turtlebot4_node:/home/devam/turtlebot4_ws/install/turtlebot4_navigation:/home/devam/turtlebot4_ws/install/turtlebot4_ignition_toolbox:/home/devam/turtlebot4_ws/install/turtlebot4_msgs:/home/devam/turtlebot4_ws/install/turtlebot4_ignition_gui_plugins:/home/devam/turtlebot4_ws/install/turtlebot4_description:/home/devam/turtlebot3_ws/install/velodyne_simulator:/home/devam/turtlebot3_ws/install/velodyne:/home/devam/turtlebot3_ws/install/velodyne_pointcloud:/home/devam/turtlebot3_ws/install/velodyne_driver:/home/devam/turtlebot3_ws/install/velodyne_msgs:/home/devam/turtlebot3_ws/install/velodyne_laserscan:/home/devam/turtlebot3_ws/install/velodyne_gazebo_plugins:/home/devam/turtlebot3_ws/install/velodyne_description:/home/devam/turtlebot3_ws/install/turtlebot3:/home/devam/turtlebot3_ws/install/turtlebot3_simulations:/home/devam/turtlebot3_ws/install/turtlebot3_bringup:/home/devam/turtlebot3_ws/install/turtlebot3_node:/home/devam/turtlebot3_ws/install/turtlebot3_navigation2:/home/devam/turtlebot3_ws/install/turtlebot3_fake_node:/home/devam/turtlebot3_ws/install/turtlebot3_msgs:/home/devam/turtlebot3_ws/install/turtlebot3_gazebo:/home/devam/turtlebot3_ws/install/turtlebot3_description:/home/devam/turtlebot3_ws/install/turtlebot3_cartographer:/home/devam/turtlebot3_ws/install/robot_gazebo:/home/devam/turtlebot3_ws/install/robot_description:/home/devam/turtlebot3_ws/install/robot_control:/home/devam/turtlebot3_ws/install/microstrain_inertial_msgs:/home/devam/turtlebot3_ws/install/microstrain_inertial_description:/home/devam/turtlebot3_ws/install/lio_sam:/home/devam/FYP_ROS2/install/occ_map_creator:/home/devam/FYP_ROS2/install/ekf_slam:/home/devam/FYP_ROS2/install/ekf_localization:/home/devam/turtlebot3_ws/install/turtlebot3_teleop:/home/devam/turtlebot3_ws/install/turtlebot3_rtabmap_slam:/home/devam/turtlebot3_ws/install/turtlebot3_example:/home/devam/turtlebot3_ws/install/microstrain_inertial_rqt:/opt/ros/humble LD_LIBRARY_PATH=/home/devam/turtlebot3_ws/src/install/rtabmap_util/lib:/home/devam/turtlebot3_ws/src/install/rtabmap_sync/lib:/home/devam/turtlebot3_ws/src/install/rtabmap_conversions/lib:/home/devam/turtlebot3_ws/src/install/rtabmap_msgs/lib:/home/devam/turtlebot3_ws/src/install/rtabmap/lib:/home/devam/turtlebot4_ws/install/turtlebot4_msgs/lib:/home/devam/turtlebot3_ws/install/velodyne_pointcloud/lib:/home/devam/turtlebot3_ws/install/velodyne_driver/lib:/home/devam/turtlebot3_ws/install/velodyne_msgs/lib:/home/devam/turtlebot3_ws/install/velodyne_laserscan/lib:/home/devam/turtlebot3_ws/install/velodyne_gazebo_plugins/lib:/home/devam/turtlebot3_ws/install/turtlebot3_msgs/lib:/home/devam/turtlebot3_ws/install/microstrain_inertial_msgs/lib:/home/devam/turtlebot3_ws/install/lio_sam/lib:/usr/lib/x86_64-linux-gnu/gazebo-11/plugins:/opt/ros/humble/opt/rviz_ogre_vendor/lib:/opt/ros/humble/lib/x86_64-linux-gnu:/opt/ros/humble/lib:/usr/share/gazebo/../../lib/x86_64-linux-gnu/gazebo-11/plugins PATH=/home/devam/turtlebot3_ws/src/install/rtabmap/bin:${PATH} PKG_CONFIG_PATH=/home/devam/turtlebot3_ws/src/install/rtabmap/lib/x86_64-linux-gnu/pkgconfig:/home/devam/turtlebot3_ws/src/install/rtabmap/lib/pkgconfig PYTHONPATH=/home/devam/turtlebot3_ws/src/install/rtabmap_msgs/local/lib/python3.10/dist-packages:${PYTHONPATH} /usr/local/bin/cmake --build /home/devam/turtlebot3_ws/src/build/rtabmap_odom
[3.587s] [  8%] [32mBuilding CXX object CMakeFiles/rtabmap_odom.dir/src/OdometryROS.cpp.o[0m
[23.127s] [ 16%] [32m[1mLinking CXX shared library librtabmap_odom.so[0m
[23.762s] [ 16%] Built target rtabmap_odom
[23.775s] [ 25%] [32mBuilding CXX object CMakeFiles/rtabmap_odom_plugins.dir/src/nodelets/rgbd_odometry.cpp.o[0m
[23.775s] [ 41%] [32mBuilding CXX object CMakeFiles/rtabmap_odom_plugins.dir/src/nodelets/icp_odometry.cpp.o[0m
[23.775s] [ 41%] [32mBuilding CXX object CMakeFiles/rtabmap_odom_plugins.dir/src/nodelets/stereo_odometry.cpp.o[0m
[50.367s] [ 50%] [32m[1mLinking CXX shared library librtabmap_odom_plugins.so[0m
[51.196s] [ 50%] Built target rtabmap_odom_plugins
[51.206s] [ 58%] [32mBuilding CXX object CMakeFiles/rtabmap_stereo_odometry.dir/src/StereoOdometryNode.cpp.o[0m
[51.207s] [ 75%] [32mBuilding CXX object CMakeFiles/rtabmap_icp_odometry.dir/src/ICPOdometryNode.cpp.o[0m
[51.207s] [ 75%] [32mBuilding CXX object CMakeFiles/rtabmap_rgbd_odometry.dir/src/RGBDOdometryNode.cpp.o[0m
[58.893s] [ 83%] [32m[1mLinking CXX executable icp_odometry[0m
[59.018s] [ 91%] [32m[1mLinking CXX executable rgbd_odometry[0m
[59.069s] [100%] [32m[1mLinking CXX executable stereo_odometry[0m
[60.128s] [100%] Built target rtabmap_icp_odometry
[60.232s] [100%] Built target rtabmap_rgbd_odometry
[60.278s] [100%] Built target rtabmap_stereo_odometry
[60.283s] Invoked command in '/home/devam/turtlebot3_ws/src/build/rtabmap_odom' returned '0': AMENT_PREFIX_PATH=/home/devam/turtlebot3_ws/src/install/rtabmap_util:/home/devam/turtlebot3_ws/src/install/rtabmap_sync:/home/devam/turtlebot3_ws/src/install/rtabmap_conversions:/home/devam/turtlebot3_ws/src/install/rtabmap_msgs:${AMENT_PREFIX_PATH} CMAKE_PREFIX_PATH=/home/devam/turtlebot3_ws/src/install/rtabmap_util:/home/devam/turtlebot3_ws/src/install/rtabmap_sync:/home/devam/turtlebot3_ws/src/install/rtabmap_conversions:/home/devam/turtlebot3_ws/src/install/rtabmap_msgs:/home/devam/turtlebot3_ws/src/install/rtabmap:/home/devam/turtlebot4_ws/install/turtlebot4_simulator:/home/devam/turtlebot4_ws/install/turtlebot4_ignition_bringup:/home/devam/turtlebot4_ws/install/turtlebot4_node:/home/devam/turtlebot4_ws/install/turtlebot4_navigation:/home/devam/turtlebot4_ws/install/turtlebot4_ignition_toolbox:/home/devam/turtlebot4_ws/install/turtlebot4_msgs:/home/devam/turtlebot4_ws/install/turtlebot4_ignition_gui_plugins:/home/devam/turtlebot4_ws/install/turtlebot4_description:/home/devam/turtlebot3_ws/install/velodyne_simulator:/home/devam/turtlebot3_ws/install/velodyne:/home/devam/turtlebot3_ws/install/velodyne_pointcloud:/home/devam/turtlebot3_ws/install/velodyne_driver:/home/devam/turtlebot3_ws/install/velodyne_msgs:/home/devam/turtlebot3_ws/install/velodyne_laserscan:/home/devam/turtlebot3_ws/install/velodyne_gazebo_plugins:/home/devam/turtlebot3_ws/install/velodyne_description:/home/devam/turtlebot3_ws/install/turtlebot3:/home/devam/turtlebot3_ws/install/turtlebot3_simulations:/home/devam/turtlebot3_ws/install/turtlebot3_bringup:/home/devam/turtlebot3_ws/install/turtlebot3_node:/home/devam/turtlebot3_ws/install/turtlebot3_navigation2:/home/devam/turtlebot3_ws/install/turtlebot3_fake_node:/home/devam/turtlebot3_ws/install/turtlebot3_msgs:/home/devam/turtlebot3_ws/install/turtlebot3_gazebo:/home/devam/turtlebot3_ws/install/turtlebot3_description:/home/devam/turtlebot3_ws/install/turtlebot3_cartographer:/home/devam/turtlebot3_ws/install/robot_gazebo:/home/devam/turtlebot3_ws/install/robot_description:/home/devam/turtlebot3_ws/install/robot_control:/home/devam/turtlebot3_ws/install/microstrain_inertial_msgs:/home/devam/turtlebot3_ws/install/microstrain_inertial_description:/home/devam/turtlebot3_ws/install/lio_sam:/home/devam/FYP_ROS2/install/occ_map_creator:/home/devam/FYP_ROS2/install/ekf_slam:/home/devam/FYP_ROS2/install/ekf_localization:/home/devam/turtlebot3_ws/install/turtlebot3_teleop:/home/devam/turtlebot3_ws/install/turtlebot3_rtabmap_slam:/home/devam/turtlebot3_ws/install/turtlebot3_example:/home/devam/turtlebot3_ws/install/microstrain_inertial_rqt:/opt/ros/humble LD_LIBRARY_PATH=/home/devam/turtlebot3_ws/src/install/rtabmap_util/lib:/home/devam/turtlebot3_ws/src/install/rtabmap_sync/lib:/home/devam/turtlebot3_ws/src/install/rtabmap_conversions/lib:/home/devam/turtlebot3_ws/src/install/rtabmap_msgs/lib:/home/devam/turtlebot3_ws/src/install/rtabmap/lib:/home/devam/turtlebot4_ws/install/turtlebot4_msgs/lib:/home/devam/turtlebot3_ws/install/velodyne_pointcloud/lib:/home/devam/turtlebot3_ws/install/velodyne_driver/lib:/home/devam/turtlebot3_ws/install/velodyne_msgs/lib:/home/devam/turtlebot3_ws/install/velodyne_laserscan/lib:/home/devam/turtlebot3_ws/install/velodyne_gazebo_plugins/lib:/home/devam/turtlebot3_ws/install/turtlebot3_msgs/lib:/home/devam/turtlebot3_ws/install/microstrain_inertial_msgs/lib:/home/devam/turtlebot3_ws/install/lio_sam/lib:/usr/lib/x86_64-linux-gnu/gazebo-11/plugins:/opt/ros/humble/opt/rviz_ogre_vendor/lib:/opt/ros/humble/lib/x86_64-linux-gnu:/opt/ros/humble/lib:/usr/share/gazebo/../../lib/x86_64-linux-gnu/gazebo-11/plugins PATH=/home/devam/turtlebot3_ws/src/install/rtabmap/bin:${PATH} PKG_CONFIG_PATH=/home/devam/turtlebot3_ws/src/install/rtabmap/lib/x86_64-linux-gnu/pkgconfig:/home/devam/turtlebot3_ws/src/install/rtabmap/lib/pkgconfig PYTHONPATH=/home/devam/turtlebot3_ws/src/install/rtabmap_msgs/local/lib/python3.10/dist-packages:${PYTHONPATH} /usr/local/bin/cmake --build /home/devam/turtlebot3_ws/src/build/rtabmap_odom
[60.285s] Invoking command in '/home/devam/turtlebot3_ws/src/build/rtabmap_odom': AMENT_PREFIX_PATH=/home/devam/turtlebot3_ws/src/install/rtabmap_util:/home/devam/turtlebot3_ws/src/install/rtabmap_sync:/home/devam/turtlebot3_ws/src/install/rtabmap_conversions:/home/devam/turtlebot3_ws/src/install/rtabmap_msgs:${AMENT_PREFIX_PATH} CMAKE_PREFIX_PATH=/home/devam/turtlebot3_ws/src/install/rtabmap_util:/home/devam/turtlebot3_ws/src/install/rtabmap_sync:/home/devam/turtlebot3_ws/src/install/rtabmap_conversions:/home/devam/turtlebot3_ws/src/install/rtabmap_msgs:/home/devam/turtlebot3_ws/src/install/rtabmap:/home/devam/turtlebot4_ws/install/turtlebot4_simulator:/home/devam/turtlebot4_ws/install/turtlebot4_ignition_bringup:/home/devam/turtlebot4_ws/install/turtlebot4_node:/home/devam/turtlebot4_ws/install/turtlebot4_navigation:/home/devam/turtlebot4_ws/install/turtlebot4_ignition_toolbox:/home/devam/turtlebot4_ws/install/turtlebot4_msgs:/home/devam/turtlebot4_ws/install/turtlebot4_ignition_gui_plugins:/home/devam/turtlebot4_ws/install/turtlebot4_description:/home/devam/turtlebot3_ws/install/velodyne_simulator:/home/devam/turtlebot3_ws/install/velodyne:/home/devam/turtlebot3_ws/install/velodyne_pointcloud:/home/devam/turtlebot3_ws/install/velodyne_driver:/home/devam/turtlebot3_ws/install/velodyne_msgs:/home/devam/turtlebot3_ws/install/velodyne_laserscan:/home/devam/turtlebot3_ws/install/velodyne_gazebo_plugins:/home/devam/turtlebot3_ws/install/velodyne_description:/home/devam/turtlebot3_ws/install/turtlebot3:/home/devam/turtlebot3_ws/install/turtlebot3_simulations:/home/devam/turtlebot3_ws/install/turtlebot3_bringup:/home/devam/turtlebot3_ws/install/turtlebot3_node:/home/devam/turtlebot3_ws/install/turtlebot3_navigation2:/home/devam/turtlebot3_ws/install/turtlebot3_fake_node:/home/devam/turtlebot3_ws/install/turtlebot3_msgs:/home/devam/turtlebot3_ws/install/turtlebot3_gazebo:/home/devam/turtlebot3_ws/install/turtlebot3_description:/home/devam/turtlebot3_ws/install/turtlebot3_cartographer:/home/devam/turtlebot3_ws/install/robot_gazebo:/home/devam/turtlebot3_ws/install/robot_description:/home/devam/turtlebot3_ws/install/robot_control:/home/devam/turtlebot3_ws/install/microstrain_inertial_msgs:/home/devam/turtlebot3_ws/install/microstrain_inertial_description:/home/devam/turtlebot3_ws/install/lio_sam:/home/devam/FYP_ROS2/install/occ_map_creator:/home/devam/FYP_ROS2/install/ekf_slam:/home/devam/FYP_ROS2/install/ekf_localization:/home/devam/turtlebot3_ws/install/turtlebot3_teleop:/home/devam/turtlebot3_ws/install/turtlebot3_rtabmap_slam:/home/devam/turtlebot3_ws/install/turtlebot3_example:/home/devam/turtlebot3_ws/install/microstrain_inertial_rqt:/opt/ros/humble LD_LIBRARY_PATH=/home/devam/turtlebot3_ws/src/install/rtabmap_util/lib:/home/devam/turtlebot3_ws/src/install/rtabmap_sync/lib:/home/devam/turtlebot3_ws/src/install/rtabmap_conversions/lib:/home/devam/turtlebot3_ws/src/install/rtabmap_msgs/lib:/home/devam/turtlebot3_ws/src/install/rtabmap/lib:/home/devam/turtlebot4_ws/install/turtlebot4_msgs/lib:/home/devam/turtlebot3_ws/install/velodyne_pointcloud/lib:/home/devam/turtlebot3_ws/install/velodyne_driver/lib:/home/devam/turtlebot3_ws/install/velodyne_msgs/lib:/home/devam/turtlebot3_ws/install/velodyne_laserscan/lib:/home/devam/turtlebot3_ws/install/velodyne_gazebo_plugins/lib:/home/devam/turtlebot3_ws/install/turtlebot3_msgs/lib:/home/devam/turtlebot3_ws/install/microstrain_inertial_msgs/lib:/home/devam/turtlebot3_ws/install/lio_sam/lib:/usr/lib/x86_64-linux-gnu/gazebo-11/plugins:/opt/ros/humble/opt/rviz_ogre_vendor/lib:/opt/ros/humble/lib/x86_64-linux-gnu:/opt/ros/humble/lib:/usr/share/gazebo/../../lib/x86_64-linux-gnu/gazebo-11/plugins PATH=/home/devam/turtlebot3_ws/src/install/rtabmap/bin:${PATH} PKG_CONFIG_PATH=/home/devam/turtlebot3_ws/src/install/rtabmap/lib/x86_64-linux-gnu/pkgconfig:/home/devam/turtlebot3_ws/src/install/rtabmap/lib/pkgconfig PYTHONPATH=/home/devam/turtlebot3_ws/src/install/rtabmap_msgs/local/lib/python3.10/dist-packages:${PYTHONPATH} /usr/local/bin/cmake --install /home/devam/turtlebot3_ws/src/build/rtabmap_odom
[60.287s] -- Install configuration: "Release"
[60.287s] -- Execute custom install script
[60.287s] -- Symlinking: /home/devam/turtlebot3_ws/src/install/rtabmap_odom/share/rtabmap_odom/environment/library_path.sh
[60.290s] -- Symlinking: /home/devam/turtlebot3_ws/src/install/rtabmap_odom/share/rtabmap_odom/environment/library_path.dsv
[60.293s] -- Symlinking: /home/devam/turtlebot3_ws/src/install/rtabmap_odom/lib/rtabmap_odom/rgbd_odometry
[60.296s] -- Symlinking: /home/devam/turtlebot3_ws/src/install/rtabmap_odom/lib/rtabmap_odom/icp_odometry
[60.299s] -- Symlinking: /home/devam/turtlebot3_ws/src/install/rtabmap_odom/lib/rtabmap_odom/stereo_odometry
[60.301s] -- Symlinking: /home/devam/turtlebot3_ws/src/install/rtabmap_odom/share/ament_index/resource_index/package_run_dependencies/rtabmap_odom
[60.304s] -- Symlinking: /home/devam/turtlebot3_ws/src/install/rtabmap_odom/share/ament_index/resource_index/parent_prefix_path/rtabmap_odom
[60.307s] -- Symlinking: /home/devam/turtlebot3_ws/src/install/rtabmap_odom/share/rtabmap_odom/environment/ament_prefix_path.sh
[60.310s] -- Symlinking: /home/devam/turtlebot3_ws/src/install/rtabmap_odom/share/rtabmap_odom/environment/ament_prefix_path.dsv
[60.313s] -- Symlinking: /home/devam/turtlebot3_ws/src/install/rtabmap_odom/share/rtabmap_odom/environment/path.sh
[60.316s] -- Symlinking: /home/devam/turtlebot3_ws/src/install/rtabmap_odom/share/rtabmap_odom/environment/path.dsv
[60.319s] -- Symlinking: /home/devam/turtlebot3_ws/src/install/rtabmap_odom/share/rtabmap_odom/local_setup.bash
[60.322s] -- Symlinking: /home/devam/turtlebot3_ws/src/install/rtabmap_odom/share/rtabmap_odom/local_setup.sh
[60.325s] -- Symlinking: /home/devam/turtlebot3_ws/src/install/rtabmap_odom/share/rtabmap_odom/local_setup.zsh
[60.328s] -- Symlinking: /home/devam/turtlebot3_ws/src/install/rtabmap_odom/share/rtabmap_odom/local_setup.dsv
[60.331s] -- Symlinking: /home/devam/turtlebot3_ws/src/install/rtabmap_odom/share/rtabmap_odom/package.dsv
[60.334s] -- Symlinking: /home/devam/turtlebot3_ws/src/install/rtabmap_odom/share/ament_index/resource_index/packages/rtabmap_odom
[60.336s] -- Symlinking: /home/devam/turtlebot3_ws/src/install/rtabmap_odom/share/ament_index/resource_index/rclcpp_components/rtabmap_odom
[60.339s] -- Symlinking: /home/devam/turtlebot3_ws/src/install/rtabmap_odom/share/rtabmap_odom/cmake/ament_cmake_export_dependencies-extras.cmake
[60.342s] -- Symlinking: /home/devam/turtlebot3_ws/src/install/rtabmap_odom/share/rtabmap_odom/cmake/ament_cmake_export_include_directories-extras.cmake
[60.345s] -- Symlinking: /home/devam/turtlebot3_ws/src/install/rtabmap_odom/share/rtabmap_odom/cmake/ament_cmake_export_targets-extras.cmake
[60.348s] -- Symlinking: /home/devam/turtlebot3_ws/src/install/rtabmap_odom/share/rtabmap_odom/cmake/ament_cmake_export_libraries-extras.cmake
[60.351s] -- Symlinking: /home/devam/turtlebot3_ws/src/install/rtabmap_odom/share/rtabmap_odom/cmake/rtabmap_odomConfig.cmake
[60.354s] -- Symlinking: /home/devam/turtlebot3_ws/src/install/rtabmap_odom/share/rtabmap_odom/cmake/rtabmap_odomConfig-version.cmake
[60.357s] -- Symlinking: /home/devam/turtlebot3_ws/src/install/rtabmap_odom/share/rtabmap_odom/package.xml
[60.360s] -- Installing: /home/devam/turtlebot3_ws/src/install/rtabmap_odom/lib/librtabmap_odom.so
[60.361s] -- Set runtime path of "/home/devam/turtlebot3_ws/src/install/rtabmap_odom/lib/librtabmap_odom.so" to ""
[60.361s] -- Installing: /home/devam/turtlebot3_ws/src/install/rtabmap_odom/lib/librtabmap_odom_plugins.so
[60.363s] -- Set runtime path of "/home/devam/turtlebot3_ws/src/install/rtabmap_odom/lib/librtabmap_odom_plugins.so" to ""
[60.363s] -- Installing: /home/devam/turtlebot3_ws/src/install/rtabmap_odom/include
[60.363s] -- Installing: /home/devam/turtlebot3_ws/src/install/rtabmap_odom/include/rtabmap_odom
[60.363s] -- Installing: /home/devam/turtlebot3_ws/src/install/rtabmap_odom/include/rtabmap_odom/OdometryROS.h
[60.363s] -- Installing: /home/devam/turtlebot3_ws/src/install/rtabmap_odom/include/rtabmap_odom/visibility.h
[60.363s] -- Installing: /home/devam/turtlebot3_ws/src/install/rtabmap_odom/share/rtabmap_odom/cmake/rtabmap_odomExport.cmake
[60.363s] -- Installing: /home/devam/turtlebot3_ws/src/install/rtabmap_odom/share/rtabmap_odom/cmake/rtabmap_odomExport-release.cmake
[60.365s] Invoked command in '/home/devam/turtlebot3_ws/src/build/rtabmap_odom' returned '0': AMENT_PREFIX_PATH=/home/devam/turtlebot3_ws/src/install/rtabmap_util:/home/devam/turtlebot3_ws/src/install/rtabmap_sync:/home/devam/turtlebot3_ws/src/install/rtabmap_conversions:/home/devam/turtlebot3_ws/src/install/rtabmap_msgs:${AMENT_PREFIX_PATH} CMAKE_PREFIX_PATH=/home/devam/turtlebot3_ws/src/install/rtabmap_util:/home/devam/turtlebot3_ws/src/install/rtabmap_sync:/home/devam/turtlebot3_ws/src/install/rtabmap_conversions:/home/devam/turtlebot3_ws/src/install/rtabmap_msgs:/home/devam/turtlebot3_ws/src/install/rtabmap:/home/devam/turtlebot4_ws/install/turtlebot4_simulator:/home/devam/turtlebot4_ws/install/turtlebot4_ignition_bringup:/home/devam/turtlebot4_ws/install/turtlebot4_node:/home/devam/turtlebot4_ws/install/turtlebot4_navigation:/home/devam/turtlebot4_ws/install/turtlebot4_ignition_toolbox:/home/devam/turtlebot4_ws/install/turtlebot4_msgs:/home/devam/turtlebot4_ws/install/turtlebot4_ignition_gui_plugins:/home/devam/turtlebot4_ws/install/turtlebot4_description:/home/devam/turtlebot3_ws/install/velodyne_simulator:/home/devam/turtlebot3_ws/install/velodyne:/home/devam/turtlebot3_ws/install/velodyne_pointcloud:/home/devam/turtlebot3_ws/install/velodyne_driver:/home/devam/turtlebot3_ws/install/velodyne_msgs:/home/devam/turtlebot3_ws/install/velodyne_laserscan:/home/devam/turtlebot3_ws/install/velodyne_gazebo_plugins:/home/devam/turtlebot3_ws/install/velodyne_description:/home/devam/turtlebot3_ws/install/turtlebot3:/home/devam/turtlebot3_ws/install/turtlebot3_simulations:/home/devam/turtlebot3_ws/install/turtlebot3_bringup:/home/devam/turtlebot3_ws/install/turtlebot3_node:/home/devam/turtlebot3_ws/install/turtlebot3_navigation2:/home/devam/turtlebot3_ws/install/turtlebot3_fake_node:/home/devam/turtlebot3_ws/install/turtlebot3_msgs:/home/devam/turtlebot3_ws/install/turtlebot3_gazebo:/home/devam/turtlebot3_ws/install/turtlebot3_description:/home/devam/turtlebot3_ws/install/turtlebot3_cartographer:/home/devam/turtlebot3_ws/install/robot_gazebo:/home/devam/turtlebot3_ws/install/robot_description:/home/devam/turtlebot3_ws/install/robot_control:/home/devam/turtlebot3_ws/install/microstrain_inertial_msgs:/home/devam/turtlebot3_ws/install/microstrain_inertial_description:/home/devam/turtlebot3_ws/install/lio_sam:/home/devam/FYP_ROS2/install/occ_map_creator:/home/devam/FYP_ROS2/install/ekf_slam:/home/devam/FYP_ROS2/install/ekf_localization:/home/devam/turtlebot3_ws/install/turtlebot3_teleop:/home/devam/turtlebot3_ws/install/turtlebot3_rtabmap_slam:/home/devam/turtlebot3_ws/install/turtlebot3_example:/home/devam/turtlebot3_ws/install/microstrain_inertial_rqt:/opt/ros/humble LD_LIBRARY_PATH=/home/devam/turtlebot3_ws/src/install/rtabmap_util/lib:/home/devam/turtlebot3_ws/src/install/rtabmap_sync/lib:/home/devam/turtlebot3_ws/src/install/rtabmap_conversions/lib:/home/devam/turtlebot3_ws/src/install/rtabmap_msgs/lib:/home/devam/turtlebot3_ws/src/install/rtabmap/lib:/home/devam/turtlebot4_ws/install/turtlebot4_msgs/lib:/home/devam/turtlebot3_ws/install/velodyne_pointcloud/lib:/home/devam/turtlebot3_ws/install/velodyne_driver/lib:/home/devam/turtlebot3_ws/install/velodyne_msgs/lib:/home/devam/turtlebot3_ws/install/velodyne_laserscan/lib:/home/devam/turtlebot3_ws/install/velodyne_gazebo_plugins/lib:/home/devam/turtlebot3_ws/install/turtlebot3_msgs/lib:/home/devam/turtlebot3_ws/install/microstrain_inertial_msgs/lib:/home/devam/turtlebot3_ws/install/lio_sam/lib:/usr/lib/x86_64-linux-gnu/gazebo-11/plugins:/opt/ros/humble/opt/rviz_ogre_vendor/lib:/opt/ros/humble/lib/x86_64-linux-gnu:/opt/ros/humble/lib:/usr/share/gazebo/../../lib/x86_64-linux-gnu/gazebo-11/plugins PATH=/home/devam/turtlebot3_ws/src/install/rtabmap/bin:${PATH} PKG_CONFIG_PATH=/home/devam/turtlebot3_ws/src/install/rtabmap/lib/x86_64-linux-gnu/pkgconfig:/home/devam/turtlebot3_ws/src/install/rtabmap/lib/pkgconfig PYTHONPATH=/home/devam/turtlebot3_ws/src/install/rtabmap_msgs/local/lib/python3.10/dist-packages:${PYTHONPATH} /usr/local/bin/cmake --install /home/devam/turtlebot3_ws/src/build/rtabmap_odom
