[0.014s] Invoking command in '/home/devam/turtlebot3_ws/src/build/rtabmap_sync': AMENT_PREFIX_PATH=/home/devam/turtlebot3_ws/src/install/rtabmap_conversions:/home/devam/turtlebot3_ws/src/install/rtabmap_msgs:${AMENT_PREFIX_PATH} CMAKE_PREFIX_PATH=/home/devam/turtlebot3_ws/src/install/rtabmap_conversions:/home/devam/turtlebot3_ws/src/install/rtabmap_msgs:/home/devam/turtlebot3_ws/src/install/rtabmap:/home/devam/turtlebot4_ws/install/turtlebot4_simulator:/home/devam/turtlebot4_ws/install/turtlebot4_ignition_bringup:/home/devam/turtlebot4_ws/install/turtlebot4_node:/home/devam/turtlebot4_ws/install/turtlebot4_navigation:/home/devam/turtlebot4_ws/install/turtlebot4_ignition_toolbox:/home/devam/turtlebot4_ws/install/turtlebot4_msgs:/home/devam/turtlebot4_ws/install/turtlebot4_ignition_gui_plugins:/home/devam/turtlebot4_ws/install/turtlebot4_description:/home/devam/turtlebot3_ws/install/velodyne_simulator:/home/devam/turtlebot3_ws/install/velodyne:/home/devam/turtlebot3_ws/install/velodyne_pointcloud:/home/devam/turtlebot3_ws/install/velodyne_driver:/home/devam/turtlebot3_ws/install/velodyne_msgs:/home/devam/turtlebot3_ws/install/velodyne_laserscan:/home/devam/turtlebot3_ws/install/velodyne_gazebo_plugins:/home/devam/turtlebot3_ws/install/velodyne_description:/home/devam/turtlebot3_ws/install/turtlebot3:/home/devam/turtlebot3_ws/install/turtlebot3_simulations:/home/devam/turtlebot3_ws/install/turtlebot3_bringup:/home/devam/turtlebot3_ws/install/turtlebot3_node:/home/devam/turtlebot3_ws/install/turtlebot3_navigation2:/home/devam/turtlebot3_ws/install/turtlebot3_fake_node:/home/devam/turtlebot3_ws/install/turtlebot3_msgs:/home/devam/turtlebot3_ws/install/turtlebot3_gazebo:/home/devam/turtlebot3_ws/install/turtlebot3_description:/home/devam/turtlebot3_ws/install/turtlebot3_cartographer:/home/devam/turtlebot3_ws/install/robot_gazebo:/home/devam/turtlebot3_ws/install/robot_description:/home/devam/turtlebot3_ws/install/robot_control:/home/devam/turtlebot3_ws/install/microstrain_inertial_msgs:/home/devam/turtlebot3_ws/install/microstrain_inertial_description:/home/devam/turtlebot3_ws/install/lio_sam:/home/devam/FYP_ROS2/install/occ_map_creator:/home/devam/FYP_ROS2/install/ekf_slam:/home/devam/FYP_ROS2/install/ekf_localization:/home/devam/turtlebot3_ws/install/turtlebot3_teleop:/home/devam/turtlebot3_ws/install/turtlebot3_rtabmap_slam:/home/devam/turtlebot3_ws/install/turtlebot3_example:/home/devam/turtlebot3_ws/install/microstrain_inertial_rqt:/opt/ros/humble LD_LIBRARY_PATH=/home/devam/turtlebot3_ws/src/install/rtabmap_conversions/lib:/home/devam/turtlebot3_ws/src/install/rtabmap_msgs/lib:/home/devam/turtlebot3_ws/src/install/rtabmap/lib:/home/devam/turtlebot4_ws/install/turtlebot4_msgs/lib:/home/devam/turtlebot3_ws/install/velodyne_pointcloud/lib:/home/devam/turtlebot3_ws/install/velodyne_driver/lib:/home/devam/turtlebot3_ws/install/velodyne_msgs/lib:/home/devam/turtlebot3_ws/install/velodyne_laserscan/lib:/home/devam/turtlebot3_ws/install/velodyne_gazebo_plugins/lib:/home/devam/turtlebot3_ws/install/turtlebot3_msgs/lib:/home/devam/turtlebot3_ws/install/microstrain_inertial_msgs/lib:/home/devam/turtlebot3_ws/install/lio_sam/lib:/usr/lib/x86_64-linux-gnu/gazebo-11/plugins:/opt/ros/humble/opt/rviz_ogre_vendor/lib:/opt/ros/humble/lib/x86_64-linux-gnu:/opt/ros/humble/lib:/usr/share/gazebo/../../lib/x86_64-linux-gnu/gazebo-11/plugins PATH=/home/devam/turtlebot3_ws/src/install/rtabmap/bin:${PATH} PKG_CONFIG_PATH=/home/devam/turtlebot3_ws/src/install/rtabmap/lib/x86_64-linux-gnu/pkgconfig:/home/devam/turtlebot3_ws/src/install/rtabmap/lib/pkgconfig PYTHONPATH=/home/devam/turtlebot3_ws/src/install/rtabmap_msgs/local/lib/python3.10/dist-packages:${PYTHONPATH} /usr/local/bin/cmake /home/devam/turtlebot3_ws/src/src/rtabmap_ros/rtabmap_sync -DCMAKE_BUILD_TYPE=Release -DAMENT_CMAKE_SYMLINK_INSTALL=1 -DCMAKE_INSTALL_PREFIX=/home/devam/turtlebot3_ws/src/install/rtabmap_sync
[0.056s] -- The C compiler identification is GNU 11.4.0
[0.105s] -- The CXX compiler identification is GNU 11.4.0
[0.118s] -- Detecting C compiler ABI info
[0.218s] -- Detecting C compiler ABI info - done
[0.229s] -- Check for working C compiler: /usr/bin/cc - skipped
[0.229s] -- Detecting C compile features
[0.229s] -- Detecting C compile features - done
[0.239s] -- Detecting CXX compiler ABI info
[0.329s] -- Detecting CXX compiler ABI info - done
[0.335s] -- Check for working CXX compiler: /usr/bin/c++ - skipped
[0.335s] -- Detecting CXX compile features
[0.335s] -- Detecting CXX compile features - done
[0.337s] -- Found cv_bridge: 3.2.1 (/opt/ros/humble/share/cv_bridge/cmake)
[0.437s] -- Found Python3: /usr/bin/python3 (found version "3.10.12") found components: Interpreter 
[0.475s] -- Override CMake install command with custom implementation using symlinks instead of copying resources
[0.547s] -- Found rosidl_generator_c: 3.1.6 (/opt/ros/humble/share/rosidl_generator_c/cmake)
[0.552s] -- Found rosidl_adapter: 3.1.6 (/opt/ros/humble/share/rosidl_adapter/cmake)
[0.559s] -- Found rosidl_generator_cpp: 3.1.6 (/opt/ros/humble/share/rosidl_generator_cpp/cmake)
[0.569s] -- Using all available rosidl_typesupport_c: rosidl_typesupport_fastrtps_c;rosidl_typesupport_introspection_c
[0.584s] -- Using all available rosidl_typesupport_cpp: rosidl_typesupport_fastrtps_cpp;rosidl_typesupport_introspection_cpp
[0.634s] -- Found image_transport: 3.1.12 (/opt/ros/humble/share/image_transport/cmake)
[0.675s] -- Found rmw_implementation_cmake: 6.1.2 (/opt/ros/humble/share/rmw_implementation_cmake/cmake)
[0.679s] -- Found rmw_cyclonedds_cpp: 1.3.4 (/opt/ros/humble/share/rmw_cyclonedds_cpp/cmake)
[0.699s] -- Using RMW implementation 'rmw_cyclonedds_cpp' as default
[0.707s] -- Performing Test CMAKE_HAVE_LIBC_PTHREAD
[0.756s] -- Performing Test CMAKE_HAVE_LIBC_PTHREAD - Success
[0.757s] -- Found Threads: TRUE  
[0.818s] -- Found nav_msgs: 4.9.0 (/opt/ros/humble/share/nav_msgs/cmake)
[0.837s] -- Found rclcpp_components: 16.0.12 (/opt/ros/humble/share/rclcpp_components/cmake)
[0.850s] -- Found rtabmap_conversions: 0.22.0 (/home/devam/turtlebot3_ws/src/install/rtabmap_conversions/share/rtabmap_conversions/cmake)
[0.894s] [33mCMake Warning (dev) at /usr/lib/x86_64-linux-gnu/cmake/pcl/PCLConfig.cmake:146 (find_package):
[0.894s]   Policy CMP0144 is not set: find_package uses upper-case <PACKAGENAME>_ROOT
[0.894s]   variables.  Run "cmake --help-policy CMP0144" for policy details.  Use the
[0.894s]   cmake_policy command to set the policy and suppress this warning.
[0.895s] 
[0.895s]   CMake variable EIGEN_ROOT is set to:
[0.895s] 
[0.895s]     /usr/include/eigen3
[0.895s] 
[0.895s]   For compatibility, find_package is ignoring the variable, but code in a
[0.895s]   .cmake module might still use it.
[0.895s] Call Stack (most recent call first):
[0.895s]   /usr/lib/x86_64-linux-gnu/cmake/pcl/PCLConfig.cmake:299 (find_eigen)
[0.895s]   /usr/lib/x86_64-linux-gnu/cmake/pcl/PCLConfig.cmake:543 (find_external_library)
[0.895s]   /opt/ros/humble/share/pcl_conversions/cmake/ament_cmake_export_dependencies-extras.cmake:21 (find_package)
[0.895s]   /opt/ros/humble/share/pcl_conversions/cmake/pcl_conversionsConfig.cmake:41 (include)
[0.895s]   /home/devam/turtlebot3_ws/src/install/rtabmap_conversions/share/rtabmap_conversions/cmake/ament_cmake_export_dependencies-extras.cmake:21 (find_package)
[0.895s]   /home/devam/turtlebot3_ws/src/install/rtabmap_conversions/share/rtabmap_conversions/cmake/rtabmap_conversionsConfig.cmake:41 (include)
[0.895s]   CMakeLists.txt:24 (find_package)
[0.895s] This warning is for project developers.  Use -Wno-dev to suppress it.
[0.895s] [0m
[0.897s] -- Checking for module 'eigen3'
[0.907s] --   Found eigen3, version 3.4.0
[0.928s] -- Found Eigen: /usr/include/eigen3 (Required is at least version "3.1") 
[0.928s] -- Eigen found (include: /usr/include/eigen3, version: 3.4.0)
[0.952s] [33mCMake Warning (dev) at /usr/lib/x86_64-linux-gnu/cmake/pcl/Modules/FindFLANN.cmake:44 (find_package):
[0.952s]   Policy CMP0144 is not set: find_package uses upper-case <PACKAGENAME>_ROOT
[0.952s]   variables.  Run "cmake --help-policy CMP0144" for policy details.  Use the
[0.952s]   cmake_policy command to set the policy and suppress this warning.
[0.952s] 
[0.952s]   CMake variable FLANN_ROOT is set to:
[0.952s] 
[0.952s]     /usr
[0.952s] 
[0.952s]   For compatibility, find_package is ignoring the variable, but code in a
[0.953s]   .cmake module might still use it.
[0.953s] Call Stack (most recent call first):
[0.953s]   /usr/lib/x86_64-linux-gnu/cmake/pcl/PCLConfig.cmake:256 (find_package)
[0.953s]   /usr/lib/x86_64-linux-gnu/cmake/pcl/PCLConfig.cmake:301 (find_flann)
[0.953s]   /usr/lib/x86_64-linux-gnu/cmake/pcl/PCLConfig.cmake:543 (find_external_library)
[0.953s]   /opt/ros/humble/share/pcl_conversions/cmake/ament_cmake_export_dependencies-extras.cmake:21 (find_package)
[0.953s]   /opt/ros/humble/share/pcl_conversions/cmake/pcl_conversionsConfig.cmake:41 (include)
[0.953s]   /home/devam/turtlebot3_ws/src/install/rtabmap_conversions/share/rtabmap_conversions/cmake/ament_cmake_export_dependencies-extras.cmake:21 (find_package)
[0.953s]   /home/devam/turtlebot3_ws/src/install/rtabmap_conversions/share/rtabmap_conversions/cmake/rtabmap_conversionsConfig.cmake:41 (include)
[0.953s]   CMakeLists.txt:24 (find_package)
[0.953s] This warning is for project developers.  Use -Wno-dev to suppress it.
[0.953s] [0m
[0.962s] -- Checking for module 'flann'
[0.974s] --   Found flann, version 1.9.1
[1.013s] -- Found FLANN: /usr/lib/x86_64-linux-gnu/libflann_cpp.so  
[1.013s] -- FLANN found (include: /usr/include, lib: /usr/lib/x86_64-linux-gnu/libflann_cpp.so)
[1.706s] -- Checking for module 'libusb-1.0'
[1.716s] --   Found libusb-1.0, version 1.0.25
[1.741s] -- Found libusb: /usr/lib/x86_64-linux-gnu/libusb-1.0.so  
[1.741s] -- OpenNI found (version: 1.5.4.0, include: /usr/include/ni, lib: /usr/lib/libOpenNI.so;libusb::libusb)
[1.781s] -- OpenNI2 found (version: 2.2.0.33, include: /usr/include/openni2, lib: /usr/lib/x86_64-linux-gnu/libOpenNI2.so;libusb::libusb)
[1.940s] -- Eigen found (include: /usr/include/eigen3, version: 3.4.0)
[1.944s] -- OpenNI found (version: 1.5.4.0, include: /usr/include/ni, lib: /usr/lib/libOpenNI.so;libusb::libusb)
[1.950s] -- OpenNI2 found (version: 2.2.0.33, include: /usr/include/openni2, lib: /usr/lib/x86_64-linux-gnu/libOpenNI2.so;libusb::libusb)
[2.110s] -- Found Qhull version 8.0.2
[2.271s] -- OpenNI found (version: 1.5.4.0, include: /usr/include/ni, lib: /usr/lib/libOpenNI.so;libusb::libusb)
[2.431s] -- Found PCL_COMMON: /usr/lib/x86_64-linux-gnu/libpcl_common.so  
[2.432s] -- Found PCL_KDTREE: /usr/lib/x86_64-linux-gnu/libpcl_kdtree.so  
[2.432s] -- Found PCL_OCTREE: /usr/lib/x86_64-linux-gnu/libpcl_octree.so  
[2.433s] -- Found PCL_SEARCH: /usr/lib/x86_64-linux-gnu/libpcl_search.so  
[2.434s] -- Found PCL_SAMPLE_CONSENSUS: /usr/lib/x86_64-linux-gnu/libpcl_sample_consensus.so  
[2.434s] -- Found PCL_FILTERS: /usr/lib/x86_64-linux-gnu/libpcl_filters.so  
[2.434s] -- Found PCL_2D: /usr/include/pcl-1.12  
[2.434s] -- Found PCL_GEOMETRY: /usr/include/pcl-1.12  
[2.435s] -- Found PCL_IO: /usr/lib/x86_64-linux-gnu/libpcl_io.so  
[2.436s] -- Found PCL_FEATURES: /usr/lib/x86_64-linux-gnu/libpcl_features.so  
[2.437s] -- Found PCL_ML: /usr/lib/x86_64-linux-gnu/libpcl_ml.so  
[2.437s] -- Found PCL_SEGMENTATION: /usr/lib/x86_64-linux-gnu/libpcl_segmentation.so  
[2.438s] -- Found PCL_VISUALIZATION: /usr/lib/x86_64-linux-gnu/libpcl_visualization.so  
[2.439s] -- Found PCL_SURFACE: /usr/lib/x86_64-linux-gnu/libpcl_surface.so  
[2.439s] -- Found PCL_REGISTRATION: /usr/lib/x86_64-linux-gnu/libpcl_registration.so  
[2.440s] -- Found PCL_KEYPOINTS: /usr/lib/x86_64-linux-gnu/libpcl_keypoints.so  
[2.441s] -- Found PCL_TRACKING: /usr/lib/x86_64-linux-gnu/libpcl_tracking.so  
[2.442s] -- Found PCL_RECOGNITION: /usr/lib/x86_64-linux-gnu/libpcl_recognition.so  
[2.442s] -- Found PCL_STEREO: /usr/lib/x86_64-linux-gnu/libpcl_stereo.so  
[2.443s] -- Found PCL_APPS: /usr/lib/x86_64-linux-gnu/libpcl_apps.so  
[2.444s] -- Found PCL_IN_HAND_SCANNER: /usr/include/pcl-1.12  
[2.444s] -- Found PCL_MODELER: /usr/include/pcl-1.12  
[2.444s] -- Found PCL_POINT_CLOUD_EDITOR: /usr/include/pcl-1.12  
[2.445s] -- Found PCL_OUTOFCORE: /usr/lib/x86_64-linux-gnu/libpcl_outofcore.so  
[2.445s] -- Found PCL_PEOPLE: /usr/lib/x86_64-linux-gnu/libpcl_people.so  
[2.538s] -- Found Eigen3: TRUE (found version "3.4.0") 
[2.538s] -- Ensuring Eigen3 include directory is part of orocos-kdl CMake target
[2.541s] [33mCMake Warning (dev) at /usr/local/share/cmake-3.27/Modules/CMakeFindDependencyMacro.cmake:76 (find_package):
[2.541s]   Policy CMP0074 is not set: find_package uses <PackageName>_ROOT variables.
[2.541s]   Run "cmake --help-policy CMP0074" for policy details.  Use the cmake_policy
[2.542s]   command to set the policy and suppress this warning.
[2.542s] 
[2.542s]   CMake variable PCL_ROOT is set to:
[2.542s] 
[2.542s]     /usr
[2.542s] 
[2.542s]   For compatibility, CMake is ignoring the variable.
[2.542s] Call Stack (most recent call first):
[2.542s]   /home/devam/turtlebot3_ws/src/install/rtabmap/lib/rtabmap-0.22/RTABMapConfig.cmake:7 (find_dependency)
[2.542s]   /home/devam/turtlebot3_ws/src/install/rtabmap_conversions/share/rtabmap_conversions/cmake/ament_cmake_export_dependencies-extras.cmake:21 (find_package)
[2.542s]   /home/devam/turtlebot3_ws/src/install/rtabmap_conversions/share/rtabmap_conversions/cmake/rtabmap_conversionsConfig.cmake:41 (include)
[2.542s]   CMakeLists.txt:24 (find_package)
[2.542s] This warning is for project developers.  Use -Wno-dev to suppress it.
[2.542s] [0m
[2.558s] -- Found diagnostic_updater: 4.0.6 (/opt/ros/humble/share/diagnostic_updater/cmake)
[2.581s] -- RTABMAP_SYNC_MULTI_RGBD = OFF
[2.581s] -- RTABMAP_SYNC_USER_DATA  = OFF
[2.679s] -- Configuring done (2.7s)
[2.763s] -- Generating done (0.1s)
[2.776s] -- Build files have been written to: /home/devam/turtlebot3_ws/src/build/rtabmap_sync
[2.788s] Invoked command in '/home/devam/turtlebot3_ws/src/build/rtabmap_sync' returned '0': AMENT_PREFIX_PATH=/home/devam/turtlebot3_ws/src/install/rtabmap_conversions:/home/devam/turtlebot3_ws/src/install/rtabmap_msgs:${AMENT_PREFIX_PATH} CMAKE_PREFIX_PATH=/home/devam/turtlebot3_ws/src/install/rtabmap_conversions:/home/devam/turtlebot3_ws/src/install/rtabmap_msgs:/home/devam/turtlebot3_ws/src/install/rtabmap:/home/devam/turtlebot4_ws/install/turtlebot4_simulator:/home/devam/turtlebot4_ws/install/turtlebot4_ignition_bringup:/home/devam/turtlebot4_ws/install/turtlebot4_node:/home/devam/turtlebot4_ws/install/turtlebot4_navigation:/home/devam/turtlebot4_ws/install/turtlebot4_ignition_toolbox:/home/devam/turtlebot4_ws/install/turtlebot4_msgs:/home/devam/turtlebot4_ws/install/turtlebot4_ignition_gui_plugins:/home/devam/turtlebot4_ws/install/turtlebot4_description:/home/devam/turtlebot3_ws/install/velodyne_simulator:/home/devam/turtlebot3_ws/install/velodyne:/home/devam/turtlebot3_ws/install/velodyne_pointcloud:/home/devam/turtlebot3_ws/install/velodyne_driver:/home/devam/turtlebot3_ws/install/velodyne_msgs:/home/devam/turtlebot3_ws/install/velodyne_laserscan:/home/devam/turtlebot3_ws/install/velodyne_gazebo_plugins:/home/devam/turtlebot3_ws/install/velodyne_description:/home/devam/turtlebot3_ws/install/turtlebot3:/home/devam/turtlebot3_ws/install/turtlebot3_simulations:/home/devam/turtlebot3_ws/install/turtlebot3_bringup:/home/devam/turtlebot3_ws/install/turtlebot3_node:/home/devam/turtlebot3_ws/install/turtlebot3_navigation2:/home/devam/turtlebot3_ws/install/turtlebot3_fake_node:/home/devam/turtlebot3_ws/install/turtlebot3_msgs:/home/devam/turtlebot3_ws/install/turtlebot3_gazebo:/home/devam/turtlebot3_ws/install/turtlebot3_description:/home/devam/turtlebot3_ws/install/turtlebot3_cartographer:/home/devam/turtlebot3_ws/install/robot_gazebo:/home/devam/turtlebot3_ws/install/robot_description:/home/devam/turtlebot3_ws/install/robot_control:/home/devam/turtlebot3_ws/install/microstrain_inertial_msgs:/home/devam/turtlebot3_ws/install/microstrain_inertial_description:/home/devam/turtlebot3_ws/install/lio_sam:/home/devam/FYP_ROS2/install/occ_map_creator:/home/devam/FYP_ROS2/install/ekf_slam:/home/devam/FYP_ROS2/install/ekf_localization:/home/devam/turtlebot3_ws/install/turtlebot3_teleop:/home/devam/turtlebot3_ws/install/turtlebot3_rtabmap_slam:/home/devam/turtlebot3_ws/install/turtlebot3_example:/home/devam/turtlebot3_ws/install/microstrain_inertial_rqt:/opt/ros/humble LD_LIBRARY_PATH=/home/devam/turtlebot3_ws/src/install/rtabmap_conversions/lib:/home/devam/turtlebot3_ws/src/install/rtabmap_msgs/lib:/home/devam/turtlebot3_ws/src/install/rtabmap/lib:/home/devam/turtlebot4_ws/install/turtlebot4_msgs/lib:/home/devam/turtlebot3_ws/install/velodyne_pointcloud/lib:/home/devam/turtlebot3_ws/install/velodyne_driver/lib:/home/devam/turtlebot3_ws/install/velodyne_msgs/lib:/home/devam/turtlebot3_ws/install/velodyne_laserscan/lib:/home/devam/turtlebot3_ws/install/velodyne_gazebo_plugins/lib:/home/devam/turtlebot3_ws/install/turtlebot3_msgs/lib:/home/devam/turtlebot3_ws/install/microstrain_inertial_msgs/lib:/home/devam/turtlebot3_ws/install/lio_sam/lib:/usr/lib/x86_64-linux-gnu/gazebo-11/plugins:/opt/ros/humble/opt/rviz_ogre_vendor/lib:/opt/ros/humble/lib/x86_64-linux-gnu:/opt/ros/humble/lib:/usr/share/gazebo/../../lib/x86_64-linux-gnu/gazebo-11/plugins PATH=/home/devam/turtlebot3_ws/src/install/rtabmap/bin:${PATH} PKG_CONFIG_PATH=/home/devam/turtlebot3_ws/src/install/rtabmap/lib/x86_64-linux-gnu/pkgconfig:/home/devam/turtlebot3_ws/src/install/rtabmap/lib/pkgconfig PYTHONPATH=/home/devam/turtlebot3_ws/src/install/rtabmap_msgs/local/lib/python3.10/dist-packages:${PYTHONPATH} /usr/local/bin/cmake /home/devam/turtlebot3_ws/src/src/rtabmap_ros/rtabmap_sync -DCMAKE_BUILD_TYPE=Release -DAMENT_CMAKE_SYMLINK_INSTALL=1 -DCMAKE_INSTALL_PREFIX=/home/devam/turtlebot3_ws/src/install/rtabmap_sync
[2.789s] Invoking command in '/home/devam/turtlebot3_ws/src/build/rtabmap_sync': AMENT_PREFIX_PATH=/home/devam/turtlebot3_ws/src/install/rtabmap_conversions:/home/devam/turtlebot3_ws/src/install/rtabmap_msgs:${AMENT_PREFIX_PATH} CMAKE_PREFIX_PATH=/home/devam/turtlebot3_ws/src/install/rtabmap_conversions:/home/devam/turtlebot3_ws/src/install/rtabmap_msgs:/home/devam/turtlebot3_ws/src/install/rtabmap:/home/devam/turtlebot4_ws/install/turtlebot4_simulator:/home/devam/turtlebot4_ws/install/turtlebot4_ignition_bringup:/home/devam/turtlebot4_ws/install/turtlebot4_node:/home/devam/turtlebot4_ws/install/turtlebot4_navigation:/home/devam/turtlebot4_ws/install/turtlebot4_ignition_toolbox:/home/devam/turtlebot4_ws/install/turtlebot4_msgs:/home/devam/turtlebot4_ws/install/turtlebot4_ignition_gui_plugins:/home/devam/turtlebot4_ws/install/turtlebot4_description:/home/devam/turtlebot3_ws/install/velodyne_simulator:/home/devam/turtlebot3_ws/install/velodyne:/home/devam/turtlebot3_ws/install/velodyne_pointcloud:/home/devam/turtlebot3_ws/install/velodyne_driver:/home/devam/turtlebot3_ws/install/velodyne_msgs:/home/devam/turtlebot3_ws/install/velodyne_laserscan:/home/devam/turtlebot3_ws/install/velodyne_gazebo_plugins:/home/devam/turtlebot3_ws/install/velodyne_description:/home/devam/turtlebot3_ws/install/turtlebot3:/home/devam/turtlebot3_ws/install/turtlebot3_simulations:/home/devam/turtlebot3_ws/install/turtlebot3_bringup:/home/devam/turtlebot3_ws/install/turtlebot3_node:/home/devam/turtlebot3_ws/install/turtlebot3_navigation2:/home/devam/turtlebot3_ws/install/turtlebot3_fake_node:/home/devam/turtlebot3_ws/install/turtlebot3_msgs:/home/devam/turtlebot3_ws/install/turtlebot3_gazebo:/home/devam/turtlebot3_ws/install/turtlebot3_description:/home/devam/turtlebot3_ws/install/turtlebot3_cartographer:/home/devam/turtlebot3_ws/install/robot_gazebo:/home/devam/turtlebot3_ws/install/robot_description:/home/devam/turtlebot3_ws/install/robot_control:/home/devam/turtlebot3_ws/install/microstrain_inertial_msgs:/home/devam/turtlebot3_ws/install/microstrain_inertial_description:/home/devam/turtlebot3_ws/install/lio_sam:/home/devam/FYP_ROS2/install/occ_map_creator:/home/devam/FYP_ROS2/install/ekf_slam:/home/devam/FYP_ROS2/install/ekf_localization:/home/devam/turtlebot3_ws/install/turtlebot3_teleop:/home/devam/turtlebot3_ws/install/turtlebot3_rtabmap_slam:/home/devam/turtlebot3_ws/install/turtlebot3_example:/home/devam/turtlebot3_ws/install/microstrain_inertial_rqt:/opt/ros/humble LD_LIBRARY_PATH=/home/devam/turtlebot3_ws/src/install/rtabmap_conversions/lib:/home/devam/turtlebot3_ws/src/install/rtabmap_msgs/lib:/home/devam/turtlebot3_ws/src/install/rtabmap/lib:/home/devam/turtlebot4_ws/install/turtlebot4_msgs/lib:/home/devam/turtlebot3_ws/install/velodyne_pointcloud/lib:/home/devam/turtlebot3_ws/install/velodyne_driver/lib:/home/devam/turtlebot3_ws/install/velodyne_msgs/lib:/home/devam/turtlebot3_ws/install/velodyne_laserscan/lib:/home/devam/turtlebot3_ws/install/velodyne_gazebo_plugins/lib:/home/devam/turtlebot3_ws/install/turtlebot3_msgs/lib:/home/devam/turtlebot3_ws/install/microstrain_inertial_msgs/lib:/home/devam/turtlebot3_ws/install/lio_sam/lib:/usr/lib/x86_64-linux-gnu/gazebo-11/plugins:/opt/ros/humble/opt/rviz_ogre_vendor/lib:/opt/ros/humble/lib/x86_64-linux-gnu:/opt/ros/humble/lib:/usr/share/gazebo/../../lib/x86_64-linux-gnu/gazebo-11/plugins PATH=/home/devam/turtlebot3_ws/src/install/rtabmap/bin:${PATH} PKG_CONFIG_PATH=/home/devam/turtlebot3_ws/src/install/rtabmap/lib/x86_64-linux-gnu/pkgconfig:/home/devam/turtlebot3_ws/src/install/rtabmap/lib/pkgconfig PYTHONPATH=/home/devam/turtlebot3_ws/src/install/rtabmap_msgs/local/lib/python3.10/dist-packages:${PYTHONPATH} /usr/local/bin/cmake --build /home/devam/turtlebot3_ws/src/build/rtabmap_sync
[2.816s] [  4%] [32mBuilding CXX object CMakeFiles/rtabmap_sync_plugins.dir/src/nodelets/rgbd_sync.cpp.o[0m
[2.816s] [  8%] [32mBuilding CXX object CMakeFiles/rtabmap_sync.dir/src/impl/CommonDataSubscriberRGB.cpp.o[0m
[2.816s] [ 13%] [32mBuilding CXX object CMakeFiles/rtabmap_sync.dir/src/CommonDataSubscriber.cpp.o[0m
[2.816s] [ 21%] [32mBuilding CXX object CMakeFiles/rtabmap_sync_plugins.dir/src/nodelets/rgbdx_sync.cpp.o[0m
[2.816s] [ 21%] [32mBuilding CXX object CMakeFiles/rtabmap_sync.dir/src/impl/CommonDataSubscriberDepth.cpp.o[0m
[2.816s] [ 26%] [32mBuilding CXX object CMakeFiles/rtabmap_sync.dir/src/impl/CommonDataSubscriberStereo.cpp.o[0m
[67.582s] [ 30%] [32mBuilding CXX object CMakeFiles/rtabmap_sync.dir/src/impl/CommonDataSubscriberRGBD.cpp.o[0m
[80.329s] [ 34%] [32mBuilding CXX object CMakeFiles/rtabmap_sync_plugins.dir/src/nodelets/stereo_sync.cpp.o[0m
[81.454s] [ 39%] [32mBuilding CXX object CMakeFiles/rtabmap_sync.dir/src/impl/CommonDataSubscriberRGBDX.cpp.o[0m
[98.511s] [ 43%] [32mBuilding CXX object CMakeFiles/rtabmap_sync_plugins.dir/src/nodelets/rgb_sync.cpp.o[0m
[101.456s] [ 47%] [32mBuilding CXX object CMakeFiles/rtabmap_sync.dir/src/impl/CommonDataSubscriberScan.cpp.o[0m
[116.538s] [ 52%] [32m[1mLinking CXX shared library librtabmap_sync_plugins.so[0m
[116.584s] [ 56%] [32mBuilding CXX object CMakeFiles/rtabmap_sync.dir/src/impl/CommonDataSubscriberOdom.cpp.o[0m
[117.415s] [ 56%] Built target rtabmap_sync_plugins
[117.419s] [ 60%] [32mBuilding CXX object CMakeFiles/rtabmap_sync.dir/src/impl/CommonDataSubscriberSensorData.cpp.o[0m
[120.763s] [ 65%] [32mBuilding CXX object CMakeFiles/rtabmap_rgbd_sync.dir/src/RGBDSyncNode.cpp.o[0m
[124.288s] [ 69%] [32mBuilding CXX object CMakeFiles/rtabmap_rgbdx_sync.dir/src/RGBDXSyncNode.cpp.o[0m
[126.598s] [ 73%] [32m[1mLinking CXX executable rgbd_sync[0m
[127.483s] [ 73%] Built target rtabmap_rgbd_sync
[127.500s] [ 78%] [32mBuilding CXX object CMakeFiles/rtabmap_stereo_sync.dir/src/StereoSyncNode.cpp.o[0m
[128.662s] [ 82%] [32mBuilding CXX object CMakeFiles/rtabmap_rgb_sync.dir/src/RGBSyncNode.cpp.o[0m
[130.533s] [ 86%] [32m[1mLinking CXX executable rgbdx_sync[0m
[131.391s] [ 86%] Built target rtabmap_rgbdx_sync
[133.208s] [ 91%] [32m[1mLinking CXX executable stereo_sync[0m
[134.005s] [ 91%] Built target rtabmap_stereo_sync
[134.246s] [ 95%] [32m[1mLinking CXX executable rgb_sync[0m
[134.929s] [ 95%] Built target rtabmap_rgb_sync
[138.645s] [100%] [32m[1mLinking CXX shared library librtabmap_sync.so[0m
[140.105s] [100%] Built target rtabmap_sync
[140.136s] Invoked command in '/home/devam/turtlebot3_ws/src/build/rtabmap_sync' returned '0': AMENT_PREFIX_PATH=/home/devam/turtlebot3_ws/src/install/rtabmap_conversions:/home/devam/turtlebot3_ws/src/install/rtabmap_msgs:${AMENT_PREFIX_PATH} CMAKE_PREFIX_PATH=/home/devam/turtlebot3_ws/src/install/rtabmap_conversions:/home/devam/turtlebot3_ws/src/install/rtabmap_msgs:/home/devam/turtlebot3_ws/src/install/rtabmap:/home/devam/turtlebot4_ws/install/turtlebot4_simulator:/home/devam/turtlebot4_ws/install/turtlebot4_ignition_bringup:/home/devam/turtlebot4_ws/install/turtlebot4_node:/home/devam/turtlebot4_ws/install/turtlebot4_navigation:/home/devam/turtlebot4_ws/install/turtlebot4_ignition_toolbox:/home/devam/turtlebot4_ws/install/turtlebot4_msgs:/home/devam/turtlebot4_ws/install/turtlebot4_ignition_gui_plugins:/home/devam/turtlebot4_ws/install/turtlebot4_description:/home/devam/turtlebot3_ws/install/velodyne_simulator:/home/devam/turtlebot3_ws/install/velodyne:/home/devam/turtlebot3_ws/install/velodyne_pointcloud:/home/devam/turtlebot3_ws/install/velodyne_driver:/home/devam/turtlebot3_ws/install/velodyne_msgs:/home/devam/turtlebot3_ws/install/velodyne_laserscan:/home/devam/turtlebot3_ws/install/velodyne_gazebo_plugins:/home/devam/turtlebot3_ws/install/velodyne_description:/home/devam/turtlebot3_ws/install/turtlebot3:/home/devam/turtlebot3_ws/install/turtlebot3_simulations:/home/devam/turtlebot3_ws/install/turtlebot3_bringup:/home/devam/turtlebot3_ws/install/turtlebot3_node:/home/devam/turtlebot3_ws/install/turtlebot3_navigation2:/home/devam/turtlebot3_ws/install/turtlebot3_fake_node:/home/devam/turtlebot3_ws/install/turtlebot3_msgs:/home/devam/turtlebot3_ws/install/turtlebot3_gazebo:/home/devam/turtlebot3_ws/install/turtlebot3_description:/home/devam/turtlebot3_ws/install/turtlebot3_cartographer:/home/devam/turtlebot3_ws/install/robot_gazebo:/home/devam/turtlebot3_ws/install/robot_description:/home/devam/turtlebot3_ws/install/robot_control:/home/devam/turtlebot3_ws/install/microstrain_inertial_msgs:/home/devam/turtlebot3_ws/install/microstrain_inertial_description:/home/devam/turtlebot3_ws/install/lio_sam:/home/devam/FYP_ROS2/install/occ_map_creator:/home/devam/FYP_ROS2/install/ekf_slam:/home/devam/FYP_ROS2/install/ekf_localization:/home/devam/turtlebot3_ws/install/turtlebot3_teleop:/home/devam/turtlebot3_ws/install/turtlebot3_rtabmap_slam:/home/devam/turtlebot3_ws/install/turtlebot3_example:/home/devam/turtlebot3_ws/install/microstrain_inertial_rqt:/opt/ros/humble LD_LIBRARY_PATH=/home/devam/turtlebot3_ws/src/install/rtabmap_conversions/lib:/home/devam/turtlebot3_ws/src/install/rtabmap_msgs/lib:/home/devam/turtlebot3_ws/src/install/rtabmap/lib:/home/devam/turtlebot4_ws/install/turtlebot4_msgs/lib:/home/devam/turtlebot3_ws/install/velodyne_pointcloud/lib:/home/devam/turtlebot3_ws/install/velodyne_driver/lib:/home/devam/turtlebot3_ws/install/velodyne_msgs/lib:/home/devam/turtlebot3_ws/install/velodyne_laserscan/lib:/home/devam/turtlebot3_ws/install/velodyne_gazebo_plugins/lib:/home/devam/turtlebot3_ws/install/turtlebot3_msgs/lib:/home/devam/turtlebot3_ws/install/microstrain_inertial_msgs/lib:/home/devam/turtlebot3_ws/install/lio_sam/lib:/usr/lib/x86_64-linux-gnu/gazebo-11/plugins:/opt/ros/humble/opt/rviz_ogre_vendor/lib:/opt/ros/humble/lib/x86_64-linux-gnu:/opt/ros/humble/lib:/usr/share/gazebo/../../lib/x86_64-linux-gnu/gazebo-11/plugins PATH=/home/devam/turtlebot3_ws/src/install/rtabmap/bin:${PATH} PKG_CONFIG_PATH=/home/devam/turtlebot3_ws/src/install/rtabmap/lib/x86_64-linux-gnu/pkgconfig:/home/devam/turtlebot3_ws/src/install/rtabmap/lib/pkgconfig PYTHONPATH=/home/devam/turtlebot3_ws/src/install/rtabmap_msgs/local/lib/python3.10/dist-packages:${PYTHONPATH} /usr/local/bin/cmake --build /home/devam/turtlebot3_ws/src/build/rtabmap_sync
[140.144s] Invoking command in '/home/devam/turtlebot3_ws/src/build/rtabmap_sync': AMENT_PREFIX_PATH=/home/devam/turtlebot3_ws/src/install/rtabmap_conversions:/home/devam/turtlebot3_ws/src/install/rtabmap_msgs:${AMENT_PREFIX_PATH} CMAKE_PREFIX_PATH=/home/devam/turtlebot3_ws/src/install/rtabmap_conversions:/home/devam/turtlebot3_ws/src/install/rtabmap_msgs:/home/devam/turtlebot3_ws/src/install/rtabmap:/home/devam/turtlebot4_ws/install/turtlebot4_simulator:/home/devam/turtlebot4_ws/install/turtlebot4_ignition_bringup:/home/devam/turtlebot4_ws/install/turtlebot4_node:/home/devam/turtlebot4_ws/install/turtlebot4_navigation:/home/devam/turtlebot4_ws/install/turtlebot4_ignition_toolbox:/home/devam/turtlebot4_ws/install/turtlebot4_msgs:/home/devam/turtlebot4_ws/install/turtlebot4_ignition_gui_plugins:/home/devam/turtlebot4_ws/install/turtlebot4_description:/home/devam/turtlebot3_ws/install/velodyne_simulator:/home/devam/turtlebot3_ws/install/velodyne:/home/devam/turtlebot3_ws/install/velodyne_pointcloud:/home/devam/turtlebot3_ws/install/velodyne_driver:/home/devam/turtlebot3_ws/install/velodyne_msgs:/home/devam/turtlebot3_ws/install/velodyne_laserscan:/home/devam/turtlebot3_ws/install/velodyne_gazebo_plugins:/home/devam/turtlebot3_ws/install/velodyne_description:/home/devam/turtlebot3_ws/install/turtlebot3:/home/devam/turtlebot3_ws/install/turtlebot3_simulations:/home/devam/turtlebot3_ws/install/turtlebot3_bringup:/home/devam/turtlebot3_ws/install/turtlebot3_node:/home/devam/turtlebot3_ws/install/turtlebot3_navigation2:/home/devam/turtlebot3_ws/install/turtlebot3_fake_node:/home/devam/turtlebot3_ws/install/turtlebot3_msgs:/home/devam/turtlebot3_ws/install/turtlebot3_gazebo:/home/devam/turtlebot3_ws/install/turtlebot3_description:/home/devam/turtlebot3_ws/install/turtlebot3_cartographer:/home/devam/turtlebot3_ws/install/robot_gazebo:/home/devam/turtlebot3_ws/install/robot_description:/home/devam/turtlebot3_ws/install/robot_control:/home/devam/turtlebot3_ws/install/microstrain_inertial_msgs:/home/devam/turtlebot3_ws/install/microstrain_inertial_description:/home/devam/turtlebot3_ws/install/lio_sam:/home/devam/FYP_ROS2/install/occ_map_creator:/home/devam/FYP_ROS2/install/ekf_slam:/home/devam/FYP_ROS2/install/ekf_localization:/home/devam/turtlebot3_ws/install/turtlebot3_teleop:/home/devam/turtlebot3_ws/install/turtlebot3_rtabmap_slam:/home/devam/turtlebot3_ws/install/turtlebot3_example:/home/devam/turtlebot3_ws/install/microstrain_inertial_rqt:/opt/ros/humble LD_LIBRARY_PATH=/home/devam/turtlebot3_ws/src/install/rtabmap_conversions/lib:/home/devam/turtlebot3_ws/src/install/rtabmap_msgs/lib:/home/devam/turtlebot3_ws/src/install/rtabmap/lib:/home/devam/turtlebot4_ws/install/turtlebot4_msgs/lib:/home/devam/turtlebot3_ws/install/velodyne_pointcloud/lib:/home/devam/turtlebot3_ws/install/velodyne_driver/lib:/home/devam/turtlebot3_ws/install/velodyne_msgs/lib:/home/devam/turtlebot3_ws/install/velodyne_laserscan/lib:/home/devam/turtlebot3_ws/install/velodyne_gazebo_plugins/lib:/home/devam/turtlebot3_ws/install/turtlebot3_msgs/lib:/home/devam/turtlebot3_ws/install/microstrain_inertial_msgs/lib:/home/devam/turtlebot3_ws/install/lio_sam/lib:/usr/lib/x86_64-linux-gnu/gazebo-11/plugins:/opt/ros/humble/opt/rviz_ogre_vendor/lib:/opt/ros/humble/lib/x86_64-linux-gnu:/opt/ros/humble/lib:/usr/share/gazebo/../../lib/x86_64-linux-gnu/gazebo-11/plugins PATH=/home/devam/turtlebot3_ws/src/install/rtabmap/bin:${PATH} PKG_CONFIG_PATH=/home/devam/turtlebot3_ws/src/install/rtabmap/lib/x86_64-linux-gnu/pkgconfig:/home/devam/turtlebot3_ws/src/install/rtabmap/lib/pkgconfig PYTHONPATH=/home/devam/turtlebot3_ws/src/install/rtabmap_msgs/local/lib/python3.10/dist-packages:${PYTHONPATH} /usr/local/bin/cmake --install /home/devam/turtlebot3_ws/src/build/rtabmap_sync
[140.154s] -- Install configuration: "Release"
[140.156s] -- Execute custom install script
[140.157s] -- Symlinking: /home/devam/turtlebot3_ws/src/install/rtabmap_sync/share/rtabmap_sync/environment/library_path.sh
[140.170s] -- Symlinking: /home/devam/turtlebot3_ws/src/install/rtabmap_sync/share/rtabmap_sync/environment/library_path.dsv
[140.182s] -- Symlinking: /home/devam/turtlebot3_ws/src/install/rtabmap_sync/lib/rtabmap_sync/rgbd_sync
[140.187s] -- Symlinking: /home/devam/turtlebot3_ws/src/install/rtabmap_sync/lib/rtabmap_sync/rgbdx_sync
[140.195s] -- Symlinking: /home/devam/turtlebot3_ws/src/install/rtabmap_sync/lib/rtabmap_sync/stereo_sync
[140.203s] -- Symlinking: /home/devam/turtlebot3_ws/src/install/rtabmap_sync/lib/rtabmap_sync/rgb_sync
[140.210s] -- Symlinking: /home/devam/turtlebot3_ws/src/install/rtabmap_sync/share/ament_index/resource_index/package_run_dependencies/rtabmap_sync
[140.216s] -- Symlinking: /home/devam/turtlebot3_ws/src/install/rtabmap_sync/share/ament_index/resource_index/parent_prefix_path/rtabmap_sync
[140.220s] -- Symlinking: /home/devam/turtlebot3_ws/src/install/rtabmap_sync/share/rtabmap_sync/environment/ament_prefix_path.sh
[140.223s] -- Symlinking: /home/devam/turtlebot3_ws/src/install/rtabmap_sync/share/rtabmap_sync/environment/ament_prefix_path.dsv
[140.226s] -- Symlinking: /home/devam/turtlebot3_ws/src/install/rtabmap_sync/share/rtabmap_sync/environment/path.sh
[140.229s] -- Symlinking: /home/devam/turtlebot3_ws/src/install/rtabmap_sync/share/rtabmap_sync/environment/path.dsv
[140.232s] -- Symlinking: /home/devam/turtlebot3_ws/src/install/rtabmap_sync/share/rtabmap_sync/local_setup.bash
[140.235s] -- Symlinking: /home/devam/turtlebot3_ws/src/install/rtabmap_sync/share/rtabmap_sync/local_setup.sh
[140.238s] -- Symlinking: /home/devam/turtlebot3_ws/src/install/rtabmap_sync/share/rtabmap_sync/local_setup.zsh
[140.241s] -- Symlinking: /home/devam/turtlebot3_ws/src/install/rtabmap_sync/share/rtabmap_sync/local_setup.dsv
[140.244s] -- Symlinking: /home/devam/turtlebot3_ws/src/install/rtabmap_sync/share/rtabmap_sync/package.dsv
[140.250s] -- Symlinking: /home/devam/turtlebot3_ws/src/install/rtabmap_sync/share/ament_index/resource_index/packages/rtabmap_sync
[140.256s] -- Symlinking: /home/devam/turtlebot3_ws/src/install/rtabmap_sync/share/ament_index/resource_index/rclcpp_components/rtabmap_sync
[140.261s] -- Symlinking: /home/devam/turtlebot3_ws/src/install/rtabmap_sync/share/rtabmap_sync/cmake/extra_configs.cmake
[140.265s] -- Symlinking: /home/devam/turtlebot3_ws/src/install/rtabmap_sync/share/rtabmap_sync/cmake/ament_cmake_export_dependencies-extras.cmake
[140.269s] -- Symlinking: /home/devam/turtlebot3_ws/src/install/rtabmap_sync/share/rtabmap_sync/cmake/ament_cmake_export_include_directories-extras.cmake
[140.274s] -- Symlinking: /home/devam/turtlebot3_ws/src/install/rtabmap_sync/share/rtabmap_sync/cmake/ament_cmake_export_targets-extras.cmake
[140.280s] -- Symlinking: /home/devam/turtlebot3_ws/src/install/rtabmap_sync/share/rtabmap_sync/cmake/ament_cmake_export_libraries-extras.cmake
[140.287s] -- Symlinking: /home/devam/turtlebot3_ws/src/install/rtabmap_sync/share/rtabmap_sync/cmake/rtabmap_syncConfig.cmake
[140.296s] -- Symlinking: /home/devam/turtlebot3_ws/src/install/rtabmap_sync/share/rtabmap_sync/cmake/rtabmap_syncConfig-version.cmake
[140.308s] -- Symlinking: /home/devam/turtlebot3_ws/src/install/rtabmap_sync/share/rtabmap_sync/package.xml
[140.318s] -- Installing: /home/devam/turtlebot3_ws/src/install/rtabmap_sync/lib/librtabmap_sync.so
[140.341s] -- Set runtime path of "/home/devam/turtlebot3_ws/src/install/rtabmap_sync/lib/librtabmap_sync.so" to ""
[140.341s] -- Installing: /home/devam/turtlebot3_ws/src/install/rtabmap_sync/lib/librtabmap_sync_plugins.so
[140.343s] -- Set runtime path of "/home/devam/turtlebot3_ws/src/install/rtabmap_sync/lib/librtabmap_sync_plugins.so" to ""
[140.343s] -- Installing: /home/devam/turtlebot3_ws/src/install/rtabmap_sync/include
[140.343s] -- Installing: /home/devam/turtlebot3_ws/src/install/rtabmap_sync/include/rtabmap_sync
[140.343s] -- Installing: /home/devam/turtlebot3_ws/src/install/rtabmap_sync/include/rtabmap_sync/CommonDataSubscriber.h
[140.343s] -- Installing: /home/devam/turtlebot3_ws/src/install/rtabmap_sync/include/rtabmap_sync/CommonDataSubscriberDefines.h
[140.343s] -- Installing: /home/devam/turtlebot3_ws/src/install/rtabmap_sync/include/rtabmap_sync/visibility.h
[140.343s] -- Installing: /home/devam/turtlebot3_ws/src/install/rtabmap_sync/include/rtabmap_sync/GetTopicName.h
[140.343s] -- Installing: /home/devam/turtlebot3_ws/src/install/rtabmap_sync/include/rtabmap_sync/SyncDiagnostic.h
[140.343s] -- Installing: /home/devam/turtlebot3_ws/src/install/rtabmap_sync/share/rtabmap_sync/cmake/rtabmap_syncExport.cmake
[140.343s] -- Installing: /home/devam/turtlebot3_ws/src/install/rtabmap_sync/share/rtabmap_sync/cmake/rtabmap_syncExport-release.cmake
[140.345s] Invoked command in '/home/devam/turtlebot3_ws/src/build/rtabmap_sync' returned '0': AMENT_PREFIX_PATH=/home/devam/turtlebot3_ws/src/install/rtabmap_conversions:/home/devam/turtlebot3_ws/src/install/rtabmap_msgs:${AMENT_PREFIX_PATH} CMAKE_PREFIX_PATH=/home/devam/turtlebot3_ws/src/install/rtabmap_conversions:/home/devam/turtlebot3_ws/src/install/rtabmap_msgs:/home/devam/turtlebot3_ws/src/install/rtabmap:/home/devam/turtlebot4_ws/install/turtlebot4_simulator:/home/devam/turtlebot4_ws/install/turtlebot4_ignition_bringup:/home/devam/turtlebot4_ws/install/turtlebot4_node:/home/devam/turtlebot4_ws/install/turtlebot4_navigation:/home/devam/turtlebot4_ws/install/turtlebot4_ignition_toolbox:/home/devam/turtlebot4_ws/install/turtlebot4_msgs:/home/devam/turtlebot4_ws/install/turtlebot4_ignition_gui_plugins:/home/devam/turtlebot4_ws/install/turtlebot4_description:/home/devam/turtlebot3_ws/install/velodyne_simulator:/home/devam/turtlebot3_ws/install/velodyne:/home/devam/turtlebot3_ws/install/velodyne_pointcloud:/home/devam/turtlebot3_ws/install/velodyne_driver:/home/devam/turtlebot3_ws/install/velodyne_msgs:/home/devam/turtlebot3_ws/install/velodyne_laserscan:/home/devam/turtlebot3_ws/install/velodyne_gazebo_plugins:/home/devam/turtlebot3_ws/install/velodyne_description:/home/devam/turtlebot3_ws/install/turtlebot3:/home/devam/turtlebot3_ws/install/turtlebot3_simulations:/home/devam/turtlebot3_ws/install/turtlebot3_bringup:/home/devam/turtlebot3_ws/install/turtlebot3_node:/home/devam/turtlebot3_ws/install/turtlebot3_navigation2:/home/devam/turtlebot3_ws/install/turtlebot3_fake_node:/home/devam/turtlebot3_ws/install/turtlebot3_msgs:/home/devam/turtlebot3_ws/install/turtlebot3_gazebo:/home/devam/turtlebot3_ws/install/turtlebot3_description:/home/devam/turtlebot3_ws/install/turtlebot3_cartographer:/home/devam/turtlebot3_ws/install/robot_gazebo:/home/devam/turtlebot3_ws/install/robot_description:/home/devam/turtlebot3_ws/install/robot_control:/home/devam/turtlebot3_ws/install/microstrain_inertial_msgs:/home/devam/turtlebot3_ws/install/microstrain_inertial_description:/home/devam/turtlebot3_ws/install/lio_sam:/home/devam/FYP_ROS2/install/occ_map_creator:/home/devam/FYP_ROS2/install/ekf_slam:/home/devam/FYP_ROS2/install/ekf_localization:/home/devam/turtlebot3_ws/install/turtlebot3_teleop:/home/devam/turtlebot3_ws/install/turtlebot3_rtabmap_slam:/home/devam/turtlebot3_ws/install/turtlebot3_example:/home/devam/turtlebot3_ws/install/microstrain_inertial_rqt:/opt/ros/humble LD_LIBRARY_PATH=/home/devam/turtlebot3_ws/src/install/rtabmap_conversions/lib:/home/devam/turtlebot3_ws/src/install/rtabmap_msgs/lib:/home/devam/turtlebot3_ws/src/install/rtabmap/lib:/home/devam/turtlebot4_ws/install/turtlebot4_msgs/lib:/home/devam/turtlebot3_ws/install/velodyne_pointcloud/lib:/home/devam/turtlebot3_ws/install/velodyne_driver/lib:/home/devam/turtlebot3_ws/install/velodyne_msgs/lib:/home/devam/turtlebot3_ws/install/velodyne_laserscan/lib:/home/devam/turtlebot3_ws/install/velodyne_gazebo_plugins/lib:/home/devam/turtlebot3_ws/install/turtlebot3_msgs/lib:/home/devam/turtlebot3_ws/install/microstrain_inertial_msgs/lib:/home/devam/turtlebot3_ws/install/lio_sam/lib:/usr/lib/x86_64-linux-gnu/gazebo-11/plugins:/opt/ros/humble/opt/rviz_ogre_vendor/lib:/opt/ros/humble/lib/x86_64-linux-gnu:/opt/ros/humble/lib:/usr/share/gazebo/../../lib/x86_64-linux-gnu/gazebo-11/plugins PATH=/home/devam/turtlebot3_ws/src/install/rtabmap/bin:${PATH} PKG_CONFIG_PATH=/home/devam/turtlebot3_ws/src/install/rtabmap/lib/x86_64-linux-gnu/pkgconfig:/home/devam/turtlebot3_ws/src/install/rtabmap/lib/pkgconfig PYTHONPATH=/home/devam/turtlebot3_ws/src/install/rtabmap_msgs/local/lib/python3.10/dist-packages:${PYTHONPATH} /usr/local/bin/cmake --install /home/devam/turtlebot3_ws/src/build/rtabmap_sync
