[0.077s] Invoking command in '/home/devam/turtlebot3_ws/src/build/microstrain_inertial_driver': AMENT_PREFIX_PATH=/home/devam/turtlebot3_ws/src/install/microstrain_inertial_msgs:${AMENT_PREFIX_PATH} CMAKE_PREFIX_PATH=/home/devam/turtlebot3_ws/src/install/microstrain_inertial_msgs:/home/devam/turtlebot4_ws/install/turtlebot4_simulator:/home/devam/turtlebot4_ws/install/turtlebot4_ignition_bringup:/home/devam/turtlebot4_ws/install/turtlebot4_node:/home/devam/turtlebot4_ws/install/turtlebot4_navigation:/home/devam/turtlebot4_ws/install/turtlebot4_ignition_toolbox:/home/devam/turtlebot4_ws/install/turtlebot4_msgs:/home/devam/turtlebot4_ws/install/turtlebot4_ignition_gui_plugins:/home/devam/turtlebot4_ws/install/turtlebot4_description:/home/devam/turtlebot3_ws/install/velodyne_simulator:/home/devam/turtlebot3_ws/install/velodyne:/home/devam/turtlebot3_ws/install/velodyne_pointcloud:/home/devam/turtlebot3_ws/install/velodyne_driver:/home/devam/turtlebot3_ws/install/velodyne_msgs:/home/devam/turtlebot3_ws/install/velodyne_laserscan:/home/devam/turtlebot3_ws/install/velodyne_gazebo_plugins:/home/devam/turtlebot3_ws/install/velodyne_description:/home/devam/turtlebot3_ws/install/turtlebot3:/home/devam/turtlebot3_ws/install/turtlebot3_simulations:/home/devam/turtlebot3_ws/install/turtlebot3_bringup:/home/devam/turtlebot3_ws/install/turtlebot3_node:/home/devam/turtlebot3_ws/install/turtlebot3_navigation2:/home/devam/turtlebot3_ws/install/turtlebot3_fake_node:/home/devam/turtlebot3_ws/install/turtlebot3_msgs:/home/devam/turtlebot3_ws/install/turtlebot3_gazebo:/home/devam/turtlebot3_ws/install/turtlebot3_description:/home/devam/turtlebot3_ws/install/turtlebot3_cartographer:/home/devam/turtlebot3_ws/install/robot_gazebo:/home/devam/turtlebot3_ws/install/robot_description:/home/devam/turtlebot3_ws/install/robot_control:/home/devam/turtlebot3_ws/install/microstrain_inertial_msgs:/home/devam/turtlebot3_ws/install/microstrain_inertial_description:/home/devam/turtlebot3_ws/install/lio_sam:/home/devam/FYP_ROS2/install/occ_map_creator:/home/devam/FYP_ROS2/install/ekf_slam:/home/devam/FYP_ROS2/install/ekf_localization:/home/devam/turtlebot3_ws/install/turtlebot3_teleop:/home/devam/turtlebot3_ws/install/turtlebot3_rtabmap_slam:/home/devam/turtlebot3_ws/install/turtlebot3_example:/home/devam/turtlebot3_ws/install/microstrain_inertial_rqt:/opt/ros/humble LD_LIBRARY_PATH=/home/devam/turtlebot3_ws/src/install/microstrain_inertial_msgs/lib:/home/devam/turtlebot4_ws/install/turtlebot4_msgs/lib:/home/devam/turtlebot3_ws/install/velodyne_pointcloud/lib:/home/devam/turtlebot3_ws/install/velodyne_driver/lib:/home/devam/turtlebot3_ws/install/velodyne_msgs/lib:/home/devam/turtlebot3_ws/install/velodyne_laserscan/lib:/home/devam/turtlebot3_ws/install/velodyne_gazebo_plugins/lib:/home/devam/turtlebot3_ws/install/turtlebot3_msgs/lib:/home/devam/turtlebot3_ws/install/microstrain_inertial_msgs/lib:/home/devam/turtlebot3_ws/install/lio_sam/lib:/usr/lib/x86_64-linux-gnu/gazebo-11/plugins:/opt/ros/humble/opt/rviz_ogre_vendor/lib:/opt/ros/humble/lib/x86_64-linux-gnu:/opt/ros/humble/lib:/usr/share/gazebo/../../lib/x86_64-linux-gnu/gazebo-11/plugins PYTHONPATH=/home/devam/turtlebot3_ws/src/install/microstrain_inertial_msgs/local/lib/python3.10/dist-packages:${PYTHONPATH} /usr/local/bin/cmake /home/devam/turtlebot3_ws/src/microstrain_inertial/microstrain_inertial_driver -DCMAKE_BUILD_TYPE=Release -DAMENT_CMAKE_SYMLINK_INSTALL=1 -DCMAKE_INSTALL_PREFIX=/home/devam/turtlebot3_ws/src/install/microstrain_inertial_driver
[0.134s] -- The C compiler identification is GNU 11.4.0
[0.269s] -- The CXX compiler identification is GNU 11.4.0
[0.318s] -- Detecting C compiler ABI info
[0.549s] -- Detecting C compiler ABI info - done
[0.595s] -- Check for working C compiler: /usr/bin/cc - skipped
[0.596s] -- Detecting C compile features
[0.598s] -- Detecting C compile features - done
[0.631s] -- Detecting CXX compiler ABI info
[0.905s] -- Detecting CXX compiler ABI info - done
[0.953s] -- Check for working CXX compiler: /usr/bin/c++ - skipped
[0.954s] -- Detecting CXX compile features
[0.956s] -- Detecting CXX compile features - done
[0.982s] -- Found Git: /usr/bin/git (found version "2.34.1") 
[1.012s] -- Microstrain Driver Version: ros2-4.7.0
[1.018s] -- Looking for C++ include span
[1.623s] -- Looking for C++ include span - found
[1.623s] -- Looking for C++ include bit
[1.929s] -- Looking for C++ include bit - found
[1.931s] -- Performing Test MIP_COMPILER_SUPPORTS_METADATA
[2.077s] -- Performing Test MIP_COMPILER_SUPPORTS_METADATA - Success
[2.077s] -- MIP_ENABLE_METADATA not set - compiler support: 1
[2.138s] -- Determined version from Git: v3.0.0-192-g8bd7933
[2.142s] [0mMicroStrain logging is enabled. Max level = 'MICROSTRAIN_LOG_LEVEL_INFO'[0m
[2.246s] -- Determined version from Git: v3.0.0-192-g8bd7933
[2.250s] [0mC definitions = definitions/commands_3dm.c;definitions/commands_aiding.c;definitions/commands_base.c;definitions/commands_filter.c;definitions/commands_gnss.c;definitions/commands_rtk.c;definitions/commands_system.c;definitions/data_filter.c;definitions/data_gnss.c;definitions/data_sensor.c;definitions/data_shared.c;definitions/data_system.c;definitions/commands_3dm.h;definitions/commands_aiding.h;definitions/commands_base.h;definitions/commands_filter.h;definitions/commands_gnss.h;definitions/commands_rtk.h;definitions/commands_system.h;definitions/data_filter.h;definitions/data_gnss.h;definitions/data_sensor.h;definitions/data_shared.h;definitions/data_system.h[0m
[2.355s] [0mC++ definitions = definitions/commands_3dm.cpp;definitions/commands_aiding.cpp;definitions/commands_base.cpp;definitions/commands_filter.cpp;definitions/commands_gnss.cpp;definitions/commands_rtk.cpp;definitions/commands_system.cpp;definitions/data_filter.cpp;definitions/data_gnss.cpp;definitions/data_sensor.cpp;definitions/data_shared.cpp;definitions/data_system.cpp;definitions/commands_3dm.hpp;definitions/commands_aiding.hpp;definitions/commands_base.hpp;definitions/commands_filter.hpp;definitions/commands_gnss.hpp;definitions/commands_rtk.hpp;definitions/commands_system.hpp;definitions/data_filter.hpp;definitions/data_gnss.hpp;definitions/data_sensor.hpp;definitions/data_shared.hpp;definitions/data_system.hpp[0m
[2.355s] [0mC++ metadata definitions = definitions/commands_3dm.hpp;definitions/commands_aiding.hpp;definitions/commands_base.hpp;definitions/commands_filter.hpp;definitions/commands_gnss.hpp;definitions/commands_rtk.hpp;definitions/commands_system.hpp;definitions/data_filter.hpp;definitions/data_gnss.hpp;definitions/data_sensor.hpp;definitions/data_shared.hpp;definitions/data_system.hpp[0m
[2.379s] -- Found ament_cmake: 1.3.11 (/opt/ros/humble/share/ament_cmake/cmake)
[2.601s] -- Found Python3: /usr/bin/python3 (found version "3.10.12") found components: Interpreter 
[2.694s] -- Override CMake install command with custom implementation using symlinks instead of copying resources
[2.788s] -- Found rclcpp_lifecycle: 16.0.12 (/opt/ros/humble/share/rclcpp_lifecycle/cmake)
[2.934s] -- Found rosidl_generator_c: 3.1.6 (/opt/ros/humble/share/rosidl_generator_c/cmake)
[2.958s] -- Found rosidl_adapter: 3.1.6 (/opt/ros/humble/share/rosidl_adapter/cmake)
[2.978s] -- Found rosidl_generator_cpp: 3.1.6 (/opt/ros/humble/share/rosidl_generator_cpp/cmake)
[3.057s] -- Using all available rosidl_typesupport_c: rosidl_typesupport_fastrtps_c;rosidl_typesupport_introspection_c
[3.145s] -- Using all available rosidl_typesupport_cpp: rosidl_typesupport_fastrtps_cpp;rosidl_typesupport_introspection_cpp
[3.537s] -- Found rmw_implementation_cmake: 6.1.2 (/opt/ros/humble/share/rmw_implementation_cmake/cmake)
[3.572s] -- Found rmw_cyclonedds_cpp: 1.3.4 (/opt/ros/humble/share/rmw_cyclonedds_cpp/cmake)
[3.685s] -- Using RMW implementation 'rmw_cyclonedds_cpp' as default
[3.747s] -- Performing Test CMAKE_HAVE_LIBC_PTHREAD
[3.860s] -- Performing Test CMAKE_HAVE_LIBC_PTHREAD - Success
[3.862s] -- Found Threads: TRUE  
[4.039s] -- Found rosidl_default_generators: 1.2.0 (/opt/ros/humble/share/rosidl_default_generators/cmake)
[4.136s] -- Found geometry_msgs: 4.9.0 (/opt/ros/humble/share/geometry_msgs/cmake)
[4.217s] -- Found nav_msgs: 4.9.0 (/opt/ros/humble/share/nav_msgs/cmake)
[4.254s] -- Found nmea_msgs: 2.0.0 (/opt/ros/humble/share/nmea_msgs/cmake)
[4.340s] -- Found rtcm_msgs: 1.1.6 (/opt/ros/humble/share/rtcm_msgs/cmake)
[4.378s] -- Found rclcpp_components: 16.0.12 (/opt/ros/humble/share/rclcpp_components/cmake)
[4.475s] -- Found sensor_msgs: 4.9.0 (/opt/ros/humble/share/sensor_msgs/cmake)
[4.511s] -- Found std_srvs: 4.9.0 (/opt/ros/humble/share/std_srvs/cmake)
[4.538s] -- Found tf2: 0.25.13 (/opt/ros/humble/share/tf2/cmake)
[4.575s] -- Found tf2_ros: 0.25.13 (/opt/ros/humble/share/tf2_ros/cmake)
[5.111s] -- Found tf2_geometry_msgs: 0.25.13 (/opt/ros/humble/share/tf2_geometry_msgs/cmake)
[5.234s] -- Found eigen3_cmake_module: 0.1.1 (/opt/ros/humble/share/eigen3_cmake_module/cmake)
[5.240s] -- Found Eigen3: TRUE (found version "3.4.0") 
[5.241s] -- Ensuring Eigen3 include directory is part of orocos-kdl CMake target
[5.252s] -- Found microstrain_inertial_msgs: 4.7.0 (/home/devam/turtlebot3_ws/src/install/microstrain_inertial_msgs/share/microstrain_inertial_msgs/cmake)
[5.373s] -- Found GeographicLib: /usr/lib/x86_64-linux-gnu  
[5.651s] -- Configuring done (5.6s)
[5.878s] -- Generating done (0.2s)
[5.936s] -- Build files have been written to: /home/devam/turtlebot3_ws/src/build/microstrain_inertial_driver
[5.975s] Invoked command in '/home/devam/turtlebot3_ws/src/build/microstrain_inertial_driver' returned '0': AMENT_PREFIX_PATH=/home/devam/turtlebot3_ws/src/install/microstrain_inertial_msgs:${AMENT_PREFIX_PATH} CMAKE_PREFIX_PATH=/home/devam/turtlebot3_ws/src/install/microstrain_inertial_msgs:/home/devam/turtlebot4_ws/install/turtlebot4_simulator:/home/devam/turtlebot4_ws/install/turtlebot4_ignition_bringup:/home/devam/turtlebot4_ws/install/turtlebot4_node:/home/devam/turtlebot4_ws/install/turtlebot4_navigation:/home/devam/turtlebot4_ws/install/turtlebot4_ignition_toolbox:/home/devam/turtlebot4_ws/install/turtlebot4_msgs:/home/devam/turtlebot4_ws/install/turtlebot4_ignition_gui_plugins:/home/devam/turtlebot4_ws/install/turtlebot4_description:/home/devam/turtlebot3_ws/install/velodyne_simulator:/home/devam/turtlebot3_ws/install/velodyne:/home/devam/turtlebot3_ws/install/velodyne_pointcloud:/home/devam/turtlebot3_ws/install/velodyne_driver:/home/devam/turtlebot3_ws/install/velodyne_msgs:/home/devam/turtlebot3_ws/install/velodyne_laserscan:/home/devam/turtlebot3_ws/install/velodyne_gazebo_plugins:/home/devam/turtlebot3_ws/install/velodyne_description:/home/devam/turtlebot3_ws/install/turtlebot3:/home/devam/turtlebot3_ws/install/turtlebot3_simulations:/home/devam/turtlebot3_ws/install/turtlebot3_bringup:/home/devam/turtlebot3_ws/install/turtlebot3_node:/home/devam/turtlebot3_ws/install/turtlebot3_navigation2:/home/devam/turtlebot3_ws/install/turtlebot3_fake_node:/home/devam/turtlebot3_ws/install/turtlebot3_msgs:/home/devam/turtlebot3_ws/install/turtlebot3_gazebo:/home/devam/turtlebot3_ws/install/turtlebot3_description:/home/devam/turtlebot3_ws/install/turtlebot3_cartographer:/home/devam/turtlebot3_ws/install/robot_gazebo:/home/devam/turtlebot3_ws/install/robot_description:/home/devam/turtlebot3_ws/install/robot_control:/home/devam/turtlebot3_ws/install/microstrain_inertial_msgs:/home/devam/turtlebot3_ws/install/microstrain_inertial_description:/home/devam/turtlebot3_ws/install/lio_sam:/home/devam/FYP_ROS2/install/occ_map_creator:/home/devam/FYP_ROS2/install/ekf_slam:/home/devam/FYP_ROS2/install/ekf_localization:/home/devam/turtlebot3_ws/install/turtlebot3_teleop:/home/devam/turtlebot3_ws/install/turtlebot3_rtabmap_slam:/home/devam/turtlebot3_ws/install/turtlebot3_example:/home/devam/turtlebot3_ws/install/microstrain_inertial_rqt:/opt/ros/humble LD_LIBRARY_PATH=/home/devam/turtlebot3_ws/src/install/microstrain_inertial_msgs/lib:/home/devam/turtlebot4_ws/install/turtlebot4_msgs/lib:/home/devam/turtlebot3_ws/install/velodyne_pointcloud/lib:/home/devam/turtlebot3_ws/install/velodyne_driver/lib:/home/devam/turtlebot3_ws/install/velodyne_msgs/lib:/home/devam/turtlebot3_ws/install/velodyne_laserscan/lib:/home/devam/turtlebot3_ws/install/velodyne_gazebo_plugins/lib:/home/devam/turtlebot3_ws/install/turtlebot3_msgs/lib:/home/devam/turtlebot3_ws/install/microstrain_inertial_msgs/lib:/home/devam/turtlebot3_ws/install/lio_sam/lib:/usr/lib/x86_64-linux-gnu/gazebo-11/plugins:/opt/ros/humble/opt/rviz_ogre_vendor/lib:/opt/ros/humble/lib/x86_64-linux-gnu:/opt/ros/humble/lib:/usr/share/gazebo/../../lib/x86_64-linux-gnu/gazebo-11/plugins PYTHONPATH=/home/devam/turtlebot3_ws/src/install/microstrain_inertial_msgs/local/lib/python3.10/dist-packages:${PYTHONPATH} /usr/local/bin/cmake /home/devam/turtlebot3_ws/src/microstrain_inertial/microstrain_inertial_driver -DCMAKE_BUILD_TYPE=Release -DAMENT_CMAKE_SYMLINK_INSTALL=1 -DCMAKE_INSTALL_PREFIX=/home/devam/turtlebot3_ws/src/install/microstrain_inertial_driver
[5.980s] Invoking command in '/home/devam/turtlebot3_ws/src/build/microstrain_inertial_driver': AMENT_PREFIX_PATH=/home/devam/turtlebot3_ws/src/install/microstrain_inertial_msgs:${AMENT_PREFIX_PATH} CMAKE_PREFIX_PATH=/home/devam/turtlebot3_ws/src/install/microstrain_inertial_msgs:/home/devam/turtlebot4_ws/install/turtlebot4_simulator:/home/devam/turtlebot4_ws/install/turtlebot4_ignition_bringup:/home/devam/turtlebot4_ws/install/turtlebot4_node:/home/devam/turtlebot4_ws/install/turtlebot4_navigation:/home/devam/turtlebot4_ws/install/turtlebot4_ignition_toolbox:/home/devam/turtlebot4_ws/install/turtlebot4_msgs:/home/devam/turtlebot4_ws/install/turtlebot4_ignition_gui_plugins:/home/devam/turtlebot4_ws/install/turtlebot4_description:/home/devam/turtlebot3_ws/install/velodyne_simulator:/home/devam/turtlebot3_ws/install/velodyne:/home/devam/turtlebot3_ws/install/velodyne_pointcloud:/home/devam/turtlebot3_ws/install/velodyne_driver:/home/devam/turtlebot3_ws/install/velodyne_msgs:/home/devam/turtlebot3_ws/install/velodyne_laserscan:/home/devam/turtlebot3_ws/install/velodyne_gazebo_plugins:/home/devam/turtlebot3_ws/install/velodyne_description:/home/devam/turtlebot3_ws/install/turtlebot3:/home/devam/turtlebot3_ws/install/turtlebot3_simulations:/home/devam/turtlebot3_ws/install/turtlebot3_bringup:/home/devam/turtlebot3_ws/install/turtlebot3_node:/home/devam/turtlebot3_ws/install/turtlebot3_navigation2:/home/devam/turtlebot3_ws/install/turtlebot3_fake_node:/home/devam/turtlebot3_ws/install/turtlebot3_msgs:/home/devam/turtlebot3_ws/install/turtlebot3_gazebo:/home/devam/turtlebot3_ws/install/turtlebot3_description:/home/devam/turtlebot3_ws/install/turtlebot3_cartographer:/home/devam/turtlebot3_ws/install/robot_gazebo:/home/devam/turtlebot3_ws/install/robot_description:/home/devam/turtlebot3_ws/install/robot_control:/home/devam/turtlebot3_ws/install/microstrain_inertial_msgs:/home/devam/turtlebot3_ws/install/microstrain_inertial_description:/home/devam/turtlebot3_ws/install/lio_sam:/home/devam/FYP_ROS2/install/occ_map_creator:/home/devam/FYP_ROS2/install/ekf_slam:/home/devam/FYP_ROS2/install/ekf_localization:/home/devam/turtlebot3_ws/install/turtlebot3_teleop:/home/devam/turtlebot3_ws/install/turtlebot3_rtabmap_slam:/home/devam/turtlebot3_ws/install/turtlebot3_example:/home/devam/turtlebot3_ws/install/microstrain_inertial_rqt:/opt/ros/humble LD_LIBRARY_PATH=/home/devam/turtlebot3_ws/src/install/microstrain_inertial_msgs/lib:/home/devam/turtlebot4_ws/install/turtlebot4_msgs/lib:/home/devam/turtlebot3_ws/install/velodyne_pointcloud/lib:/home/devam/turtlebot3_ws/install/velodyne_driver/lib:/home/devam/turtlebot3_ws/install/velodyne_msgs/lib:/home/devam/turtlebot3_ws/install/velodyne_laserscan/lib:/home/devam/turtlebot3_ws/install/velodyne_gazebo_plugins/lib:/home/devam/turtlebot3_ws/install/turtlebot3_msgs/lib:/home/devam/turtlebot3_ws/install/microstrain_inertial_msgs/lib:/home/devam/turtlebot3_ws/install/lio_sam/lib:/usr/lib/x86_64-linux-gnu/gazebo-11/plugins:/opt/ros/humble/opt/rviz_ogre_vendor/lib:/opt/ros/humble/lib/x86_64-linux-gnu:/opt/ros/humble/lib:/usr/share/gazebo/../../lib/x86_64-linux-gnu/gazebo-11/plugins PYTHONPATH=/home/devam/turtlebot3_ws/src/install/microstrain_inertial_msgs/local/lib/python3.10/dist-packages:${PYTHONPATH} /usr/local/bin/cmake --build /home/devam/turtlebot3_ws/src/build/microstrain_inertial_driver
[6.062s] [  1%] [32mBuilding C object microstrain_inertial_driver_common/mip_sdk/src/c/microstrain/CMakeFiles/microstrain.dir/serialization.c.o[0m
[6.069s] [  2%] [32mBuilding C object microstrain_inertial_driver_common/mip_sdk/src/c/microstrain/CMakeFiles/microstrain.dir/logging.c.o[0m
[6.563s] [  4%] [32m[1mLinking C static library libmicrostrain.a[0m
[6.620s] [  4%] Built target microstrain
[6.655s] [  5%] [32mBuilding CXX object microstrain_inertial_driver_common/mip_sdk/src/c/microstrain/connections/serial/CMakeFiles/microstrain_serial.dir/__/__/__/__/cpp/microstrain/connections/serial/serial_connection.cpp.o[0m
[6.659s] [  6%] [32mBuilding CXX object microstrain_inertial_driver_common/mip_sdk/src/cpp/microstrain/connections/recording/CMakeFiles/microstrain_recording_connection.dir/recording_connection.cpp.o[0m
[6.659s] [  8%] [32mBuilding C object microstrain_inertial_driver_common/mip_sdk/src/c/microstrain/connections/serial/CMakeFiles/microstrain_serial.dir/serial_port.c.o[0m
[6.660s] [  9%] [32mBuilding C object microstrain_inertial_driver_common/mip_sdk/src/c/mip/CMakeFiles/mip.dir/mip_device_models.c.o[0m
[6.664s] [ 10%] [32mBuilding C object microstrain_inertial_driver_common/mip_sdk/src/c/mip/CMakeFiles/mip.dir/mip_descriptors.c.o[0m
[6.666s] [ 12%] [32mBuilding C object microstrain_inertial_driver_common/mip_sdk/src/c/mip/CMakeFiles/mip.dir/mip_cmdqueue.c.o[0m
[6.708s] [ 13%] [32mBuilding C object microstrain_inertial_driver_common/mip_sdk/src/c/mip/CMakeFiles/mip.dir/mip_dispatch.c.o[0m
[6.772s] [ 14%] [32mBuilding C object microstrain_inertial_driver_common/mip_sdk/src/c/mip/CMakeFiles/mip.dir/mip_field.c.o[0m
[6.897s] [ 16%] [32mBuilding C object microstrain_inertial_driver_common/mip_sdk/src/c/mip/CMakeFiles/mip.dir/mip_packet.c.o[0m
[6.902s] [ 17%] [32mBuilding C object microstrain_inertial_driver_common/mip_sdk/src/c/mip/CMakeFiles/mip.dir/mip_interface.c.o[0m
[6.914s] [ 18%] [32mBuilding C object microstrain_inertial_driver_common/mip_sdk/src/c/mip/CMakeFiles/mip.dir/mip_parser.c.o[0m
[6.952s] [ 20%] [32mBuilding C object microstrain_inertial_driver_common/mip_sdk/src/c/mip/CMakeFiles/mip.dir/mip_result.c.o[0m
[6.985s] [ 21%] [32mBuilding C object microstrain_inertial_driver_common/mip_sdk/src/c/mip/CMakeFiles/mip.dir/mip_serialization.c.o[0m
[7.005s] [ 22%] [32mBuilding C object microstrain_inertial_driver_common/mip_sdk/src/c/mip/CMakeFiles/mip.dir/definitions/common.c.o[0m
[7.015s] [ 24%] [32mBuilding C object microstrain_inertial_driver_common/mip_sdk/src/c/mip/CMakeFiles/mip.dir/definitions/commands_3dm.c.o[0m
[7.028s] [ 25%] [32mBuilding C object microstrain_inertial_driver_common/mip_sdk/src/c/mip/CMakeFiles/mip.dir/definitions/commands_aiding.c.o[0m
[7.069s] [ 26%] [32mBuilding C object microstrain_inertial_driver_common/mip_sdk/src/c/mip/CMakeFiles/mip.dir/definitions/commands_base.c.o[0m
[7.102s] [ 28%] [32mBuilding C object microstrain_inertial_driver_common/mip_sdk/src/c/mip/CMakeFiles/mip.dir/definitions/commands_filter.c.o[0m
[7.229s] [ 29%] [32m[1mLinking CXX static library libmicrostrain_recording_connection.a[0m
[7.238s] [ 30%] [32mBuilding C object microstrain_inertial_driver_common/mip_sdk/src/c/mip/CMakeFiles/mip.dir/definitions/commands_gnss.c.o[0m
[7.249s] [ 30%] Built target microstrain_recording_connection
[7.253s] [ 32%] [32mBuilding C object microstrain_inertial_driver_common/mip_sdk/src/c/mip/CMakeFiles/mip.dir/definitions/commands_rtk.c.o[0m
[7.258s] [ 33%] [32mBuilding C object microstrain_inertial_driver_common/mip_sdk/src/c/mip/CMakeFiles/mip.dir/definitions/commands_system.c.o[0m
[7.331s] [ 34%] [32mBuilding C object microstrain_inertial_driver_common/mip_sdk/src/c/mip/CMakeFiles/mip.dir/definitions/data_filter.c.o[0m
[7.381s] [ 36%] [32mBuilding C object microstrain_inertial_driver_common/mip_sdk/src/c/mip/CMakeFiles/mip.dir/definitions/data_gnss.c.o[0m
[7.392s] [ 37%] [32mBuilding C object microstrain_inertial_driver_common/mip_sdk/src/c/mip/CMakeFiles/mip.dir/definitions/data_sensor.c.o[0m
[7.601s] [ 38%] [32mBuilding C object microstrain_inertial_driver_common/mip_sdk/src/c/mip/CMakeFiles/mip.dir/definitions/data_shared.c.o[0m
[7.681s] [ 40%] [32mBuilding C object microstrain_inertial_driver_common/mip_sdk/src/c/mip/CMakeFiles/mip.dir/definitions/data_system.c.o[0m
[7.722s] [ 41%] [32mBuilding CXX object microstrain_inertial_driver_common/mip_sdk/src/c/mip/CMakeFiles/mip.dir/__/__/cpp/mip/mip_interface.cpp.o[0m
[7.743s] [ 42%] [32mBuilding CXX object microstrain_inertial_driver_common/mip_sdk/src/c/mip/CMakeFiles/mip.dir/__/__/cpp/mip/definitions/commands_3dm.cpp.o[0m
[7.748s] [ 44%] [32mBuilding CXX object microstrain_inertial_driver_common/mip_sdk/src/c/mip/CMakeFiles/mip.dir/__/__/cpp/mip/definitions/commands_aiding.cpp.o[0m
[8.202s] [ 45%] [32mBuilding CXX object microstrain_inertial_driver_common/mip_sdk/src/c/mip/CMakeFiles/mip.dir/__/__/cpp/mip/definitions/commands_base.cpp.o[0m
[8.336s] [ 46%] [32mBuilding CXX object microstrain_inertial_driver_common/mip_sdk/src/c/mip/CMakeFiles/mip.dir/__/__/cpp/mip/definitions/commands_filter.cpp.o[0m
[8.350s] [ 48%] [32m[1mLinking CXX static library libmicrostrain_serial.a[0m
[8.370s] [ 48%] Built target microstrain_serial
[8.374s] [ 49%] [32mBuilding CXX object microstrain_inertial_driver_common/mip_sdk/src/c/mip/CMakeFiles/mip.dir/__/__/cpp/mip/definitions/commands_gnss.cpp.o[0m
[9.132s] [ 50%] [32mBuilding CXX object microstrain_inertial_driver_common/mip_sdk/src/c/mip/CMakeFiles/mip.dir/__/__/cpp/mip/definitions/commands_rtk.cpp.o[0m
[9.214s] [ 52%] [32mBuilding CXX object microstrain_inertial_driver_common/mip_sdk/src/c/mip/CMakeFiles/mip.dir/__/__/cpp/mip/definitions/commands_system.cpp.o[0m
[10.064s] [ 53%] [32mBuilding CXX object microstrain_inertial_driver_common/mip_sdk/src/c/mip/CMakeFiles/mip.dir/__/__/cpp/mip/definitions/data_filter.cpp.o[0m
[11.091s] [ 54%] [32mBuilding CXX object microstrain_inertial_driver_common/mip_sdk/src/c/mip/CMakeFiles/mip.dir/__/__/cpp/mip/definitions/data_gnss.cpp.o[0m
[11.227s] [ 56%] [32mBuilding CXX object microstrain_inertial_driver_common/mip_sdk/src/c/mip/CMakeFiles/mip.dir/__/__/cpp/mip/definitions/data_sensor.cpp.o[0m
[11.617s] [ 57%] [32mBuilding CXX object microstrain_inertial_driver_common/mip_sdk/src/c/mip/CMakeFiles/mip.dir/__/__/cpp/mip/definitions/data_shared.cpp.o[0m
[11.799s] [ 58%] [32mBuilding CXX object microstrain_inertial_driver_common/mip_sdk/src/c/mip/CMakeFiles/mip.dir/__/__/cpp/mip/definitions/data_system.cpp.o[0m
[14.256s] [ 60%] [32m[1mLinking CXX static library libmip.a[0m
[14.375s] [ 60%] Built target mip
[14.421s] [ 61%] [32mBuilding CXX object CMakeFiles/microstrain_inertial_driver_node.dir/src/microstrain_inertial_driver.cpp.o[0m
[14.421s] [ 62%] [32mBuilding CXX object CMakeFiles/microstrain_inertial_driver_node.dir/src/microstrain_inertial_driver_node.cpp.o[0m
[14.421s] [ 64%] [32mBuilding CXX object CMakeFiles/microstrain_inertial_driver_lifecycle_node.dir/src/microstrain_inertial_driver_lifecycle.cpp.o[0m
[14.421s] [ 65%] [32mBuilding CXX object CMakeFiles/microstrain_inertial_driver_lifecycle_node.dir/src/microstrain_inertial_driver_lifecycle_node.cpp.o[0m
[14.422s] [ 66%] [32mBuilding CXX object CMakeFiles/microstrain_inertial_driver_node.dir/microstrain_inertial_driver_common/src/subscribers.cpp.o[0m
[14.423s] [ 68%] [32mBuilding CXX object CMakeFiles/microstrain_inertial_driver_lifecycle_node.dir/microstrain_inertial_driver_common/src/subscribers.cpp.o[0m
[26.161s] [ 69%] [32mBuilding CXX object CMakeFiles/microstrain_inertial_driver_lifecycle_node.dir/microstrain_inertial_driver_common/src/publishers.cpp.o[0m
[26.849s] [ 70%] [32mBuilding CXX object CMakeFiles/microstrain_inertial_driver_node.dir/microstrain_inertial_driver_common/src/publishers.cpp.o[0m
[27.912s] [ 72%] [32mBuilding CXX object CMakeFiles/microstrain_inertial_driver_lifecycle_node.dir/microstrain_inertial_driver_common/src/node_common.cpp.o[0m
[38.307s] [ 73%] [32mBuilding CXX object CMakeFiles/microstrain_inertial_driver_node.dir/microstrain_inertial_driver_common/src/node_common.cpp.o[0m
[39.846s] [ 74%] [32mBuilding CXX object CMakeFiles/microstrain_inertial_driver_lifecycle_node.dir/microstrain_inertial_driver_common/src/services.cpp.o[0m
[52.817s] [ 76%] [32mBuilding CXX object CMakeFiles/microstrain_inertial_driver_node.dir/microstrain_inertial_driver_common/src/services.cpp.o[0m
[53.292s] [ 77%] [32mBuilding CXX object CMakeFiles/microstrain_inertial_driver_lifecycle_node.dir/microstrain_inertial_driver_common/src/config.cpp.o[0m
[64.532s] [ 78%] [32mBuilding CXX object CMakeFiles/microstrain_inertial_driver_node.dir/microstrain_inertial_driver_common/src/config.cpp.o[0m
[65.244s] [ 80%] [32mBuilding CXX object CMakeFiles/microstrain_inertial_driver_lifecycle_node.dir/microstrain_inertial_driver_common/src/utils/clock_bias_monitor.cpp.o[0m
[68.576s] [ 81%] [32mBuilding CXX object CMakeFiles/microstrain_inertial_driver_lifecycle_node.dir/microstrain_inertial_driver_common/src/utils/mappings/mip_mapping.cpp.o[0m
[73.151s] [ 82%] [32mBuilding CXX object CMakeFiles/microstrain_inertial_driver_lifecycle_node.dir/microstrain_inertial_driver_common/src/utils/mappings/mip_publisher_mapping.cpp.o[0m
[75.162s] [ 84%] [32mBuilding CXX object CMakeFiles/microstrain_inertial_driver_lifecycle_node.dir/microstrain_inertial_driver_common/src/utils/mip/ros_mip_device.cpp.o[0m
[75.783s] [ 85%] [32mBuilding CXX object CMakeFiles/microstrain_inertial_driver_node.dir/microstrain_inertial_driver_common/src/utils/clock_bias_monitor.cpp.o[0m
[75.818s] [ 86%] [32mBuilding CXX object CMakeFiles/microstrain_inertial_driver_node.dir/microstrain_inertial_driver_common/src/utils/mappings/mip_mapping.cpp.o[0m
[76.327s] [ 88%] [32mBuilding CXX object CMakeFiles/microstrain_inertial_driver_node.dir/microstrain_inertial_driver_common/src/utils/mappings/mip_publisher_mapping.cpp.o[0m
[77.463s] [ 89%] [32mBuilding CXX object CMakeFiles/microstrain_inertial_driver_node.dir/microstrain_inertial_driver_common/src/utils/mip/ros_mip_device.cpp.o[0m
[80.215s] [ 90%] [32mBuilding CXX object CMakeFiles/microstrain_inertial_driver_node.dir/microstrain_inertial_driver_common/src/utils/mip/ros_mip_device_main.cpp.o[0m
[80.856s] [ 92%] [32mBuilding CXX object CMakeFiles/microstrain_inertial_driver_node.dir/microstrain_inertial_driver_common/src/utils/mip/ros_mip_device_aux.cpp.o[0m
[81.809s] [ 93%] [32mBuilding CXX object CMakeFiles/microstrain_inertial_driver_lifecycle_node.dir/microstrain_inertial_driver_common/src/utils/mip/ros_mip_device_main.cpp.o[0m
[83.930s] [ 94%] [32mBuilding CXX object CMakeFiles/microstrain_inertial_driver_node.dir/microstrain_inertial_driver_common/src/utils/mip/ros_connection.cpp.o[0m
[84.346s] [ 96%] [32mBuilding CXX object CMakeFiles/microstrain_inertial_driver_lifecycle_node.dir/microstrain_inertial_driver_common/src/utils/mip/ros_mip_device_aux.cpp.o[0m
[85.774s] [ 97%] [32mBuilding CXX object CMakeFiles/microstrain_inertial_driver_lifecycle_node.dir/microstrain_inertial_driver_common/src/utils/mip/ros_connection.cpp.o[0m
[90.903s] [ 98%] [32m[1mLinking CXX executable microstrain_inertial_driver_node[0m
[91.499s] [100%] [32m[1mLinking CXX executable microstrain_inertial_driver_lifecycle_node[0m
[91.576s] [100%] Built target microstrain_inertial_driver_node
[92.028s] [100%] Built target microstrain_inertial_driver_lifecycle_node
[92.063s] Invoked command in '/home/devam/turtlebot3_ws/src/build/microstrain_inertial_driver' returned '0': AMENT_PREFIX_PATH=/home/devam/turtlebot3_ws/src/install/microstrain_inertial_msgs:${AMENT_PREFIX_PATH} CMAKE_PREFIX_PATH=/home/devam/turtlebot3_ws/src/install/microstrain_inertial_msgs:/home/devam/turtlebot4_ws/install/turtlebot4_simulator:/home/devam/turtlebot4_ws/install/turtlebot4_ignition_bringup:/home/devam/turtlebot4_ws/install/turtlebot4_node:/home/devam/turtlebot4_ws/install/turtlebot4_navigation:/home/devam/turtlebot4_ws/install/turtlebot4_ignition_toolbox:/home/devam/turtlebot4_ws/install/turtlebot4_msgs:/home/devam/turtlebot4_ws/install/turtlebot4_ignition_gui_plugins:/home/devam/turtlebot4_ws/install/turtlebot4_description:/home/devam/turtlebot3_ws/install/velodyne_simulator:/home/devam/turtlebot3_ws/install/velodyne:/home/devam/turtlebot3_ws/install/velodyne_pointcloud:/home/devam/turtlebot3_ws/install/velodyne_driver:/home/devam/turtlebot3_ws/install/velodyne_msgs:/home/devam/turtlebot3_ws/install/velodyne_laserscan:/home/devam/turtlebot3_ws/install/velodyne_gazebo_plugins:/home/devam/turtlebot3_ws/install/velodyne_description:/home/devam/turtlebot3_ws/install/turtlebot3:/home/devam/turtlebot3_ws/install/turtlebot3_simulations:/home/devam/turtlebot3_ws/install/turtlebot3_bringup:/home/devam/turtlebot3_ws/install/turtlebot3_node:/home/devam/turtlebot3_ws/install/turtlebot3_navigation2:/home/devam/turtlebot3_ws/install/turtlebot3_fake_node:/home/devam/turtlebot3_ws/install/turtlebot3_msgs:/home/devam/turtlebot3_ws/install/turtlebot3_gazebo:/home/devam/turtlebot3_ws/install/turtlebot3_description:/home/devam/turtlebot3_ws/install/turtlebot3_cartographer:/home/devam/turtlebot3_ws/install/robot_gazebo:/home/devam/turtlebot3_ws/install/robot_description:/home/devam/turtlebot3_ws/install/robot_control:/home/devam/turtlebot3_ws/install/microstrain_inertial_msgs:/home/devam/turtlebot3_ws/install/microstrain_inertial_description:/home/devam/turtlebot3_ws/install/lio_sam:/home/devam/FYP_ROS2/install/occ_map_creator:/home/devam/FYP_ROS2/install/ekf_slam:/home/devam/FYP_ROS2/install/ekf_localization:/home/devam/turtlebot3_ws/install/turtlebot3_teleop:/home/devam/turtlebot3_ws/install/turtlebot3_rtabmap_slam:/home/devam/turtlebot3_ws/install/turtlebot3_example:/home/devam/turtlebot3_ws/install/microstrain_inertial_rqt:/opt/ros/humble LD_LIBRARY_PATH=/home/devam/turtlebot3_ws/src/install/microstrain_inertial_msgs/lib:/home/devam/turtlebot4_ws/install/turtlebot4_msgs/lib:/home/devam/turtlebot3_ws/install/velodyne_pointcloud/lib:/home/devam/turtlebot3_ws/install/velodyne_driver/lib:/home/devam/turtlebot3_ws/install/velodyne_msgs/lib:/home/devam/turtlebot3_ws/install/velodyne_laserscan/lib:/home/devam/turtlebot3_ws/install/velodyne_gazebo_plugins/lib:/home/devam/turtlebot3_ws/install/turtlebot3_msgs/lib:/home/devam/turtlebot3_ws/install/microstrain_inertial_msgs/lib:/home/devam/turtlebot3_ws/install/lio_sam/lib:/usr/lib/x86_64-linux-gnu/gazebo-11/plugins:/opt/ros/humble/opt/rviz_ogre_vendor/lib:/opt/ros/humble/lib/x86_64-linux-gnu:/opt/ros/humble/lib:/usr/share/gazebo/../../lib/x86_64-linux-gnu/gazebo-11/plugins PYTHONPATH=/home/devam/turtlebot3_ws/src/install/microstrain_inertial_msgs/local/lib/python3.10/dist-packages:${PYTHONPATH} /usr/local/bin/cmake --build /home/devam/turtlebot3_ws/src/build/microstrain_inertial_driver
[92.077s] Invoking command in '/home/devam/turtlebot3_ws/src/build/microstrain_inertial_driver': AMENT_PREFIX_PATH=/home/devam/turtlebot3_ws/src/install/microstrain_inertial_msgs:${AMENT_PREFIX_PATH} CMAKE_PREFIX_PATH=/home/devam/turtlebot3_ws/src/install/microstrain_inertial_msgs:/home/devam/turtlebot4_ws/install/turtlebot4_simulator:/home/devam/turtlebot4_ws/install/turtlebot4_ignition_bringup:/home/devam/turtlebot4_ws/install/turtlebot4_node:/home/devam/turtlebot4_ws/install/turtlebot4_navigation:/home/devam/turtlebot4_ws/install/turtlebot4_ignition_toolbox:/home/devam/turtlebot4_ws/install/turtlebot4_msgs:/home/devam/turtlebot4_ws/install/turtlebot4_ignition_gui_plugins:/home/devam/turtlebot4_ws/install/turtlebot4_description:/home/devam/turtlebot3_ws/install/velodyne_simulator:/home/devam/turtlebot3_ws/install/velodyne:/home/devam/turtlebot3_ws/install/velodyne_pointcloud:/home/devam/turtlebot3_ws/install/velodyne_driver:/home/devam/turtlebot3_ws/install/velodyne_msgs:/home/devam/turtlebot3_ws/install/velodyne_laserscan:/home/devam/turtlebot3_ws/install/velodyne_gazebo_plugins:/home/devam/turtlebot3_ws/install/velodyne_description:/home/devam/turtlebot3_ws/install/turtlebot3:/home/devam/turtlebot3_ws/install/turtlebot3_simulations:/home/devam/turtlebot3_ws/install/turtlebot3_bringup:/home/devam/turtlebot3_ws/install/turtlebot3_node:/home/devam/turtlebot3_ws/install/turtlebot3_navigation2:/home/devam/turtlebot3_ws/install/turtlebot3_fake_node:/home/devam/turtlebot3_ws/install/turtlebot3_msgs:/home/devam/turtlebot3_ws/install/turtlebot3_gazebo:/home/devam/turtlebot3_ws/install/turtlebot3_description:/home/devam/turtlebot3_ws/install/turtlebot3_cartographer:/home/devam/turtlebot3_ws/install/robot_gazebo:/home/devam/turtlebot3_ws/install/robot_description:/home/devam/turtlebot3_ws/install/robot_control:/home/devam/turtlebot3_ws/install/microstrain_inertial_msgs:/home/devam/turtlebot3_ws/install/microstrain_inertial_description:/home/devam/turtlebot3_ws/install/lio_sam:/home/devam/FYP_ROS2/install/occ_map_creator:/home/devam/FYP_ROS2/install/ekf_slam:/home/devam/FYP_ROS2/install/ekf_localization:/home/devam/turtlebot3_ws/install/turtlebot3_teleop:/home/devam/turtlebot3_ws/install/turtlebot3_rtabmap_slam:/home/devam/turtlebot3_ws/install/turtlebot3_example:/home/devam/turtlebot3_ws/install/microstrain_inertial_rqt:/opt/ros/humble LD_LIBRARY_PATH=/home/devam/turtlebot3_ws/src/install/microstrain_inertial_msgs/lib:/home/devam/turtlebot4_ws/install/turtlebot4_msgs/lib:/home/devam/turtlebot3_ws/install/velodyne_pointcloud/lib:/home/devam/turtlebot3_ws/install/velodyne_driver/lib:/home/devam/turtlebot3_ws/install/velodyne_msgs/lib:/home/devam/turtlebot3_ws/install/velodyne_laserscan/lib:/home/devam/turtlebot3_ws/install/velodyne_gazebo_plugins/lib:/home/devam/turtlebot3_ws/install/turtlebot3_msgs/lib:/home/devam/turtlebot3_ws/install/microstrain_inertial_msgs/lib:/home/devam/turtlebot3_ws/install/lio_sam/lib:/usr/lib/x86_64-linux-gnu/gazebo-11/plugins:/opt/ros/humble/opt/rviz_ogre_vendor/lib:/opt/ros/humble/lib/x86_64-linux-gnu:/opt/ros/humble/lib:/usr/share/gazebo/../../lib/x86_64-linux-gnu/gazebo-11/plugins PYTHONPATH=/home/devam/turtlebot3_ws/src/install/microstrain_inertial_msgs/local/lib/python3.10/dist-packages:${PYTHONPATH} /usr/local/bin/cmake --install /home/devam/turtlebot3_ws/src/build/microstrain_inertial_driver
[92.083s] -- Install configuration: "Release"
[92.085s] -- Execute custom install script
[92.086s] -- Symlinking: /home/devam/turtlebot3_ws/src/install/microstrain_inertial_driver/lib/microstrain_inertial_driver/microstrain_inertial_driver_lifecycle_node
[92.091s] -- Symlinking: /home/devam/turtlebot3_ws/src/install/microstrain_inertial_driver/lib/microstrain_inertial_driver/microstrain_inertial_driver_node
[92.096s] -- Symlinking: /home/devam/turtlebot3_ws/src/install/microstrain_inertial_driver/share/microstrain_inertial_driver/launch/microstrain_launch.py
[92.101s] -- Symlinking: /home/devam/turtlebot3_ws/src/install/microstrain_inertial_driver/share/microstrain_inertial_driver/launch/microstrain_lifecycle_launch.py
[92.104s] -- Symlinking: /home/devam/turtlebot3_ws/src/install/microstrain_inertial_driver/share/microstrain_inertial_driver/config/empty.yml
[92.110s] -- Symlinking: /home/devam/turtlebot3_ws/src/install/microstrain_inertial_driver/share/microstrain_inertial_driver/microstrain_inertial_driver_common/config/params.yml
[92.115s] -- Symlinking: /home/devam/turtlebot3_ws/src/install/microstrain_inertial_driver/share/ament_index/resource_index/package_run_dependencies/microstrain_inertial_driver
[92.119s] -- Symlinking: /home/devam/turtlebot3_ws/src/install/microstrain_inertial_driver/share/ament_index/resource_index/parent_prefix_path/microstrain_inertial_driver
[92.124s] -- Symlinking: /home/devam/turtlebot3_ws/src/install/microstrain_inertial_driver/share/microstrain_inertial_driver/environment/ament_prefix_path.sh
[92.129s] -- Symlinking: /home/devam/turtlebot3_ws/src/install/microstrain_inertial_driver/share/microstrain_inertial_driver/environment/ament_prefix_path.dsv
[92.133s] -- Symlinking: /home/devam/turtlebot3_ws/src/install/microstrain_inertial_driver/share/microstrain_inertial_driver/environment/path.sh
[92.137s] -- Symlinking: /home/devam/turtlebot3_ws/src/install/microstrain_inertial_driver/share/microstrain_inertial_driver/environment/path.dsv
[92.142s] -- Symlinking: /home/devam/turtlebot3_ws/src/install/microstrain_inertial_driver/share/microstrain_inertial_driver/local_setup.bash
[92.147s] -- Symlinking: /home/devam/turtlebot3_ws/src/install/microstrain_inertial_driver/share/microstrain_inertial_driver/local_setup.sh
[92.151s] -- Symlinking: /home/devam/turtlebot3_ws/src/install/microstrain_inertial_driver/share/microstrain_inertial_driver/local_setup.zsh
[92.155s] -- Symlinking: /home/devam/turtlebot3_ws/src/install/microstrain_inertial_driver/share/microstrain_inertial_driver/local_setup.dsv
[92.160s] -- Symlinking: /home/devam/turtlebot3_ws/src/install/microstrain_inertial_driver/share/microstrain_inertial_driver/package.dsv
[92.165s] -- Symlinking: /home/devam/turtlebot3_ws/src/install/microstrain_inertial_driver/share/ament_index/resource_index/packages/microstrain_inertial_driver
[92.169s] -- Symlinking: /home/devam/turtlebot3_ws/src/install/microstrain_inertial_driver/share/microstrain_inertial_driver/cmake/ament_cmake_export_dependencies-extras.cmake
[92.174s] -- Symlinking: /home/devam/turtlebot3_ws/src/install/microstrain_inertial_driver/share/microstrain_inertial_driver/cmake/microstrain_inertial_driverConfig.cmake
[92.178s] -- Symlinking: /home/devam/turtlebot3_ws/src/install/microstrain_inertial_driver/share/microstrain_inertial_driver/cmake/microstrain_inertial_driverConfig-version.cmake
[92.182s] -- Symlinking: /home/devam/turtlebot3_ws/src/install/microstrain_inertial_driver/share/microstrain_inertial_driver/package.xml
[92.191s] Invoked command in '/home/devam/turtlebot3_ws/src/build/microstrain_inertial_driver' returned '0': AMENT_PREFIX_PATH=/home/devam/turtlebot3_ws/src/install/microstrain_inertial_msgs:${AMENT_PREFIX_PATH} CMAKE_PREFIX_PATH=/home/devam/turtlebot3_ws/src/install/microstrain_inertial_msgs:/home/devam/turtlebot4_ws/install/turtlebot4_simulator:/home/devam/turtlebot4_ws/install/turtlebot4_ignition_bringup:/home/devam/turtlebot4_ws/install/turtlebot4_node:/home/devam/turtlebot4_ws/install/turtlebot4_navigation:/home/devam/turtlebot4_ws/install/turtlebot4_ignition_toolbox:/home/devam/turtlebot4_ws/install/turtlebot4_msgs:/home/devam/turtlebot4_ws/install/turtlebot4_ignition_gui_plugins:/home/devam/turtlebot4_ws/install/turtlebot4_description:/home/devam/turtlebot3_ws/install/velodyne_simulator:/home/devam/turtlebot3_ws/install/velodyne:/home/devam/turtlebot3_ws/install/velodyne_pointcloud:/home/devam/turtlebot3_ws/install/velodyne_driver:/home/devam/turtlebot3_ws/install/velodyne_msgs:/home/devam/turtlebot3_ws/install/velodyne_laserscan:/home/devam/turtlebot3_ws/install/velodyne_gazebo_plugins:/home/devam/turtlebot3_ws/install/velodyne_description:/home/devam/turtlebot3_ws/install/turtlebot3:/home/devam/turtlebot3_ws/install/turtlebot3_simulations:/home/devam/turtlebot3_ws/install/turtlebot3_bringup:/home/devam/turtlebot3_ws/install/turtlebot3_node:/home/devam/turtlebot3_ws/install/turtlebot3_navigation2:/home/devam/turtlebot3_ws/install/turtlebot3_fake_node:/home/devam/turtlebot3_ws/install/turtlebot3_msgs:/home/devam/turtlebot3_ws/install/turtlebot3_gazebo:/home/devam/turtlebot3_ws/install/turtlebot3_description:/home/devam/turtlebot3_ws/install/turtlebot3_cartographer:/home/devam/turtlebot3_ws/install/robot_gazebo:/home/devam/turtlebot3_ws/install/robot_description:/home/devam/turtlebot3_ws/install/robot_control:/home/devam/turtlebot3_ws/install/microstrain_inertial_msgs:/home/devam/turtlebot3_ws/install/microstrain_inertial_description:/home/devam/turtlebot3_ws/install/lio_sam:/home/devam/FYP_ROS2/install/occ_map_creator:/home/devam/FYP_ROS2/install/ekf_slam:/home/devam/FYP_ROS2/install/ekf_localization:/home/devam/turtlebot3_ws/install/turtlebot3_teleop:/home/devam/turtlebot3_ws/install/turtlebot3_rtabmap_slam:/home/devam/turtlebot3_ws/install/turtlebot3_example:/home/devam/turtlebot3_ws/install/microstrain_inertial_rqt:/opt/ros/humble LD_LIBRARY_PATH=/home/devam/turtlebot3_ws/src/install/microstrain_inertial_msgs/lib:/home/devam/turtlebot4_ws/install/turtlebot4_msgs/lib:/home/devam/turtlebot3_ws/install/velodyne_pointcloud/lib:/home/devam/turtlebot3_ws/install/velodyne_driver/lib:/home/devam/turtlebot3_ws/install/velodyne_msgs/lib:/home/devam/turtlebot3_ws/install/velodyne_laserscan/lib:/home/devam/turtlebot3_ws/install/velodyne_gazebo_plugins/lib:/home/devam/turtlebot3_ws/install/turtlebot3_msgs/lib:/home/devam/turtlebot3_ws/install/microstrain_inertial_msgs/lib:/home/devam/turtlebot3_ws/install/lio_sam/lib:/usr/lib/x86_64-linux-gnu/gazebo-11/plugins:/opt/ros/humble/opt/rviz_ogre_vendor/lib:/opt/ros/humble/lib/x86_64-linux-gnu:/opt/ros/humble/lib:/usr/share/gazebo/../../lib/x86_64-linux-gnu/gazebo-11/plugins PYTHONPATH=/home/devam/turtlebot3_ws/src/install/microstrain_inertial_msgs/local/lib/python3.10/dist-packages:${PYTHONPATH} /usr/local/bin/cmake --install /home/devam/turtlebot3_ws/src/build/microstrain_inertial_driver
