[33mCMake Warning (dev) at /usr/lib/x86_64-linux-gnu/cmake/pcl/PCLConfig.cmake:146 (find_package):
  Policy CMP0144 is not set: find_package uses upper-case <PACKAGENAME>_ROOT
  variables.  Run "cmake --help-policy CMP0144" for policy details.  Use the
  cmake_policy command to set the policy and suppress this warning.

  CMake variable EIGEN_ROOT is set to:

    /usr/include/eigen3

  For compatibility, find_package is ignoring the variable, but code in a
  .cmake module might still use it.
Call Stack (most recent call first):
  /usr/lib/x86_64-linux-gnu/cmake/pcl/PCLConfig.cmake:299 (find_eigen)
  /usr/lib/x86_64-linux-gnu/cmake/pcl/PCLConfig.cmake:543 (find_external_library)
  /opt/ros/humble/share/pcl_conversions/cmake/ament_cmake_export_dependencies-extras.cmake:21 (find_package)
  /opt/ros/humble/share/pcl_conversions/cmake/pcl_conversionsConfig.cmake:41 (include)
  /home/devam/turtlebot3_ws/src/install/rtabmap_util/share/rtabmap_util/cmake/ament_cmake_export_dependencies-extras.cmake:21 (find_package)
  /home/devam/turtlebot3_ws/src/install/rtabmap_util/share/rtabmap_util/cmake/rtabmap_utilConfig.cmake:41 (include)
  CMakeLists.txt:36 (find_package)
This warning is for project developers.  Use -Wno-dev to suppress it.
[0m
[33mCMake Warning (dev) at /usr/lib/x86_64-linux-gnu/cmake/pcl/Modules/FindFLANN.cmake:44 (find_package):
  Policy CMP0144 is not set: find_package uses upper-case <PACKAGENAME>_ROOT
  variables.  Run "cmake --help-policy CMP0144" for policy details.  Use the
  cmake_policy command to set the policy and suppress this warning.

  CMake variable FLANN_ROOT is set to:

    /usr

  For compatibility, find_package is ignoring the variable, but code in a
  .cmake module might still use it.
Call Stack (most recent call first):
  /usr/lib/x86_64-linux-gnu/cmake/pcl/PCLConfig.cmake:256 (find_package)
  /usr/lib/x86_64-linux-gnu/cmake/pcl/PCLConfig.cmake:301 (find_flann)
  /usr/lib/x86_64-linux-gnu/cmake/pcl/PCLConfig.cmake:543 (find_external_library)
  /opt/ros/humble/share/pcl_conversions/cmake/ament_cmake_export_dependencies-extras.cmake:21 (find_package)
  /opt/ros/humble/share/pcl_conversions/cmake/pcl_conversionsConfig.cmake:41 (include)
  /home/devam/turtlebot3_ws/src/install/rtabmap_util/share/rtabmap_util/cmake/ament_cmake_export_dependencies-extras.cmake:21 (find_package)
  /home/devam/turtlebot3_ws/src/install/rtabmap_util/share/rtabmap_util/cmake/rtabmap_utilConfig.cmake:41 (include)
  CMakeLists.txt:36 (find_package)
This warning is for project developers.  Use -Wno-dev to suppress it.
[0m
[33mCMake Warning at CMakeLists.txt:42 (find_package):
  By not providing "Findaruco_markers_msgs.cmake" in CMAKE_MODULE_PATH this
  project has asked CMake to find a package configuration file provided by
  "aruco_markers_msgs", but CMake did not find one.

  Could not find a package configuration file provided by
  "aruco_markers_msgs" with any of the following names:

    aruco_markers_msgsConfig.cmake
    aruco_markers_msgs-config.cmake

  Add the installation prefix of "aruco_markers_msgs" to CMAKE_PREFIX_PATH or
  set "aruco_markers_msgs_DIR" to a directory containing one of the above
  files.  If "aruco_markers_msgs" provides a separate development package or
  SDK, be sure it has been installed.

[0m
[33mCMake Warning at CMakeLists.txt:44 (find_package):
  By not providing "Findros2_aruco_interfaces.cmake" in CMAKE_MODULE_PATH
  this project has asked CMake to find a package configuration file provided
  by "ros2_aruco_interfaces", but CMake did not find one.

  Could not find a package configuration file provided by
  "ros2_aruco_interfaces" with any of the following names:

    ros2_aruco_interfacesConfig.cmake
    ros2_aruco_interfaces-config.cmake

  Add the installation prefix of "ros2_aruco_interfaces" to CMAKE_PREFIX_PATH
  or set "ros2_aruco_interfaces_DIR" to a directory containing one of the
  above files.  If "ros2_aruco_interfaces" provides a separate development
  package or SDK, be sure it has been installed.

[0m
