[0.012s] Invoking command in '/home/devam/turtlebot3_ws/src/build/rtabmap_util': AMENT_PREFIX_PATH=/home/devam/turtlebot3_ws/src/install/rtabmap_conversions:/home/devam/turtlebot3_ws/src/install/rtabmap_msgs:${AMENT_PREFIX_PATH} CMAKE_PREFIX_PATH=/home/devam/turtlebot3_ws/src/install/rtabmap_conversions:/home/devam/turtlebot3_ws/src/install/rtabmap_msgs:/home/devam/turtlebot3_ws/src/install/rtabmap:/home/devam/turtlebot4_ws/install/turtlebot4_simulator:/home/devam/turtlebot4_ws/install/turtlebot4_ignition_bringup:/home/devam/turtlebot4_ws/install/turtlebot4_node:/home/devam/turtlebot4_ws/install/turtlebot4_navigation:/home/devam/turtlebot4_ws/install/turtlebot4_ignition_toolbox:/home/devam/turtlebot4_ws/install/turtlebot4_msgs:/home/devam/turtlebot4_ws/install/turtlebot4_ignition_gui_plugins:/home/devam/turtlebot4_ws/install/turtlebot4_description:/home/devam/turtlebot3_ws/install/velodyne_simulator:/home/devam/turtlebot3_ws/install/velodyne:/home/devam/turtlebot3_ws/install/velodyne_pointcloud:/home/devam/turtlebot3_ws/install/velodyne_driver:/home/devam/turtlebot3_ws/install/velodyne_msgs:/home/devam/turtlebot3_ws/install/velodyne_laserscan:/home/devam/turtlebot3_ws/install/velodyne_gazebo_plugins:/home/devam/turtlebot3_ws/install/velodyne_description:/home/devam/turtlebot3_ws/install/turtlebot3:/home/devam/turtlebot3_ws/install/turtlebot3_simulations:/home/devam/turtlebot3_ws/install/turtlebot3_bringup:/home/devam/turtlebot3_ws/install/turtlebot3_node:/home/devam/turtlebot3_ws/install/turtlebot3_navigation2:/home/devam/turtlebot3_ws/install/turtlebot3_fake_node:/home/devam/turtlebot3_ws/install/turtlebot3_msgs:/home/devam/turtlebot3_ws/install/turtlebot3_gazebo:/home/devam/turtlebot3_ws/install/turtlebot3_description:/home/devam/turtlebot3_ws/install/turtlebot3_cartographer:/home/devam/turtlebot3_ws/install/robot_gazebo:/home/devam/turtlebot3_ws/install/robot_description:/home/devam/turtlebot3_ws/install/robot_control:/home/devam/turtlebot3_ws/install/microstrain_inertial_msgs:/home/devam/turtlebot3_ws/install/microstrain_inertial_description:/home/devam/turtlebot3_ws/install/lio_sam:/home/devam/FYP_ROS2/install/occ_map_creator:/home/devam/FYP_ROS2/install/ekf_slam:/home/devam/FYP_ROS2/install/ekf_localization:/home/devam/turtlebot3_ws/install/turtlebot3_teleop:/home/devam/turtlebot3_ws/install/turtlebot3_rtabmap_slam:/home/devam/turtlebot3_ws/install/turtlebot3_example:/home/devam/turtlebot3_ws/install/microstrain_inertial_rqt:/opt/ros/humble LD_LIBRARY_PATH=/home/devam/turtlebot3_ws/src/install/rtabmap_conversions/lib:/home/devam/turtlebot3_ws/src/install/rtabmap_msgs/lib:/home/devam/turtlebot3_ws/src/install/rtabmap/lib:/home/devam/turtlebot4_ws/install/turtlebot4_msgs/lib:/home/devam/turtlebot3_ws/install/velodyne_pointcloud/lib:/home/devam/turtlebot3_ws/install/velodyne_driver/lib:/home/devam/turtlebot3_ws/install/velodyne_msgs/lib:/home/devam/turtlebot3_ws/install/velodyne_laserscan/lib:/home/devam/turtlebot3_ws/install/velodyne_gazebo_plugins/lib:/home/devam/turtlebot3_ws/install/turtlebot3_msgs/lib:/home/devam/turtlebot3_ws/install/microstrain_inertial_msgs/lib:/home/devam/turtlebot3_ws/install/lio_sam/lib:/usr/lib/x86_64-linux-gnu/gazebo-11/plugins:/opt/ros/humble/opt/rviz_ogre_vendor/lib:/opt/ros/humble/lib/x86_64-linux-gnu:/opt/ros/humble/lib:/usr/share/gazebo/../../lib/x86_64-linux-gnu/gazebo-11/plugins PATH=/home/devam/turtlebot3_ws/src/install/rtabmap/bin:${PATH} PKG_CONFIG_PATH=/home/devam/turtlebot3_ws/src/install/rtabmap/lib/x86_64-linux-gnu/pkgconfig:/home/devam/turtlebot3_ws/src/install/rtabmap/lib/pkgconfig PYTHONPATH=/home/devam/turtlebot3_ws/src/install/rtabmap_msgs/local/lib/python3.10/dist-packages:${PYTHONPATH} /usr/local/bin/cmake /home/devam/turtlebot3_ws/src/src/rtabmap_ros/rtabmap_util -DCMAKE_BUILD_TYPE=Release -DAMENT_CMAKE_SYMLINK_INSTALL=1 -DCMAKE_INSTALL_PREFIX=/home/devam/turtlebot3_ws/src/install/rtabmap_util
[0.054s] -- The C compiler identification is GNU 11.4.0
[0.102s] -- The CXX compiler identification is GNU 11.4.0
[0.114s] -- Detecting C compiler ABI info
[0.217s] -- Detecting C compiler ABI info - done
[0.229s] -- Check for working C compiler: /usr/bin/cc - skipped
[0.229s] -- Detecting C compile features
[0.229s] -- Detecting C compile features - done
[0.240s] -- Detecting CXX compiler ABI info
[0.323s] -- Detecting CXX compiler ABI info - done
[0.329s] -- Check for working CXX compiler: /usr/bin/c++ - skipped
[0.329s] -- Detecting CXX compile features
[0.329s] -- Detecting CXX compile features - done
[0.335s] -- Found OpenCV: /usr (found version "4.5.4") found components: core calib3d imgproc highgui stitching photo video aruco objdetect missing components: xfeatures2d nonfree gpu cudafeatures2d
[0.344s] [33mCMake Warning (dev) at /usr/lib/x86_64-linux-gnu/cmake/pcl/PCLConfig.cmake:146 (find_package):
[0.345s]   Policy CMP0144 is not set: find_package uses upper-case <PACKAGENAME>_ROOT
[0.345s]   variables.  Run "cmake --help-policy CMP0144" for policy details.  Use the
[0.345s]   cmake_policy command to set the policy and suppress this warning.
[0.345s] 
[0.345s]   CMake variable EIGEN_ROOT is set to:
[0.345s] 
[0.345s]     /usr/include/eigen3
[0.345s] 
[0.345s]   For compatibility, find_package is ignoring the variable, but code in a
[0.345s]   .cmake module might still use it.
[0.345s] Call Stack (most recent call first):
[0.345s]   /usr/lib/x86_64-linux-gnu/cmake/pcl/PCLConfig.cmake:299 (find_eigen)
[0.345s]   /usr/lib/x86_64-linux-gnu/cmake/pcl/PCLConfig.cmake:543 (find_external_library)
[0.345s]   /usr/local/share/cmake-3.27/Modules/CMakeFindDependencyMacro.cmake:76 (find_package)
[0.345s]   /home/devam/turtlebot3_ws/src/install/rtabmap/lib/rtabmap-0.22/RTABMapConfig.cmake:7 (find_dependency)
[0.345s]   CMakeLists.txt:8 (find_package)
[0.345s] This warning is for project developers.  Use -Wno-dev to suppress it.
[0.345s] [0m
[0.347s] -- Checking for module 'eigen3'
[0.356s] --   Found eigen3, version 3.4.0
[0.377s] -- Found Eigen: /usr/include/eigen3 (Required is at least version "3.1") 
[0.377s] -- Eigen found (include: /usr/include/eigen3, version: 3.4.0)
[0.399s] -- Found Boost: /usr/lib/x86_64-linux-gnu/cmake/Boost-1.74.0/BoostConfig.cmake (found suitable version "1.74.0", minimum required is "1.65.0") found components: system filesystem date_time iostreams serialization 
[0.439s] -- Checking for module 'libusb-1.0'
[0.449s] --   Found libusb-1.0, version 1.0.25
[0.476s] -- Found libusb: /usr/lib/x86_64-linux-gnu/libusb-1.0.so  
[0.477s] -- Found OpenNI: /usr/lib/libOpenNI.so;libusb::libusb (found version "1.5.4.0") 
[0.477s] -- OpenNI found (version: 1.5.4.0, include: /usr/include/ni, lib: /usr/lib/libOpenNI.so;libusb::libusb)
[0.516s] -- Found OpenNI2: /usr/lib/x86_64-linux-gnu/libOpenNI2.so;libusb::libusb (found version "2.2.0.33") 
[0.516s] -- OpenNI2 found (version: 2.2.0.33, include: /usr/include/openni2, lib: /usr/lib/x86_64-linux-gnu/libOpenNI2.so;libusb::libusb)
[0.516s] [0m** WARNING ** io features related to pcap will be disabled[0m
[0.516s] [0m** WARNING ** io features related to png will be disabled[0m
[0.537s] -- Performing Test CMAKE_HAVE_LIBC_PTHREAD
[0.582s] -- Performing Test CMAKE_HAVE_LIBC_PTHREAD - Success
[0.583s] -- Found Threads: TRUE  
[0.585s] -- Found GLEW: /usr/lib/x86_64-linux-gnu/libGLEW.so  
[0.594s] -- Found OpenGL: /usr/lib/x86_64-linux-gnu/libOpenGL.so  found components: OpenGL GLX 
[0.688s] -- Found MPI_C: /usr/lib/x86_64-linux-gnu/libmpi.so (found version "3.1") 
[0.688s] -- Found MPI: TRUE (found version "3.1") found components: C 
[0.690s] -- Found JsonCpp: /usr/lib/x86_64-linux-gnu/libjsoncpp.so (found suitable version "1.9.5", minimum required is "0.7.0") 
[0.700s] -- Found ZLIB: /usr/lib/x86_64-linux-gnu/libz.so (found version "1.2.11")  
[0.714s] -- Found PNG: /usr/lib/x86_64-linux-gnu/libpng.so (found version "1.6.37") 
[0.721s] -- Found Eigen3: /usr/include/eigen3 (found version "3.4.0") 
[0.826s] -- Found X11: /usr/include   
[0.826s] -- Looking for XOpenDisplay in /usr/lib/x86_64-linux-gnu/libX11.so;/usr/lib/x86_64-linux-gnu/libXext.so
[0.873s] -- Looking for XOpenDisplay in /usr/lib/x86_64-linux-gnu/libX11.so;/usr/lib/x86_64-linux-gnu/libXext.so - found
[0.873s] -- Looking for gethostbyname
[0.919s] -- Looking for gethostbyname - found
[0.919s] -- Looking for connect
[0.960s] -- Looking for connect - found
[0.960s] -- Looking for remove
[1.009s] -- Looking for remove - found
[1.009s] -- Looking for shmat
[1.055s] -- Looking for shmat - found
[1.055s] -- Looking for IceConnectionNumber in ICE
[1.095s] -- Looking for IceConnectionNumber in ICE - found
[1.183s] -- Found EXPAT: /usr/lib/x86_64-linux-gnu/libexpat.so (found version "2.4.7") 
[1.185s] -- Found double-conversion: /usr/lib/x86_64-linux-gnu/libdouble-conversion.so  
[1.187s] -- Found LZ4: /usr/lib/x86_64-linux-gnu/liblz4.so (found version "1.9.3") 
[1.188s] -- Found LZMA: /usr/lib/x86_64-linux-gnu/liblzma.so (found version "5.2.5") 
[1.196s] -- Found JPEG: /usr/lib/x86_64-linux-gnu/libjpeg.so (found version "80") 
[1.201s] -- Found TIFF: /usr/lib/x86_64-linux-gnu/libtiff.so (found version "4.3.0")  
[1.203s] -- Found Freetype: /usr/lib/x86_64-linux-gnu/libfreetype.so (found version "2.11.1") 
[1.206s] -- Found utf8cpp: /usr/include/utf8cpp  
[1.226s] -- Eigen found (include: /usr/include/eigen3, version: 3.4.0)
[1.226s] [33mCMake Warning (dev) at /usr/lib/x86_64-linux-gnu/cmake/pcl/Modules/FindFLANN.cmake:44 (find_package):
[1.226s]   Policy CMP0144 is not set: find_package uses upper-case <PACKAGENAME>_ROOT
[1.227s]   variables.  Run "cmake --help-policy CMP0144" for policy details.  Use the
[1.227s]   cmake_policy command to set the policy and suppress this warning.
[1.227s] 
[1.227s]   CMake variable FLANN_ROOT is set to:
[1.227s] 
[1.227s]     /usr
[1.227s] 
[1.227s]   For compatibility, find_package is ignoring the variable, but code in a
[1.227s]   .cmake module might still use it.
[1.227s] Call Stack (most recent call first):
[1.227s]   /usr/lib/x86_64-linux-gnu/cmake/pcl/PCLConfig.cmake:256 (find_package)
[1.227s]   /usr/lib/x86_64-linux-gnu/cmake/pcl/PCLConfig.cmake:301 (find_flann)
[1.227s]   /usr/lib/x86_64-linux-gnu/cmake/pcl/PCLConfig.cmake:543 (find_external_library)
[1.227s]   /usr/local/share/cmake-3.27/Modules/CMakeFindDependencyMacro.cmake:76 (find_package)
[1.227s]   /home/devam/turtlebot3_ws/src/install/rtabmap/lib/rtabmap-0.22/RTABMapConfig.cmake:7 (find_dependency)
[1.227s]   CMakeLists.txt:8 (find_package)
[1.227s] This warning is for project developers.  Use -Wno-dev to suppress it.
[1.227s] [0m
[1.236s] -- Checking for module 'flann'
[1.246s] --   Found flann, version 1.9.1
[1.283s] -- Found FLANN: /usr/lib/x86_64-linux-gnu/libflann_cpp.so  
[1.283s] -- FLANN found (include: /usr/include, lib: /usr/lib/x86_64-linux-gnu/libflann_cpp.so)
[1.287s] -- Found Qhull version 8.0.2
[1.785s] -- OpenNI found (version: 1.5.4.0, include: /usr/include/ni, lib: /usr/lib/libOpenNI.so;libusb::libusb)
[1.789s] -- OpenNI2 found (version: 2.2.0.33, include: /usr/include/openni2, lib: /usr/lib/x86_64-linux-gnu/libOpenNI2.so;libusb::libusb)
[1.946s] -- looking for PCL_COMMON
[1.946s] -- Found PCL_COMMON: /usr/lib/x86_64-linux-gnu/libpcl_common.so  
[1.946s] -- looking for PCL_OCTREE
[1.947s] -- Found PCL_OCTREE: /usr/lib/x86_64-linux-gnu/libpcl_octree.so  
[1.947s] -- looking for PCL_IO
[1.947s] -- Found PCL_IO: /usr/lib/x86_64-linux-gnu/libpcl_io.so  
[1.947s] -- looking for PCL_KDTREE
[1.948s] -- Found PCL_KDTREE: /usr/lib/x86_64-linux-gnu/libpcl_kdtree.so  
[1.948s] -- looking for PCL_SEARCH
[1.949s] -- Found PCL_SEARCH: /usr/lib/x86_64-linux-gnu/libpcl_search.so  
[1.949s] -- looking for PCL_SURFACE
[1.949s] -- Found PCL_SURFACE: /usr/lib/x86_64-linux-gnu/libpcl_surface.so  
[1.949s] -- looking for PCL_FILTERS
[1.950s] -- Found PCL_FILTERS: /usr/lib/x86_64-linux-gnu/libpcl_filters.so  
[1.950s] -- looking for PCL_2D
[1.950s] -- Found PCL_2D: /usr/include/pcl-1.12  
[1.950s] -- looking for PCL_FEATURES
[1.951s] -- Found PCL_FEATURES: /usr/lib/x86_64-linux-gnu/libpcl_features.so  
[1.951s] -- looking for PCL_REGISTRATION
[1.952s] -- Found PCL_REGISTRATION: /usr/lib/x86_64-linux-gnu/libpcl_registration.so  
[1.952s] -- looking for PCL_SAMPLE_CONSENSUS
[1.952s] -- Found PCL_SAMPLE_CONSENSUS: /usr/lib/x86_64-linux-gnu/libpcl_sample_consensus.so  
[1.952s] -- looking for PCL_GEOMETRY
[1.952s] -- Found PCL_GEOMETRY: /usr/include/pcl-1.12  
[1.953s] -- looking for PCL_ML
[1.953s] -- Found PCL_ML: /usr/lib/x86_64-linux-gnu/libpcl_ml.so  
[1.953s] -- looking for PCL_SEGMENTATION
[1.954s] -- Found PCL_SEGMENTATION: /usr/lib/x86_64-linux-gnu/libpcl_segmentation.so  
[1.954s] -- looking for PCL_VISUALIZATION
[1.954s] -- Found PCL_VISUALIZATION: /usr/lib/x86_64-linux-gnu/libpcl_visualization.so  
[1.955s] -- Found PCL: pcl_common;pcl_octree;pcl_io;pcl_kdtree;pcl_search;pcl_surface;pcl_filters;pcl_features;pcl_registration;pcl_sample_consensus;pcl_ml;pcl_segmentation;pcl_visualization;Boost::system;Boost::filesystem;Boost::date_time;Boost::iostreams;Boost::serialization;/usr/lib/libOpenNI.so;libusb::libusb;/usr/lib/x86_64-linux-gnu/libOpenNI2.so;libusb::libusb;VTK::ChartsCore;VTK::CommonColor;VTK::CommonComputationalGeometry;VTK::CommonCore;VTK::CommonDataModel;VTK::CommonExecutionModel;VTK::CommonMath;VTK::CommonMisc;VTK::CommonTransforms;VTK::FiltersCore;VTK::FiltersExtraction;VTK::FiltersGeneral;VTK::FiltersGeometry;VTK::FiltersModeling;VTK::FiltersSources;VTK::ImagingCore;VTK::ImagingSources;VTK::InteractionImage;VTK::InteractionStyle;VTK::InteractionWidgets;VTK::IOCore;VTK::IOGeometry;VTK::IOImage;VTK::IOLegacy;VTK::IOPLY;VTK::RenderingAnnotation;VTK::RenderingCore;VTK::RenderingContext2D;VTK::RenderingLOD;VTK::RenderingFreeType;VTK::ViewsCore;VTK::ViewsContext2D;VTK::RenderingOpenGL2;VTK::GUISupportQt;FLANN::FLANN;QHULL::QHULL (Required is at least version "1.7") 
[1.963s] -- RTABMap=rtabmap::utilite;rtabmap::core;rtabmap::gui
[1.965s] -- Found ament_cmake: 1.3.11 (/opt/ros/humble/share/ament_cmake/cmake)
[2.065s] -- Found Python3: /usr/bin/python3 (found version "3.10.12") found components: Interpreter 
[2.103s] -- Override CMake install command with custom implementation using symlinks instead of copying resources
[2.135s] -- Found cv_bridge: 3.2.1 (/opt/ros/humble/share/cv_bridge/cmake)
[2.165s] -- Found rosidl_generator_c: 3.1.6 (/opt/ros/humble/share/rosidl_generator_c/cmake)
[2.170s] -- Found rosidl_adapter: 3.1.6 (/opt/ros/humble/share/rosidl_adapter/cmake)
[2.178s] -- Found rosidl_generator_cpp: 3.1.6 (/opt/ros/humble/share/rosidl_generator_cpp/cmake)
[2.188s] -- Using all available rosidl_typesupport_c: rosidl_typesupport_fastrtps_c;rosidl_typesupport_introspection_c
[2.202s] -- Using all available rosidl_typesupport_cpp: rosidl_typesupport_fastrtps_cpp;rosidl_typesupport_introspection_cpp
[2.251s] -- Found image_transport: 3.1.12 (/opt/ros/humble/share/image_transport/cmake)
[2.291s] -- Found rmw_implementation_cmake: 6.1.2 (/opt/ros/humble/share/rmw_implementation_cmake/cmake)
[2.295s] -- Found rmw_cyclonedds_cpp: 1.3.4 (/opt/ros/humble/share/rmw_cyclonedds_cpp/cmake)
[2.315s] -- Using RMW implementation 'rmw_cyclonedds_cpp' as default
[2.379s] -- Found rclcpp_components: 16.0.12 (/opt/ros/humble/share/rclcpp_components/cmake)
[2.399s] -- Found stereo_msgs: 4.9.0 (/opt/ros/humble/share/stereo_msgs/cmake)
[2.417s] -- Found nav_msgs: 4.9.0 (/opt/ros/humble/share/nav_msgs/cmake)
[2.431s] -- Found tf2: 0.25.13 (/opt/ros/humble/share/tf2/cmake)
[2.435s] -- Found tf2_geometry_msgs: 0.25.13 (/opt/ros/humble/share/tf2_geometry_msgs/cmake)
[2.449s] -- Found eigen3_cmake_module: 0.1.1 (/opt/ros/humble/share/eigen3_cmake_module/cmake)
[2.449s] -- Found Eigen3: TRUE (found version "3.4.0") 
[2.449s] -- Ensuring Eigen3 include directory is part of orocos-kdl CMake target
[2.507s] -- Found laser_geometry: 2.4.0 (/opt/ros/humble/share/laser_geometry/cmake)
[2.511s] -- Found pcl_conversions: 2.4.5 (/opt/ros/humble/share/pcl_conversions/cmake)
[2.532s] -- Found pcl_ros: 2.4.5 (/opt/ros/humble/share/pcl_ros/cmake)
[2.543s] -- Found rtabmap_msgs: 0.22.0 (/home/devam/turtlebot3_ws/src/install/rtabmap_msgs/share/rtabmap_msgs/cmake)
[2.560s] -- Found rtabmap_conversions: 0.22.0 (/home/devam/turtlebot3_ws/src/install/rtabmap_conversions/share/rtabmap_conversions/cmake)
[2.578s] -- Found octomap_msgs: 2.0.1 (/opt/ros/humble/share/octomap_msgs/cmake)
[2.596s] -- Found grid_map_ros: 2.0.1 (/opt/ros/humble/share/grid_map_ros/cmake)
[2.698s] -- WITH octomap_msgs
[2.698s] -- WITH grid_map_ros
[3.441s] -- Configuring done (3.4s)
[3.966s] -- Generating done (0.5s)
[4.015s] -- Build files have been written to: /home/devam/turtlebot3_ws/src/build/rtabmap_util
[4.039s] Invoked command in '/home/devam/turtlebot3_ws/src/build/rtabmap_util' returned '0': AMENT_PREFIX_PATH=/home/devam/turtlebot3_ws/src/install/rtabmap_conversions:/home/devam/turtlebot3_ws/src/install/rtabmap_msgs:${AMENT_PREFIX_PATH} CMAKE_PREFIX_PATH=/home/devam/turtlebot3_ws/src/install/rtabmap_conversions:/home/devam/turtlebot3_ws/src/install/rtabmap_msgs:/home/devam/turtlebot3_ws/src/install/rtabmap:/home/devam/turtlebot4_ws/install/turtlebot4_simulator:/home/devam/turtlebot4_ws/install/turtlebot4_ignition_bringup:/home/devam/turtlebot4_ws/install/turtlebot4_node:/home/devam/turtlebot4_ws/install/turtlebot4_navigation:/home/devam/turtlebot4_ws/install/turtlebot4_ignition_toolbox:/home/devam/turtlebot4_ws/install/turtlebot4_msgs:/home/devam/turtlebot4_ws/install/turtlebot4_ignition_gui_plugins:/home/devam/turtlebot4_ws/install/turtlebot4_description:/home/devam/turtlebot3_ws/install/velodyne_simulator:/home/devam/turtlebot3_ws/install/velodyne:/home/devam/turtlebot3_ws/install/velodyne_pointcloud:/home/devam/turtlebot3_ws/install/velodyne_driver:/home/devam/turtlebot3_ws/install/velodyne_msgs:/home/devam/turtlebot3_ws/install/velodyne_laserscan:/home/devam/turtlebot3_ws/install/velodyne_gazebo_plugins:/home/devam/turtlebot3_ws/install/velodyne_description:/home/devam/turtlebot3_ws/install/turtlebot3:/home/devam/turtlebot3_ws/install/turtlebot3_simulations:/home/devam/turtlebot3_ws/install/turtlebot3_bringup:/home/devam/turtlebot3_ws/install/turtlebot3_node:/home/devam/turtlebot3_ws/install/turtlebot3_navigation2:/home/devam/turtlebot3_ws/install/turtlebot3_fake_node:/home/devam/turtlebot3_ws/install/turtlebot3_msgs:/home/devam/turtlebot3_ws/install/turtlebot3_gazebo:/home/devam/turtlebot3_ws/install/turtlebot3_description:/home/devam/turtlebot3_ws/install/turtlebot3_cartographer:/home/devam/turtlebot3_ws/install/robot_gazebo:/home/devam/turtlebot3_ws/install/robot_description:/home/devam/turtlebot3_ws/install/robot_control:/home/devam/turtlebot3_ws/install/microstrain_inertial_msgs:/home/devam/turtlebot3_ws/install/microstrain_inertial_description:/home/devam/turtlebot3_ws/install/lio_sam:/home/devam/FYP_ROS2/install/occ_map_creator:/home/devam/FYP_ROS2/install/ekf_slam:/home/devam/FYP_ROS2/install/ekf_localization:/home/devam/turtlebot3_ws/install/turtlebot3_teleop:/home/devam/turtlebot3_ws/install/turtlebot3_rtabmap_slam:/home/devam/turtlebot3_ws/install/turtlebot3_example:/home/devam/turtlebot3_ws/install/microstrain_inertial_rqt:/opt/ros/humble LD_LIBRARY_PATH=/home/devam/turtlebot3_ws/src/install/rtabmap_conversions/lib:/home/devam/turtlebot3_ws/src/install/rtabmap_msgs/lib:/home/devam/turtlebot3_ws/src/install/rtabmap/lib:/home/devam/turtlebot4_ws/install/turtlebot4_msgs/lib:/home/devam/turtlebot3_ws/install/velodyne_pointcloud/lib:/home/devam/turtlebot3_ws/install/velodyne_driver/lib:/home/devam/turtlebot3_ws/install/velodyne_msgs/lib:/home/devam/turtlebot3_ws/install/velodyne_laserscan/lib:/home/devam/turtlebot3_ws/install/velodyne_gazebo_plugins/lib:/home/devam/turtlebot3_ws/install/turtlebot3_msgs/lib:/home/devam/turtlebot3_ws/install/microstrain_inertial_msgs/lib:/home/devam/turtlebot3_ws/install/lio_sam/lib:/usr/lib/x86_64-linux-gnu/gazebo-11/plugins:/opt/ros/humble/opt/rviz_ogre_vendor/lib:/opt/ros/humble/lib/x86_64-linux-gnu:/opt/ros/humble/lib:/usr/share/gazebo/../../lib/x86_64-linux-gnu/gazebo-11/plugins PATH=/home/devam/turtlebot3_ws/src/install/rtabmap/bin:${PATH} PKG_CONFIG_PATH=/home/devam/turtlebot3_ws/src/install/rtabmap/lib/x86_64-linux-gnu/pkgconfig:/home/devam/turtlebot3_ws/src/install/rtabmap/lib/pkgconfig PYTHONPATH=/home/devam/turtlebot3_ws/src/install/rtabmap_msgs/local/lib/python3.10/dist-packages:${PYTHONPATH} /usr/local/bin/cmake /home/devam/turtlebot3_ws/src/src/rtabmap_ros/rtabmap_util -DCMAKE_BUILD_TYPE=Release -DAMENT_CMAKE_SYMLINK_INSTALL=1 -DCMAKE_INSTALL_PREFIX=/home/devam/turtlebot3_ws/src/install/rtabmap_util
[4.039s] Invoking command in '/home/devam/turtlebot3_ws/src/build/rtabmap_util': AMENT_PREFIX_PATH=/home/devam/turtlebot3_ws/src/install/rtabmap_conversions:/home/devam/turtlebot3_ws/src/install/rtabmap_msgs:${AMENT_PREFIX_PATH} CMAKE_PREFIX_PATH=/home/devam/turtlebot3_ws/src/install/rtabmap_conversions:/home/devam/turtlebot3_ws/src/install/rtabmap_msgs:/home/devam/turtlebot3_ws/src/install/rtabmap:/home/devam/turtlebot4_ws/install/turtlebot4_simulator:/home/devam/turtlebot4_ws/install/turtlebot4_ignition_bringup:/home/devam/turtlebot4_ws/install/turtlebot4_node:/home/devam/turtlebot4_ws/install/turtlebot4_navigation:/home/devam/turtlebot4_ws/install/turtlebot4_ignition_toolbox:/home/devam/turtlebot4_ws/install/turtlebot4_msgs:/home/devam/turtlebot4_ws/install/turtlebot4_ignition_gui_plugins:/home/devam/turtlebot4_ws/install/turtlebot4_description:/home/devam/turtlebot3_ws/install/velodyne_simulator:/home/devam/turtlebot3_ws/install/velodyne:/home/devam/turtlebot3_ws/install/velodyne_pointcloud:/home/devam/turtlebot3_ws/install/velodyne_driver:/home/devam/turtlebot3_ws/install/velodyne_msgs:/home/devam/turtlebot3_ws/install/velodyne_laserscan:/home/devam/turtlebot3_ws/install/velodyne_gazebo_plugins:/home/devam/turtlebot3_ws/install/velodyne_description:/home/devam/turtlebot3_ws/install/turtlebot3:/home/devam/turtlebot3_ws/install/turtlebot3_simulations:/home/devam/turtlebot3_ws/install/turtlebot3_bringup:/home/devam/turtlebot3_ws/install/turtlebot3_node:/home/devam/turtlebot3_ws/install/turtlebot3_navigation2:/home/devam/turtlebot3_ws/install/turtlebot3_fake_node:/home/devam/turtlebot3_ws/install/turtlebot3_msgs:/home/devam/turtlebot3_ws/install/turtlebot3_gazebo:/home/devam/turtlebot3_ws/install/turtlebot3_description:/home/devam/turtlebot3_ws/install/turtlebot3_cartographer:/home/devam/turtlebot3_ws/install/robot_gazebo:/home/devam/turtlebot3_ws/install/robot_description:/home/devam/turtlebot3_ws/install/robot_control:/home/devam/turtlebot3_ws/install/microstrain_inertial_msgs:/home/devam/turtlebot3_ws/install/microstrain_inertial_description:/home/devam/turtlebot3_ws/install/lio_sam:/home/devam/FYP_ROS2/install/occ_map_creator:/home/devam/FYP_ROS2/install/ekf_slam:/home/devam/FYP_ROS2/install/ekf_localization:/home/devam/turtlebot3_ws/install/turtlebot3_teleop:/home/devam/turtlebot3_ws/install/turtlebot3_rtabmap_slam:/home/devam/turtlebot3_ws/install/turtlebot3_example:/home/devam/turtlebot3_ws/install/microstrain_inertial_rqt:/opt/ros/humble LD_LIBRARY_PATH=/home/devam/turtlebot3_ws/src/install/rtabmap_conversions/lib:/home/devam/turtlebot3_ws/src/install/rtabmap_msgs/lib:/home/devam/turtlebot3_ws/src/install/rtabmap/lib:/home/devam/turtlebot4_ws/install/turtlebot4_msgs/lib:/home/devam/turtlebot3_ws/install/velodyne_pointcloud/lib:/home/devam/turtlebot3_ws/install/velodyne_driver/lib:/home/devam/turtlebot3_ws/install/velodyne_msgs/lib:/home/devam/turtlebot3_ws/install/velodyne_laserscan/lib:/home/devam/turtlebot3_ws/install/velodyne_gazebo_plugins/lib:/home/devam/turtlebot3_ws/install/turtlebot3_msgs/lib:/home/devam/turtlebot3_ws/install/microstrain_inertial_msgs/lib:/home/devam/turtlebot3_ws/install/lio_sam/lib:/usr/lib/x86_64-linux-gnu/gazebo-11/plugins:/opt/ros/humble/opt/rviz_ogre_vendor/lib:/opt/ros/humble/lib/x86_64-linux-gnu:/opt/ros/humble/lib:/usr/share/gazebo/../../lib/x86_64-linux-gnu/gazebo-11/plugins PATH=/home/devam/turtlebot3_ws/src/install/rtabmap/bin:${PATH} PKG_CONFIG_PATH=/home/devam/turtlebot3_ws/src/install/rtabmap/lib/x86_64-linux-gnu/pkgconfig:/home/devam/turtlebot3_ws/src/install/rtabmap/lib/pkgconfig PYTHONPATH=/home/devam/turtlebot3_ws/src/install/rtabmap_msgs/local/lib/python3.10/dist-packages:${PYTHONPATH} /usr/local/bin/cmake --build /home/devam/turtlebot3_ws/src/build/rtabmap_util
[4.075s] [  5%] [32mBuilding CXX object CMakeFiles/rtabmap_util_plugins.dir/src/nodelets/point_cloud_xyz.cpp.o[0m
[4.075s] [  5%] [32mBuilding CXX object CMakeFiles/rtabmap_util_plugins.dir/src/nodelets/disparity_to_depth.cpp.o[0m
[4.075s] [ 10%] [32mBuilding CXX object CMakeFiles/rtabmap_util_plugins.dir/src/nodelets/point_cloud_xyzrgb.cpp.o[0m
[4.075s] [ 10%] [32mBuilding CXX object CMakeFiles/rtabmap_util_plugins.dir/src/MapsManager.cpp.o[0m
[4.076s] [ 13%] [32mBuilding CXX object CMakeFiles/rtabmap_util_plugins.dir/src/nodelets/obstacles_detection.cpp.o[0m
[4.076s] [ 15%] [32mBuilding CXX object CMakeFiles/rtabmap_util_plugins.dir/src/nodelets/pointcloud_to_depthimage.cpp.o[0m
[18.907s] [ 18%] [32mBuilding CXX object CMakeFiles/rtabmap_util_plugins.dir/src/nodelets/point_cloud_aggregator.cpp.o[0m
[25.139s] [ 21%] [32mBuilding CXX object CMakeFiles/rtabmap_util_plugins.dir/src/nodelets/point_cloud_assembler.cpp.o[0m
[46.527s] [ 23%] [32mBuilding CXX object CMakeFiles/rtabmap_util_plugins.dir/src/nodelets/imu_to_tf.cpp.o[0m
[52.950s] [ 26%] [32mBuilding CXX object CMakeFiles/rtabmap_util_plugins.dir/src/nodelets/lidar_deskewing.cpp.o[0m
[59.734s] [ 28%] [32mBuilding CXX object CMakeFiles/rtabmap_util_plugins.dir/src/nodelets/rgbd_relay.cpp.o[0m
[60.590s] [ 31%] [32mBuilding CXX object CMakeFiles/rtabmap_util_plugins.dir/src/nodelets/rgbd_split.cpp.o[0m
[61.559s] [ 34%] [32mBuilding CXX object CMakeFiles/rtabmap_util_plugins.dir/src/nodelets/map_assembler.cpp.o[0m
[79.656s] [ 36%] [32m[1mLinking CXX shared library librtabmap_util_plugins.so[0m
[81.655s] [ 36%] Built target rtabmap_util_plugins
[81.671s] [ 39%] [32mBuilding CXX object CMakeFiles/rtabmap_imu_to_tf.dir/src/ImuToTFNode.cpp.o[0m
[81.672s] [ 42%] [32mBuilding CXX object CMakeFiles/rtabmap_rgbd_split.dir/src/RGBDSplitNode.cpp.o[0m
[81.672s] [ 44%] [32mBuilding CXX object CMakeFiles/rtabmap_rgbd_relay.dir/src/RGBDRelayNode.cpp.o[0m
[81.672s] [ 47%] [32mBuilding CXX object CMakeFiles/rtabmap_map_assembler.dir/src/MapAssemblerNode.cpp.o[0m
[81.673s] [ 50%] [32mBuilding CXX object CMakeFiles/rtabmap_lidar_deskewing.dir/src/LidarDeskewingNode.cpp.o[0m
[81.673s] [ 52%] [32mBuilding CXX object CMakeFiles/rtabmap_disparity_to_depth.dir/src/DisparityToDepthNode.cpp.o[0m
[84.589s] [ 55%] [32m[1mLinking CXX executable rgbd_relay[0m
[84.760s] [ 57%] [32m[1mLinking CXX executable rgbd_split[0m
[84.890s] [ 60%] [32m[1mLinking CXX executable imu_to_tf[0m
[85.892s] [ 63%] [32m[1mLinking CXX executable lidar_deskewing[0m
[86.271s] [ 65%] [32m[1mLinking CXX executable disparity_to_depth[0m
[86.486s] [ 65%] Built target rtabmap_imu_to_tf
[86.503s] [ 68%] [32mBuilding CXX object CMakeFiles/rtabmap_point_cloud_xyz.dir/src/PointCloudXYZNode.cpp.o[0m
[86.600s] [ 68%] Built target rtabmap_rgbd_relay
[86.622s] [ 71%] [32mBuilding CXX object CMakeFiles/rtabmap_point_cloud_xyzrgb.dir/src/PointCloudXYZRGBNode.cpp.o[0m
[86.630s] [ 71%] Built target rtabmap_rgbd_split
[86.652s] [ 73%] [32mBuilding CXX object CMakeFiles/rtabmap_pointcloud_to_depthimage.dir/src/PointCloudToDepthImageNode.cpp.o[0m
[87.333s] [ 73%] Built target rtabmap_lidar_deskewing
[87.349s] [ 76%] [32mBuilding CXX object CMakeFiles/rtabmap_obstacles_detection.dir/src/ObstaclesDetectionNode.cpp.o[0m
[88.406s] [ 76%] Built target rtabmap_disparity_to_depth
[88.429s] [ 78%] [32mBuilding CXX object CMakeFiles/rtabmap_point_cloud_aggregator.dir/src/PointCloudAggregatorNode.cpp.o[0m
[90.223s] [ 81%] [32m[1mLinking CXX executable map_assembler[0m
[90.927s] [ 84%] [32m[1mLinking CXX executable pointcloud_to_depthimage[0m
[91.566s] [ 86%] [32m[1mLinking CXX executable point_cloud_xyz[0m
[93.136s] [ 86%] Built target rtabmap_map_assembler
[93.164s] [ 89%] [32m[1mLinking CXX executable point_cloud_aggregator[0m
[93.164s] [ 92%] [32mBuilding CXX object CMakeFiles/rtabmap_point_cloud_assembler.dir/src/PointCloudAssemblerNode.cpp.o[0m
[93.245s] [ 92%] Built target rtabmap_pointcloud_to_depthimage
[93.257s] [ 94%] [32m[1mLinking CXX executable point_cloud_xyzrgb[0m
[93.319s] [ 94%] Built target rtabmap_point_cloud_xyz
[94.522s] [ 94%] Built target rtabmap_point_cloud_aggregator
[94.639s] [ 94%] Built target rtabmap_point_cloud_xyzrgb
[96.813s] [ 97%] [32m[1mLinking CXX executable obstacles_detection[0m
[98.543s] [ 97%] Built target rtabmap_obstacles_detection
[101.297s] [100%] [32m[1mLinking CXX executable point_cloud_assembler[0m
[102.480s] [100%] Built target rtabmap_point_cloud_assembler
[102.527s] Invoked command in '/home/devam/turtlebot3_ws/src/build/rtabmap_util' returned '0': AMENT_PREFIX_PATH=/home/devam/turtlebot3_ws/src/install/rtabmap_conversions:/home/devam/turtlebot3_ws/src/install/rtabmap_msgs:${AMENT_PREFIX_PATH} CMAKE_PREFIX_PATH=/home/devam/turtlebot3_ws/src/install/rtabmap_conversions:/home/devam/turtlebot3_ws/src/install/rtabmap_msgs:/home/devam/turtlebot3_ws/src/install/rtabmap:/home/devam/turtlebot4_ws/install/turtlebot4_simulator:/home/devam/turtlebot4_ws/install/turtlebot4_ignition_bringup:/home/devam/turtlebot4_ws/install/turtlebot4_node:/home/devam/turtlebot4_ws/install/turtlebot4_navigation:/home/devam/turtlebot4_ws/install/turtlebot4_ignition_toolbox:/home/devam/turtlebot4_ws/install/turtlebot4_msgs:/home/devam/turtlebot4_ws/install/turtlebot4_ignition_gui_plugins:/home/devam/turtlebot4_ws/install/turtlebot4_description:/home/devam/turtlebot3_ws/install/velodyne_simulator:/home/devam/turtlebot3_ws/install/velodyne:/home/devam/turtlebot3_ws/install/velodyne_pointcloud:/home/devam/turtlebot3_ws/install/velodyne_driver:/home/devam/turtlebot3_ws/install/velodyne_msgs:/home/devam/turtlebot3_ws/install/velodyne_laserscan:/home/devam/turtlebot3_ws/install/velodyne_gazebo_plugins:/home/devam/turtlebot3_ws/install/velodyne_description:/home/devam/turtlebot3_ws/install/turtlebot3:/home/devam/turtlebot3_ws/install/turtlebot3_simulations:/home/devam/turtlebot3_ws/install/turtlebot3_bringup:/home/devam/turtlebot3_ws/install/turtlebot3_node:/home/devam/turtlebot3_ws/install/turtlebot3_navigation2:/home/devam/turtlebot3_ws/install/turtlebot3_fake_node:/home/devam/turtlebot3_ws/install/turtlebot3_msgs:/home/devam/turtlebot3_ws/install/turtlebot3_gazebo:/home/devam/turtlebot3_ws/install/turtlebot3_description:/home/devam/turtlebot3_ws/install/turtlebot3_cartographer:/home/devam/turtlebot3_ws/install/robot_gazebo:/home/devam/turtlebot3_ws/install/robot_description:/home/devam/turtlebot3_ws/install/robot_control:/home/devam/turtlebot3_ws/install/microstrain_inertial_msgs:/home/devam/turtlebot3_ws/install/microstrain_inertial_description:/home/devam/turtlebot3_ws/install/lio_sam:/home/devam/FYP_ROS2/install/occ_map_creator:/home/devam/FYP_ROS2/install/ekf_slam:/home/devam/FYP_ROS2/install/ekf_localization:/home/devam/turtlebot3_ws/install/turtlebot3_teleop:/home/devam/turtlebot3_ws/install/turtlebot3_rtabmap_slam:/home/devam/turtlebot3_ws/install/turtlebot3_example:/home/devam/turtlebot3_ws/install/microstrain_inertial_rqt:/opt/ros/humble LD_LIBRARY_PATH=/home/devam/turtlebot3_ws/src/install/rtabmap_conversions/lib:/home/devam/turtlebot3_ws/src/install/rtabmap_msgs/lib:/home/devam/turtlebot3_ws/src/install/rtabmap/lib:/home/devam/turtlebot4_ws/install/turtlebot4_msgs/lib:/home/devam/turtlebot3_ws/install/velodyne_pointcloud/lib:/home/devam/turtlebot3_ws/install/velodyne_driver/lib:/home/devam/turtlebot3_ws/install/velodyne_msgs/lib:/home/devam/turtlebot3_ws/install/velodyne_laserscan/lib:/home/devam/turtlebot3_ws/install/velodyne_gazebo_plugins/lib:/home/devam/turtlebot3_ws/install/turtlebot3_msgs/lib:/home/devam/turtlebot3_ws/install/microstrain_inertial_msgs/lib:/home/devam/turtlebot3_ws/install/lio_sam/lib:/usr/lib/x86_64-linux-gnu/gazebo-11/plugins:/opt/ros/humble/opt/rviz_ogre_vendor/lib:/opt/ros/humble/lib/x86_64-linux-gnu:/opt/ros/humble/lib:/usr/share/gazebo/../../lib/x86_64-linux-gnu/gazebo-11/plugins PATH=/home/devam/turtlebot3_ws/src/install/rtabmap/bin:${PATH} PKG_CONFIG_PATH=/home/devam/turtlebot3_ws/src/install/rtabmap/lib/x86_64-linux-gnu/pkgconfig:/home/devam/turtlebot3_ws/src/install/rtabmap/lib/pkgconfig PYTHONPATH=/home/devam/turtlebot3_ws/src/install/rtabmap_msgs/local/lib/python3.10/dist-packages:${PYTHONPATH} /usr/local/bin/cmake --build /home/devam/turtlebot3_ws/src/build/rtabmap_util
[102.558s] Invoking command in '/home/devam/turtlebot3_ws/src/build/rtabmap_util': AMENT_PREFIX_PATH=/home/devam/turtlebot3_ws/src/install/rtabmap_conversions:/home/devam/turtlebot3_ws/src/install/rtabmap_msgs:${AMENT_PREFIX_PATH} CMAKE_PREFIX_PATH=/home/devam/turtlebot3_ws/src/install/rtabmap_conversions:/home/devam/turtlebot3_ws/src/install/rtabmap_msgs:/home/devam/turtlebot3_ws/src/install/rtabmap:/home/devam/turtlebot4_ws/install/turtlebot4_simulator:/home/devam/turtlebot4_ws/install/turtlebot4_ignition_bringup:/home/devam/turtlebot4_ws/install/turtlebot4_node:/home/devam/turtlebot4_ws/install/turtlebot4_navigation:/home/devam/turtlebot4_ws/install/turtlebot4_ignition_toolbox:/home/devam/turtlebot4_ws/install/turtlebot4_msgs:/home/devam/turtlebot4_ws/install/turtlebot4_ignition_gui_plugins:/home/devam/turtlebot4_ws/install/turtlebot4_description:/home/devam/turtlebot3_ws/install/velodyne_simulator:/home/devam/turtlebot3_ws/install/velodyne:/home/devam/turtlebot3_ws/install/velodyne_pointcloud:/home/devam/turtlebot3_ws/install/velodyne_driver:/home/devam/turtlebot3_ws/install/velodyne_msgs:/home/devam/turtlebot3_ws/install/velodyne_laserscan:/home/devam/turtlebot3_ws/install/velodyne_gazebo_plugins:/home/devam/turtlebot3_ws/install/velodyne_description:/home/devam/turtlebot3_ws/install/turtlebot3:/home/devam/turtlebot3_ws/install/turtlebot3_simulations:/home/devam/turtlebot3_ws/install/turtlebot3_bringup:/home/devam/turtlebot3_ws/install/turtlebot3_node:/home/devam/turtlebot3_ws/install/turtlebot3_navigation2:/home/devam/turtlebot3_ws/install/turtlebot3_fake_node:/home/devam/turtlebot3_ws/install/turtlebot3_msgs:/home/devam/turtlebot3_ws/install/turtlebot3_gazebo:/home/devam/turtlebot3_ws/install/turtlebot3_description:/home/devam/turtlebot3_ws/install/turtlebot3_cartographer:/home/devam/turtlebot3_ws/install/robot_gazebo:/home/devam/turtlebot3_ws/install/robot_description:/home/devam/turtlebot3_ws/install/robot_control:/home/devam/turtlebot3_ws/install/microstrain_inertial_msgs:/home/devam/turtlebot3_ws/install/microstrain_inertial_description:/home/devam/turtlebot3_ws/install/lio_sam:/home/devam/FYP_ROS2/install/occ_map_creator:/home/devam/FYP_ROS2/install/ekf_slam:/home/devam/FYP_ROS2/install/ekf_localization:/home/devam/turtlebot3_ws/install/turtlebot3_teleop:/home/devam/turtlebot3_ws/install/turtlebot3_rtabmap_slam:/home/devam/turtlebot3_ws/install/turtlebot3_example:/home/devam/turtlebot3_ws/install/microstrain_inertial_rqt:/opt/ros/humble LD_LIBRARY_PATH=/home/devam/turtlebot3_ws/src/install/rtabmap_conversions/lib:/home/devam/turtlebot3_ws/src/install/rtabmap_msgs/lib:/home/devam/turtlebot3_ws/src/install/rtabmap/lib:/home/devam/turtlebot4_ws/install/turtlebot4_msgs/lib:/home/devam/turtlebot3_ws/install/velodyne_pointcloud/lib:/home/devam/turtlebot3_ws/install/velodyne_driver/lib:/home/devam/turtlebot3_ws/install/velodyne_msgs/lib:/home/devam/turtlebot3_ws/install/velodyne_laserscan/lib:/home/devam/turtlebot3_ws/install/velodyne_gazebo_plugins/lib:/home/devam/turtlebot3_ws/install/turtlebot3_msgs/lib:/home/devam/turtlebot3_ws/install/microstrain_inertial_msgs/lib:/home/devam/turtlebot3_ws/install/lio_sam/lib:/usr/lib/x86_64-linux-gnu/gazebo-11/plugins:/opt/ros/humble/opt/rviz_ogre_vendor/lib:/opt/ros/humble/lib/x86_64-linux-gnu:/opt/ros/humble/lib:/usr/share/gazebo/../../lib/x86_64-linux-gnu/gazebo-11/plugins PATH=/home/devam/turtlebot3_ws/src/install/rtabmap/bin:${PATH} PKG_CONFIG_PATH=/home/devam/turtlebot3_ws/src/install/rtabmap/lib/x86_64-linux-gnu/pkgconfig:/home/devam/turtlebot3_ws/src/install/rtabmap/lib/pkgconfig PYTHONPATH=/home/devam/turtlebot3_ws/src/install/rtabmap_msgs/local/lib/python3.10/dist-packages:${PYTHONPATH} /usr/local/bin/cmake --install /home/devam/turtlebot3_ws/src/build/rtabmap_util
[102.560s] -- Install configuration: "Release"
[102.560s] -- Execute custom install script
[102.562s] -- Symlinking: /home/devam/turtlebot3_ws/src/install/rtabmap_util/share/rtabmap_util/environment/library_path.sh
[102.566s] -- Symlinking: /home/devam/turtlebot3_ws/src/install/rtabmap_util/share/rtabmap_util/environment/library_path.dsv
[102.571s] -- Symlinking: /home/devam/turtlebot3_ws/src/install/rtabmap_util/lib/rtabmap_util/transform_to_tf.py
[102.574s] -- Symlinking: /home/devam/turtlebot3_ws/src/install/rtabmap_util/lib/rtabmap_util/yaml_to_camera_info.py
[102.577s] -- Symlinking: /home/devam/turtlebot3_ws/src/install/rtabmap_util/lib/rtabmap_util/republish_tf_static.py
[102.582s] -- Symlinking: /home/devam/turtlebot3_ws/src/install/rtabmap_util/lib/rtabmap_util/imu_to_tf
[102.586s] -- Symlinking: /home/devam/turtlebot3_ws/src/install/rtabmap_util/lib/rtabmap_util/disparity_to_depth
[102.590s] -- Symlinking: /home/devam/turtlebot3_ws/src/install/rtabmap_util/lib/rtabmap_util/rgbd_relay
[102.594s] -- Symlinking: /home/devam/turtlebot3_ws/src/install/rtabmap_util/lib/rtabmap_util/rgbd_split
[102.598s] -- Symlinking: /home/devam/turtlebot3_ws/src/install/rtabmap_util/lib/rtabmap_util/lidar_deskewing
[102.602s] -- Symlinking: /home/devam/turtlebot3_ws/src/install/rtabmap_util/lib/rtabmap_util/point_cloud_xyz
[102.606s] -- Symlinking: /home/devam/turtlebot3_ws/src/install/rtabmap_util/lib/rtabmap_util/point_cloud_xyzrgb
[102.611s] -- Symlinking: /home/devam/turtlebot3_ws/src/install/rtabmap_util/lib/rtabmap_util/pointcloud_to_depthimage
[102.614s] -- Symlinking: /home/devam/turtlebot3_ws/src/install/rtabmap_util/lib/rtabmap_util/obstacles_detection
[102.617s] -- Symlinking: /home/devam/turtlebot3_ws/src/install/rtabmap_util/lib/rtabmap_util/point_cloud_aggregator
[102.620s] -- Symlinking: /home/devam/turtlebot3_ws/src/install/rtabmap_util/lib/rtabmap_util/point_cloud_assembler
[102.624s] -- Symlinking: /home/devam/turtlebot3_ws/src/install/rtabmap_util/lib/rtabmap_util/map_assembler
[102.629s] -- Symlinking: /home/devam/turtlebot3_ws/src/install/rtabmap_util/share/ament_index/resource_index/package_run_dependencies/rtabmap_util
[102.633s] -- Symlinking: /home/devam/turtlebot3_ws/src/install/rtabmap_util/share/ament_index/resource_index/parent_prefix_path/rtabmap_util
[102.637s] -- Symlinking: /home/devam/turtlebot3_ws/src/install/rtabmap_util/share/rtabmap_util/environment/ament_prefix_path.sh
[102.641s] -- Symlinking: /home/devam/turtlebot3_ws/src/install/rtabmap_util/share/rtabmap_util/environment/ament_prefix_path.dsv
[102.645s] -- Symlinking: /home/devam/turtlebot3_ws/src/install/rtabmap_util/share/rtabmap_util/environment/path.sh
[102.649s] -- Symlinking: /home/devam/turtlebot3_ws/src/install/rtabmap_util/share/rtabmap_util/environment/path.dsv
[102.652s] -- Symlinking: /home/devam/turtlebot3_ws/src/install/rtabmap_util/share/rtabmap_util/local_setup.bash
[102.656s] -- Symlinking: /home/devam/turtlebot3_ws/src/install/rtabmap_util/share/rtabmap_util/local_setup.sh
[102.660s] -- Symlinking: /home/devam/turtlebot3_ws/src/install/rtabmap_util/share/rtabmap_util/local_setup.zsh
[102.664s] -- Symlinking: /home/devam/turtlebot3_ws/src/install/rtabmap_util/share/rtabmap_util/local_setup.dsv
[102.668s] -- Symlinking: /home/devam/turtlebot3_ws/src/install/rtabmap_util/share/rtabmap_util/package.dsv
[102.672s] -- Symlinking: /home/devam/turtlebot3_ws/src/install/rtabmap_util/share/ament_index/resource_index/packages/rtabmap_util
[102.675s] -- Symlinking: /home/devam/turtlebot3_ws/src/install/rtabmap_util/share/ament_index/resource_index/rclcpp_components/rtabmap_util
[102.679s] -- Symlinking: /home/devam/turtlebot3_ws/src/install/rtabmap_util/share/rtabmap_util/cmake/ament_cmake_export_dependencies-extras.cmake
[102.683s] -- Symlinking: /home/devam/turtlebot3_ws/src/install/rtabmap_util/share/rtabmap_util/cmake/ament_cmake_export_include_directories-extras.cmake
[102.687s] -- Symlinking: /home/devam/turtlebot3_ws/src/install/rtabmap_util/share/rtabmap_util/cmake/ament_cmake_export_targets-extras.cmake
[102.691s] -- Symlinking: /home/devam/turtlebot3_ws/src/install/rtabmap_util/share/rtabmap_util/cmake/ament_cmake_export_libraries-extras.cmake
[102.695s] -- Symlinking: /home/devam/turtlebot3_ws/src/install/rtabmap_util/share/rtabmap_util/cmake/rtabmap_utilConfig.cmake
[102.699s] -- Symlinking: /home/devam/turtlebot3_ws/src/install/rtabmap_util/share/rtabmap_util/cmake/rtabmap_utilConfig-version.cmake
[102.703s] -- Symlinking: /home/devam/turtlebot3_ws/src/install/rtabmap_util/share/rtabmap_util/package.xml
[102.707s] -- Installing: /home/devam/turtlebot3_ws/src/install/rtabmap_util/lib/librtabmap_util_plugins.so
[102.719s] -- Set runtime path of "/home/devam/turtlebot3_ws/src/install/rtabmap_util/lib/librtabmap_util_plugins.so" to ""
[102.719s] -- Installing: /home/devam/turtlebot3_ws/src/install/rtabmap_util/include
[102.719s] -- Installing: /home/devam/turtlebot3_ws/src/install/rtabmap_util/include/rtabmap_util
[102.719s] -- Installing: /home/devam/turtlebot3_ws/src/install/rtabmap_util/include/rtabmap_util/ULogToRosout.h
[102.720s] -- Installing: /home/devam/turtlebot3_ws/src/install/rtabmap_util/include/rtabmap_util/visibility.h
[102.720s] -- Installing: /home/devam/turtlebot3_ws/src/install/rtabmap_util/include/rtabmap_util/MapsManager.h
[102.720s] -- Installing: /home/devam/turtlebot3_ws/src/install/rtabmap_util/share/rtabmap_util/cmake/rtabmap_utilExport.cmake
[102.720s] -- Installing: /home/devam/turtlebot3_ws/src/install/rtabmap_util/share/rtabmap_util/cmake/rtabmap_utilExport-release.cmake
[102.731s] Invoked command in '/home/devam/turtlebot3_ws/src/build/rtabmap_util' returned '0': AMENT_PREFIX_PATH=/home/devam/turtlebot3_ws/src/install/rtabmap_conversions:/home/devam/turtlebot3_ws/src/install/rtabmap_msgs:${AMENT_PREFIX_PATH} CMAKE_PREFIX_PATH=/home/devam/turtlebot3_ws/src/install/rtabmap_conversions:/home/devam/turtlebot3_ws/src/install/rtabmap_msgs:/home/devam/turtlebot3_ws/src/install/rtabmap:/home/devam/turtlebot4_ws/install/turtlebot4_simulator:/home/devam/turtlebot4_ws/install/turtlebot4_ignition_bringup:/home/devam/turtlebot4_ws/install/turtlebot4_node:/home/devam/turtlebot4_ws/install/turtlebot4_navigation:/home/devam/turtlebot4_ws/install/turtlebot4_ignition_toolbox:/home/devam/turtlebot4_ws/install/turtlebot4_msgs:/home/devam/turtlebot4_ws/install/turtlebot4_ignition_gui_plugins:/home/devam/turtlebot4_ws/install/turtlebot4_description:/home/devam/turtlebot3_ws/install/velodyne_simulator:/home/devam/turtlebot3_ws/install/velodyne:/home/devam/turtlebot3_ws/install/velodyne_pointcloud:/home/devam/turtlebot3_ws/install/velodyne_driver:/home/devam/turtlebot3_ws/install/velodyne_msgs:/home/devam/turtlebot3_ws/install/velodyne_laserscan:/home/devam/turtlebot3_ws/install/velodyne_gazebo_plugins:/home/devam/turtlebot3_ws/install/velodyne_description:/home/devam/turtlebot3_ws/install/turtlebot3:/home/devam/turtlebot3_ws/install/turtlebot3_simulations:/home/devam/turtlebot3_ws/install/turtlebot3_bringup:/home/devam/turtlebot3_ws/install/turtlebot3_node:/home/devam/turtlebot3_ws/install/turtlebot3_navigation2:/home/devam/turtlebot3_ws/install/turtlebot3_fake_node:/home/devam/turtlebot3_ws/install/turtlebot3_msgs:/home/devam/turtlebot3_ws/install/turtlebot3_gazebo:/home/devam/turtlebot3_ws/install/turtlebot3_description:/home/devam/turtlebot3_ws/install/turtlebot3_cartographer:/home/devam/turtlebot3_ws/install/robot_gazebo:/home/devam/turtlebot3_ws/install/robot_description:/home/devam/turtlebot3_ws/install/robot_control:/home/devam/turtlebot3_ws/install/microstrain_inertial_msgs:/home/devam/turtlebot3_ws/install/microstrain_inertial_description:/home/devam/turtlebot3_ws/install/lio_sam:/home/devam/FYP_ROS2/install/occ_map_creator:/home/devam/FYP_ROS2/install/ekf_slam:/home/devam/FYP_ROS2/install/ekf_localization:/home/devam/turtlebot3_ws/install/turtlebot3_teleop:/home/devam/turtlebot3_ws/install/turtlebot3_rtabmap_slam:/home/devam/turtlebot3_ws/install/turtlebot3_example:/home/devam/turtlebot3_ws/install/microstrain_inertial_rqt:/opt/ros/humble LD_LIBRARY_PATH=/home/devam/turtlebot3_ws/src/install/rtabmap_conversions/lib:/home/devam/turtlebot3_ws/src/install/rtabmap_msgs/lib:/home/devam/turtlebot3_ws/src/install/rtabmap/lib:/home/devam/turtlebot4_ws/install/turtlebot4_msgs/lib:/home/devam/turtlebot3_ws/install/velodyne_pointcloud/lib:/home/devam/turtlebot3_ws/install/velodyne_driver/lib:/home/devam/turtlebot3_ws/install/velodyne_msgs/lib:/home/devam/turtlebot3_ws/install/velodyne_laserscan/lib:/home/devam/turtlebot3_ws/install/velodyne_gazebo_plugins/lib:/home/devam/turtlebot3_ws/install/turtlebot3_msgs/lib:/home/devam/turtlebot3_ws/install/microstrain_inertial_msgs/lib:/home/devam/turtlebot3_ws/install/lio_sam/lib:/usr/lib/x86_64-linux-gnu/gazebo-11/plugins:/opt/ros/humble/opt/rviz_ogre_vendor/lib:/opt/ros/humble/lib/x86_64-linux-gnu:/opt/ros/humble/lib:/usr/share/gazebo/../../lib/x86_64-linux-gnu/gazebo-11/plugins PATH=/home/devam/turtlebot3_ws/src/install/rtabmap/bin:${PATH} PKG_CONFIG_PATH=/home/devam/turtlebot3_ws/src/install/rtabmap/lib/x86_64-linux-gnu/pkgconfig:/home/devam/turtlebot3_ws/src/install/rtabmap/lib/pkgconfig PYTHONPATH=/home/devam/turtlebot3_ws/src/install/rtabmap_msgs/local/lib/python3.10/dist-packages:${PYTHONPATH} /usr/local/bin/cmake --install /home/devam/turtlebot3_ws/src/build/rtabmap_util
