[0.037s] Invoking command in '/home/devam/turtlebot3_ws/src/build/rtabmap_viz': AMENT_PREFIX_PATH=/home/devam/turtlebot3_ws/src/install/rtabmap_sync:/home/devam/turtlebot3_ws/src/install/rtabmap_conversions:/home/devam/turtlebot3_ws/src/install/rtabmap_msgs:${AMENT_PREFIX_PATH} CMAKE_PREFIX_PATH=/home/devam/turtlebot3_ws/src/install/rtabmap_sync:/home/devam/turtlebot3_ws/src/install/rtabmap_conversions:/home/devam/turtlebot3_ws/src/install/rtabmap_msgs:/home/devam/turtlebot3_ws/src/install/rtabmap:/home/devam/turtlebot4_ws/install/turtlebot4_simulator:/home/devam/turtlebot4_ws/install/turtlebot4_ignition_bringup:/home/devam/turtlebot4_ws/install/turtlebot4_node:/home/devam/turtlebot4_ws/install/turtlebot4_navigation:/home/devam/turtlebot4_ws/install/turtlebot4_ignition_toolbox:/home/devam/turtlebot4_ws/install/turtlebot4_msgs:/home/devam/turtlebot4_ws/install/turtlebot4_ignition_gui_plugins:/home/devam/turtlebot4_ws/install/turtlebot4_description:/home/devam/turtlebot3_ws/install/velodyne_simulator:/home/devam/turtlebot3_ws/install/velodyne:/home/devam/turtlebot3_ws/install/velodyne_pointcloud:/home/devam/turtlebot3_ws/install/velodyne_driver:/home/devam/turtlebot3_ws/install/velodyne_msgs:/home/devam/turtlebot3_ws/install/velodyne_laserscan:/home/devam/turtlebot3_ws/install/velodyne_gazebo_plugins:/home/devam/turtlebot3_ws/install/velodyne_description:/home/devam/turtlebot3_ws/install/turtlebot3:/home/devam/turtlebot3_ws/install/turtlebot3_simulations:/home/devam/turtlebot3_ws/install/turtlebot3_bringup:/home/devam/turtlebot3_ws/install/turtlebot3_node:/home/devam/turtlebot3_ws/install/turtlebot3_navigation2:/home/devam/turtlebot3_ws/install/turtlebot3_fake_node:/home/devam/turtlebot3_ws/install/turtlebot3_msgs:/home/devam/turtlebot3_ws/install/turtlebot3_gazebo:/home/devam/turtlebot3_ws/install/turtlebot3_description:/home/devam/turtlebot3_ws/install/turtlebot3_cartographer:/home/devam/turtlebot3_ws/install/robot_gazebo:/home/devam/turtlebot3_ws/install/robot_description:/home/devam/turtlebot3_ws/install/robot_control:/home/devam/turtlebot3_ws/install/microstrain_inertial_msgs:/home/devam/turtlebot3_ws/install/microstrain_inertial_description:/home/devam/turtlebot3_ws/install/lio_sam:/home/devam/FYP_ROS2/install/occ_map_creator:/home/devam/FYP_ROS2/install/ekf_slam:/home/devam/FYP_ROS2/install/ekf_localization:/home/devam/turtlebot3_ws/install/turtlebot3_teleop:/home/devam/turtlebot3_ws/install/turtlebot3_rtabmap_slam:/home/devam/turtlebot3_ws/install/turtlebot3_example:/home/devam/turtlebot3_ws/install/microstrain_inertial_rqt:/opt/ros/humble LD_LIBRARY_PATH=/home/devam/turtlebot3_ws/src/install/rtabmap_sync/lib:/home/devam/turtlebot3_ws/src/install/rtabmap_conversions/lib:/home/devam/turtlebot3_ws/src/install/rtabmap_msgs/lib:/home/devam/turtlebot3_ws/src/install/rtabmap/lib:/home/devam/turtlebot4_ws/install/turtlebot4_msgs/lib:/home/devam/turtlebot3_ws/install/velodyne_pointcloud/lib:/home/devam/turtlebot3_ws/install/velodyne_driver/lib:/home/devam/turtlebot3_ws/install/velodyne_msgs/lib:/home/devam/turtlebot3_ws/install/velodyne_laserscan/lib:/home/devam/turtlebot3_ws/install/velodyne_gazebo_plugins/lib:/home/devam/turtlebot3_ws/install/turtlebot3_msgs/lib:/home/devam/turtlebot3_ws/install/microstrain_inertial_msgs/lib:/home/devam/turtlebot3_ws/install/lio_sam/lib:/usr/lib/x86_64-linux-gnu/gazebo-11/plugins:/opt/ros/humble/opt/rviz_ogre_vendor/lib:/opt/ros/humble/lib/x86_64-linux-gnu:/opt/ros/humble/lib:/usr/share/gazebo/../../lib/x86_64-linux-gnu/gazebo-11/plugins PATH=/home/devam/turtlebot3_ws/src/install/rtabmap/bin:${PATH} PKG_CONFIG_PATH=/home/devam/turtlebot3_ws/src/install/rtabmap/lib/x86_64-linux-gnu/pkgconfig:/home/devam/turtlebot3_ws/src/install/rtabmap/lib/pkgconfig PYTHONPATH=/home/devam/turtlebot3_ws/src/install/rtabmap_msgs/local/lib/python3.10/dist-packages:${PYTHONPATH} /usr/local/bin/cmake /home/devam/turtlebot3_ws/src/src/rtabmap_ros/rtabmap_viz -DCMAKE_BUILD_TYPE=Release -DAMENT_CMAKE_SYMLINK_INSTALL=1 -DCMAKE_INSTALL_PREFIX=/home/devam/turtlebot3_ws/src/install/rtabmap_viz
[0.164s] -- The C compiler identification is GNU 11.4.0
[0.227s] -- The CXX compiler identification is GNU 11.4.0
[0.245s] -- Detecting C compiler ABI info
[0.352s] -- Detecting C compiler ABI info - done
[0.359s] -- Check for working C compiler: /usr/bin/cc - skipped
[0.359s] -- Detecting C compile features
[0.359s] -- Detecting C compile features - done
[0.367s] -- Detecting CXX compiler ABI info
[0.425s] -- Detecting CXX compiler ABI info - done
[0.432s] -- Check for working CXX compiler: /usr/bin/c++ - skipped
[0.432s] -- Detecting CXX compile features
[0.433s] -- Detecting CXX compile features - done
[0.442s] -- Found ament_cmake: 1.3.11 (/opt/ros/humble/share/ament_cmake/cmake)
[0.586s] -- Found Python3: /usr/bin/python3 (found version "3.10.12") found components: Interpreter 
[0.639s] -- Override CMake install command with custom implementation using symlinks instead of copying resources
[0.681s] -- Found cv_bridge: 3.2.1 (/opt/ros/humble/share/cv_bridge/cmake)
[0.738s] -- Found rosidl_generator_c: 3.1.6 (/opt/ros/humble/share/rosidl_generator_c/cmake)
[0.745s] -- Found rosidl_adapter: 3.1.6 (/opt/ros/humble/share/rosidl_adapter/cmake)
[0.756s] -- Found rosidl_generator_cpp: 3.1.6 (/opt/ros/humble/share/rosidl_generator_cpp/cmake)
[0.781s] -- Using all available rosidl_typesupport_c: rosidl_typesupport_fastrtps_c;rosidl_typesupport_introspection_c
[0.800s] -- Using all available rosidl_typesupport_cpp: rosidl_typesupport_fastrtps_cpp;rosidl_typesupport_introspection_cpp
[0.868s] -- Found rclcpp: 16.0.12 (/opt/ros/humble/share/rclcpp/cmake)
[0.917s] -- Found rmw_implementation_cmake: 6.1.2 (/opt/ros/humble/share/rmw_implementation_cmake/cmake)
[0.922s] -- Found rmw_cyclonedds_cpp: 1.3.4 (/opt/ros/humble/share/rmw_cyclonedds_cpp/cmake)
[0.952s] -- Using RMW implementation 'rmw_cyclonedds_cpp' as default
[0.963s] -- Performing Test CMAKE_HAVE_LIBC_PTHREAD
[1.012s] -- Performing Test CMAKE_HAVE_LIBC_PTHREAD - Success
[1.013s] -- Found Threads: TRUE  
[1.066s] -- Found std_srvs: 4.9.0 (/opt/ros/humble/share/std_srvs/cmake)
[1.076s] -- Found nav_msgs: 4.9.0 (/opt/ros/humble/share/nav_msgs/cmake)
[1.089s] -- Found rtabmap_msgs: 0.22.0 (/home/devam/turtlebot3_ws/src/install/rtabmap_msgs/share/rtabmap_msgs/cmake)
[1.110s] -- Found rtabmap_sync: 0.22.0 (/home/devam/turtlebot3_ws/src/install/rtabmap_sync/share/rtabmap_sync/cmake)
[1.205s] [33mCMake Warning (dev) at /usr/lib/x86_64-linux-gnu/cmake/pcl/PCLConfig.cmake:146 (find_package):
[1.205s]   Policy CMP0144 is not set: find_package uses upper-case <PACKAGENAME>_ROOT
[1.205s]   variables.  Run "cmake --help-policy CMP0144" for policy details.  Use the
[1.205s]   cmake_policy command to set the policy and suppress this warning.
[1.205s] 
[1.205s]   CMake variable EIGEN_ROOT is set to:
[1.205s] 
[1.205s]     /usr/include/eigen3
[1.205s] 
[1.205s]   For compatibility, find_package is ignoring the variable, but code in a
[1.205s]   .cmake module might still use it.
[1.205s] Call Stack (most recent call first):
[1.205s]   /usr/lib/x86_64-linux-gnu/cmake/pcl/PCLConfig.cmake:299 (find_eigen)
[1.205s]   /usr/lib/x86_64-linux-gnu/cmake/pcl/PCLConfig.cmake:543 (find_external_library)
[1.205s]   /opt/ros/humble/share/pcl_conversions/cmake/ament_cmake_export_dependencies-extras.cmake:21 (find_package)
[1.205s]   /opt/ros/humble/share/pcl_conversions/cmake/pcl_conversionsConfig.cmake:41 (include)
[1.205s]   /home/devam/turtlebot3_ws/src/install/rtabmap_conversions/share/rtabmap_conversions/cmake/ament_cmake_export_dependencies-extras.cmake:21 (find_package)
[1.205s]   /home/devam/turtlebot3_ws/src/install/rtabmap_conversions/share/rtabmap_conversions/cmake/rtabmap_conversionsConfig.cmake:41 (include)
[1.206s]   /home/devam/turtlebot3_ws/src/install/rtabmap_sync/share/rtabmap_sync/cmake/ament_cmake_export_dependencies-extras.cmake:21 (find_package)
[1.206s]   /home/devam/turtlebot3_ws/src/install/rtabmap_sync/share/rtabmap_sync/cmake/rtabmap_syncConfig.cmake:41 (include)
[1.206s]   CMakeLists.txt:35 (find_package)
[1.206s] This warning is for project developers.  Use -Wno-dev to suppress it.
[1.206s] [0m
[1.208s] -- Checking for module 'eigen3'
[1.219s] --   Found eigen3, version 3.4.0
[1.240s] -- Found Eigen: /usr/include/eigen3 (Required is at least version "3.1") 
[1.240s] -- Eigen found (include: /usr/include/eigen3, version: 3.4.0)
[1.261s] [33mCMake Warning (dev) at /usr/lib/x86_64-linux-gnu/cmake/pcl/Modules/FindFLANN.cmake:44 (find_package):
[1.261s]   Policy CMP0144 is not set: find_package uses upper-case <PACKAGENAME>_ROOT
[1.261s]   variables.  Run "cmake --help-policy CMP0144" for policy details.  Use the
[1.261s]   cmake_policy command to set the policy and suppress this warning.
[1.261s] 
[1.261s]   CMake variable FLANN_ROOT is set to:
[1.261s] 
[1.261s]     /usr
[1.261s] 
[1.261s]   For compatibility, find_package is ignoring the variable, but code in a
[1.261s]   .cmake module might still use it.
[1.261s] Call Stack (most recent call first):
[1.261s]   /usr/lib/x86_64-linux-gnu/cmake/pcl/PCLConfig.cmake:256 (find_package)
[1.261s]   /usr/lib/x86_64-linux-gnu/cmake/pcl/PCLConfig.cmake:301 (find_flann)
[1.261s]   /usr/lib/x86_64-linux-gnu/cmake/pcl/PCLConfig.cmake:543 (find_external_library)
[1.261s]   /opt/ros/humble/share/pcl_conversions/cmake/ament_cmake_export_dependencies-extras.cmake:21 (find_package)
[1.261s]   /opt/ros/humble/share/pcl_conversions/cmake/pcl_conversionsConfig.cmake:41 (include)
[1.261s]   /home/devam/turtlebot3_ws/src/install/rtabmap_conversions/share/rtabmap_conversions/cmake/ament_cmake_export_dependencies-extras.cmake:21 (find_package)
[1.261s]   /home/devam/turtlebot3_ws/src/install/rtabmap_conversions/share/rtabmap_conversions/cmake/rtabmap_conversionsConfig.cmake:41 (include)
[1.261s]   /home/devam/turtlebot3_ws/src/install/rtabmap_sync/share/rtabmap_sync/cmake/ament_cmake_export_dependencies-extras.cmake:21 (find_package)
[1.261s]   /home/devam/turtlebot3_ws/src/install/rtabmap_sync/share/rtabmap_sync/cmake/rtabmap_syncConfig.cmake:41 (include)
[1.261s]   CMakeLists.txt:35 (find_package)
[1.261s] This warning is for project developers.  Use -Wno-dev to suppress it.
[1.261s] [0m
[1.271s] -- Checking for module 'flann'
[1.281s] --   Found flann, version 1.9.1
[1.313s] -- Found FLANN: /usr/lib/x86_64-linux-gnu/libflann_cpp.so  
[1.314s] -- FLANN found (include: /usr/include, lib: /usr/lib/x86_64-linux-gnu/libflann_cpp.so)
[2.087s] -- Checking for module 'libusb-1.0'
[2.100s] --   Found libusb-1.0, version 1.0.25
[2.127s] -- Found libusb: /usr/lib/x86_64-linux-gnu/libusb-1.0.so  
[2.128s] -- OpenNI found (version: 1.5.4.0, include: /usr/include/ni, lib: /usr/lib/libOpenNI.so;libusb::libusb)
[2.171s] -- OpenNI2 found (version: 2.2.0.33, include: /usr/include/openni2, lib: /usr/lib/x86_64-linux-gnu/libOpenNI2.so;libusb::libusb)
[2.333s] -- Eigen found (include: /usr/include/eigen3, version: 3.4.0)
[2.337s] -- OpenNI found (version: 1.5.4.0, include: /usr/include/ni, lib: /usr/lib/libOpenNI.so;libusb::libusb)
[2.342s] -- OpenNI2 found (version: 2.2.0.33, include: /usr/include/openni2, lib: /usr/lib/x86_64-linux-gnu/libOpenNI2.so;libusb::libusb)
[2.523s] -- Found Qhull version 8.0.2
[2.680s] -- OpenNI found (version: 1.5.4.0, include: /usr/include/ni, lib: /usr/lib/libOpenNI.so;libusb::libusb)
[2.836s] -- Found PCL_COMMON: /usr/lib/x86_64-linux-gnu/libpcl_common.so  
[2.836s] -- Found PCL_KDTREE: /usr/lib/x86_64-linux-gnu/libpcl_kdtree.so  
[2.837s] -- Found PCL_OCTREE: /usr/lib/x86_64-linux-gnu/libpcl_octree.so  
[2.838s] -- Found PCL_SEARCH: /usr/lib/x86_64-linux-gnu/libpcl_search.so  
[2.838s] -- Found PCL_SAMPLE_CONSENSUS: /usr/lib/x86_64-linux-gnu/libpcl_sample_consensus.so  
[2.839s] -- Found PCL_FILTERS: /usr/lib/x86_64-linux-gnu/libpcl_filters.so  
[2.839s] -- Found PCL_2D: /usr/include/pcl-1.12  
[2.841s] -- Found PCL_GEOMETRY: /usr/include/pcl-1.12  
[2.841s] -- Found PCL_IO: /usr/lib/x86_64-linux-gnu/libpcl_io.so  
[2.842s] -- Found PCL_FEATURES: /usr/lib/x86_64-linux-gnu/libpcl_features.so  
[2.843s] -- Found PCL_ML: /usr/lib/x86_64-linux-gnu/libpcl_ml.so  
[2.843s] -- Found PCL_SEGMENTATION: /usr/lib/x86_64-linux-gnu/libpcl_segmentation.so  
[2.844s] -- Found PCL_VISUALIZATION: /usr/lib/x86_64-linux-gnu/libpcl_visualization.so  
[2.845s] -- Found PCL_SURFACE: /usr/lib/x86_64-linux-gnu/libpcl_surface.so  
[2.845s] -- Found PCL_REGISTRATION: /usr/lib/x86_64-linux-gnu/libpcl_registration.so  
[2.847s] -- Found PCL_KEYPOINTS: /usr/lib/x86_64-linux-gnu/libpcl_keypoints.so  
[2.847s] -- Found PCL_TRACKING: /usr/lib/x86_64-linux-gnu/libpcl_tracking.so  
[2.849s] -- Found PCL_RECOGNITION: /usr/lib/x86_64-linux-gnu/libpcl_recognition.so  
[2.850s] -- Found PCL_STEREO: /usr/lib/x86_64-linux-gnu/libpcl_stereo.so  
[2.850s] -- Found PCL_APPS: /usr/lib/x86_64-linux-gnu/libpcl_apps.so  
[2.851s] -- Found PCL_IN_HAND_SCANNER: /usr/include/pcl-1.12  
[2.851s] -- Found PCL_MODELER: /usr/include/pcl-1.12  
[2.852s] -- Found PCL_POINT_CLOUD_EDITOR: /usr/include/pcl-1.12  
[2.852s] -- Found PCL_OUTOFCORE: /usr/lib/x86_64-linux-gnu/libpcl_outofcore.so  
[2.853s] -- Found PCL_PEOPLE: /usr/lib/x86_64-linux-gnu/libpcl_people.so  
[2.929s] -- Found Eigen3: TRUE (found version "3.4.0") 
[2.929s] -- Ensuring Eigen3 include directory is part of orocos-kdl CMake target
[2.933s] [33mCMake Warning (dev) at /usr/local/share/cmake-3.27/Modules/CMakeFindDependencyMacro.cmake:76 (find_package):
[2.933s]   Policy CMP0074 is not set: find_package uses <PackageName>_ROOT variables.
[2.933s]   Run "cmake --help-policy CMP0074" for policy details.  Use the cmake_policy
[2.933s]   command to set the policy and suppress this warning.
[2.933s] 
[2.933s]   CMake variable PCL_ROOT is set to:
[2.933s] 
[2.933s]     /usr
[2.933s] 
[2.933s]   For compatibility, CMake is ignoring the variable.
[2.933s] Call Stack (most recent call first):
[2.933s]   /home/devam/turtlebot3_ws/src/install/rtabmap/lib/rtabmap-0.22/RTABMapConfig.cmake:7 (find_dependency)
[2.933s]   /home/devam/turtlebot3_ws/src/install/rtabmap_conversions/share/rtabmap_conversions/cmake/ament_cmake_export_dependencies-extras.cmake:21 (find_package)
[2.933s]   /home/devam/turtlebot3_ws/src/install/rtabmap_conversions/share/rtabmap_conversions/cmake/rtabmap_conversionsConfig.cmake:41 (include)
[2.933s]   /home/devam/turtlebot3_ws/src/install/rtabmap_sync/share/rtabmap_sync/cmake/ament_cmake_export_dependencies-extras.cmake:21 (find_package)
[2.933s]   /home/devam/turtlebot3_ws/src/install/rtabmap_sync/share/rtabmap_sync/cmake/rtabmap_syncConfig.cmake:41 (include)
[2.933s]   CMakeLists.txt:35 (find_package)
[2.934s] This warning is for project developers.  Use -Wno-dev to suppress it.
[2.934s] [0m
[3.042s] -- Configuring done (3.0s)
[3.119s] -- Generating done (0.0s)
[3.123s] -- Build files have been written to: /home/devam/turtlebot3_ws/src/build/rtabmap_viz
[3.138s] Invoked command in '/home/devam/turtlebot3_ws/src/build/rtabmap_viz' returned '0': AMENT_PREFIX_PATH=/home/devam/turtlebot3_ws/src/install/rtabmap_sync:/home/devam/turtlebot3_ws/src/install/rtabmap_conversions:/home/devam/turtlebot3_ws/src/install/rtabmap_msgs:${AMENT_PREFIX_PATH} CMAKE_PREFIX_PATH=/home/devam/turtlebot3_ws/src/install/rtabmap_sync:/home/devam/turtlebot3_ws/src/install/rtabmap_conversions:/home/devam/turtlebot3_ws/src/install/rtabmap_msgs:/home/devam/turtlebot3_ws/src/install/rtabmap:/home/devam/turtlebot4_ws/install/turtlebot4_simulator:/home/devam/turtlebot4_ws/install/turtlebot4_ignition_bringup:/home/devam/turtlebot4_ws/install/turtlebot4_node:/home/devam/turtlebot4_ws/install/turtlebot4_navigation:/home/devam/turtlebot4_ws/install/turtlebot4_ignition_toolbox:/home/devam/turtlebot4_ws/install/turtlebot4_msgs:/home/devam/turtlebot4_ws/install/turtlebot4_ignition_gui_plugins:/home/devam/turtlebot4_ws/install/turtlebot4_description:/home/devam/turtlebot3_ws/install/velodyne_simulator:/home/devam/turtlebot3_ws/install/velodyne:/home/devam/turtlebot3_ws/install/velodyne_pointcloud:/home/devam/turtlebot3_ws/install/velodyne_driver:/home/devam/turtlebot3_ws/install/velodyne_msgs:/home/devam/turtlebot3_ws/install/velodyne_laserscan:/home/devam/turtlebot3_ws/install/velodyne_gazebo_plugins:/home/devam/turtlebot3_ws/install/velodyne_description:/home/devam/turtlebot3_ws/install/turtlebot3:/home/devam/turtlebot3_ws/install/turtlebot3_simulations:/home/devam/turtlebot3_ws/install/turtlebot3_bringup:/home/devam/turtlebot3_ws/install/turtlebot3_node:/home/devam/turtlebot3_ws/install/turtlebot3_navigation2:/home/devam/turtlebot3_ws/install/turtlebot3_fake_node:/home/devam/turtlebot3_ws/install/turtlebot3_msgs:/home/devam/turtlebot3_ws/install/turtlebot3_gazebo:/home/devam/turtlebot3_ws/install/turtlebot3_description:/home/devam/turtlebot3_ws/install/turtlebot3_cartographer:/home/devam/turtlebot3_ws/install/robot_gazebo:/home/devam/turtlebot3_ws/install/robot_description:/home/devam/turtlebot3_ws/install/robot_control:/home/devam/turtlebot3_ws/install/microstrain_inertial_msgs:/home/devam/turtlebot3_ws/install/microstrain_inertial_description:/home/devam/turtlebot3_ws/install/lio_sam:/home/devam/FYP_ROS2/install/occ_map_creator:/home/devam/FYP_ROS2/install/ekf_slam:/home/devam/FYP_ROS2/install/ekf_localization:/home/devam/turtlebot3_ws/install/turtlebot3_teleop:/home/devam/turtlebot3_ws/install/turtlebot3_rtabmap_slam:/home/devam/turtlebot3_ws/install/turtlebot3_example:/home/devam/turtlebot3_ws/install/microstrain_inertial_rqt:/opt/ros/humble LD_LIBRARY_PATH=/home/devam/turtlebot3_ws/src/install/rtabmap_sync/lib:/home/devam/turtlebot3_ws/src/install/rtabmap_conversions/lib:/home/devam/turtlebot3_ws/src/install/rtabmap_msgs/lib:/home/devam/turtlebot3_ws/src/install/rtabmap/lib:/home/devam/turtlebot4_ws/install/turtlebot4_msgs/lib:/home/devam/turtlebot3_ws/install/velodyne_pointcloud/lib:/home/devam/turtlebot3_ws/install/velodyne_driver/lib:/home/devam/turtlebot3_ws/install/velodyne_msgs/lib:/home/devam/turtlebot3_ws/install/velodyne_laserscan/lib:/home/devam/turtlebot3_ws/install/velodyne_gazebo_plugins/lib:/home/devam/turtlebot3_ws/install/turtlebot3_msgs/lib:/home/devam/turtlebot3_ws/install/microstrain_inertial_msgs/lib:/home/devam/turtlebot3_ws/install/lio_sam/lib:/usr/lib/x86_64-linux-gnu/gazebo-11/plugins:/opt/ros/humble/opt/rviz_ogre_vendor/lib:/opt/ros/humble/lib/x86_64-linux-gnu:/opt/ros/humble/lib:/usr/share/gazebo/../../lib/x86_64-linux-gnu/gazebo-11/plugins PATH=/home/devam/turtlebot3_ws/src/install/rtabmap/bin:${PATH} PKG_CONFIG_PATH=/home/devam/turtlebot3_ws/src/install/rtabmap/lib/x86_64-linux-gnu/pkgconfig:/home/devam/turtlebot3_ws/src/install/rtabmap/lib/pkgconfig PYTHONPATH=/home/devam/turtlebot3_ws/src/install/rtabmap_msgs/local/lib/python3.10/dist-packages:${PYTHONPATH} /usr/local/bin/cmake /home/devam/turtlebot3_ws/src/src/rtabmap_ros/rtabmap_viz -DCMAKE_BUILD_TYPE=Release -DAMENT_CMAKE_SYMLINK_INSTALL=1 -DCMAKE_INSTALL_PREFIX=/home/devam/turtlebot3_ws/src/install/rtabmap_viz
[3.138s] Invoking command in '/home/devam/turtlebot3_ws/src/build/rtabmap_viz': AMENT_PREFIX_PATH=/home/devam/turtlebot3_ws/src/install/rtabmap_sync:/home/devam/turtlebot3_ws/src/install/rtabmap_conversions:/home/devam/turtlebot3_ws/src/install/rtabmap_msgs:${AMENT_PREFIX_PATH} CMAKE_PREFIX_PATH=/home/devam/turtlebot3_ws/src/install/rtabmap_sync:/home/devam/turtlebot3_ws/src/install/rtabmap_conversions:/home/devam/turtlebot3_ws/src/install/rtabmap_msgs:/home/devam/turtlebot3_ws/src/install/rtabmap:/home/devam/turtlebot4_ws/install/turtlebot4_simulator:/home/devam/turtlebot4_ws/install/turtlebot4_ignition_bringup:/home/devam/turtlebot4_ws/install/turtlebot4_node:/home/devam/turtlebot4_ws/install/turtlebot4_navigation:/home/devam/turtlebot4_ws/install/turtlebot4_ignition_toolbox:/home/devam/turtlebot4_ws/install/turtlebot4_msgs:/home/devam/turtlebot4_ws/install/turtlebot4_ignition_gui_plugins:/home/devam/turtlebot4_ws/install/turtlebot4_description:/home/devam/turtlebot3_ws/install/velodyne_simulator:/home/devam/turtlebot3_ws/install/velodyne:/home/devam/turtlebot3_ws/install/velodyne_pointcloud:/home/devam/turtlebot3_ws/install/velodyne_driver:/home/devam/turtlebot3_ws/install/velodyne_msgs:/home/devam/turtlebot3_ws/install/velodyne_laserscan:/home/devam/turtlebot3_ws/install/velodyne_gazebo_plugins:/home/devam/turtlebot3_ws/install/velodyne_description:/home/devam/turtlebot3_ws/install/turtlebot3:/home/devam/turtlebot3_ws/install/turtlebot3_simulations:/home/devam/turtlebot3_ws/install/turtlebot3_bringup:/home/devam/turtlebot3_ws/install/turtlebot3_node:/home/devam/turtlebot3_ws/install/turtlebot3_navigation2:/home/devam/turtlebot3_ws/install/turtlebot3_fake_node:/home/devam/turtlebot3_ws/install/turtlebot3_msgs:/home/devam/turtlebot3_ws/install/turtlebot3_gazebo:/home/devam/turtlebot3_ws/install/turtlebot3_description:/home/devam/turtlebot3_ws/install/turtlebot3_cartographer:/home/devam/turtlebot3_ws/install/robot_gazebo:/home/devam/turtlebot3_ws/install/robot_description:/home/devam/turtlebot3_ws/install/robot_control:/home/devam/turtlebot3_ws/install/microstrain_inertial_msgs:/home/devam/turtlebot3_ws/install/microstrain_inertial_description:/home/devam/turtlebot3_ws/install/lio_sam:/home/devam/FYP_ROS2/install/occ_map_creator:/home/devam/FYP_ROS2/install/ekf_slam:/home/devam/FYP_ROS2/install/ekf_localization:/home/devam/turtlebot3_ws/install/turtlebot3_teleop:/home/devam/turtlebot3_ws/install/turtlebot3_rtabmap_slam:/home/devam/turtlebot3_ws/install/turtlebot3_example:/home/devam/turtlebot3_ws/install/microstrain_inertial_rqt:/opt/ros/humble LD_LIBRARY_PATH=/home/devam/turtlebot3_ws/src/install/rtabmap_sync/lib:/home/devam/turtlebot3_ws/src/install/rtabmap_conversions/lib:/home/devam/turtlebot3_ws/src/install/rtabmap_msgs/lib:/home/devam/turtlebot3_ws/src/install/rtabmap/lib:/home/devam/turtlebot4_ws/install/turtlebot4_msgs/lib:/home/devam/turtlebot3_ws/install/velodyne_pointcloud/lib:/home/devam/turtlebot3_ws/install/velodyne_driver/lib:/home/devam/turtlebot3_ws/install/velodyne_msgs/lib:/home/devam/turtlebot3_ws/install/velodyne_laserscan/lib:/home/devam/turtlebot3_ws/install/velodyne_gazebo_plugins/lib:/home/devam/turtlebot3_ws/install/turtlebot3_msgs/lib:/home/devam/turtlebot3_ws/install/microstrain_inertial_msgs/lib:/home/devam/turtlebot3_ws/install/lio_sam/lib:/usr/lib/x86_64-linux-gnu/gazebo-11/plugins:/opt/ros/humble/opt/rviz_ogre_vendor/lib:/opt/ros/humble/lib/x86_64-linux-gnu:/opt/ros/humble/lib:/usr/share/gazebo/../../lib/x86_64-linux-gnu/gazebo-11/plugins PATH=/home/devam/turtlebot3_ws/src/install/rtabmap/bin:${PATH} PKG_CONFIG_PATH=/home/devam/turtlebot3_ws/src/install/rtabmap/lib/x86_64-linux-gnu/pkgconfig:/home/devam/turtlebot3_ws/src/install/rtabmap/lib/pkgconfig PYTHONPATH=/home/devam/turtlebot3_ws/src/install/rtabmap_msgs/local/lib/python3.10/dist-packages:${PYTHONPATH} /usr/local/bin/cmake --build /home/devam/turtlebot3_ws/src/build/rtabmap_viz
[3.162s] [ 16%] [34m[1mAutomatic MOC and UIC for target rtabmap_viz[0m
[3.502s] [ 16%] Built target rtabmap_viz_autogen
[3.512s] [ 33%] [32mBuilding CXX object CMakeFiles/rtabmap_viz.dir/src/GuiNode.cpp.o[0m
[3.512s] [ 50%] [32mBuilding CXX object CMakeFiles/rtabmap_viz.dir/src/GuiWrapper.cpp.o[0m
[3.512s] [ 66%] [32mBuilding CXX object CMakeFiles/rtabmap_viz.dir/rtabmap_viz_autogen/mocs_compilation.cpp.o[0m
[3.513s] [ 83%] [32mBuilding CXX object CMakeFiles/rtabmap_viz.dir/src/PreferencesDialogROS.cpp.o[0m
[31.394s] [100%] [32m[1mLinking CXX executable rtabmap_viz[0m
[33.522s] [100%] Built target rtabmap_viz
[33.528s] Invoked command in '/home/devam/turtlebot3_ws/src/build/rtabmap_viz' returned '0': AMENT_PREFIX_PATH=/home/devam/turtlebot3_ws/src/install/rtabmap_sync:/home/devam/turtlebot3_ws/src/install/rtabmap_conversions:/home/devam/turtlebot3_ws/src/install/rtabmap_msgs:${AMENT_PREFIX_PATH} CMAKE_PREFIX_PATH=/home/devam/turtlebot3_ws/src/install/rtabmap_sync:/home/devam/turtlebot3_ws/src/install/rtabmap_conversions:/home/devam/turtlebot3_ws/src/install/rtabmap_msgs:/home/devam/turtlebot3_ws/src/install/rtabmap:/home/devam/turtlebot4_ws/install/turtlebot4_simulator:/home/devam/turtlebot4_ws/install/turtlebot4_ignition_bringup:/home/devam/turtlebot4_ws/install/turtlebot4_node:/home/devam/turtlebot4_ws/install/turtlebot4_navigation:/home/devam/turtlebot4_ws/install/turtlebot4_ignition_toolbox:/home/devam/turtlebot4_ws/install/turtlebot4_msgs:/home/devam/turtlebot4_ws/install/turtlebot4_ignition_gui_plugins:/home/devam/turtlebot4_ws/install/turtlebot4_description:/home/devam/turtlebot3_ws/install/velodyne_simulator:/home/devam/turtlebot3_ws/install/velodyne:/home/devam/turtlebot3_ws/install/velodyne_pointcloud:/home/devam/turtlebot3_ws/install/velodyne_driver:/home/devam/turtlebot3_ws/install/velodyne_msgs:/home/devam/turtlebot3_ws/install/velodyne_laserscan:/home/devam/turtlebot3_ws/install/velodyne_gazebo_plugins:/home/devam/turtlebot3_ws/install/velodyne_description:/home/devam/turtlebot3_ws/install/turtlebot3:/home/devam/turtlebot3_ws/install/turtlebot3_simulations:/home/devam/turtlebot3_ws/install/turtlebot3_bringup:/home/devam/turtlebot3_ws/install/turtlebot3_node:/home/devam/turtlebot3_ws/install/turtlebot3_navigation2:/home/devam/turtlebot3_ws/install/turtlebot3_fake_node:/home/devam/turtlebot3_ws/install/turtlebot3_msgs:/home/devam/turtlebot3_ws/install/turtlebot3_gazebo:/home/devam/turtlebot3_ws/install/turtlebot3_description:/home/devam/turtlebot3_ws/install/turtlebot3_cartographer:/home/devam/turtlebot3_ws/install/robot_gazebo:/home/devam/turtlebot3_ws/install/robot_description:/home/devam/turtlebot3_ws/install/robot_control:/home/devam/turtlebot3_ws/install/microstrain_inertial_msgs:/home/devam/turtlebot3_ws/install/microstrain_inertial_description:/home/devam/turtlebot3_ws/install/lio_sam:/home/devam/FYP_ROS2/install/occ_map_creator:/home/devam/FYP_ROS2/install/ekf_slam:/home/devam/FYP_ROS2/install/ekf_localization:/home/devam/turtlebot3_ws/install/turtlebot3_teleop:/home/devam/turtlebot3_ws/install/turtlebot3_rtabmap_slam:/home/devam/turtlebot3_ws/install/turtlebot3_example:/home/devam/turtlebot3_ws/install/microstrain_inertial_rqt:/opt/ros/humble LD_LIBRARY_PATH=/home/devam/turtlebot3_ws/src/install/rtabmap_sync/lib:/home/devam/turtlebot3_ws/src/install/rtabmap_conversions/lib:/home/devam/turtlebot3_ws/src/install/rtabmap_msgs/lib:/home/devam/turtlebot3_ws/src/install/rtabmap/lib:/home/devam/turtlebot4_ws/install/turtlebot4_msgs/lib:/home/devam/turtlebot3_ws/install/velodyne_pointcloud/lib:/home/devam/turtlebot3_ws/install/velodyne_driver/lib:/home/devam/turtlebot3_ws/install/velodyne_msgs/lib:/home/devam/turtlebot3_ws/install/velodyne_laserscan/lib:/home/devam/turtlebot3_ws/install/velodyne_gazebo_plugins/lib:/home/devam/turtlebot3_ws/install/turtlebot3_msgs/lib:/home/devam/turtlebot3_ws/install/microstrain_inertial_msgs/lib:/home/devam/turtlebot3_ws/install/lio_sam/lib:/usr/lib/x86_64-linux-gnu/gazebo-11/plugins:/opt/ros/humble/opt/rviz_ogre_vendor/lib:/opt/ros/humble/lib/x86_64-linux-gnu:/opt/ros/humble/lib:/usr/share/gazebo/../../lib/x86_64-linux-gnu/gazebo-11/plugins PATH=/home/devam/turtlebot3_ws/src/install/rtabmap/bin:${PATH} PKG_CONFIG_PATH=/home/devam/turtlebot3_ws/src/install/rtabmap/lib/x86_64-linux-gnu/pkgconfig:/home/devam/turtlebot3_ws/src/install/rtabmap/lib/pkgconfig PYTHONPATH=/home/devam/turtlebot3_ws/src/install/rtabmap_msgs/local/lib/python3.10/dist-packages:${PYTHONPATH} /usr/local/bin/cmake --build /home/devam/turtlebot3_ws/src/build/rtabmap_viz
[33.530s] Invoking command in '/home/devam/turtlebot3_ws/src/build/rtabmap_viz': AMENT_PREFIX_PATH=/home/devam/turtlebot3_ws/src/install/rtabmap_sync:/home/devam/turtlebot3_ws/src/install/rtabmap_conversions:/home/devam/turtlebot3_ws/src/install/rtabmap_msgs:${AMENT_PREFIX_PATH} CMAKE_PREFIX_PATH=/home/devam/turtlebot3_ws/src/install/rtabmap_sync:/home/devam/turtlebot3_ws/src/install/rtabmap_conversions:/home/devam/turtlebot3_ws/src/install/rtabmap_msgs:/home/devam/turtlebot3_ws/src/install/rtabmap:/home/devam/turtlebot4_ws/install/turtlebot4_simulator:/home/devam/turtlebot4_ws/install/turtlebot4_ignition_bringup:/home/devam/turtlebot4_ws/install/turtlebot4_node:/home/devam/turtlebot4_ws/install/turtlebot4_navigation:/home/devam/turtlebot4_ws/install/turtlebot4_ignition_toolbox:/home/devam/turtlebot4_ws/install/turtlebot4_msgs:/home/devam/turtlebot4_ws/install/turtlebot4_ignition_gui_plugins:/home/devam/turtlebot4_ws/install/turtlebot4_description:/home/devam/turtlebot3_ws/install/velodyne_simulator:/home/devam/turtlebot3_ws/install/velodyne:/home/devam/turtlebot3_ws/install/velodyne_pointcloud:/home/devam/turtlebot3_ws/install/velodyne_driver:/home/devam/turtlebot3_ws/install/velodyne_msgs:/home/devam/turtlebot3_ws/install/velodyne_laserscan:/home/devam/turtlebot3_ws/install/velodyne_gazebo_plugins:/home/devam/turtlebot3_ws/install/velodyne_description:/home/devam/turtlebot3_ws/install/turtlebot3:/home/devam/turtlebot3_ws/install/turtlebot3_simulations:/home/devam/turtlebot3_ws/install/turtlebot3_bringup:/home/devam/turtlebot3_ws/install/turtlebot3_node:/home/devam/turtlebot3_ws/install/turtlebot3_navigation2:/home/devam/turtlebot3_ws/install/turtlebot3_fake_node:/home/devam/turtlebot3_ws/install/turtlebot3_msgs:/home/devam/turtlebot3_ws/install/turtlebot3_gazebo:/home/devam/turtlebot3_ws/install/turtlebot3_description:/home/devam/turtlebot3_ws/install/turtlebot3_cartographer:/home/devam/turtlebot3_ws/install/robot_gazebo:/home/devam/turtlebot3_ws/install/robot_description:/home/devam/turtlebot3_ws/install/robot_control:/home/devam/turtlebot3_ws/install/microstrain_inertial_msgs:/home/devam/turtlebot3_ws/install/microstrain_inertial_description:/home/devam/turtlebot3_ws/install/lio_sam:/home/devam/FYP_ROS2/install/occ_map_creator:/home/devam/FYP_ROS2/install/ekf_slam:/home/devam/FYP_ROS2/install/ekf_localization:/home/devam/turtlebot3_ws/install/turtlebot3_teleop:/home/devam/turtlebot3_ws/install/turtlebot3_rtabmap_slam:/home/devam/turtlebot3_ws/install/turtlebot3_example:/home/devam/turtlebot3_ws/install/microstrain_inertial_rqt:/opt/ros/humble LD_LIBRARY_PATH=/home/devam/turtlebot3_ws/src/install/rtabmap_sync/lib:/home/devam/turtlebot3_ws/src/install/rtabmap_conversions/lib:/home/devam/turtlebot3_ws/src/install/rtabmap_msgs/lib:/home/devam/turtlebot3_ws/src/install/rtabmap/lib:/home/devam/turtlebot4_ws/install/turtlebot4_msgs/lib:/home/devam/turtlebot3_ws/install/velodyne_pointcloud/lib:/home/devam/turtlebot3_ws/install/velodyne_driver/lib:/home/devam/turtlebot3_ws/install/velodyne_msgs/lib:/home/devam/turtlebot3_ws/install/velodyne_laserscan/lib:/home/devam/turtlebot3_ws/install/velodyne_gazebo_plugins/lib:/home/devam/turtlebot3_ws/install/turtlebot3_msgs/lib:/home/devam/turtlebot3_ws/install/microstrain_inertial_msgs/lib:/home/devam/turtlebot3_ws/install/lio_sam/lib:/usr/lib/x86_64-linux-gnu/gazebo-11/plugins:/opt/ros/humble/opt/rviz_ogre_vendor/lib:/opt/ros/humble/lib/x86_64-linux-gnu:/opt/ros/humble/lib:/usr/share/gazebo/../../lib/x86_64-linux-gnu/gazebo-11/plugins PATH=/home/devam/turtlebot3_ws/src/install/rtabmap/bin:${PATH} PKG_CONFIG_PATH=/home/devam/turtlebot3_ws/src/install/rtabmap/lib/x86_64-linux-gnu/pkgconfig:/home/devam/turtlebot3_ws/src/install/rtabmap/lib/pkgconfig PYTHONPATH=/home/devam/turtlebot3_ws/src/install/rtabmap_msgs/local/lib/python3.10/dist-packages:${PYTHONPATH} /usr/local/bin/cmake --install /home/devam/turtlebot3_ws/src/build/rtabmap_viz
[33.533s] -- Install configuration: "Release"
[33.533s] -- Execute custom install script
[33.534s] -- Symlinking: /home/devam/turtlebot3_ws/src/install/rtabmap_viz/lib/rtabmap_viz/rtabmap_viz
[33.537s] -- Symlinking: /home/devam/turtlebot3_ws/src/install/rtabmap_viz/share/ament_index/resource_index/package_run_dependencies/rtabmap_viz
[33.541s] -- Symlinking: /home/devam/turtlebot3_ws/src/install/rtabmap_viz/share/ament_index/resource_index/parent_prefix_path/rtabmap_viz
[33.545s] -- Symlinking: /home/devam/turtlebot3_ws/src/install/rtabmap_viz/share/rtabmap_viz/environment/ament_prefix_path.sh
[33.548s] -- Symlinking: /home/devam/turtlebot3_ws/src/install/rtabmap_viz/share/rtabmap_viz/environment/ament_prefix_path.dsv
[33.551s] -- Symlinking: /home/devam/turtlebot3_ws/src/install/rtabmap_viz/share/rtabmap_viz/environment/path.sh
[33.554s] -- Symlinking: /home/devam/turtlebot3_ws/src/install/rtabmap_viz/share/rtabmap_viz/environment/path.dsv
[33.557s] -- Symlinking: /home/devam/turtlebot3_ws/src/install/rtabmap_viz/share/rtabmap_viz/local_setup.bash
[33.560s] -- Symlinking: /home/devam/turtlebot3_ws/src/install/rtabmap_viz/share/rtabmap_viz/local_setup.sh
[33.564s] -- Symlinking: /home/devam/turtlebot3_ws/src/install/rtabmap_viz/share/rtabmap_viz/local_setup.zsh
[33.567s] -- Symlinking: /home/devam/turtlebot3_ws/src/install/rtabmap_viz/share/rtabmap_viz/local_setup.dsv
[33.571s] -- Symlinking: /home/devam/turtlebot3_ws/src/install/rtabmap_viz/share/rtabmap_viz/package.dsv
[33.575s] -- Symlinking: /home/devam/turtlebot3_ws/src/install/rtabmap_viz/share/ament_index/resource_index/packages/rtabmap_viz
[33.578s] -- Symlinking: /home/devam/turtlebot3_ws/src/install/rtabmap_viz/share/rtabmap_viz/cmake/rtabmap_vizConfig.cmake
[33.581s] -- Symlinking: /home/devam/turtlebot3_ws/src/install/rtabmap_viz/share/rtabmap_viz/cmake/rtabmap_vizConfig-version.cmake
[33.585s] -- Symlinking: /home/devam/turtlebot3_ws/src/install/rtabmap_viz/share/rtabmap_viz/package.xml
[33.589s] Invoked command in '/home/devam/turtlebot3_ws/src/build/rtabmap_viz' returned '0': AMENT_PREFIX_PATH=/home/devam/turtlebot3_ws/src/install/rtabmap_sync:/home/devam/turtlebot3_ws/src/install/rtabmap_conversions:/home/devam/turtlebot3_ws/src/install/rtabmap_msgs:${AMENT_PREFIX_PATH} CMAKE_PREFIX_PATH=/home/devam/turtlebot3_ws/src/install/rtabmap_sync:/home/devam/turtlebot3_ws/src/install/rtabmap_conversions:/home/devam/turtlebot3_ws/src/install/rtabmap_msgs:/home/devam/turtlebot3_ws/src/install/rtabmap:/home/devam/turtlebot4_ws/install/turtlebot4_simulator:/home/devam/turtlebot4_ws/install/turtlebot4_ignition_bringup:/home/devam/turtlebot4_ws/install/turtlebot4_node:/home/devam/turtlebot4_ws/install/turtlebot4_navigation:/home/devam/turtlebot4_ws/install/turtlebot4_ignition_toolbox:/home/devam/turtlebot4_ws/install/turtlebot4_msgs:/home/devam/turtlebot4_ws/install/turtlebot4_ignition_gui_plugins:/home/devam/turtlebot4_ws/install/turtlebot4_description:/home/devam/turtlebot3_ws/install/velodyne_simulator:/home/devam/turtlebot3_ws/install/velodyne:/home/devam/turtlebot3_ws/install/velodyne_pointcloud:/home/devam/turtlebot3_ws/install/velodyne_driver:/home/devam/turtlebot3_ws/install/velodyne_msgs:/home/devam/turtlebot3_ws/install/velodyne_laserscan:/home/devam/turtlebot3_ws/install/velodyne_gazebo_plugins:/home/devam/turtlebot3_ws/install/velodyne_description:/home/devam/turtlebot3_ws/install/turtlebot3:/home/devam/turtlebot3_ws/install/turtlebot3_simulations:/home/devam/turtlebot3_ws/install/turtlebot3_bringup:/home/devam/turtlebot3_ws/install/turtlebot3_node:/home/devam/turtlebot3_ws/install/turtlebot3_navigation2:/home/devam/turtlebot3_ws/install/turtlebot3_fake_node:/home/devam/turtlebot3_ws/install/turtlebot3_msgs:/home/devam/turtlebot3_ws/install/turtlebot3_gazebo:/home/devam/turtlebot3_ws/install/turtlebot3_description:/home/devam/turtlebot3_ws/install/turtlebot3_cartographer:/home/devam/turtlebot3_ws/install/robot_gazebo:/home/devam/turtlebot3_ws/install/robot_description:/home/devam/turtlebot3_ws/install/robot_control:/home/devam/turtlebot3_ws/install/microstrain_inertial_msgs:/home/devam/turtlebot3_ws/install/microstrain_inertial_description:/home/devam/turtlebot3_ws/install/lio_sam:/home/devam/FYP_ROS2/install/occ_map_creator:/home/devam/FYP_ROS2/install/ekf_slam:/home/devam/FYP_ROS2/install/ekf_localization:/home/devam/turtlebot3_ws/install/turtlebot3_teleop:/home/devam/turtlebot3_ws/install/turtlebot3_rtabmap_slam:/home/devam/turtlebot3_ws/install/turtlebot3_example:/home/devam/turtlebot3_ws/install/microstrain_inertial_rqt:/opt/ros/humble LD_LIBRARY_PATH=/home/devam/turtlebot3_ws/src/install/rtabmap_sync/lib:/home/devam/turtlebot3_ws/src/install/rtabmap_conversions/lib:/home/devam/turtlebot3_ws/src/install/rtabmap_msgs/lib:/home/devam/turtlebot3_ws/src/install/rtabmap/lib:/home/devam/turtlebot4_ws/install/turtlebot4_msgs/lib:/home/devam/turtlebot3_ws/install/velodyne_pointcloud/lib:/home/devam/turtlebot3_ws/install/velodyne_driver/lib:/home/devam/turtlebot3_ws/install/velodyne_msgs/lib:/home/devam/turtlebot3_ws/install/velodyne_laserscan/lib:/home/devam/turtlebot3_ws/install/velodyne_gazebo_plugins/lib:/home/devam/turtlebot3_ws/install/turtlebot3_msgs/lib:/home/devam/turtlebot3_ws/install/microstrain_inertial_msgs/lib:/home/devam/turtlebot3_ws/install/lio_sam/lib:/usr/lib/x86_64-linux-gnu/gazebo-11/plugins:/opt/ros/humble/opt/rviz_ogre_vendor/lib:/opt/ros/humble/lib/x86_64-linux-gnu:/opt/ros/humble/lib:/usr/share/gazebo/../../lib/x86_64-linux-gnu/gazebo-11/plugins PATH=/home/devam/turtlebot3_ws/src/install/rtabmap/bin:${PATH} PKG_CONFIG_PATH=/home/devam/turtlebot3_ws/src/install/rtabmap/lib/x86_64-linux-gnu/pkgconfig:/home/devam/turtlebot3_ws/src/install/rtabmap/lib/pkgconfig PYTHONPATH=/home/devam/turtlebot3_ws/src/install/rtabmap_msgs/local/lib/python3.10/dist-packages:${PYTHONPATH} /usr/local/bin/cmake --install /home/devam/turtlebot3_ws/src/build/rtabmap_viz
