[  0%] [32mBuilding CXX object utilite/src/CMakeFiles/rtabmap_utilite.dir/UEventsHandler.cpp.o[0m
[  0%] [32mBuilding CXX object utilite/src/CMakeFiles/rtabmap_utilite.dir/UFile.cpp.o[0m
[  2%] [32mBuilding CXX object utilite/src/CMakeFiles/rtabmap_utilite.dir/UEventsSender.cpp.o[0m
[  3%] [32mBuilding CXX object utilite/src/CMakeFiles/rtabmap_utilite.dir/UConversion.cpp.o[0m
[  2%] [32mBuilding CXX object utilite/src/CMakeFiles/rtabmap_utilite.dir/UEventsManager.cpp.o[0m
[  3%] [32mBuilding CXX object utilite/src/CMakeFiles/rtabmap_utilite.dir/UDirectory.cpp.o[0m
[  3%] [32mBuilding CXX object utilite/src/CMakeFiles/rtabmap_utilite.dir/ULogger.cpp.o[0m
[  3%] [32mBuilding CXX object utilite/src/CMakeFiles/rtabmap_utilite.dir/UTimer.cpp.o[0m
[  4%] [32mBuilding CXX object utilite/src/CMakeFiles/rtabmap_utilite.dir/UThread.cpp.o[0m
[  4%] [32mBuilding CXX object utilite/src/CMakeFiles/rtabmap_utilite.dir/UProcessInfo.cpp.o[0m
[  5%] [32mBuilding CXX object utilite/src/CMakeFiles/rtabmap_utilite.dir/UVariant.cpp.o[0m
[  5%] [32m[1mLinking CXX shared library ../../bin/librtabmap_utilite.so[0m
[  5%] Built target rtabmap_utilite
[  5%] [32mBuilding CXX object utilite/resource_generator/CMakeFiles/res_tool.dir/main.cpp.o[0m
[  6%] [32m[1mLinking CXX executable ../../bin/rtabmap-res_tool[0m
[  6%] Built target res_tool
[  6%] [34m[1m[Creating resources][0m
 Using namespace=rtabmap
 Using target directory=/home/devam/turtlebot3_ws/src/build/rtabmap/corelib/src
Input file "/home/devam/turtlebot3_ws/src/src/rtabmap/corelib/src/resources/DatabaseSchema.sql" size = 5963 bytes
Output file "/home/devam/turtlebot3_ws/src/build/rtabmap/corelib/src/DatabaseSchema_sql.h" size = 12153 bytes
Input file "/home/devam/turtlebot3_ws/src/src/rtabmap/corelib/src/resources/backward_compatibility/DatabaseSchema_0_20_0.sql" size = 5900 bytes
Output file "/home/devam/turtlebot3_ws/src/build/rtabmap/corelib/src/DatabaseSchema_0_20_0_sql.h" size = 12055 bytes
Input file "/home/devam/turtlebot3_ws/src/src/rtabmap/corelib/src/resources/backward_compatibility/DatabaseSchema_0_18_3.sql" size = 5749 bytes
Output file "/home/devam/turtlebot3_ws/src/build/rtabmap/corelib/src/DatabaseSchema_0_18_3_sql.h" size = 11753 bytes
Input file "/home/devam/turtlebot3_ws/src/src/rtabmap/corelib/src/resources/backward_compatibility/DatabaseSchema_0_18_0.sql" size = 5749 bytes
Output file "/home/devam/turtlebot3_ws/src/build/rtabmap/corelib/src/DatabaseSchema_0_18_0_sql.h" size = 11753 bytes
Input file "/home/devam/turtlebot3_ws/src/src/rtabmap/corelib/src/resources/backward_compatibility/DatabaseSchema_0_17_0.sql" size = 5432 bytes
Output file "/home/devam/turtlebot3_ws/src/build/rtabmap/corelib/src/DatabaseSchema_0_17_0_sql.h" size = 11119 bytes
Input file "/home/devam/turtlebot3_ws/src/src/rtabmap/corelib/src/resources/backward_compatibility/DatabaseSchema_0_16_2.sql" size = 5362 bytes
Output file "/home/devam/turtlebot3_ws/src/build/rtabmap/corelib/src/DatabaseSchema_0_16_2_sql.h" size = 10979 bytes
Input file "/home/devam/turtlebot3_ws/src/src/rtabmap/corelib/src/resources/backward_compatibility/DatabaseSchema_0_16_1.sql" size = 5286 bytes
Output file "/home/devam/turtlebot3_ws/src/build/rtabmap/corelib/src/DatabaseSchema_0_16_1_sql.h" size = 10827 bytes
Input file "/home/devam/turtlebot3_ws/src/src/rtabmap/corelib/src/resources/backward_compatibility/DatabaseSchema_0_16_0.sql" size = 5273 bytes
Output file "/home/devam/turtlebot3_ws/src/build/rtabmap/corelib/src/DatabaseSchema_0_16_0_sql.h" size = 10801 bytes
[  7%] [32mBuilding CXX object corelib/src/CMakeFiles/rtabmap_core.dir/Rtabmap.cpp.o[0m
[  7%] [32mBuilding CXX object corelib/src/CMakeFiles/rtabmap_core.dir/RtabmapThread.cpp.o[0m
[  7%] [32mBuilding CXX object corelib/src/CMakeFiles/rtabmap_core.dir/Statistics.cpp.o[0m
[  8%] [32mBuilding CXX object corelib/src/CMakeFiles/rtabmap_core.dir/DBDriverSqlite3.cpp.o[0m
[  8%] [32mBuilding CXX object corelib/src/CMakeFiles/rtabmap_core.dir/DBDriver.cpp.o[0m
[  9%] [32mBuilding CXX object corelib/src/CMakeFiles/rtabmap_core.dir/Memory.cpp.o[0m
[  9%] [32mBuilding CXX object corelib/src/CMakeFiles/rtabmap_core.dir/DBReader.cpp.o[0m
[  9%] [32mBuilding CXX object corelib/src/CMakeFiles/rtabmap_core.dir/Recovery.cpp.o[0m
[ 10%] [32mBuilding CXX object corelib/src/CMakeFiles/rtabmap_core.dir/SensorCapture.cpp.o[0m
[ 10%] [32mBuilding CXX object corelib/src/CMakeFiles/rtabmap_core.dir/SensorCaptureThread.cpp.o[0m
[ 11%] [32mBuilding CXX object corelib/src/CMakeFiles/rtabmap_core.dir/Camera.cpp.o[0m
[ 11%] [32mBuilding CXX object corelib/src/CMakeFiles/rtabmap_core.dir/CameraModel.cpp.o[0m
[ 11%] [32mBuilding CXX object corelib/src/CMakeFiles/rtabmap_core.dir/camera/CameraFreenect.cpp.o[0m
[ 12%] [32mBuilding CXX object corelib/src/CMakeFiles/rtabmap_core.dir/camera/CameraFreenect2.cpp.o[0m
[ 12%] [32mBuilding CXX object corelib/src/CMakeFiles/rtabmap_core.dir/camera/CameraImages.cpp.o[0m
[ 13%] [32mBuilding CXX object corelib/src/CMakeFiles/rtabmap_core.dir/camera/CameraK4W2.cpp.o[0m
[ 13%] [32mBuilding CXX object corelib/src/CMakeFiles/rtabmap_core.dir/camera/CameraK4A.cpp.o[0m
[ 13%] [32mBuilding CXX object corelib/src/CMakeFiles/rtabmap_core.dir/camera/CameraOpenni.cpp.o[0m
[ 14%] [32mBuilding CXX object corelib/src/CMakeFiles/rtabmap_core.dir/camera/CameraOpenNI2.cpp.o[0m
[ 14%] [32mBuilding CXX object corelib/src/CMakeFiles/rtabmap_core.dir/camera/CameraOpenNICV.cpp.o[0m
[ 14%] [32mBuilding CXX object corelib/src/CMakeFiles/rtabmap_core.dir/camera/CameraRealSense.cpp.o[0m
[ 15%] [32mBuilding CXX object corelib/src/CMakeFiles/rtabmap_core.dir/camera/CameraRealSense2.cpp.o[0m
[ 15%] [32mBuilding CXX object corelib/src/CMakeFiles/rtabmap_core.dir/camera/CameraRGBDImages.cpp.o[0m
[ 16%] [32mBuilding CXX object corelib/src/CMakeFiles/rtabmap_core.dir/camera/CameraStereoDC1394.cpp.o[0m
[ 16%] [32mBuilding CXX object corelib/src/CMakeFiles/rtabmap_core.dir/camera/CameraStereoFlyCapture2.cpp.o[0m
[ 16%] [32mBuilding CXX object corelib/src/CMakeFiles/rtabmap_core.dir/camera/CameraStereoImages.cpp.o[0m
[ 17%] [32mBuilding CXX object corelib/src/CMakeFiles/rtabmap_core.dir/camera/CameraStereoVideo.cpp.o[0m
[ 17%] [32mBuilding CXX object corelib/src/CMakeFiles/rtabmap_core.dir/camera/CameraStereoZed.cpp.o[0m
[ 18%] [32mBuilding CXX object corelib/src/CMakeFiles/rtabmap_core.dir/camera/CameraStereoZedOC.cpp.o[0m
[ 18%] [32mBuilding CXX object corelib/src/CMakeFiles/rtabmap_core.dir/camera/CameraStereoTara.cpp.o[0m
[ 18%] [32mBuilding CXX object corelib/src/CMakeFiles/rtabmap_core.dir/camera/CameraVideo.cpp.o[0m
[ 19%] [32mBuilding CXX object corelib/src/CMakeFiles/rtabmap_core.dir/camera/CameraMyntEye.cpp.o[0m
[ 19%] [32mBuilding CXX object corelib/src/CMakeFiles/rtabmap_core.dir/camera/CameraDepthAI.cpp.o[0m
[ 20%] [32mBuilding CXX object corelib/src/CMakeFiles/rtabmap_core.dir/camera/CameraSeerSense.cpp.o[0m
[ 20%] [32mBuilding CXX object corelib/src/CMakeFiles/rtabmap_core.dir/EpipolarGeometry.cpp.o[0m
[ 20%] [32mBuilding CXX object corelib/src/CMakeFiles/rtabmap_core.dir/VisualWord.cpp.o[0m
[ 21%] [32mBuilding CXX object corelib/src/CMakeFiles/rtabmap_core.dir/VWDictionary.cpp.o[0m
[ 21%] [32mBuilding CXX object corelib/src/CMakeFiles/rtabmap_core.dir/BayesFilter.cpp.o[0m
[ 22%] [32mBuilding CXX object corelib/src/CMakeFiles/rtabmap_core.dir/Parameters.cpp.o[0m
[ 22%] [32mBuilding CXX object corelib/src/CMakeFiles/rtabmap_core.dir/Signature.cpp.o[0m
[ 22%] [32mBuilding CXX object corelib/src/CMakeFiles/rtabmap_core.dir/Features2d.cpp.o[0m
[ 23%] [32mBuilding CXX object corelib/src/CMakeFiles/rtabmap_core.dir/Transform.cpp.o[0m
[ 23%] [32mBuilding CXX object corelib/src/CMakeFiles/rtabmap_core.dir/GeodeticCoords.cpp.o[0m
[ 24%] [32mBuilding CXX object corelib/src/CMakeFiles/rtabmap_core.dir/util2d.cpp.o[0m
[ 24%] [32mBuilding CXX object corelib/src/CMakeFiles/rtabmap_core.dir/util3d.cpp.o[0m
[ 24%] [32mBuilding CXX object corelib/src/CMakeFiles/rtabmap_core.dir/util3d_filtering.cpp.o[0m
[ 25%] [32mBuilding CXX object corelib/src/CMakeFiles/rtabmap_core.dir/util3d_mapping.cpp.o[0m
[ 25%] [32mBuilding CXX object corelib/src/CMakeFiles/rtabmap_core.dir/util3d_transforms.cpp.o[0m
[ 26%] [32mBuilding CXX object corelib/src/CMakeFiles/rtabmap_core.dir/util3d_registration.cpp.o[0m
[ 26%] [32mBuilding CXX object corelib/src/CMakeFiles/rtabmap_core.dir/util3d_surface.cpp.o[0m
[ 26%] [32mBuilding CXX object corelib/src/CMakeFiles/rtabmap_core.dir/util3d_features.cpp.o[0m
[ 27%] [32mBuilding CXX object corelib/src/CMakeFiles/rtabmap_core.dir/util3d_correspondences.cpp.o[0m
[ 27%] [32mBuilding CXX object corelib/src/CMakeFiles/rtabmap_core.dir/util3d_motion_estimation.cpp.o[0m
[ 28%] [32mBuilding CXX object corelib/src/CMakeFiles/rtabmap_core.dir/rvl_codec.cpp.o[0m
[ 28%] [32mBuilding CXX object corelib/src/CMakeFiles/rtabmap_core.dir/SensorData.cpp.o[0m
[ 28%] [32mBuilding CXX object corelib/src/CMakeFiles/rtabmap_core.dir/Graph.cpp.o[0m
[ 29%] [32mBuilding CXX object corelib/src/CMakeFiles/rtabmap_core.dir/Compression.cpp.o[0m
[ 29%] [32mBuilding CXX object corelib/src/CMakeFiles/rtabmap_core.dir/Link.cpp.o[0m
[ 30%] [32mBuilding CXX object corelib/src/CMakeFiles/rtabmap_core.dir/LaserScan.cpp.o[0m
[ 30%] [32mBuilding CXX object corelib/src/CMakeFiles/rtabmap_core.dir/Optimizer.cpp.o[0m
[ 30%] [32mBuilding CXX object corelib/src/CMakeFiles/rtabmap_core.dir/optimizer/OptimizerTORO.cpp.o[0m
[ 31%] [32mBuilding CXX object corelib/src/CMakeFiles/rtabmap_core.dir/optimizer/OptimizerG2O.cpp.o[0m
[ 31%] [32mBuilding CXX object corelib/src/CMakeFiles/rtabmap_core.dir/optimizer/OptimizerGTSAM.cpp.o[0m
[ 31%] [32mBuilding CXX object corelib/src/CMakeFiles/rtabmap_core.dir/optimizer/OptimizerCVSBA.cpp.o[0m
[ 32%] [32mBuilding CXX object corelib/src/CMakeFiles/rtabmap_core.dir/optimizer/OptimizerCeres.cpp.o[0m
[ 32%] [32mBuilding CXX object corelib/src/CMakeFiles/rtabmap_core.dir/Registration.cpp.o[0m
[ 33%] [32mBuilding CXX object corelib/src/CMakeFiles/rtabmap_core.dir/RegistrationIcp.cpp.o[0m
[ 33%] [32mBuilding CXX object corelib/src/CMakeFiles/rtabmap_core.dir/RegistrationVis.cpp.o[0m
[ 33%] [32mBuilding CXX object corelib/src/CMakeFiles/rtabmap_core.dir/Odometry.cpp.o[0m
[ 34%] [32mBuilding CXX object corelib/src/CMakeFiles/rtabmap_core.dir/OdometryThread.cpp.o[0m
[ 34%] [32mBuilding CXX object corelib/src/CMakeFiles/rtabmap_core.dir/OdometryInfo.cpp.o[0m
[ 35%] [32mBuilding CXX object corelib/src/CMakeFiles/rtabmap_core.dir/odometry/OdometryF2M.cpp.o[0m
[ 35%] [32mBuilding CXX object corelib/src/CMakeFiles/rtabmap_core.dir/odometry/OdometryMono.cpp.o[0m
[ 35%] [32mBuilding CXX object corelib/src/CMakeFiles/rtabmap_core.dir/odometry/OdometryF2F.cpp.o[0m
[ 36%] [32mBuilding CXX object corelib/src/CMakeFiles/rtabmap_core.dir/odometry/OdometryFovis.cpp.o[0m
[ 36%] [32mBuilding CXX object corelib/src/CMakeFiles/rtabmap_core.dir/odometry/OdometryViso2.cpp.o[0m
[ 37%] [32mBuilding CXX object corelib/src/CMakeFiles/rtabmap_core.dir/odometry/OdometryDVO.cpp.o[0m
[ 37%] [32mBuilding CXX object corelib/src/CMakeFiles/rtabmap_core.dir/odometry/OdometryOkvis.cpp.o[0m
[ 37%] [32mBuilding CXX object corelib/src/CMakeFiles/rtabmap_core.dir/odometry/OdometryORBSLAM2.cpp.o[0m
[ 38%] [32mBuilding CXX object corelib/src/CMakeFiles/rtabmap_core.dir/odometry/OdometryORBSLAM3.cpp.o[0m
[ 38%] [32mBuilding CXX object corelib/src/CMakeFiles/rtabmap_core.dir/odometry/OdometryLOAM.cpp.o[0m
[ 39%] [32mBuilding CXX object corelib/src/CMakeFiles/rtabmap_core.dir/odometry/OdometryFLOAM.cpp.o[0m
[ 39%] [32mBuilding CXX object corelib/src/CMakeFiles/rtabmap_core.dir/odometry/OdometryMSCKF.cpp.o[0m
[ 39%] [32mBuilding CXX object corelib/src/CMakeFiles/rtabmap_core.dir/odometry/OdometryVINS.cpp.o[0m
[ 40%] [32mBuilding CXX object corelib/src/CMakeFiles/rtabmap_core.dir/odometry/OdometryOpenVINS.cpp.o[0m
[ 40%] [32mBuilding CXX object corelib/src/CMakeFiles/rtabmap_core.dir/odometry/OdometryOpen3D.cpp.o[0m
[ 41%] [32mBuilding CXX object corelib/src/CMakeFiles/rtabmap_core.dir/IMU.cpp.o[0m
[ 41%] [32mBuilding CXX object corelib/src/CMakeFiles/rtabmap_core.dir/IMUThread.cpp.o[0m
[ 41%] [32mBuilding CXX object corelib/src/CMakeFiles/rtabmap_core.dir/IMUFilter.cpp.o[0m
[ 42%] [32mBuilding CXX object corelib/src/CMakeFiles/rtabmap_core.dir/imufilter/ComplementaryFilter.cpp.o[0m
[ 42%] [32mBuilding CXX object corelib/src/CMakeFiles/rtabmap_core.dir/Stereo.cpp.o[0m
[ 43%] [32mBuilding CXX object corelib/src/CMakeFiles/rtabmap_core.dir/StereoDense.cpp.o[0m
[ 43%] [32mBuilding CXX object corelib/src/CMakeFiles/rtabmap_core.dir/StereoCameraModel.cpp.o[0m
[ 43%] [32mBuilding CXX object corelib/src/CMakeFiles/rtabmap_core.dir/stereo/StereoBM.cpp.o[0m
[ 44%] [32mBuilding CXX object corelib/src/CMakeFiles/rtabmap_core.dir/stereo/StereoSGBM.cpp.o[0m
[ 44%] [32mBuilding CXX object corelib/src/CMakeFiles/rtabmap_core.dir/GlobalMap.cpp.o[0m
[ 45%] [32mBuilding CXX object corelib/src/CMakeFiles/rtabmap_core.dir/LocalGridMaker.cpp.o[0m
[ 45%] [32mBuilding CXX object corelib/src/CMakeFiles/rtabmap_core.dir/LocalGrid.cpp.o[0m
[ 45%] [32mBuilding CXX object corelib/src/CMakeFiles/rtabmap_core.dir/global_map/OccupancyGrid.cpp.o[0m
[ 46%] [32mBuilding CXX object corelib/src/CMakeFiles/rtabmap_core.dir/global_map/CloudMap.cpp.o[0m
[ 46%] [32mBuilding CXX object corelib/src/CMakeFiles/rtabmap_core.dir/MarkerDetector.cpp.o[0m
[ 47%] [32mBuilding CXX object corelib/src/CMakeFiles/rtabmap_core.dir/GlobalDescriptorExtractor.cpp.o[0m
[ 47%] [32mBuilding CXX object corelib/src/CMakeFiles/rtabmap_core.dir/GainCompensator.cpp.o[0m
[ 47%] [32mBuilding C object corelib/src/CMakeFiles/rtabmap_core.dir/rtflann/ext/lz4.c.o[0m
[ 48%] [32mBuilding C object corelib/src/CMakeFiles/rtabmap_core.dir/rtflann/ext/lz4hc.c.o[0m
[ 48%] [32mBuilding CXX object corelib/src/CMakeFiles/rtabmap_core.dir/FlannIndex.cpp.o[0m
[ 48%] [32mBuilding CXX object corelib/src/CMakeFiles/rtabmap_core.dir/clams/discrete_depth_distortion_model_helpers.cpp.o[0m
[ 49%] [32mBuilding CXX object corelib/src/CMakeFiles/rtabmap_core.dir/clams/discrete_depth_distortion_model.cpp.o[0m
[ 49%] [32mBuilding CXX object corelib/src/CMakeFiles/rtabmap_core.dir/clams/frame_projector.cpp.o[0m
[ 50%] [32mBuilding CXX object corelib/src/CMakeFiles/rtabmap_core.dir/clams/slam_calibrator.cpp.o[0m
[ 50%] [32mBuilding CXX object corelib/src/CMakeFiles/rtabmap_core.dir/opencv/ORBextractor.cc.o[0m
[ 50%] [32mBuilding CXX object corelib/src/CMakeFiles/rtabmap_core.dir/opencv/solvepnp.cpp.o[0m
[ 51%] [32mBuilding CXX object corelib/src/CMakeFiles/rtabmap_core.dir/opencv/five-point.cpp.o[0m
[ 51%] [32mBuilding CXX object corelib/src/CMakeFiles/rtabmap_core.dir/lidar/LidarVLP16.cpp.o[0m
[ 52%] [32mBuilding CXX object corelib/src/CMakeFiles/rtabmap_core.dir/optimizer/toro3d/posegraph3.cpp.o[0m
[ 52%] [32mBuilding CXX object corelib/src/CMakeFiles/rtabmap_core.dir/optimizer/toro3d/treeoptimizer3_iteration.cpp.o[0m
[ 52%] [32mBuilding CXX object corelib/src/CMakeFiles/rtabmap_core.dir/optimizer/toro3d/treeoptimizer3.cpp.o[0m
[ 53%] [32mBuilding CXX object corelib/src/CMakeFiles/rtabmap_core.dir/optimizer/toro3d/posegraph2.cpp.o[0m
[ 53%] [32mBuilding CXX object corelib/src/CMakeFiles/rtabmap_core.dir/optimizer/toro3d/treeoptimizer2.cpp.o[0m
[ 54%] [32mBuilding CXX object corelib/src/CMakeFiles/rtabmap_core.dir/optimizer/vertigo/g2o/edge_se2Switchable.cpp.o[0m
[ 54%] [32mBuilding CXX object corelib/src/CMakeFiles/rtabmap_core.dir/optimizer/vertigo/g2o/edge_se3Switchable.cpp.o[0m
[ 54%] [32mBuilding CXX object corelib/src/CMakeFiles/rtabmap_core.dir/optimizer/vertigo/g2o/edge_switchPrior.cpp.o[0m
[ 55%] [32mBuilding CXX object corelib/src/CMakeFiles/rtabmap_core.dir/optimizer/vertigo/g2o/types_g2o_robust.cpp.o[0m
[ 55%] [32mBuilding CXX object corelib/src/CMakeFiles/rtabmap_core.dir/optimizer/vertigo/g2o/vertex_switchLinear.cpp.o[0m
[ 56%] [32mBuilding CXX object corelib/src/CMakeFiles/rtabmap_core.dir/global_map/OctoMap.cpp.o[0m
[ 56%] [32mBuilding CXX object corelib/src/CMakeFiles/rtabmap_core.dir/optimizer/gtsam/GravityFactor.cpp.o[0m
[ 56%] [32mBuilding CXX object corelib/src/CMakeFiles/rtabmap_core.dir/imufilter/MadgwickFilter.cpp.o[0m
[ 57%] [32m[1mLinking CXX shared library ../../bin/librtabmap_core.so[0m
[ 57%] Built target rtabmap_core
[ 57%] [32mBuilding CXX object tools/Camera/CMakeFiles/camera.dir/main.cpp.o[0m
[ 57%] [34m[1mAutomatic MOC and UIC for target rtabmap_gui[0m
[ 57%] [32mBuilding CXX object tools/ConsoleApp/CMakeFiles/consoleApp.dir/main.cpp.o[0m
[ 58%] [32mBuilding CXX object tools/StereoEval/CMakeFiles/stereoEval.dir/main.cpp.o[0m
[ 59%] [32mBuilding CXX object tools/ExtractObject/CMakeFiles/extractObject.dir/main.cpp.o[0m
[ 59%] [32mBuilding CXX object tools/ImagesJoiner/CMakeFiles/imagesJoiner.dir/main.cpp.o[0m
[ 60%] [32m[1mLinking CXX executable ../../bin/rtabmap-imagesJoiner[0m
[ 61%] [32m[1mLinking CXX executable ../../bin/rtabmap-camera[0m
[ 61%] Built target imagesJoiner
[ 62%] [32mBuilding CXX object tools/KittiDataset/CMakeFiles/kitti_dataset.dir/main.cpp.o[0m
[ 62%] Built target camera
[ 62%] [32mBuilding CXX object tools/RgbdDataset/CMakeFiles/rgbd_dataset.dir/main.cpp.o[0m
[ 62%] [32m[1mLinking CXX executable ../../bin/rtabmap-stereoEval[0m
[ 62%] Built target rtabmap_gui_autogen
[ 62%] [32mBuilding CXX object tools/EurocDataset/CMakeFiles/euroc_dataset.dir/main.cpp.o[0m
[ 62%] Built target stereoEval
[ 62%] [32mBuilding CXX object tools/Recovery/CMakeFiles/recovery.dir/main.cpp.o[0m
[ 62%] [32m[1mLinking CXX executable ../../bin/rtabmap-console[0m
[ 62%] [32m[1mLinking CXX executable ../../bin/rtabmap-recovery[0m
[ 62%] Built target consoleApp
[ 63%] [32mBuilding CXX object tools/Reprocess/CMakeFiles/reprocess.dir/main.cpp.o[0m
[ 63%] Built target recovery
[ 63%] [32mBuilding CXX object tools/DetectMoreLoopClosures/CMakeFiles/detectMoreLoopClosures.dir/main.cpp.o[0m
[ 63%] [32m[1mLinking CXX executable ../../bin/rtabmap-extractObject[0m
[ 63%] [32m[1mLinking CXX executable ../../bin/rtabmap-kitti_dataset[0m
[ 63%] Built target extractObject
[ 64%] [32mBuilding CXX object tools/Export/CMakeFiles/export.dir/main.cpp.o[0m
[ 64%] Built target kitti_dataset
[ 64%] [32mBuilding CXX object tools/Info/CMakeFiles/info.dir/main.cpp.o[0m
[ 64%] [32m[1mLinking CXX executable ../../bin/rtabmap-rgbd_dataset[0m
[ 64%] Built target rgbd_dataset
[ 64%] [32mBuilding CXX object tools/CleanupLocalGrids/CMakeFiles/cleanupLocalGrids.dir/main.cpp.o[0m
[ 64%] [32m[1mLinking CXX executable ../../bin/rtabmap-euroc_dataset[0m
[ 65%] [32m[1mLinking CXX executable ../../bin/rtabmap-detectMoreLoopClosures[0m
[ 65%] Built target euroc_dataset
[ 65%] [32mBuilding CXX object tools/GlobalBundleAdjustment/CMakeFiles/globalBundleAdjustment.dir/main.cpp.o[0m
[ 65%] Built target detectMoreLoopClosures
[ 65%] [32mBuilding CXX object tools/LidarViewer/CMakeFiles/lidar_viewer.dir/main.cpp.o[0m
[ 65%] [32m[1mLinking CXX executable ../../bin/rtabmap-reprocess[0m
[ 65%] [32m[1mLinking CXX executable ../../bin/rtabmap-info[0m
[ 65%] Built target reprocess
[ 66%] [34m[1mAutomatic RCC for GuiLib.qrc[0m
[ 66%] [34m[1m[Creating resources][0m
 Using namespace=rtabmap
 Using target directory=/home/devam/turtlebot3_ws/src/build/rtabmap/guilib/src
Input file "/home/devam/turtlebot3_ws/src/src/rtabmap/data/presets/camera_tof_icp.ini" size = 687 bytes
Output file "/home/devam/turtlebot3_ws/src/build/rtabmap/guilib/src/camera_tof_icp_ini.h" size = 1571 bytes
Input file "/home/devam/turtlebot3_ws/src/src/rtabmap/data/presets/lidar3d_icp.ini" size = 1137 bytes
Output file "/home/devam/turtlebot3_ws/src/build/rtabmap/guilib/src/lidar3d_icp_ini.h" size = 2465 bytes
[ 66%] [32mBuilding CXX object guilib/src/CMakeFiles/rtabmap_gui.dir/rtabmap_gui_autogen/mocs_compilation.cpp.o[0m
[ 66%] Built target info
[ 66%] [32mBuilding CXX object guilib/src/CMakeFiles/rtabmap_gui.dir/MainWindow.cpp.o[0m
[ 67%] [32m[1mLinking CXX executable ../../bin/rtabmap-cleanupLocalGrids[0m
[ 67%] Built target cleanupLocalGrids
[ 68%] [32mBuilding CXX object guilib/src/CMakeFiles/rtabmap_gui.dir/PreferencesDialog.cpp.o[0m
[ 69%] [32m[1mLinking CXX executable ../../bin/rtabmap-globalBundleAdjustment[0m
[ 69%] Built target globalBundleAdjustment
[ 69%] [32mBuilding CXX object guilib/src/CMakeFiles/rtabmap_gui.dir/KeypointItem.cpp.o[0m
[ 70%] [32mBuilding CXX object guilib/src/CMakeFiles/rtabmap_gui.dir/ImageView.cpp.o[0m
[ 70%] [32m[1mLinking CXX executable ../../bin/rtabmap-export[0m
[ 71%] [32m[1mLinking CXX executable ../../bin/rtabmap-lidar_viewer[0m
[ 71%] Built target export
[ 71%] [32mBuilding CXX object guilib/src/CMakeFiles/rtabmap_gui.dir/PdfPlot.cpp.o[0m
[ 71%] Built target lidar_viewer
[ 71%] [32mBuilding CXX object guilib/src/CMakeFiles/rtabmap_gui.dir/StatsToolBox.cpp.o[0m
[ 72%] [32mBuilding CXX object guilib/src/CMakeFiles/rtabmap_gui.dir/ProgressDialog.cpp.o[0m
[ 72%] [32mBuilding CXX object guilib/src/CMakeFiles/rtabmap_gui.dir/AboutDialog.cpp.o[0m
[ 73%] [32mBuilding CXX object guilib/src/CMakeFiles/rtabmap_gui.dir/ConsoleWidget.cpp.o[0m
[ 73%] [32mBuilding CXX object guilib/src/CMakeFiles/rtabmap_gui.dir/DatabaseViewer.cpp.o[0m
[ 73%] [32mBuilding CXX object guilib/src/CMakeFiles/rtabmap_gui.dir/utilite/UPlot.cpp.o[0m
[ 74%] [32mBuilding CXX object guilib/src/CMakeFiles/rtabmap_gui.dir/CloudViewer.cpp.o[0m
[ 74%] [32mBuilding CXX object guilib/src/CMakeFiles/rtabmap_gui.dir/CloudViewerCellPicker.cpp.o[0m
[ 75%] [32mBuilding CXX object guilib/src/CMakeFiles/rtabmap_gui.dir/CloudViewerInteractorStyle.cpp.o[0m
[ 75%] [32mBuilding CXX object guilib/src/CMakeFiles/rtabmap_gui.dir/OdometryViewer.cpp.o[0m
[ 75%] [32mBuilding CXX object guilib/src/CMakeFiles/rtabmap_gui.dir/LoopClosureViewer.cpp.o[0m
[ 76%] [32mBuilding CXX object guilib/src/CMakeFiles/rtabmap_gui.dir/DataRecorder.cpp.o[0m
[ 76%] [32mBuilding CXX object guilib/src/CMakeFiles/rtabmap_gui.dir/CameraViewer.cpp.o[0m
[ 76%] [32mBuilding CXX object guilib/src/CMakeFiles/rtabmap_gui.dir/CalibrationDialog.cpp.o[0m
[ 77%] [32mBuilding CXX object guilib/src/CMakeFiles/rtabmap_gui.dir/ExportDialog.cpp.o[0m
[ 77%] [32mBuilding CXX object guilib/src/CMakeFiles/rtabmap_gui.dir/ExportBundlerDialog.cpp.o[0m
[ 78%] [32mBuilding CXX object guilib/src/CMakeFiles/rtabmap_gui.dir/PostProcessingDialog.cpp.o[0m
[ 78%] [32mBuilding CXX object guilib/src/CMakeFiles/rtabmap_gui.dir/ExportCloudsDialog.cpp.o[0m
[ 78%] [32mBuilding CXX object guilib/src/CMakeFiles/rtabmap_gui.dir/EditConstraintDialog.cpp.o[0m
[ 79%] [32mBuilding CXX object guilib/src/CMakeFiles/rtabmap_gui.dir/MapVisibilityWidget.cpp.o[0m
[ 79%] [32mBuilding CXX object guilib/src/CMakeFiles/rtabmap_gui.dir/GraphViewer.cpp.o[0m
[ 80%] [32mBuilding CXX object guilib/src/CMakeFiles/rtabmap_gui.dir/EditDepthArea.cpp.o[0m
[ 80%] [32mBuilding CXX object guilib/src/CMakeFiles/rtabmap_gui.dir/EditMapArea.cpp.o[0m
[ 80%] [32mBuilding CXX object guilib/src/CMakeFiles/rtabmap_gui.dir/MultiSessionLocWidget.cpp.o[0m
[ 81%] [32mBuilding CXX object guilib/src/CMakeFiles/rtabmap_gui.dir/MultiSessionLocSubView.cpp.o[0m
[ 81%] [32mBuilding CXX object guilib/src/CMakeFiles/rtabmap_gui.dir/CreateSimpleCalibrationDialog.cpp.o[0m
[ 82%] [32mBuilding CXX object guilib/src/CMakeFiles/rtabmap_gui.dir/ParametersToolBox.cpp.o[0m
[ 82%] [32mBuilding CXX object guilib/src/CMakeFiles/rtabmap_gui.dir/DepthCalibrationDialog.cpp.o[0m
[ 82%] [32mBuilding CXX object guilib/src/CMakeFiles/rtabmap_gui.dir/LinkRefiningDialog.cpp.o[0m
[ 83%] [32mBuilding CXX object guilib/src/CMakeFiles/rtabmap_gui.dir/3rdParty/QMultiComboBox.cpp.o[0m
[ 83%] [32mBuilding CXX object guilib/src/CMakeFiles/rtabmap_gui.dir/opencv/vtkImageMatSource.cpp.o[0m
[ 84%] [32mBuilding CXX object guilib/src/CMakeFiles/rtabmap_gui.dir/rtabmap_gui_autogen/EWIEGA46WW/qrc_GuiLib.cpp.o[0m
[ 84%] [32m[1mLinking CXX shared library ../../bin/librtabmap_gui.so[0m
[ 84%] Built target rtabmap_gui
[ 84%] [32mBuilding CXX object tools/EpipolarGeometry/CMakeFiles/epipolar_geometry.dir/main.cpp.o[0m
[ 84%] [32mBuilding CXX object tools/OdometryViewer/CMakeFiles/odometryViewer.dir/main.cpp.o[0m
[ 85%] [32mBuilding CXX object tools/DatabaseViewer/CMakeFiles/databaseViewer.dir/main.cpp.o[0m
[ 85%] [32mBuilding CXX object tools/CameraRGBD/CMakeFiles/rgbd_camera.dir/main.cpp.o[0m
[ 86%] [32mBuilding CXX object tools/Report/CMakeFiles/report.dir/main.cpp.o[0m
[ 86%] [32mBuilding CXX object app/src/CMakeFiles/rtabmap_app.dir/main.cpp.o[0m
[ 87%] [32m[1mLinking CXX executable ../../bin/rtabmap-odometryViewer[0m
[ 87%] [32m[1mLinking CXX executable ../../bin/rtabmap-databaseViewer[0m
[ 88%] [32m[1mLinking CXX executable ../../bin/rtabmap[0m
[ 89%] [32m[1mLinking CXX executable ../../bin/rtabmap-epipolar_geometry[0m
[ 89%] Built target odometryViewer
[ 90%] [32mBuilding CXX object tools/DataRecorder/CMakeFiles/dataRecorder.dir/main.cpp.o[0m
[ 90%] Built target databaseViewer
[ 91%] [32mBuilding CXX object tools/Calibration/CMakeFiles/calibration.dir/main.cpp.o[0m
[ 91%] Built target rtabmap_app
[ 91%] [32mBuilding CXX object tools/Matcher/CMakeFiles/matcher.dir/main.cpp.o[0m
[ 91%] Built target epipolar_geometry
[ 91%] [32mBuilding CXX object examples/BOWMapping/CMakeFiles/bow_mapping.dir/main.cpp.o[0m
[ 92%] [32m[1mLinking CXX executable ../../bin/rtabmap-rgbd_camera[0m
[ 92%] Built target rgbd_camera
[ 92%] [34m[1mAutomatic MOC and UIC for target rgbd_mapping[0m
[ 92%] [32m[1mLinking CXX executable ../../bin/rtabmap-report[0m
[ 92%] Built target rgbd_mapping_autogen
[ 93%] [34m[1mAutomatic MOC and UIC for target wifi_mapping[0m
[ 93%] Built target wifi_mapping_autogen
[ 94%] [34m[1mAutomatic MOC and UIC for target noEventsExample[0m
[ 94%] Built target noEventsExample_autogen
[ 95%] [34m[1mAutomatic MOC and UIC for target lidar_mapping[0m
[ 95%] Built target report
[ 96%] [32mBuilding CXX object examples/RGBDMapping/CMakeFiles/rgbd_mapping.dir/rgbd_mapping_autogen/mocs_compilation.cpp.o[0m
[ 96%] Built target lidar_mapping_autogen
[ 96%] [32mBuilding CXX object examples/WifiMapping/CMakeFiles/wifi_mapping.dir/wifi_mapping_autogen/mocs_compilation.cpp.o[0m
[ 96%] [32m[1mLinking CXX executable ../../bin/rtabmap-calibration[0m
[ 96%] [32m[1mLinking CXX executable ../../bin/rtabmap-dataRecorder[0m
[ 96%] [32m[1mLinking CXX executable ../../bin/rtabmap-bow_mapping[0m
[ 96%] Built target calibration
[ 97%] [32mBuilding CXX object examples/NoEventsExample/CMakeFiles/noEventsExample.dir/noEventsExample_autogen/mocs_compilation.cpp.o[0m
[ 97%] Built target dataRecorder
[ 98%] [32mBuilding CXX object examples/LidarMapping/CMakeFiles/lidar_mapping.dir/lidar_mapping_autogen/mocs_compilation.cpp.o[0m
[ 98%] Built target bow_mapping
[ 98%] [32mBuilding CXX object examples/LidarMapping/CMakeFiles/lidar_mapping.dir/main.cpp.o[0m
[ 98%] [32m[1mLinking CXX executable ../../bin/rtabmap-matcher[0m
[ 98%] Built target matcher
[ 98%] [32mBuilding CXX object examples/NoEventsExample/CMakeFiles/noEventsExample.dir/main.cpp.o[0m
[ 98%] [32mBuilding CXX object examples/RGBDMapping/CMakeFiles/rgbd_mapping.dir/main.cpp.o[0m
[ 99%] [32mBuilding CXX object examples/WifiMapping/CMakeFiles/wifi_mapping.dir/main.cpp.o[0m
[ 99%] [32m[1mLinking CXX executable ../../bin/rtabmap-lidar_mapping[0m
[ 99%] [32m[1mLinking CXX executable ../../bin/rtabmap-noEventsExample[0m
[ 99%] Built target lidar_mapping
[ 99%] Built target noEventsExample
[ 99%] [32m[1mLinking CXX executable ../../bin/rtabmap-wifi_mapping[0m
[ 99%] Built target wifi_mapping
[100%] [32m[1mLinking CXX executable ../../bin/rtabmap-rgbd_mapping[0m
[100%] Built target rgbd_mapping
-- Install configuration: "Release"
-- Installing: /home/devam/turtlebot3_ws/src/install/rtabmap/lib/librtabmap_utilite.so.0.22.0
-- Installing: /home/devam/turtlebot3_ws/src/install/rtabmap/lib/librtabmap_utilite.so.0.22
-- Installing: /home/devam/turtlebot3_ws/src/install/rtabmap/lib/librtabmap_utilite.so
-- Installing: /home/devam/turtlebot3_ws/src/install/rtabmap/include/rtabmap-0.22/rtabmap
-- Installing: /home/devam/turtlebot3_ws/src/install/rtabmap/include/rtabmap-0.22/rtabmap/utilite
-- Installing: /home/devam/turtlebot3_ws/src/install/rtabmap/include/rtabmap-0.22/rtabmap/utilite/UMath.h
-- Installing: /home/devam/turtlebot3_ws/src/install/rtabmap/include/rtabmap-0.22/rtabmap/utilite/UStl.h
-- Installing: /home/devam/turtlebot3_ws/src/install/rtabmap/include/rtabmap-0.22/rtabmap/utilite/UFile.h
-- Installing: /home/devam/turtlebot3_ws/src/install/rtabmap/include/rtabmap-0.22/rtabmap/utilite/UProcessInfo.h
-- Installing: /home/devam/turtlebot3_ws/src/install/rtabmap/include/rtabmap-0.22/rtabmap/utilite/UtiLite.h
-- Installing: /home/devam/turtlebot3_ws/src/install/rtabmap/include/rtabmap-0.22/rtabmap/utilite/UDestroyer.h
-- Installing: /home/devam/turtlebot3_ws/src/install/rtabmap/include/rtabmap-0.22/rtabmap/utilite/UEventsHandler.h
-- Installing: /home/devam/turtlebot3_ws/src/install/rtabmap/include/rtabmap-0.22/rtabmap/utilite/UTimer.h
-- Installing: /home/devam/turtlebot3_ws/src/install/rtabmap/include/rtabmap-0.22/rtabmap/utilite/UException.h
-- Installing: /home/devam/turtlebot3_ws/src/install/rtabmap/include/rtabmap-0.22/rtabmap/utilite/USemaphore.h
-- Installing: /home/devam/turtlebot3_ws/src/install/rtabmap/include/rtabmap-0.22/rtabmap/utilite/Win32
-- Installing: /home/devam/turtlebot3_ws/src/install/rtabmap/include/rtabmap-0.22/rtabmap/utilite/Win32/UWin32.h
-- Installing: /home/devam/turtlebot3_ws/src/install/rtabmap/include/rtabmap-0.22/rtabmap/utilite/Win32/UThreadC.h
-- Installing: /home/devam/turtlebot3_ws/src/install/rtabmap/include/rtabmap-0.22/rtabmap/utilite/UThreadNode.h
-- Installing: /home/devam/turtlebot3_ws/src/install/rtabmap/include/rtabmap-0.22/rtabmap/utilite/UEventsManager.h
-- Installing: /home/devam/turtlebot3_ws/src/install/rtabmap/include/rtabmap-0.22/rtabmap/utilite/UEvent.h
-- Installing: /home/devam/turtlebot3_ws/src/install/rtabmap/include/rtabmap-0.22/rtabmap/utilite/UVariant.h
-- Installing: /home/devam/turtlebot3_ws/src/install/rtabmap/include/rtabmap-0.22/rtabmap/utilite/UDirectory.h
-- Installing: /home/devam/turtlebot3_ws/src/install/rtabmap/include/rtabmap-0.22/rtabmap/utilite/UConversion.h
-- Installing: /home/devam/turtlebot3_ws/src/install/rtabmap/include/rtabmap-0.22/rtabmap/utilite/UThreadC.h
-- Installing: /home/devam/turtlebot3_ws/src/install/rtabmap/include/rtabmap-0.22/rtabmap/utilite/UObjDeletionThread.h
-- Installing: /home/devam/turtlebot3_ws/src/install/rtabmap/include/rtabmap-0.22/rtabmap/utilite/UEventsSender.h
-- Installing: /home/devam/turtlebot3_ws/src/install/rtabmap/include/rtabmap-0.22/rtabmap/utilite/Posix
-- Installing: /home/devam/turtlebot3_ws/src/install/rtabmap/include/rtabmap-0.22/rtabmap/utilite/Posix/UThreadC.h
-- Installing: /home/devam/turtlebot3_ws/src/install/rtabmap/include/rtabmap-0.22/rtabmap/utilite/UMutex.h
-- Installing: /home/devam/turtlebot3_ws/src/install/rtabmap/include/rtabmap-0.22/rtabmap/utilite/UThread.h
-- Installing: /home/devam/turtlebot3_ws/src/install/rtabmap/include/rtabmap-0.22/rtabmap/utilite/ULogger.h
-- Up-to-date: /home/devam/turtlebot3_ws/src/install/rtabmap/include/rtabmap-0.22/rtabmap
-- Up-to-date: /home/devam/turtlebot3_ws/src/install/rtabmap/include/rtabmap-0.22/rtabmap/utilite
-- Installing: /home/devam/turtlebot3_ws/src/install/rtabmap/include/rtabmap-0.22/rtabmap/utilite/utilite_export.h
-- Installing: /home/devam/turtlebot3_ws/src/install/rtabmap/lib/rtabmap-0.22/RTABMap_utiliteTargets.cmake
-- Installing: /home/devam/turtlebot3_ws/src/install/rtabmap/lib/rtabmap-0.22/RTABMap_utiliteTargets-release.cmake
-- Installing: /home/devam/turtlebot3_ws/src/install/rtabmap/bin/rtabmap-res_tool-0.3.0
-- Installing: /home/devam/turtlebot3_ws/src/install/rtabmap/bin/rtabmap-res_tool
-- Set runtime path of "/home/devam/turtlebot3_ws/src/install/rtabmap/bin/rtabmap-res_tool-0.3.0" to ""
-- Installing: /home/devam/turtlebot3_ws/src/install/rtabmap/lib/librtabmap_core.so.0.22.0
-- Installing: /home/devam/turtlebot3_ws/src/install/rtabmap/lib/librtabmap_core.so.0.22
-- Set runtime path of "/home/devam/turtlebot3_ws/src/install/rtabmap/lib/librtabmap_core.so.0.22.0" to ""
-- Installing: /home/devam/turtlebot3_ws/src/install/rtabmap/lib/librtabmap_core.so
-- Up-to-date: /home/devam/turtlebot3_ws/src/install/rtabmap/include/rtabmap-0.22/rtabmap
-- Installing: /home/devam/turtlebot3_ws/src/install/rtabmap/include/rtabmap-0.22/rtabmap/core
-- Installing: /home/devam/turtlebot3_ws/src/install/rtabmap/include/rtabmap-0.22/rtabmap/core/Recovery.h
-- Installing: /home/devam/turtlebot3_ws/src/install/rtabmap/include/rtabmap-0.22/rtabmap/core/VisualWord.h
-- Installing: /home/devam/turtlebot3_ws/src/install/rtabmap/include/rtabmap-0.22/rtabmap/core/SensorCaptureThread.h
-- Installing: /home/devam/turtlebot3_ws/src/install/rtabmap/include/rtabmap-0.22/rtabmap/core/CameraStereo.h
-- Installing: /home/devam/turtlebot3_ws/src/install/rtabmap/include/rtabmap-0.22/rtabmap/core/CameraRGBD.h
-- Installing: /home/devam/turtlebot3_ws/src/install/rtabmap/include/rtabmap-0.22/rtabmap/core/EnvSensor.h
-- Installing: /home/devam/turtlebot3_ws/src/install/rtabmap/include/rtabmap-0.22/rtabmap/core/Rtabmap.h
-- Installing: /home/devam/turtlebot3_ws/src/install/rtabmap/include/rtabmap-0.22/rtabmap/core/util3d_surface.h
-- Installing: /home/devam/turtlebot3_ws/src/install/rtabmap/include/rtabmap-0.22/rtabmap/core/DBDriver.h
-- Installing: /home/devam/turtlebot3_ws/src/install/rtabmap/include/rtabmap-0.22/rtabmap/core/camera
-- Installing: /home/devam/turtlebot3_ws/src/install/rtabmap/include/rtabmap-0.22/rtabmap/core/camera/CameraOpenNICV.h
-- Installing: /home/devam/turtlebot3_ws/src/install/rtabmap/include/rtabmap-0.22/rtabmap/core/camera/CameraStereoZedOC.h
-- Installing: /home/devam/turtlebot3_ws/src/install/rtabmap/include/rtabmap-0.22/rtabmap/core/camera/CameraFreenect.h
-- Installing: /home/devam/turtlebot3_ws/src/install/rtabmap/include/rtabmap-0.22/rtabmap/core/camera/CameraRealSense.h
-- Installing: /home/devam/turtlebot3_ws/src/install/rtabmap/include/rtabmap-0.22/rtabmap/core/camera/CameraRealSense2.h
-- Installing: /home/devam/turtlebot3_ws/src/install/rtabmap/include/rtabmap-0.22/rtabmap/core/camera/CameraStereoVideo.h
-- Installing: /home/devam/turtlebot3_ws/src/install/rtabmap/include/rtabmap-0.22/rtabmap/core/camera/CameraSeerSense.h
-- Installing: /home/devam/turtlebot3_ws/src/install/rtabmap/include/rtabmap-0.22/rtabmap/core/camera/CameraStereoDC1394.h
-- Installing: /home/devam/turtlebot3_ws/src/install/rtabmap/include/rtabmap-0.22/rtabmap/core/camera/CameraFreenect2.h
-- Installing: /home/devam/turtlebot3_ws/src/install/rtabmap/include/rtabmap-0.22/rtabmap/core/camera/CameraStereoZed.h
-- Installing: /home/devam/turtlebot3_ws/src/install/rtabmap/include/rtabmap-0.22/rtabmap/core/camera/CameraK4A.h
-- Installing: /home/devam/turtlebot3_ws/src/install/rtabmap/include/rtabmap-0.22/rtabmap/core/camera/CameraOpenNI2.h
-- Installing: /home/devam/turtlebot3_ws/src/install/rtabmap/include/rtabmap-0.22/rtabmap/core/camera/CameraStereoFlyCapture2.h
-- Installing: /home/devam/turtlebot3_ws/src/install/rtabmap/include/rtabmap-0.22/rtabmap/core/camera/CameraDepthAI.h
-- Installing: /home/devam/turtlebot3_ws/src/install/rtabmap/include/rtabmap-0.22/rtabmap/core/camera/CameraVideo.h
-- Installing: /home/devam/turtlebot3_ws/src/install/rtabmap/include/rtabmap-0.22/rtabmap/core/camera/CameraK4W2.h
-- Installing: /home/devam/turtlebot3_ws/src/install/rtabmap/include/rtabmap-0.22/rtabmap/core/camera/CameraMyntEye.h
-- Installing: /home/devam/turtlebot3_ws/src/install/rtabmap/include/rtabmap-0.22/rtabmap/core/camera/CameraStereoTara.h
-- Installing: /home/devam/turtlebot3_ws/src/install/rtabmap/include/rtabmap-0.22/rtabmap/core/camera/CameraRGBDImages.h
-- Installing: /home/devam/turtlebot3_ws/src/install/rtabmap/include/rtabmap-0.22/rtabmap/core/camera/CameraOpenni.h
-- Installing: /home/devam/turtlebot3_ws/src/install/rtabmap/include/rtabmap-0.22/rtabmap/core/camera/CameraStereoImages.h
-- Installing: /home/devam/turtlebot3_ws/src/install/rtabmap/include/rtabmap-0.22/rtabmap/core/camera/CameraImages.h
-- Installing: /home/devam/turtlebot3_ws/src/install/rtabmap/include/rtabmap-0.22/rtabmap/core/GlobalMap.h
-- Installing: /home/devam/turtlebot3_ws/src/install/rtabmap/include/rtabmap-0.22/rtabmap/core/SensorCaptureInfo.h
-- Installing: /home/devam/turtlebot3_ws/src/install/rtabmap/include/rtabmap-0.22/rtabmap/core/util3d_registration.h
-- Installing: /home/devam/turtlebot3_ws/src/install/rtabmap/include/rtabmap-0.22/rtabmap/core/OdometryInfo.h
-- Installing: /home/devam/turtlebot3_ws/src/install/rtabmap/include/rtabmap-0.22/rtabmap/core/SensorEvent.h
-- Installing: /home/devam/turtlebot3_ws/src/install/rtabmap/include/rtabmap-0.22/rtabmap/core/DBReader.h
-- Installing: /home/devam/turtlebot3_ws/src/install/rtabmap/include/rtabmap-0.22/rtabmap/core/LASWriter.h
-- Installing: /home/devam/turtlebot3_ws/src/install/rtabmap/include/rtabmap-0.22/rtabmap/core/RegistrationInfo.h
-- Installing: /home/devam/turtlebot3_ws/src/install/rtabmap/include/rtabmap-0.22/rtabmap/core/Registration.h
-- Installing: /home/devam/turtlebot3_ws/src/install/rtabmap/include/rtabmap-0.22/rtabmap/core/GeodeticCoords.h
-- Installing: /home/devam/turtlebot3_ws/src/install/rtabmap/include/rtabmap-0.22/rtabmap/core/Signature.h
-- Installing: /home/devam/turtlebot3_ws/src/install/rtabmap/include/rtabmap-0.22/rtabmap/core/LocalGridMaker.h
-- Installing: /home/devam/turtlebot3_ws/src/install/rtabmap/include/rtabmap-0.22/rtabmap/core/util3d_correspondences.h
-- Installing: /home/devam/turtlebot3_ws/src/install/rtabmap/include/rtabmap-0.22/rtabmap/core/util3d_mapping.h
-- Installing: /home/devam/turtlebot3_ws/src/install/rtabmap/include/rtabmap-0.22/rtabmap/core/util2d.h
-- Installing: /home/devam/turtlebot3_ws/src/install/rtabmap/include/rtabmap-0.22/rtabmap/core/IMUFilter.h
-- Installing: /home/devam/turtlebot3_ws/src/install/rtabmap/include/rtabmap-0.22/rtabmap/core/clams
-- Installing: /home/devam/turtlebot3_ws/src/install/rtabmap/include/rtabmap-0.22/rtabmap/core/clams/frame_projector.h
-- Installing: /home/devam/turtlebot3_ws/src/install/rtabmap/include/rtabmap-0.22/rtabmap/core/clams/slam_calibrator.h
-- Installing: /home/devam/turtlebot3_ws/src/install/rtabmap/include/rtabmap-0.22/rtabmap/core/clams/discrete_depth_distortion_model.h
-- Installing: /home/devam/turtlebot3_ws/src/install/rtabmap/include/rtabmap-0.22/rtabmap/core/StereoCameraModel.h
-- Installing: /home/devam/turtlebot3_ws/src/install/rtabmap/include/rtabmap-0.22/rtabmap/core/impl
-- Installing: /home/devam/turtlebot3_ws/src/install/rtabmap/include/rtabmap-0.22/rtabmap/core/impl/util3d_surface.hpp
-- Installing: /home/devam/turtlebot3_ws/src/install/rtabmap/include/rtabmap-0.22/rtabmap/core/impl/util3d.hpp
-- Installing: /home/devam/turtlebot3_ws/src/install/rtabmap/include/rtabmap-0.22/rtabmap/core/impl/util3d_mapping.hpp
-- Installing: /home/devam/turtlebot3_ws/src/install/rtabmap/include/rtabmap-0.22/rtabmap/core/impl/LocalMapMaker.hpp
-- Installing: /home/devam/turtlebot3_ws/src/install/rtabmap/include/rtabmap-0.22/rtabmap/core/EpipolarGeometry.h
-- Installing: /home/devam/turtlebot3_ws/src/install/rtabmap/include/rtabmap-0.22/rtabmap/core/OdometryThread.h
-- Installing: /home/devam/turtlebot3_ws/src/install/rtabmap/include/rtabmap-0.22/rtabmap/core/util3d_transforms.h
-- Installing: /home/devam/turtlebot3_ws/src/install/rtabmap/include/rtabmap-0.22/rtabmap/core/GlobalDescriptor.h
-- Installing: /home/devam/turtlebot3_ws/src/install/rtabmap/include/rtabmap-0.22/rtabmap/core/Landmark.h
-- Installing: /home/devam/turtlebot3_ws/src/install/rtabmap/include/rtabmap-0.22/rtabmap/core/Camera.h
-- Installing: /home/devam/turtlebot3_ws/src/install/rtabmap/include/rtabmap-0.22/rtabmap/core/Transform.h
-- Installing: /home/devam/turtlebot3_ws/src/install/rtabmap/include/rtabmap-0.22/rtabmap/core/ProgressState.h
-- Installing: /home/devam/turtlebot3_ws/src/install/rtabmap/include/rtabmap-0.22/rtabmap/core/lidar
-- Installing: /home/devam/turtlebot3_ws/src/install/rtabmap/include/rtabmap-0.22/rtabmap/core/lidar/LidarVLP16.h
-- Installing: /home/devam/turtlebot3_ws/src/install/rtabmap/include/rtabmap-0.22/rtabmap/core/UserDataEvent.h
-- Installing: /home/devam/turtlebot3_ws/src/install/rtabmap/include/rtabmap-0.22/rtabmap/core/MarkerDetector.h
-- Installing: /home/devam/turtlebot3_ws/src/install/rtabmap/include/rtabmap-0.22/rtabmap/core/ParamEvent.h
-- Installing: /home/devam/turtlebot3_ws/src/install/rtabmap/include/rtabmap-0.22/rtabmap/core/RegistrationVis.h
-- Installing: /home/devam/turtlebot3_ws/src/install/rtabmap/include/rtabmap-0.22/rtabmap/core/Compression.h
-- Installing: /home/devam/turtlebot3_ws/src/install/rtabmap/include/rtabmap-0.22/rtabmap/core/global_map
-- Installing: /home/devam/turtlebot3_ws/src/install/rtabmap/include/rtabmap-0.22/rtabmap/core/global_map/GridMap.h
-- Installing: /home/devam/turtlebot3_ws/src/install/rtabmap/include/rtabmap-0.22/rtabmap/core/global_map/OctoMap.h
-- Installing: /home/devam/turtlebot3_ws/src/install/rtabmap/include/rtabmap-0.22/rtabmap/core/global_map/OccupancyGrid.h
-- Installing: /home/devam/turtlebot3_ws/src/install/rtabmap/include/rtabmap-0.22/rtabmap/core/global_map/CloudMap.h
-- Installing: /home/devam/turtlebot3_ws/src/install/rtabmap/include/rtabmap-0.22/rtabmap/core/util3d_filtering.h
-- Installing: /home/devam/turtlebot3_ws/src/install/rtabmap/include/rtabmap-0.22/rtabmap/core/RtabmapThread.h
-- Installing: /home/devam/turtlebot3_ws/src/install/rtabmap/include/rtabmap-0.22/rtabmap/core/ParticleFilter.h
-- Installing: /home/devam/turtlebot3_ws/src/install/rtabmap/include/rtabmap-0.22/rtabmap/core/SensorData.h
-- Installing: /home/devam/turtlebot3_ws/src/install/rtabmap/include/rtabmap-0.22/rtabmap/core/BayesFilter.h
-- Installing: /home/devam/turtlebot3_ws/src/install/rtabmap/include/rtabmap-0.22/rtabmap/core/optimizer
-- Installing: /home/devam/turtlebot3_ws/src/install/rtabmap/include/rtabmap-0.22/rtabmap/core/optimizer/OptimizerG2O.h
-- Installing: /home/devam/turtlebot3_ws/src/install/rtabmap/include/rtabmap-0.22/rtabmap/core/optimizer/OptimizerCVSBA.h
-- Installing: /home/devam/turtlebot3_ws/src/install/rtabmap/include/rtabmap-0.22/rtabmap/core/optimizer/OptimizerCeres.h
-- Installing: /home/devam/turtlebot3_ws/src/install/rtabmap/include/rtabmap-0.22/rtabmap/core/optimizer/OptimizerTORO.h
-- Installing: /home/devam/turtlebot3_ws/src/install/rtabmap/include/rtabmap-0.22/rtabmap/core/optimizer/OptimizerGTSAM.h
-- Installing: /home/devam/turtlebot3_ws/src/install/rtabmap/include/rtabmap-0.22/rtabmap/core/GPS.h
-- Installing: /home/devam/turtlebot3_ws/src/install/rtabmap/include/rtabmap-0.22/rtabmap/core/Optimizer.h
-- Installing: /home/devam/turtlebot3_ws/src/install/rtabmap/include/rtabmap-0.22/rtabmap/core/RtabmapEvent.h
-- Installing: /home/devam/turtlebot3_ws/src/install/rtabmap/include/rtabmap-0.22/rtabmap/core/PythonInterface.h
-- Installing: /home/devam/turtlebot3_ws/src/install/rtabmap/include/rtabmap-0.22/rtabmap/core/rvl_codec.h
-- Installing: /home/devam/turtlebot3_ws/src/install/rtabmap/include/rtabmap-0.22/rtabmap/core/CameraRGB.h
-- Installing: /home/devam/turtlebot3_ws/src/install/rtabmap/include/rtabmap-0.22/rtabmap/core/FlannIndex.h
-- Installing: /home/devam/turtlebot3_ws/src/install/rtabmap/include/rtabmap-0.22/rtabmap/core/LocalGrid.h
-- Installing: /home/devam/turtlebot3_ws/src/install/rtabmap/include/rtabmap-0.22/rtabmap/core/Lidar.h
-- Installing: /home/devam/turtlebot3_ws/src/install/rtabmap/include/rtabmap-0.22/rtabmap/core/DBDriverSqlite3.h
-- Installing: /home/devam/turtlebot3_ws/src/install/rtabmap/include/rtabmap-0.22/rtabmap/core/util3d_features.h
-- Installing: /home/devam/turtlebot3_ws/src/install/rtabmap/include/rtabmap-0.22/rtabmap/core/CameraThread.h
-- Installing: /home/devam/turtlebot3_ws/src/install/rtabmap/include/rtabmap-0.22/rtabmap/core/Statistics.h
-- Installing: /home/devam/turtlebot3_ws/src/install/rtabmap/include/rtabmap-0.22/rtabmap/core/Parameters.h
-- Installing: /home/devam/turtlebot3_ws/src/install/rtabmap/include/rtabmap-0.22/rtabmap/core/Odometry.h
-- Installing: /home/devam/turtlebot3_ws/src/install/rtabmap/include/rtabmap-0.22/rtabmap/core/Memory.h
-- Installing: /home/devam/turtlebot3_ws/src/install/rtabmap/include/rtabmap-0.22/rtabmap/core/OctoMap.h
-- Installing: /home/devam/turtlebot3_ws/src/install/rtabmap/include/rtabmap-0.22/rtabmap/core/OccupancyGrid.h
-- Installing: /home/devam/turtlebot3_ws/src/install/rtabmap/include/rtabmap-0.22/rtabmap/core/Stereo.h
-- Installing: /home/devam/turtlebot3_ws/src/install/rtabmap/include/rtabmap-0.22/rtabmap/core/CameraModel.h
-- Installing: /home/devam/turtlebot3_ws/src/install/rtabmap/include/rtabmap-0.22/rtabmap/core/GlobalDescriptorExtractor.h
-- Installing: /home/devam/turtlebot3_ws/src/install/rtabmap/include/rtabmap-0.22/rtabmap/core/Features2d.h
-- Installing: /home/devam/turtlebot3_ws/src/install/rtabmap/include/rtabmap-0.22/rtabmap/core/VWDictionary.h
-- Installing: /home/devam/turtlebot3_ws/src/install/rtabmap/include/rtabmap-0.22/rtabmap/core/util3d_motion_estimation.h
-- Installing: /home/devam/turtlebot3_ws/src/install/rtabmap/include/rtabmap-0.22/rtabmap/core/RegistrationIcp.h
-- Installing: /home/devam/turtlebot3_ws/src/install/rtabmap/include/rtabmap-0.22/rtabmap/core/util3d.h
-- Installing: /home/devam/turtlebot3_ws/src/install/rtabmap/include/rtabmap-0.22/rtabmap/core/IMUThread.h
-- Installing: /home/devam/turtlebot3_ws/src/install/rtabmap/include/rtabmap-0.22/rtabmap/core/IMU.h
-- Installing: /home/devam/turtlebot3_ws/src/install/rtabmap/include/rtabmap-0.22/rtabmap/core/CameraEvent.h
-- Installing: /home/devam/turtlebot3_ws/src/install/rtabmap/include/rtabmap-0.22/rtabmap/core/odometry
-- Installing: /home/devam/turtlebot3_ws/src/install/rtabmap/include/rtabmap-0.22/rtabmap/core/odometry/OdometryF2M.h
-- Installing: /home/devam/turtlebot3_ws/src/install/rtabmap/include/rtabmap-0.22/rtabmap/core/odometry/OdometryDVO.h
-- Installing: /home/devam/turtlebot3_ws/src/install/rtabmap/include/rtabmap-0.22/rtabmap/core/odometry/OdometryViso2.h
-- Installing: /home/devam/turtlebot3_ws/src/install/rtabmap/include/rtabmap-0.22/rtabmap/core/odometry/OdometryLOAM.h
-- Installing: /home/devam/turtlebot3_ws/src/install/rtabmap/include/rtabmap-0.22/rtabmap/core/odometry/OdometryMSCKF.h
-- Installing: /home/devam/turtlebot3_ws/src/install/rtabmap/include/rtabmap-0.22/rtabmap/core/odometry/OdometryOpen3D.h
-- Installing: /home/devam/turtlebot3_ws/src/install/rtabmap/include/rtabmap-0.22/rtabmap/core/odometry/OdometryOkvis.h
-- Installing: /home/devam/turtlebot3_ws/src/install/rtabmap/include/rtabmap-0.22/rtabmap/core/odometry/OdometryFovis.h
-- Installing: /home/devam/turtlebot3_ws/src/install/rtabmap/include/rtabmap-0.22/rtabmap/core/odometry/OdometryVINS.h
-- Installing: /home/devam/turtlebot3_ws/src/install/rtabmap/include/rtabmap-0.22/rtabmap/core/odometry/OdometryORBSLAM3.h
-- Installing: /home/devam/turtlebot3_ws/src/install/rtabmap/include/rtabmap-0.22/rtabmap/core/odometry/OdometryMono.h
-- Installing: /home/devam/turtlebot3_ws/src/install/rtabmap/include/rtabmap-0.22/rtabmap/core/odometry/OdometryFLOAM.h
-- Installing: /home/devam/turtlebot3_ws/src/install/rtabmap/include/rtabmap-0.22/rtabmap/core/odometry/OdometryOpenVINS.h
-- Installing: /home/devam/turtlebot3_ws/src/install/rtabmap/include/rtabmap-0.22/rtabmap/core/odometry/OdometryORBSLAM2.h
-- Installing: /home/devam/turtlebot3_ws/src/install/rtabmap/include/rtabmap-0.22/rtabmap/core/odometry/OdometryF2F.h
-- Installing: /home/devam/turtlebot3_ws/src/install/rtabmap/include/rtabmap-0.22/rtabmap/core/Link.h
-- Installing: /home/devam/turtlebot3_ws/src/install/rtabmap/include/rtabmap-0.22/rtabmap/core/LaserScan.h
-- Installing: /home/devam/turtlebot3_ws/src/install/rtabmap/include/rtabmap-0.22/rtabmap/core/Image.h
-- Installing: /home/devam/turtlebot3_ws/src/install/rtabmap/include/rtabmap-0.22/rtabmap/core/PDALWriter.h
-- Installing: /home/devam/turtlebot3_ws/src/install/rtabmap/include/rtabmap-0.22/rtabmap/core/OdometryEvent.h
-- Installing: /home/devam/turtlebot3_ws/src/install/rtabmap/include/rtabmap-0.22/rtabmap/core/CameraInfo.h
-- Installing: /home/devam/turtlebot3_ws/src/install/rtabmap/include/rtabmap-0.22/rtabmap/core/GainCompensator.h
-- Installing: /home/devam/turtlebot3_ws/src/install/rtabmap/include/rtabmap-0.22/rtabmap/core/stereo
-- Installing: /home/devam/turtlebot3_ws/src/install/rtabmap/include/rtabmap-0.22/rtabmap/core/stereo/StereoBM.h
-- Installing: /home/devam/turtlebot3_ws/src/install/rtabmap/include/rtabmap-0.22/rtabmap/core/stereo/StereoSGBM.h
-- Installing: /home/devam/turtlebot3_ws/src/install/rtabmap/include/rtabmap-0.22/rtabmap/core/stereo/stereoRectifyFisheye.h
-- Installing: /home/devam/turtlebot3_ws/src/install/rtabmap/include/rtabmap-0.22/rtabmap/core/Graph.h
-- Installing: /home/devam/turtlebot3_ws/src/install/rtabmap/include/rtabmap-0.22/rtabmap/core/StereoDense.h
-- Installing: /home/devam/turtlebot3_ws/src/install/rtabmap/include/rtabmap-0.22/rtabmap/core/SensorCapture.h
-- Up-to-date: /home/devam/turtlebot3_ws/src/install/rtabmap/include/rtabmap-0.22/rtabmap
-- Up-to-date: /home/devam/turtlebot3_ws/src/install/rtabmap/include/rtabmap-0.22/rtabmap/core
-- Installing: /home/devam/turtlebot3_ws/src/install/rtabmap/include/rtabmap-0.22/rtabmap/core/rtabmap_core_export.h
-- Installing: /home/devam/turtlebot3_ws/src/install/rtabmap/include/rtabmap-0.22/rtabmap/core/Version.h
-- Installing: /home/devam/turtlebot3_ws/src/install/rtabmap/lib/rtabmap-0.22/RTABMap_coreTargets.cmake
-- Installing: /home/devam/turtlebot3_ws/src/install/rtabmap/lib/rtabmap-0.22/RTABMap_coreTargets-release.cmake
-- Installing: /home/devam/turtlebot3_ws/src/install/rtabmap/lib/librtabmap_gui.so.0.22.0
-- Installing: /home/devam/turtlebot3_ws/src/install/rtabmap/lib/librtabmap_gui.so.0.22
-- Set runtime path of "/home/devam/turtlebot3_ws/src/install/rtabmap/lib/librtabmap_gui.so.0.22.0" to ""
-- Installing: /home/devam/turtlebot3_ws/src/install/rtabmap/lib/librtabmap_gui.so
-- Up-to-date: /home/devam/turtlebot3_ws/src/install/rtabmap/include/rtabmap-0.22/rtabmap
-- Up-to-date: /home/devam/turtlebot3_ws/src/install/rtabmap/include/rtabmap-0.22/rtabmap/utilite
-- Installing: /home/devam/turtlebot3_ws/src/install/rtabmap/include/rtabmap-0.22/rtabmap/utilite/UPlot.h
-- Installing: /home/devam/turtlebot3_ws/src/install/rtabmap/include/rtabmap-0.22/rtabmap/utilite/UImageView.h
-- Installing: /home/devam/turtlebot3_ws/src/install/rtabmap/include/rtabmap-0.22/rtabmap/utilite/UCv2Qt.h
-- Installing: /home/devam/turtlebot3_ws/src/install/rtabmap/include/rtabmap-0.22/rtabmap/gui
-- Installing: /home/devam/turtlebot3_ws/src/install/rtabmap/include/rtabmap-0.22/rtabmap/gui/ImageView.h
-- Installing: /home/devam/turtlebot3_ws/src/install/rtabmap/include/rtabmap-0.22/rtabmap/gui/MultiSessionLocWidget.h
-- Installing: /home/devam/turtlebot3_ws/src/install/rtabmap/include/rtabmap-0.22/rtabmap/gui/ExportDialog.h
-- Installing: /home/devam/turtlebot3_ws/src/install/rtabmap/include/rtabmap-0.22/rtabmap/gui/DatabaseViewer.h
-- Installing: /home/devam/turtlebot3_ws/src/install/rtabmap/include/rtabmap-0.22/rtabmap/gui/LinkRefiningDialog.h
-- Installing: /home/devam/turtlebot3_ws/src/install/rtabmap/include/rtabmap-0.22/rtabmap/gui/EditConstraintDialog.h
-- Installing: /home/devam/turtlebot3_ws/src/install/rtabmap/include/rtabmap-0.22/rtabmap/gui/PostProcessingDialog.h
-- Installing: /home/devam/turtlebot3_ws/src/install/rtabmap/include/rtabmap-0.22/rtabmap/gui/GraphViewer.h
-- Installing: /home/devam/turtlebot3_ws/src/install/rtabmap/include/rtabmap-0.22/rtabmap/gui/ConsoleWidget.h
-- Installing: /home/devam/turtlebot3_ws/src/install/rtabmap/include/rtabmap-0.22/rtabmap/gui/CameraViewer.h
-- Installing: /home/devam/turtlebot3_ws/src/install/rtabmap/include/rtabmap-0.22/rtabmap/gui/KeypointItem.h
-- Installing: /home/devam/turtlebot3_ws/src/install/rtabmap/include/rtabmap-0.22/rtabmap/gui/PdfPlot.h
-- Installing: /home/devam/turtlebot3_ws/src/install/rtabmap/include/rtabmap-0.22/rtabmap/gui/CreateSimpleCalibrationDialog.h
-- Installing: /home/devam/turtlebot3_ws/src/install/rtabmap/include/rtabmap-0.22/rtabmap/gui/ParametersToolBox.h
-- Installing: /home/devam/turtlebot3_ws/src/install/rtabmap/include/rtabmap-0.22/rtabmap/gui/ProgressDialog.h
-- Installing: /home/devam/turtlebot3_ws/src/install/rtabmap/include/rtabmap-0.22/rtabmap/gui/LoopClosureViewer.h
-- Installing: /home/devam/turtlebot3_ws/src/install/rtabmap/include/rtabmap-0.22/rtabmap/gui/CloudViewerCellPicker.h
-- Installing: /home/devam/turtlebot3_ws/src/install/rtabmap/include/rtabmap-0.22/rtabmap/gui/CloudViewer.h
-- Installing: /home/devam/turtlebot3_ws/src/install/rtabmap/include/rtabmap-0.22/rtabmap/gui/MapVisibilityWidget.h
-- Installing: /home/devam/turtlebot3_ws/src/install/rtabmap/include/rtabmap-0.22/rtabmap/gui/CloudViewerInteractorStyle.h
-- Installing: /home/devam/turtlebot3_ws/src/install/rtabmap/include/rtabmap-0.22/rtabmap/gui/ExportCloudsDialog.h
-- Installing: /home/devam/turtlebot3_ws/src/install/rtabmap/include/rtabmap-0.22/rtabmap/gui/PreferencesDialog.h
-- Installing: /home/devam/turtlebot3_ws/src/install/rtabmap/include/rtabmap-0.22/rtabmap/gui/OdometryViewer.h
-- Installing: /home/devam/turtlebot3_ws/src/install/rtabmap/include/rtabmap-0.22/rtabmap/gui/StatsToolBox.h
-- Installing: /home/devam/turtlebot3_ws/src/install/rtabmap/include/rtabmap-0.22/rtabmap/gui/EditMapArea.h
-- Installing: /home/devam/turtlebot3_ws/src/install/rtabmap/include/rtabmap-0.22/rtabmap/gui/CalibrationDialog.h
-- Installing: /home/devam/turtlebot3_ws/src/install/rtabmap/include/rtabmap-0.22/rtabmap/gui/MainWindow.h
-- Installing: /home/devam/turtlebot3_ws/src/install/rtabmap/include/rtabmap-0.22/rtabmap/gui/ExportBundlerDialog.h
-- Installing: /home/devam/turtlebot3_ws/src/install/rtabmap/include/rtabmap-0.22/rtabmap/gui/DataRecorder.h
-- Installing: /home/devam/turtlebot3_ws/src/install/rtabmap/include/rtabmap-0.22/rtabmap/gui/MultiSessionLocSubView.h
-- Installing: /home/devam/turtlebot3_ws/src/install/rtabmap/include/rtabmap-0.22/rtabmap/gui/EditDepthArea.h
-- Installing: /home/devam/turtlebot3_ws/src/install/rtabmap/include/rtabmap-0.22/rtabmap/gui/AboutDialog.h
-- Installing: /home/devam/turtlebot3_ws/src/install/rtabmap/include/rtabmap-0.22/rtabmap/gui/RecoveryState.h
-- Installing: /home/devam/turtlebot3_ws/src/install/rtabmap/include/rtabmap-0.22/rtabmap/gui/TexturingState.h
-- Installing: /home/devam/turtlebot3_ws/src/install/rtabmap/include/rtabmap-0.22/rtabmap/gui/DepthCalibrationDialog.h
-- Up-to-date: /home/devam/turtlebot3_ws/src/install/rtabmap/include/rtabmap-0.22/rtabmap
-- Up-to-date: /home/devam/turtlebot3_ws/src/install/rtabmap/include/rtabmap-0.22/rtabmap/gui
-- Installing: /home/devam/turtlebot3_ws/src/install/rtabmap/include/rtabmap-0.22/rtabmap/gui/rtabmap_gui_export.h
-- Installing: /home/devam/turtlebot3_ws/src/install/rtabmap/lib/rtabmap-0.22/RTABMap_guiTargets.cmake
-- Installing: /home/devam/turtlebot3_ws/src/install/rtabmap/lib/rtabmap-0.22/RTABMap_guiTargets-release.cmake
-- Installing: /home/devam/turtlebot3_ws/src/install/rtabmap/bin/rtabmap
-- Set runtime path of "/home/devam/turtlebot3_ws/src/install/rtabmap/bin/rtabmap" to ""
-- Installing: /home/devam/turtlebot3_ws/src/install/rtabmap/bin/rtabmap-console
-- Set runtime path of "/home/devam/turtlebot3_ws/src/install/rtabmap/bin/rtabmap-console" to ""
-- Installing: /home/devam/turtlebot3_ws/src/install/rtabmap/bin/rtabmap-extractObject
-- Set runtime path of "/home/devam/turtlebot3_ws/src/install/rtabmap/bin/rtabmap-extractObject" to ""
-- Installing: /home/devam/turtlebot3_ws/src/install/rtabmap/bin/rtabmap-camera
-- Set runtime path of "/home/devam/turtlebot3_ws/src/install/rtabmap/bin/rtabmap-camera" to ""
-- Installing: /home/devam/turtlebot3_ws/src/install/rtabmap/bin/rtabmap-kitti_dataset
-- Set runtime path of "/home/devam/turtlebot3_ws/src/install/rtabmap/bin/rtabmap-kitti_dataset" to ""
-- Installing: /home/devam/turtlebot3_ws/src/install/rtabmap/bin/rtabmap-rgbd_dataset
-- Set runtime path of "/home/devam/turtlebot3_ws/src/install/rtabmap/bin/rtabmap-rgbd_dataset" to ""
-- Installing: /home/devam/turtlebot3_ws/src/install/rtabmap/bin/rtabmap-euroc_dataset
-- Set runtime path of "/home/devam/turtlebot3_ws/src/install/rtabmap/bin/rtabmap-euroc_dataset" to ""
-- Installing: /home/devam/turtlebot3_ws/src/install/rtabmap/bin/rtabmap-recovery
-- Set runtime path of "/home/devam/turtlebot3_ws/src/install/rtabmap/bin/rtabmap-recovery" to ""
-- Installing: /home/devam/turtlebot3_ws/src/install/rtabmap/bin/rtabmap-reprocess
-- Set runtime path of "/home/devam/turtlebot3_ws/src/install/rtabmap/bin/rtabmap-reprocess" to ""
-- Installing: /home/devam/turtlebot3_ws/src/install/rtabmap/bin/rtabmap-detectMoreLoopClosures
-- Set runtime path of "/home/devam/turtlebot3_ws/src/install/rtabmap/bin/rtabmap-detectMoreLoopClosures" to ""
-- Installing: /home/devam/turtlebot3_ws/src/install/rtabmap/bin/rtabmap-export
-- Set runtime path of "/home/devam/turtlebot3_ws/src/install/rtabmap/bin/rtabmap-export" to ""
-- Installing: /home/devam/turtlebot3_ws/src/install/rtabmap/bin/rtabmap-report
-- Set runtime path of "/home/devam/turtlebot3_ws/src/install/rtabmap/bin/rtabmap-report" to ""
-- Installing: /home/devam/turtlebot3_ws/src/install/rtabmap/bin/rtabmap-info
-- Set runtime path of "/home/devam/turtlebot3_ws/src/install/rtabmap/bin/rtabmap-info" to ""
-- Installing: /home/devam/turtlebot3_ws/src/install/rtabmap/bin/rtabmap-cleanupLocalGrids
-- Set runtime path of "/home/devam/turtlebot3_ws/src/install/rtabmap/bin/rtabmap-cleanupLocalGrids" to ""
-- Installing: /home/devam/turtlebot3_ws/src/install/rtabmap/bin/rtabmap-globalBundleAdjustment
-- Set runtime path of "/home/devam/turtlebot3_ws/src/install/rtabmap/bin/rtabmap-globalBundleAdjustment" to ""
-- Installing: /home/devam/turtlebot3_ws/src/install/rtabmap/bin/rtabmap-rgbd_camera
-- Set runtime path of "/home/devam/turtlebot3_ws/src/install/rtabmap/bin/rtabmap-rgbd_camera" to ""
-- Installing: /home/devam/turtlebot3_ws/src/install/rtabmap/bin/rtabmap-lidar_viewer
-- Set runtime path of "/home/devam/turtlebot3_ws/src/install/rtabmap/bin/rtabmap-lidar_viewer" to ""
-- Installing: /home/devam/turtlebot3_ws/src/install/rtabmap/bin/rtabmap-databaseViewer
-- Set runtime path of "/home/devam/turtlebot3_ws/src/install/rtabmap/bin/rtabmap-databaseViewer" to ""
-- Installing: /home/devam/turtlebot3_ws/src/install/rtabmap/bin/rtabmap-odometryViewer
-- Set runtime path of "/home/devam/turtlebot3_ws/src/install/rtabmap/bin/rtabmap-odometryViewer" to ""
-- Installing: /home/devam/turtlebot3_ws/src/install/rtabmap/bin/rtabmap-dataRecorder
-- Set runtime path of "/home/devam/turtlebot3_ws/src/install/rtabmap/bin/rtabmap-dataRecorder" to ""
-- Installing: /home/devam/turtlebot3_ws/src/install/rtabmap/bin/rtabmap-calibration
-- Set runtime path of "/home/devam/turtlebot3_ws/src/install/rtabmap/bin/rtabmap-calibration" to ""
-- Installing: /home/devam/turtlebot3_ws/src/install/rtabmap/lib/rtabmap-0.22/RTABMapTargets.cmake
-- Installing: /home/devam/turtlebot3_ws/src/install/rtabmap/lib/rtabmap-0.22/RTABMapConfig.cmake
-- Installing: /home/devam/turtlebot3_ws/src/install/rtabmap/lib/rtabmap-0.22/RTABMapConfigVersion.cmake
-- Installing: /home/devam/turtlebot3_ws/src/install/rtabmap/share/rtabmap/package.xml
