[0.143s] Invoking command in '/home/devam/turtlebot3_ws/src/build/rtabmap': CMAKE_PREFIX_PATH=${CMAKE_PREFIX_PATH}:/home/devam/FYP_ROS2/install/occ_map_creator:/home/devam/FYP_ROS2/install/ekf_slam:/home/devam/FYP_ROS2/install/ekf_localization:/home/devam/turtlebot3_ws/install/turtlebot3_teleop:/home/devam/turtlebot3_ws/install/turtlebot3_rtabmap_slam:/home/devam/turtlebot3_ws/install/turtlebot3_example:/home/devam/turtlebot3_ws/install/microstrain_inertial_rqt:/opt/ros/humble /usr/local/bin/cmake --build /home/devam/turtlebot3_ws/src/build/rtabmap
[1.660s] [  0%] [32mBuilding CXX object utilite/src/CMakeFiles/rtabmap_utilite.dir/UEventsHandler.cpp.o[0m
[1.660s] [  0%] [32mBuilding CXX object utilite/src/CMakeFiles/rtabmap_utilite.dir/UFile.cpp.o[0m
[1.660s] [  2%] [32mBuilding CXX object utilite/src/CMakeFiles/rtabmap_utilite.dir/UEventsSender.cpp.o[0m
[1.660s] [  3%] [32mBuilding CXX object utilite/src/CMakeFiles/rtabmap_utilite.dir/UConversion.cpp.o[0m
[1.660s] [  2%] [32mBuilding CXX object utilite/src/CMakeFiles/rtabmap_utilite.dir/UEventsManager.cpp.o[0m
[1.660s] [  3%] [32mBuilding CXX object utilite/src/CMakeFiles/rtabmap_utilite.dir/UDirectory.cpp.o[0m
[1.660s] [  3%] [32mBuilding CXX object utilite/src/CMakeFiles/rtabmap_utilite.dir/ULogger.cpp.o[0m
[1.660s] [  3%] [32mBuilding CXX object utilite/src/CMakeFiles/rtabmap_utilite.dir/UTimer.cpp.o[0m
[1.660s] [  4%] [32mBuilding CXX object utilite/src/CMakeFiles/rtabmap_utilite.dir/UThread.cpp.o[0m
[1.660s] [  4%] [32mBuilding CXX object utilite/src/CMakeFiles/rtabmap_utilite.dir/UProcessInfo.cpp.o[0m
[1.929s] [  5%] [32mBuilding CXX object utilite/src/CMakeFiles/rtabmap_utilite.dir/UVariant.cpp.o[0m
[4.783s] [  5%] [32m[1mLinking CXX shared library ../../bin/librtabmap_utilite.so[0m
[5.028s] [  5%] Built target rtabmap_utilite
[5.053s] [  5%] [32mBuilding CXX object utilite/resource_generator/CMakeFiles/res_tool.dir/main.cpp.o[0m
[7.329s] [  6%] [32m[1mLinking CXX executable ../../bin/rtabmap-res_tool[0m
[7.605s] [  6%] Built target res_tool
[7.634s] [  6%] [34m[1m[Creating resources][0m
[7.636s]  Using namespace=rtabmap
[7.636s]  Using target directory=/home/devam/turtlebot3_ws/src/build/rtabmap/corelib/src
[7.637s] Input file "/home/devam/turtlebot3_ws/src/src/rtabmap/corelib/src/resources/DatabaseSchema.sql" size = 5963 bytes
[7.637s] Output file "/home/devam/turtlebot3_ws/src/build/rtabmap/corelib/src/DatabaseSchema_sql.h" size = 12153 bytes
[7.637s] Input file "/home/devam/turtlebot3_ws/src/src/rtabmap/corelib/src/resources/backward_compatibility/DatabaseSchema_0_20_0.sql" size = 5900 bytes
[7.638s] Output file "/home/devam/turtlebot3_ws/src/build/rtabmap/corelib/src/DatabaseSchema_0_20_0_sql.h" size = 12055 bytes
[7.638s] Input file "/home/devam/turtlebot3_ws/src/src/rtabmap/corelib/src/resources/backward_compatibility/DatabaseSchema_0_18_3.sql" size = 5749 bytes
[7.638s] Output file "/home/devam/turtlebot3_ws/src/build/rtabmap/corelib/src/DatabaseSchema_0_18_3_sql.h" size = 11753 bytes
[7.643s] Input file "/home/devam/turtlebot3_ws/src/src/rtabmap/corelib/src/resources/backward_compatibility/DatabaseSchema_0_18_0.sql" size = 5749 bytes
[7.643s] Output file "/home/devam/turtlebot3_ws/src/build/rtabmap/corelib/src/DatabaseSchema_0_18_0_sql.h" size = 11753 bytes
[7.643s] Input file "/home/devam/turtlebot3_ws/src/src/rtabmap/corelib/src/resources/backward_compatibility/DatabaseSchema_0_17_0.sql" size = 5432 bytes
[7.643s] Output file "/home/devam/turtlebot3_ws/src/build/rtabmap/corelib/src/DatabaseSchema_0_17_0_sql.h" size = 11119 bytes
[7.644s] Input file "/home/devam/turtlebot3_ws/src/src/rtabmap/corelib/src/resources/backward_compatibility/DatabaseSchema_0_16_2.sql" size = 5362 bytes
[7.644s] Output file "/home/devam/turtlebot3_ws/src/build/rtabmap/corelib/src/DatabaseSchema_0_16_2_sql.h" size = 10979 bytes
[7.647s] Input file "/home/devam/turtlebot3_ws/src/src/rtabmap/corelib/src/resources/backward_compatibility/DatabaseSchema_0_16_1.sql" size = 5286 bytes
[7.648s] Output file "/home/devam/turtlebot3_ws/src/build/rtabmap/corelib/src/DatabaseSchema_0_16_1_sql.h" size = 10827 bytes
[7.648s] Input file "/home/devam/turtlebot3_ws/src/src/rtabmap/corelib/src/resources/backward_compatibility/DatabaseSchema_0_16_0.sql" size = 5273 bytes
[7.648s] Output file "/home/devam/turtlebot3_ws/src/build/rtabmap/corelib/src/DatabaseSchema_0_16_0_sql.h" size = 10801 bytes
[7.698s] [  7%] [32mBuilding CXX object corelib/src/CMakeFiles/rtabmap_core.dir/Rtabmap.cpp.o[0m
[7.698s] [  7%] [32mBuilding CXX object corelib/src/CMakeFiles/rtabmap_core.dir/RtabmapThread.cpp.o[0m
[7.699s] [  7%] [32mBuilding CXX object corelib/src/CMakeFiles/rtabmap_core.dir/Statistics.cpp.o[0m
[7.702s] [  8%] [32mBuilding CXX object corelib/src/CMakeFiles/rtabmap_core.dir/DBDriverSqlite3.cpp.o[0m
[7.705s] [  8%] [32mBuilding CXX object corelib/src/CMakeFiles/rtabmap_core.dir/DBDriver.cpp.o[0m
[7.710s] [  9%] [32mBuilding CXX object corelib/src/CMakeFiles/rtabmap_core.dir/Memory.cpp.o[0m
[22.261s] [  9%] [32mBuilding CXX object corelib/src/CMakeFiles/rtabmap_core.dir/DBReader.cpp.o[0m
[33.730s] [  9%] [32mBuilding CXX object corelib/src/CMakeFiles/rtabmap_core.dir/Recovery.cpp.o[0m
[34.721s] [ 10%] [32mBuilding CXX object corelib/src/CMakeFiles/rtabmap_core.dir/SensorCapture.cpp.o[0m
[42.132s] [ 10%] [32mBuilding CXX object corelib/src/CMakeFiles/rtabmap_core.dir/SensorCaptureThread.cpp.o[0m
[56.191s] [ 11%] [32mBuilding CXX object corelib/src/CMakeFiles/rtabmap_core.dir/Camera.cpp.o[0m
[57.235s] [ 11%] [32mBuilding CXX object corelib/src/CMakeFiles/rtabmap_core.dir/CameraModel.cpp.o[0m
[60.484s] [ 11%] [32mBuilding CXX object corelib/src/CMakeFiles/rtabmap_core.dir/camera/CameraFreenect.cpp.o[0m
[64.947s] [ 12%] [32mBuilding CXX object corelib/src/CMakeFiles/rtabmap_core.dir/camera/CameraFreenect2.cpp.o[0m
[66.145s] [ 12%] [32mBuilding CXX object corelib/src/CMakeFiles/rtabmap_core.dir/camera/CameraImages.cpp.o[0m
[69.257s] [ 13%] [32mBuilding CXX object corelib/src/CMakeFiles/rtabmap_core.dir/camera/CameraK4W2.cpp.o[0m
[69.570s] [ 13%] [32mBuilding CXX object corelib/src/CMakeFiles/rtabmap_core.dir/camera/CameraK4A.cpp.o[0m
[73.106s] [ 13%] [32mBuilding CXX object corelib/src/CMakeFiles/rtabmap_core.dir/camera/CameraOpenni.cpp.o[0m
[73.886s] [ 14%] [32mBuilding CXX object corelib/src/CMakeFiles/rtabmap_core.dir/camera/CameraOpenNI2.cpp.o[0m
[75.319s] [ 14%] [32mBuilding CXX object corelib/src/CMakeFiles/rtabmap_core.dir/camera/CameraOpenNICV.cpp.o[0m
[76.348s] [ 14%] [32mBuilding CXX object corelib/src/CMakeFiles/rtabmap_core.dir/camera/CameraRealSense.cpp.o[0m
[76.746s] [ 15%] [32mBuilding CXX object corelib/src/CMakeFiles/rtabmap_core.dir/camera/CameraRealSense2.cpp.o[0m
[78.917s] [ 15%] [32mBuilding CXX object corelib/src/CMakeFiles/rtabmap_core.dir/camera/CameraRGBDImages.cpp.o[0m
[81.432s] [ 16%] [32mBuilding CXX object corelib/src/CMakeFiles/rtabmap_core.dir/camera/CameraStereoDC1394.cpp.o[0m
[81.677s] [ 16%] [32mBuilding CXX object corelib/src/CMakeFiles/rtabmap_core.dir/camera/CameraStereoFlyCapture2.cpp.o[0m
[81.998s] [ 16%] [32mBuilding CXX object corelib/src/CMakeFiles/rtabmap_core.dir/camera/CameraStereoImages.cpp.o[0m
[84.217s] [ 17%] [32mBuilding CXX object corelib/src/CMakeFiles/rtabmap_core.dir/camera/CameraStereoVideo.cpp.o[0m
[85.279s] [ 17%] [32mBuilding CXX object corelib/src/CMakeFiles/rtabmap_core.dir/camera/CameraStereoZed.cpp.o[0m
[85.502s] [ 18%] [32mBuilding CXX object corelib/src/CMakeFiles/rtabmap_core.dir/camera/CameraStereoZedOC.cpp.o[0m
[86.100s] [ 18%] [32mBuilding CXX object corelib/src/CMakeFiles/rtabmap_core.dir/camera/CameraStereoTara.cpp.o[0m
[87.823s] [ 18%] [32mBuilding CXX object corelib/src/CMakeFiles/rtabmap_core.dir/camera/CameraVideo.cpp.o[0m
[88.148s] [ 19%] [32mBuilding CXX object corelib/src/CMakeFiles/rtabmap_core.dir/camera/CameraMyntEye.cpp.o[0m
[88.309s] [ 19%] [32mBuilding CXX object corelib/src/CMakeFiles/rtabmap_core.dir/camera/CameraDepthAI.cpp.o[0m
[89.036s] [ 20%] [32mBuilding CXX object corelib/src/CMakeFiles/rtabmap_core.dir/camera/CameraSeerSense.cpp.o[0m
[89.509s] [ 20%] [32mBuilding CXX object corelib/src/CMakeFiles/rtabmap_core.dir/EpipolarGeometry.cpp.o[0m
[90.464s] [ 20%] [32mBuilding CXX object corelib/src/CMakeFiles/rtabmap_core.dir/VisualWord.cpp.o[0m
[91.342s] [ 21%] [32mBuilding CXX object corelib/src/CMakeFiles/rtabmap_core.dir/VWDictionary.cpp.o[0m
[91.673s] [ 21%] [32mBuilding CXX object corelib/src/CMakeFiles/rtabmap_core.dir/BayesFilter.cpp.o[0m
[92.414s] [ 22%] [32mBuilding CXX object corelib/src/CMakeFiles/rtabmap_core.dir/Parameters.cpp.o[0m
[93.736s] [ 22%] [32mBuilding CXX object corelib/src/CMakeFiles/rtabmap_core.dir/Signature.cpp.o[0m
[94.408s] [ 22%] [32mBuilding CXX object corelib/src/CMakeFiles/rtabmap_core.dir/Features2d.cpp.o[0m
[100.990s] [ 23%] [32mBuilding CXX object corelib/src/CMakeFiles/rtabmap_core.dir/Transform.cpp.o[0m
[101.029s] [ 23%] [32mBuilding CXX object corelib/src/CMakeFiles/rtabmap_core.dir/GeodeticCoords.cpp.o[0m
[101.228s] [ 24%] [32mBuilding CXX object corelib/src/CMakeFiles/rtabmap_core.dir/util2d.cpp.o[0m
[101.932s] [ 24%] [32mBuilding CXX object corelib/src/CMakeFiles/rtabmap_core.dir/util3d.cpp.o[0m
[105.336s] [ 24%] [32mBuilding CXX object corelib/src/CMakeFiles/rtabmap_core.dir/util3d_filtering.cpp.o[0m
[106.751s] [ 25%] [32mBuilding CXX object corelib/src/CMakeFiles/rtabmap_core.dir/util3d_mapping.cpp.o[0m
[109.596s] [ 25%] [32mBuilding CXX object corelib/src/CMakeFiles/rtabmap_core.dir/util3d_transforms.cpp.o[0m
[110.626s] [ 26%] [32mBuilding CXX object corelib/src/CMakeFiles/rtabmap_core.dir/util3d_registration.cpp.o[0m
[110.797s] [ 26%] [32mBuilding CXX object corelib/src/CMakeFiles/rtabmap_core.dir/util3d_surface.cpp.o[0m
[114.724s] [ 26%] [32mBuilding CXX object corelib/src/CMakeFiles/rtabmap_core.dir/util3d_features.cpp.o[0m
[117.364s] [ 27%] [32mBuilding CXX object corelib/src/CMakeFiles/rtabmap_core.dir/util3d_correspondences.cpp.o[0m
[121.699s] [ 27%] [32mBuilding CXX object corelib/src/CMakeFiles/rtabmap_core.dir/util3d_motion_estimation.cpp.o[0m
[122.406s] [ 28%] [32mBuilding CXX object corelib/src/CMakeFiles/rtabmap_core.dir/rvl_codec.cpp.o[0m
[122.491s] [ 28%] [32mBuilding CXX object corelib/src/CMakeFiles/rtabmap_core.dir/SensorData.cpp.o[0m
[125.537s] [ 28%] [32mBuilding CXX object corelib/src/CMakeFiles/rtabmap_core.dir/Graph.cpp.o[0m
[128.891s] [ 29%] [32mBuilding CXX object corelib/src/CMakeFiles/rtabmap_core.dir/Compression.cpp.o[0m
[129.283s] [ 29%] [32mBuilding CXX object corelib/src/CMakeFiles/rtabmap_core.dir/Link.cpp.o[0m
[129.397s] [ 30%] [32mBuilding CXX object corelib/src/CMakeFiles/rtabmap_core.dir/LaserScan.cpp.o[0m
[130.743s] [ 30%] [32mBuilding CXX object corelib/src/CMakeFiles/rtabmap_core.dir/Optimizer.cpp.o[0m
[131.501s] [ 30%] [32mBuilding CXX object corelib/src/CMakeFiles/rtabmap_core.dir/optimizer/OptimizerTORO.cpp.o[0m
[131.747s] [ 31%] [32mBuilding CXX object corelib/src/CMakeFiles/rtabmap_core.dir/optimizer/OptimizerG2O.cpp.o[0m
[137.022s] [ 31%] [32mBuilding CXX object corelib/src/CMakeFiles/rtabmap_core.dir/optimizer/OptimizerGTSAM.cpp.o[0m
[139.447s] [ 31%] [32mBuilding CXX object corelib/src/CMakeFiles/rtabmap_core.dir/optimizer/OptimizerCVSBA.cpp.o[0m
[140.157s] [ 32%] [32mBuilding CXX object corelib/src/CMakeFiles/rtabmap_core.dir/optimizer/OptimizerCeres.cpp.o[0m
[144.283s] [ 32%] [32mBuilding CXX object corelib/src/CMakeFiles/rtabmap_core.dir/Registration.cpp.o[0m
[145.106s] [ 33%] [32mBuilding CXX object corelib/src/CMakeFiles/rtabmap_core.dir/RegistrationIcp.cpp.o[0m
[145.523s] [ 33%] [32mBuilding CXX object corelib/src/CMakeFiles/rtabmap_core.dir/RegistrationVis.cpp.o[0m
[149.757s] [ 33%] [32mBuilding CXX object corelib/src/CMakeFiles/rtabmap_core.dir/Odometry.cpp.o[0m
[149.911s] [ 34%] [32mBuilding CXX object corelib/src/CMakeFiles/rtabmap_core.dir/OdometryThread.cpp.o[0m
[155.249s] [ 34%] [32mBuilding CXX object corelib/src/CMakeFiles/rtabmap_core.dir/OdometryInfo.cpp.o[0m
[158.154s] [ 35%] [32mBuilding CXX object corelib/src/CMakeFiles/rtabmap_core.dir/odometry/OdometryF2M.cpp.o[0m
[158.337s] [ 35%] [32mBuilding CXX object corelib/src/CMakeFiles/rtabmap_core.dir/odometry/OdometryMono.cpp.o[0m
[162.138s] [ 35%] [32mBuilding CXX object corelib/src/CMakeFiles/rtabmap_core.dir/odometry/OdometryF2F.cpp.o[0m
[164.456s] [ 36%] [32mBuilding CXX object corelib/src/CMakeFiles/rtabmap_core.dir/odometry/OdometryFovis.cpp.o[0m
[166.728s] [ 36%] [32mBuilding CXX object corelib/src/CMakeFiles/rtabmap_core.dir/odometry/OdometryViso2.cpp.o[0m
[167.786s] [ 37%] [32mBuilding CXX object corelib/src/CMakeFiles/rtabmap_core.dir/odometry/OdometryDVO.cpp.o[0m
[168.951s] [ 37%] [32mBuilding CXX object corelib/src/CMakeFiles/rtabmap_core.dir/odometry/OdometryOkvis.cpp.o[0m
[169.447s] [ 37%] [32mBuilding CXX object corelib/src/CMakeFiles/rtabmap_core.dir/odometry/OdometryORBSLAM2.cpp.o[0m
[169.852s] [ 38%] [32mBuilding CXX object corelib/src/CMakeFiles/rtabmap_core.dir/odometry/OdometryORBSLAM3.cpp.o[0m
[171.975s] [ 38%] [32mBuilding CXX object corelib/src/CMakeFiles/rtabmap_core.dir/odometry/OdometryLOAM.cpp.o[0m
[173.919s] [ 39%] [32mBuilding CXX object corelib/src/CMakeFiles/rtabmap_core.dir/odometry/OdometryFLOAM.cpp.o[0m
[174.230s] [ 39%] [32mBuilding CXX object corelib/src/CMakeFiles/rtabmap_core.dir/odometry/OdometryMSCKF.cpp.o[0m
[175.126s] [ 39%] [32mBuilding CXX object corelib/src/CMakeFiles/rtabmap_core.dir/odometry/OdometryVINS.cpp.o[0m
[175.713s] [ 40%] [32mBuilding CXX object corelib/src/CMakeFiles/rtabmap_core.dir/odometry/OdometryOpenVINS.cpp.o[0m
[175.715s] [ 40%] [32mBuilding CXX object corelib/src/CMakeFiles/rtabmap_core.dir/odometry/OdometryOpen3D.cpp.o[0m
[177.590s] [ 41%] [32mBuilding CXX object corelib/src/CMakeFiles/rtabmap_core.dir/IMU.cpp.o[0m
[178.542s] [ 41%] [32mBuilding CXX object corelib/src/CMakeFiles/rtabmap_core.dir/IMUThread.cpp.o[0m
[178.707s] [ 41%] [32mBuilding CXX object corelib/src/CMakeFiles/rtabmap_core.dir/IMUFilter.cpp.o[0m
[178.881s] [ 42%] [32mBuilding CXX object corelib/src/CMakeFiles/rtabmap_core.dir/imufilter/ComplementaryFilter.cpp.o[0m
[179.017s] [ 42%] [32mBuilding CXX object corelib/src/CMakeFiles/rtabmap_core.dir/Stereo.cpp.o[0m
[179.309s] [ 43%] [32mBuilding CXX object corelib/src/CMakeFiles/rtabmap_core.dir/StereoDense.cpp.o[0m
[180.079s] [ 43%] [32mBuilding CXX object corelib/src/CMakeFiles/rtabmap_core.dir/StereoCameraModel.cpp.o[0m
[180.791s] [ 43%] [32mBuilding CXX object corelib/src/CMakeFiles/rtabmap_core.dir/stereo/StereoBM.cpp.o[0m
[180.981s] [ 44%] [32mBuilding CXX object corelib/src/CMakeFiles/rtabmap_core.dir/stereo/StereoSGBM.cpp.o[0m
[181.018s] [ 44%] [32mBuilding CXX object corelib/src/CMakeFiles/rtabmap_core.dir/GlobalMap.cpp.o[0m
[181.483s] [ 45%] [32mBuilding CXX object corelib/src/CMakeFiles/rtabmap_core.dir/LocalGridMaker.cpp.o[0m
[182.050s] [ 45%] [32mBuilding CXX object corelib/src/CMakeFiles/rtabmap_core.dir/LocalGrid.cpp.o[0m
[183.095s] [ 45%] [32mBuilding CXX object corelib/src/CMakeFiles/rtabmap_core.dir/global_map/OccupancyGrid.cpp.o[0m
[183.250s] [ 46%] [32mBuilding CXX object corelib/src/CMakeFiles/rtabmap_core.dir/global_map/CloudMap.cpp.o[0m
[183.344s] [ 46%] [32mBuilding CXX object corelib/src/CMakeFiles/rtabmap_core.dir/MarkerDetector.cpp.o[0m
[183.489s] [ 47%] [32mBuilding CXX object corelib/src/CMakeFiles/rtabmap_core.dir/GlobalDescriptorExtractor.cpp.o[0m
[184.432s] [ 47%] [32mBuilding CXX object corelib/src/CMakeFiles/rtabmap_core.dir/GainCompensator.cpp.o[0m
[186.556s] [ 47%] [32mBuilding C object corelib/src/CMakeFiles/rtabmap_core.dir/rtflann/ext/lz4.c.o[0m
[186.877s] [ 48%] [32mBuilding C object corelib/src/CMakeFiles/rtabmap_core.dir/rtflann/ext/lz4hc.c.o[0m
[187.195s] [ 48%] [32mBuilding CXX object corelib/src/CMakeFiles/rtabmap_core.dir/FlannIndex.cpp.o[0m
[187.889s] [ 48%] [32mBuilding CXX object corelib/src/CMakeFiles/rtabmap_core.dir/clams/discrete_depth_distortion_model_helpers.cpp.o[0m
[188.123s] [ 49%] [32mBuilding CXX object corelib/src/CMakeFiles/rtabmap_core.dir/clams/discrete_depth_distortion_model.cpp.o[0m
[188.223s] [ 49%] [32mBuilding CXX object corelib/src/CMakeFiles/rtabmap_core.dir/clams/frame_projector.cpp.o[0m
[188.930s] [ 50%] [32mBuilding CXX object corelib/src/CMakeFiles/rtabmap_core.dir/clams/slam_calibrator.cpp.o[0m
[189.201s] [ 50%] [32mBuilding CXX object corelib/src/CMakeFiles/rtabmap_core.dir/opencv/ORBextractor.cc.o[0m
[189.633s] [ 50%] [32mBuilding CXX object corelib/src/CMakeFiles/rtabmap_core.dir/opencv/solvepnp.cpp.o[0m
[190.813s] [ 51%] [32mBuilding CXX object corelib/src/CMakeFiles/rtabmap_core.dir/opencv/five-point.cpp.o[0m
[190.862s] [ 51%] [32mBuilding CXX object corelib/src/CMakeFiles/rtabmap_core.dir/lidar/LidarVLP16.cpp.o[0m
[191.618s] [ 52%] [32mBuilding CXX object corelib/src/CMakeFiles/rtabmap_core.dir/optimizer/toro3d/posegraph3.cpp.o[0m
[191.639s] [ 52%] [32mBuilding CXX object corelib/src/CMakeFiles/rtabmap_core.dir/optimizer/toro3d/treeoptimizer3_iteration.cpp.o[0m
[192.372s] [ 52%] [32mBuilding CXX object corelib/src/CMakeFiles/rtabmap_core.dir/optimizer/toro3d/treeoptimizer3.cpp.o[0m
[192.567s] [ 53%] [32mBuilding CXX object corelib/src/CMakeFiles/rtabmap_core.dir/optimizer/toro3d/posegraph2.cpp.o[0m
[193.008s] [ 53%] [32mBuilding CXX object corelib/src/CMakeFiles/rtabmap_core.dir/optimizer/toro3d/treeoptimizer2.cpp.o[0m
[193.322s] [ 54%] [32mBuilding CXX object corelib/src/CMakeFiles/rtabmap_core.dir/optimizer/vertigo/g2o/edge_se2Switchable.cpp.o[0m
[193.547s] [ 54%] [32mBuilding CXX object corelib/src/CMakeFiles/rtabmap_core.dir/optimizer/vertigo/g2o/edge_se3Switchable.cpp.o[0m
[193.548s] [ 54%] [32mBuilding CXX object corelib/src/CMakeFiles/rtabmap_core.dir/optimizer/vertigo/g2o/edge_switchPrior.cpp.o[0m
[193.682s] [ 55%] [32mBuilding CXX object corelib/src/CMakeFiles/rtabmap_core.dir/optimizer/vertigo/g2o/types_g2o_robust.cpp.o[0m
[194.838s] [ 55%] [32mBuilding CXX object corelib/src/CMakeFiles/rtabmap_core.dir/optimizer/vertigo/g2o/vertex_switchLinear.cpp.o[0m
[195.910s] [ 56%] [32mBuilding CXX object corelib/src/CMakeFiles/rtabmap_core.dir/global_map/OctoMap.cpp.o[0m
[196.223s] [ 56%] [32mBuilding CXX object corelib/src/CMakeFiles/rtabmap_core.dir/optimizer/gtsam/GravityFactor.cpp.o[0m
[196.605s] [ 56%] [32mBuilding CXX object corelib/src/CMakeFiles/rtabmap_core.dir/imufilter/MadgwickFilter.cpp.o[0m
[201.794s] [ 57%] [32m[1mLinking CXX shared library ../../bin/librtabmap_core.so[0m
[204.916s] [ 57%] Built target rtabmap_core
[204.927s] [ 57%] [32mBuilding CXX object tools/Camera/CMakeFiles/camera.dir/main.cpp.o[0m
[204.928s] [ 57%] [34m[1mAutomatic MOC and UIC for target rtabmap_gui[0m
[204.928s] [ 57%] [32mBuilding CXX object tools/ConsoleApp/CMakeFiles/consoleApp.dir/main.cpp.o[0m
[204.929s] [ 58%] [32mBuilding CXX object tools/StereoEval/CMakeFiles/stereoEval.dir/main.cpp.o[0m
[204.930s] [ 59%] [32mBuilding CXX object tools/ExtractObject/CMakeFiles/extractObject.dir/main.cpp.o[0m
[204.930s] [ 59%] [32mBuilding CXX object tools/ImagesJoiner/CMakeFiles/imagesJoiner.dir/main.cpp.o[0m
[206.488s] [ 60%] [32m[1mLinking CXX executable ../../bin/rtabmap-imagesJoiner[0m
[207.658s] [ 61%] [32m[1mLinking CXX executable ../../bin/rtabmap-camera[0m
[208.916s] [ 61%] Built target imagesJoiner
[208.938s] [ 62%] [32mBuilding CXX object tools/KittiDataset/CMakeFiles/kitti_dataset.dir/main.cpp.o[0m
[209.337s] [ 62%] Built target camera
[209.358s] [ 62%] [32mBuilding CXX object tools/RgbdDataset/CMakeFiles/rgbd_dataset.dir/main.cpp.o[0m
[210.299s] [ 62%] [32m[1mLinking CXX executable ../../bin/rtabmap-stereoEval[0m
[210.530s] [ 62%] Built target rtabmap_gui_autogen
[210.545s] [ 62%] [32mBuilding CXX object tools/EurocDataset/CMakeFiles/euroc_dataset.dir/main.cpp.o[0m
[211.192s] [ 62%] Built target stereoEval
[211.217s] [ 62%] [32mBuilding CXX object tools/Recovery/CMakeFiles/recovery.dir/main.cpp.o[0m
[211.238s] [ 62%] [32m[1mLinking CXX executable ../../bin/rtabmap-console[0m
[211.452s] [ 62%] [32m[1mLinking CXX executable ../../bin/rtabmap-recovery[0m
[212.065s] [ 62%] Built target consoleApp
[212.079s] [ 63%] [32mBuilding CXX object tools/Reprocess/CMakeFiles/reprocess.dir/main.cpp.o[0m
[212.305s] [ 63%] Built target recovery
[212.320s] [ 63%] [32mBuilding CXX object tools/DetectMoreLoopClosures/CMakeFiles/detectMoreLoopClosures.dir/main.cpp.o[0m
[215.010s] [ 63%] [32m[1mLinking CXX executable ../../bin/rtabmap-extractObject[0m
[215.226s] [ 63%] [32m[1mLinking CXX executable ../../bin/rtabmap-kitti_dataset[0m
[216.053s] [ 63%] Built target extractObject
[216.073s] [ 64%] [32mBuilding CXX object tools/Export/CMakeFiles/export.dir/main.cpp.o[0m
[216.101s] [ 64%] Built target kitti_dataset
[216.115s] [ 64%] [32mBuilding CXX object tools/Info/CMakeFiles/info.dir/main.cpp.o[0m
[216.639s] [ 64%] [32m[1mLinking CXX executable ../../bin/rtabmap-rgbd_dataset[0m
[217.485s] [ 64%] Built target rgbd_dataset
[217.501s] [ 64%] [32mBuilding CXX object tools/CleanupLocalGrids/CMakeFiles/cleanupLocalGrids.dir/main.cpp.o[0m
[218.103s] [ 64%] [32m[1mLinking CXX executable ../../bin/rtabmap-euroc_dataset[0m
[218.217s] [ 65%] [32m[1mLinking CXX executable ../../bin/rtabmap-detectMoreLoopClosures[0m
[218.956s] [ 65%] Built target euroc_dataset
[218.971s] [ 65%] [32mBuilding CXX object tools/GlobalBundleAdjustment/CMakeFiles/globalBundleAdjustment.dir/main.cpp.o[0m
[219.066s] [ 65%] Built target detectMoreLoopClosures
[219.081s] [ 65%] [32mBuilding CXX object tools/LidarViewer/CMakeFiles/lidar_viewer.dir/main.cpp.o[0m
[220.259s] [ 65%] [32m[1mLinking CXX executable ../../bin/rtabmap-reprocess[0m
[220.999s] [ 65%] [32m[1mLinking CXX executable ../../bin/rtabmap-info[0m
[221.109s] [ 65%] Built target reprocess
[221.118s] [ 66%] [34m[1mAutomatic RCC for GuiLib.qrc[0m
[221.158s] [ 66%] [34m[1m[Creating resources][0m
[221.162s]  Using namespace=rtabmap
[221.162s]  Using target directory=/home/devam/turtlebot3_ws/src/build/rtabmap/guilib/src
[221.163s] Input file "/home/devam/turtlebot3_ws/src/src/rtabmap/data/presets/camera_tof_icp.ini" size = 687 bytes
[221.163s] Output file "/home/devam/turtlebot3_ws/src/build/rtabmap/guilib/src/camera_tof_icp_ini.h" size = 1571 bytes
[221.163s] Input file "/home/devam/turtlebot3_ws/src/src/rtabmap/data/presets/lidar3d_icp.ini" size = 1137 bytes
[221.163s] Output file "/home/devam/turtlebot3_ws/src/build/rtabmap/guilib/src/lidar3d_icp_ini.h" size = 2465 bytes
[221.181s] [ 66%] [32mBuilding CXX object guilib/src/CMakeFiles/rtabmap_gui.dir/rtabmap_gui_autogen/mocs_compilation.cpp.o[0m
[221.828s] [ 66%] Built target info
[221.834s] [ 66%] [32mBuilding CXX object guilib/src/CMakeFiles/rtabmap_gui.dir/MainWindow.cpp.o[0m
[221.878s] [ 67%] [32m[1mLinking CXX executable ../../bin/rtabmap-cleanupLocalGrids[0m
[222.693s] [ 67%] Built target cleanupLocalGrids
[222.698s] [ 68%] [32mBuilding CXX object guilib/src/CMakeFiles/rtabmap_gui.dir/PreferencesDialog.cpp.o[0m
[223.437s] [ 69%] [32m[1mLinking CXX executable ../../bin/rtabmap-globalBundleAdjustment[0m
[224.270s] [ 69%] Built target globalBundleAdjustment
[224.275s] [ 69%] [32mBuilding CXX object guilib/src/CMakeFiles/rtabmap_gui.dir/KeypointItem.cpp.o[0m
[225.379s] [ 70%] [32mBuilding CXX object guilib/src/CMakeFiles/rtabmap_gui.dir/ImageView.cpp.o[0m
[227.261s] [ 70%] [32m[1mLinking CXX executable ../../bin/rtabmap-export[0m
[227.475s] [ 71%] [32m[1mLinking CXX executable ../../bin/rtabmap-lidar_viewer[0m
[228.278s] [ 71%] Built target export
[228.283s] [ 71%] [32mBuilding CXX object guilib/src/CMakeFiles/rtabmap_gui.dir/PdfPlot.cpp.o[0m
[228.476s] [ 71%] Built target lidar_viewer
[228.481s] [ 71%] [32mBuilding CXX object guilib/src/CMakeFiles/rtabmap_gui.dir/StatsToolBox.cpp.o[0m
[229.115s] [ 72%] [32mBuilding CXX object guilib/src/CMakeFiles/rtabmap_gui.dir/ProgressDialog.cpp.o[0m
[230.036s] [ 72%] [32mBuilding CXX object guilib/src/CMakeFiles/rtabmap_gui.dir/AboutDialog.cpp.o[0m
[230.097s] [ 73%] [32mBuilding CXX object guilib/src/CMakeFiles/rtabmap_gui.dir/ConsoleWidget.cpp.o[0m
[231.114s] [ 73%] [32mBuilding CXX object guilib/src/CMakeFiles/rtabmap_gui.dir/DatabaseViewer.cpp.o[0m
[231.267s] [ 73%] [32mBuilding CXX object guilib/src/CMakeFiles/rtabmap_gui.dir/utilite/UPlot.cpp.o[0m
[233.249s] [ 74%] [32mBuilding CXX object guilib/src/CMakeFiles/rtabmap_gui.dir/CloudViewer.cpp.o[0m
[234.046s] [ 74%] [32mBuilding CXX object guilib/src/CMakeFiles/rtabmap_gui.dir/CloudViewerCellPicker.cpp.o[0m
[234.741s] [ 75%] [32mBuilding CXX object guilib/src/CMakeFiles/rtabmap_gui.dir/CloudViewerInteractorStyle.cpp.o[0m
[236.535s] [ 75%] [32mBuilding CXX object guilib/src/CMakeFiles/rtabmap_gui.dir/OdometryViewer.cpp.o[0m
[240.082s] [ 75%] [32mBuilding CXX object guilib/src/CMakeFiles/rtabmap_gui.dir/LoopClosureViewer.cpp.o[0m
[243.421s] [ 76%] [32mBuilding CXX object guilib/src/CMakeFiles/rtabmap_gui.dir/DataRecorder.cpp.o[0m
[244.012s] [ 76%] [32mBuilding CXX object guilib/src/CMakeFiles/rtabmap_gui.dir/CameraViewer.cpp.o[0m
[246.157s] [ 76%] [32mBuilding CXX object guilib/src/CMakeFiles/rtabmap_gui.dir/CalibrationDialog.cpp.o[0m
[246.885s] [ 77%] [32mBuilding CXX object guilib/src/CMakeFiles/rtabmap_gui.dir/ExportDialog.cpp.o[0m
[247.882s] [ 77%] [32mBuilding CXX object guilib/src/CMakeFiles/rtabmap_gui.dir/ExportBundlerDialog.cpp.o[0m
[248.714s] [ 78%] [32mBuilding CXX object guilib/src/CMakeFiles/rtabmap_gui.dir/PostProcessingDialog.cpp.o[0m
[251.369s] [ 78%] [32mBuilding CXX object guilib/src/CMakeFiles/rtabmap_gui.dir/ExportCloudsDialog.cpp.o[0m
[253.367s] [ 78%] [32mBuilding CXX object guilib/src/CMakeFiles/rtabmap_gui.dir/EditConstraintDialog.cpp.o[0m
[253.526s] [ 79%] [32mBuilding CXX object guilib/src/CMakeFiles/rtabmap_gui.dir/MapVisibilityWidget.cpp.o[0m
[253.717s] [ 79%] [32mBuilding CXX object guilib/src/CMakeFiles/rtabmap_gui.dir/GraphViewer.cpp.o[0m
[254.224s] [ 80%] [32mBuilding CXX object guilib/src/CMakeFiles/rtabmap_gui.dir/EditDepthArea.cpp.o[0m
[254.411s] [ 80%] [32mBuilding CXX object guilib/src/CMakeFiles/rtabmap_gui.dir/EditMapArea.cpp.o[0m
[255.132s] [ 80%] [32mBuilding CXX object guilib/src/CMakeFiles/rtabmap_gui.dir/MultiSessionLocWidget.cpp.o[0m
[255.138s] [ 81%] [32mBuilding CXX object guilib/src/CMakeFiles/rtabmap_gui.dir/MultiSessionLocSubView.cpp.o[0m
[256.216s] [ 81%] [32mBuilding CXX object guilib/src/CMakeFiles/rtabmap_gui.dir/CreateSimpleCalibrationDialog.cpp.o[0m
[256.355s] [ 82%] [32mBuilding CXX object guilib/src/CMakeFiles/rtabmap_gui.dir/ParametersToolBox.cpp.o[0m
[257.327s] [ 82%] [32mBuilding CXX object guilib/src/CMakeFiles/rtabmap_gui.dir/DepthCalibrationDialog.cpp.o[0m
[259.057s] [ 82%] [32mBuilding CXX object guilib/src/CMakeFiles/rtabmap_gui.dir/LinkRefiningDialog.cpp.o[0m
[260.415s] [ 83%] [32mBuilding CXX object guilib/src/CMakeFiles/rtabmap_gui.dir/3rdParty/QMultiComboBox.cpp.o[0m
[260.559s] [ 83%] [32mBuilding CXX object guilib/src/CMakeFiles/rtabmap_gui.dir/opencv/vtkImageMatSource.cpp.o[0m
[260.679s] [ 84%] [32mBuilding CXX object guilib/src/CMakeFiles/rtabmap_gui.dir/rtabmap_gui_autogen/EWIEGA46WW/qrc_GuiLib.cpp.o[0m
[267.371s] [ 84%] [32m[1mLinking CXX shared library ../../bin/librtabmap_gui.so[0m
[268.068s] [ 84%] Built target rtabmap_gui
[268.078s] [ 84%] [32mBuilding CXX object tools/EpipolarGeometry/CMakeFiles/epipolar_geometry.dir/main.cpp.o[0m
[268.078s] [ 84%] [32mBuilding CXX object tools/OdometryViewer/CMakeFiles/odometryViewer.dir/main.cpp.o[0m
[268.080s] [ 85%] [32mBuilding CXX object tools/DatabaseViewer/CMakeFiles/databaseViewer.dir/main.cpp.o[0m
[268.080s] [ 85%] [32mBuilding CXX object tools/CameraRGBD/CMakeFiles/rgbd_camera.dir/main.cpp.o[0m
[268.080s] [ 86%] [32mBuilding CXX object tools/Report/CMakeFiles/report.dir/main.cpp.o[0m
[268.081s] [ 86%] [32mBuilding CXX object app/src/CMakeFiles/rtabmap_app.dir/main.cpp.o[0m
[272.503s] [ 87%] [32m[1mLinking CXX executable ../../bin/rtabmap-odometryViewer[0m
[272.560s] [ 87%] [32m[1mLinking CXX executable ../../bin/rtabmap-databaseViewer[0m
[272.999s] [ 88%] [32m[1mLinking CXX executable ../../bin/rtabmap[0m
[273.126s] [ 89%] [32m[1mLinking CXX executable ../../bin/rtabmap-epipolar_geometry[0m
[273.588s] [ 89%] Built target odometryViewer
[273.604s] [ 90%] [32mBuilding CXX object tools/DataRecorder/CMakeFiles/dataRecorder.dir/main.cpp.o[0m
[273.655s] [ 90%] Built target databaseViewer
[273.670s] [ 91%] [32mBuilding CXX object tools/Calibration/CMakeFiles/calibration.dir/main.cpp.o[0m
[274.120s] [ 91%] Built target rtabmap_app
[274.137s] [ 91%] [32mBuilding CXX object tools/Matcher/CMakeFiles/matcher.dir/main.cpp.o[0m
[274.206s] [ 91%] Built target epipolar_geometry
[274.221s] [ 91%] [32mBuilding CXX object examples/BOWMapping/CMakeFiles/bow_mapping.dir/main.cpp.o[0m
[275.078s] [ 92%] [32m[1mLinking CXX executable ../../bin/rtabmap-rgbd_camera[0m
[276.006s] [ 92%] Built target rgbd_camera
[276.023s] [ 92%] [34m[1mAutomatic MOC and UIC for target rgbd_mapping[0m
[276.085s] [ 92%] [32m[1mLinking CXX executable ../../bin/rtabmap-report[0m
[276.428s] [ 92%] Built target rgbd_mapping_autogen
[276.448s] [ 93%] [34m[1mAutomatic MOC and UIC for target wifi_mapping[0m
[276.886s] [ 93%] Built target wifi_mapping_autogen
[276.904s] [ 94%] [34m[1mAutomatic MOC and UIC for target noEventsExample[0m
[277.054s] [ 94%] Built target noEventsExample_autogen
[277.072s] [ 95%] [34m[1mAutomatic MOC and UIC for target lidar_mapping[0m
[277.161s] [ 95%] Built target report
[277.176s] [ 96%] [32mBuilding CXX object examples/RGBDMapping/CMakeFiles/rgbd_mapping.dir/rgbd_mapping_autogen/mocs_compilation.cpp.o[0m
[277.479s] [ 96%] Built target lidar_mapping_autogen
[277.496s] [ 96%] [32mBuilding CXX object examples/WifiMapping/CMakeFiles/wifi_mapping.dir/wifi_mapping_autogen/mocs_compilation.cpp.o[0m
[278.305s] [ 96%] [32m[1mLinking CXX executable ../../bin/rtabmap-calibration[0m
[278.421s] [ 96%] [32m[1mLinking CXX executable ../../bin/rtabmap-dataRecorder[0m
[279.026s] [ 96%] [32m[1mLinking CXX executable ../../bin/rtabmap-bow_mapping[0m
[279.368s] [ 96%] Built target calibration
[279.387s] [ 97%] [32mBuilding CXX object examples/NoEventsExample/CMakeFiles/noEventsExample.dir/noEventsExample_autogen/mocs_compilation.cpp.o[0m
[279.467s] [ 97%] Built target dataRecorder
[279.482s] [ 98%] [32mBuilding CXX object examples/LidarMapping/CMakeFiles/lidar_mapping.dir/lidar_mapping_autogen/mocs_compilation.cpp.o[0m
[279.890s] [ 98%] Built target bow_mapping
[279.895s] [ 98%] [32mBuilding CXX object examples/LidarMapping/CMakeFiles/lidar_mapping.dir/main.cpp.o[0m
[281.860s] [ 98%] [32m[1mLinking CXX executable ../../bin/rtabmap-matcher[0m
[282.924s] [ 98%] Built target matcher
[282.929s] [ 98%] [32mBuilding CXX object examples/NoEventsExample/CMakeFiles/noEventsExample.dir/main.cpp.o[0m
[284.729s] [ 98%] [32mBuilding CXX object examples/RGBDMapping/CMakeFiles/rgbd_mapping.dir/main.cpp.o[0m
[284.805s] [ 99%] [32mBuilding CXX object examples/WifiMapping/CMakeFiles/wifi_mapping.dir/main.cpp.o[0m
[289.141s] [ 99%] [32m[1mLinking CXX executable ../../bin/rtabmap-lidar_mapping[0m
[289.937s] [ 99%] [32m[1mLinking CXX executable ../../bin/rtabmap-noEventsExample[0m
[290.061s] [ 99%] Built target lidar_mapping
[290.802s] [ 99%] Built target noEventsExample
[291.402s] [ 99%] [32m[1mLinking CXX executable ../../bin/rtabmap-wifi_mapping[0m
[292.159s] [ 99%] Built target wifi_mapping
[292.344s] [100%] [32m[1mLinking CXX executable ../../bin/rtabmap-rgbd_mapping[0m
[293.115s] [100%] Built target rgbd_mapping
[293.140s] Invoked command in '/home/devam/turtlebot3_ws/src/build/rtabmap' returned '0': CMAKE_PREFIX_PATH=${CMAKE_PREFIX_PATH}:/home/devam/FYP_ROS2/install/occ_map_creator:/home/devam/FYP_ROS2/install/ekf_slam:/home/devam/FYP_ROS2/install/ekf_localization:/home/devam/turtlebot3_ws/install/turtlebot3_teleop:/home/devam/turtlebot3_ws/install/turtlebot3_rtabmap_slam:/home/devam/turtlebot3_ws/install/turtlebot3_example:/home/devam/turtlebot3_ws/install/microstrain_inertial_rqt:/opt/ros/humble /usr/local/bin/cmake --build /home/devam/turtlebot3_ws/src/build/rtabmap
[293.147s] Invoking command in '/home/devam/turtlebot3_ws/src/build/rtabmap': CMAKE_PREFIX_PATH=${CMAKE_PREFIX_PATH}:/home/devam/FYP_ROS2/install/occ_map_creator:/home/devam/FYP_ROS2/install/ekf_slam:/home/devam/FYP_ROS2/install/ekf_localization:/home/devam/turtlebot3_ws/install/turtlebot3_teleop:/home/devam/turtlebot3_ws/install/turtlebot3_rtabmap_slam:/home/devam/turtlebot3_ws/install/turtlebot3_example:/home/devam/turtlebot3_ws/install/microstrain_inertial_rqt:/opt/ros/humble /usr/local/bin/cmake --install /home/devam/turtlebot3_ws/src/build/rtabmap
[293.151s] -- Install configuration: "Release"
[293.152s] -- Installing: /home/devam/turtlebot3_ws/src/install/rtabmap/lib/librtabmap_utilite.so.0.22.0
[293.152s] -- Installing: /home/devam/turtlebot3_ws/src/install/rtabmap/lib/librtabmap_utilite.so.0.22
[293.152s] -- Installing: /home/devam/turtlebot3_ws/src/install/rtabmap/lib/librtabmap_utilite.so
[293.152s] -- Installing: /home/devam/turtlebot3_ws/src/install/rtabmap/include/rtabmap-0.22/rtabmap
[293.152s] -- Installing: /home/devam/turtlebot3_ws/src/install/rtabmap/include/rtabmap-0.22/rtabmap/utilite
[293.153s] -- Installing: /home/devam/turtlebot3_ws/src/install/rtabmap/include/rtabmap-0.22/rtabmap/utilite/UMath.h
[293.153s] -- Installing: /home/devam/turtlebot3_ws/src/install/rtabmap/include/rtabmap-0.22/rtabmap/utilite/UStl.h
[293.153s] -- Installing: /home/devam/turtlebot3_ws/src/install/rtabmap/include/rtabmap-0.22/rtabmap/utilite/UFile.h
[293.153s] -- Installing: /home/devam/turtlebot3_ws/src/install/rtabmap/include/rtabmap-0.22/rtabmap/utilite/UProcessInfo.h
[293.153s] -- Installing: /home/devam/turtlebot3_ws/src/install/rtabmap/include/rtabmap-0.22/rtabmap/utilite/UtiLite.h
[293.153s] -- Installing: /home/devam/turtlebot3_ws/src/install/rtabmap/include/rtabmap-0.22/rtabmap/utilite/UDestroyer.h
[293.153s] -- Installing: /home/devam/turtlebot3_ws/src/install/rtabmap/include/rtabmap-0.22/rtabmap/utilite/UEventsHandler.h
[293.154s] -- Installing: /home/devam/turtlebot3_ws/src/install/rtabmap/include/rtabmap-0.22/rtabmap/utilite/UTimer.h
[293.154s] -- Installing: /home/devam/turtlebot3_ws/src/install/rtabmap/include/rtabmap-0.22/rtabmap/utilite/UException.h
[293.154s] -- Installing: /home/devam/turtlebot3_ws/src/install/rtabmap/include/rtabmap-0.22/rtabmap/utilite/USemaphore.h
[293.154s] -- Installing: /home/devam/turtlebot3_ws/src/install/rtabmap/include/rtabmap-0.22/rtabmap/utilite/Win32
[293.154s] -- Installing: /home/devam/turtlebot3_ws/src/install/rtabmap/include/rtabmap-0.22/rtabmap/utilite/Win32/UWin32.h
[293.154s] -- Installing: /home/devam/turtlebot3_ws/src/install/rtabmap/include/rtabmap-0.22/rtabmap/utilite/Win32/UThreadC.h
[293.154s] -- Installing: /home/devam/turtlebot3_ws/src/install/rtabmap/include/rtabmap-0.22/rtabmap/utilite/UThreadNode.h
[293.155s] -- Installing: /home/devam/turtlebot3_ws/src/install/rtabmap/include/rtabmap-0.22/rtabmap/utilite/UEventsManager.h
[293.155s] -- Installing: /home/devam/turtlebot3_ws/src/install/rtabmap/include/rtabmap-0.22/rtabmap/utilite/UEvent.h
[293.155s] -- Installing: /home/devam/turtlebot3_ws/src/install/rtabmap/include/rtabmap-0.22/rtabmap/utilite/UVariant.h
[293.155s] -- Installing: /home/devam/turtlebot3_ws/src/install/rtabmap/include/rtabmap-0.22/rtabmap/utilite/UDirectory.h
[293.155s] -- Installing: /home/devam/turtlebot3_ws/src/install/rtabmap/include/rtabmap-0.22/rtabmap/utilite/UConversion.h
[293.155s] -- Installing: /home/devam/turtlebot3_ws/src/install/rtabmap/include/rtabmap-0.22/rtabmap/utilite/UThreadC.h
[293.155s] -- Installing: /home/devam/turtlebot3_ws/src/install/rtabmap/include/rtabmap-0.22/rtabmap/utilite/UObjDeletionThread.h
[293.155s] -- Installing: /home/devam/turtlebot3_ws/src/install/rtabmap/include/rtabmap-0.22/rtabmap/utilite/UEventsSender.h
[293.155s] -- Installing: /home/devam/turtlebot3_ws/src/install/rtabmap/include/rtabmap-0.22/rtabmap/utilite/Posix
[293.156s] -- Installing: /home/devam/turtlebot3_ws/src/install/rtabmap/include/rtabmap-0.22/rtabmap/utilite/Posix/UThreadC.h
[293.156s] -- Installing: /home/devam/turtlebot3_ws/src/install/rtabmap/include/rtabmap-0.22/rtabmap/utilite/UMutex.h
[293.156s] -- Installing: /home/devam/turtlebot3_ws/src/install/rtabmap/include/rtabmap-0.22/rtabmap/utilite/UThread.h
[293.156s] -- Installing: /home/devam/turtlebot3_ws/src/install/rtabmap/include/rtabmap-0.22/rtabmap/utilite/ULogger.h
[293.156s] -- Up-to-date: /home/devam/turtlebot3_ws/src/install/rtabmap/include/rtabmap-0.22/rtabmap
[293.156s] -- Up-to-date: /home/devam/turtlebot3_ws/src/install/rtabmap/include/rtabmap-0.22/rtabmap/utilite
[293.156s] -- Installing: /home/devam/turtlebot3_ws/src/install/rtabmap/include/rtabmap-0.22/rtabmap/utilite/utilite_export.h
[293.156s] -- Installing: /home/devam/turtlebot3_ws/src/install/rtabmap/lib/rtabmap-0.22/RTABMap_utiliteTargets.cmake
[293.156s] -- Installing: /home/devam/turtlebot3_ws/src/install/rtabmap/lib/rtabmap-0.22/RTABMap_utiliteTargets-release.cmake
[293.157s] -- Installing: /home/devam/turtlebot3_ws/src/install/rtabmap/bin/rtabmap-res_tool-0.3.0
[293.157s] -- Installing: /home/devam/turtlebot3_ws/src/install/rtabmap/bin/rtabmap-res_tool
[293.157s] -- Set runtime path of "/home/devam/turtlebot3_ws/src/install/rtabmap/bin/rtabmap-res_tool-0.3.0" to ""
[293.157s] -- Installing: /home/devam/turtlebot3_ws/src/install/rtabmap/lib/librtabmap_core.so.0.22.0
[293.166s] -- Installing: /home/devam/turtlebot3_ws/src/install/rtabmap/lib/librtabmap_core.so.0.22
[293.166s] -- Set runtime path of "/home/devam/turtlebot3_ws/src/install/rtabmap/lib/librtabmap_core.so.0.22.0" to ""
[293.166s] -- Installing: /home/devam/turtlebot3_ws/src/install/rtabmap/lib/librtabmap_core.so
[293.167s] -- Up-to-date: /home/devam/turtlebot3_ws/src/install/rtabmap/include/rtabmap-0.22/rtabmap
[293.167s] -- Installing: /home/devam/turtlebot3_ws/src/install/rtabmap/include/rtabmap-0.22/rtabmap/core
[293.167s] -- Installing: /home/devam/turtlebot3_ws/src/install/rtabmap/include/rtabmap-0.22/rtabmap/core/Recovery.h
[293.167s] -- Installing: /home/devam/turtlebot3_ws/src/install/rtabmap/include/rtabmap-0.22/rtabmap/core/VisualWord.h
[293.167s] -- Installing: /home/devam/turtlebot3_ws/src/install/rtabmap/include/rtabmap-0.22/rtabmap/core/SensorCaptureThread.h
[293.167s] -- Installing: /home/devam/turtlebot3_ws/src/install/rtabmap/include/rtabmap-0.22/rtabmap/core/CameraStereo.h
[293.167s] -- Installing: /home/devam/turtlebot3_ws/src/install/rtabmap/include/rtabmap-0.22/rtabmap/core/CameraRGBD.h
[293.167s] -- Installing: /home/devam/turtlebot3_ws/src/install/rtabmap/include/rtabmap-0.22/rtabmap/core/EnvSensor.h
[293.167s] -- Installing: /home/devam/turtlebot3_ws/src/install/rtabmap/include/rtabmap-0.22/rtabmap/core/Rtabmap.h
[293.167s] -- Installing: /home/devam/turtlebot3_ws/src/install/rtabmap/include/rtabmap-0.22/rtabmap/core/util3d_surface.h
[293.168s] -- Installing: /home/devam/turtlebot3_ws/src/install/rtabmap/include/rtabmap-0.22/rtabmap/core/DBDriver.h
[293.168s] -- Installing: /home/devam/turtlebot3_ws/src/install/rtabmap/include/rtabmap-0.22/rtabmap/core/camera
[293.168s] -- Installing: /home/devam/turtlebot3_ws/src/install/rtabmap/include/rtabmap-0.22/rtabmap/core/camera/CameraOpenNICV.h
[293.168s] -- Installing: /home/devam/turtlebot3_ws/src/install/rtabmap/include/rtabmap-0.22/rtabmap/core/camera/CameraStereoZedOC.h
[293.168s] -- Installing: /home/devam/turtlebot3_ws/src/install/rtabmap/include/rtabmap-0.22/rtabmap/core/camera/CameraFreenect.h
[293.168s] -- Installing: /home/devam/turtlebot3_ws/src/install/rtabmap/include/rtabmap-0.22/rtabmap/core/camera/CameraRealSense.h
[293.168s] -- Installing: /home/devam/turtlebot3_ws/src/install/rtabmap/include/rtabmap-0.22/rtabmap/core/camera/CameraRealSense2.h
[293.168s] -- Installing: /home/devam/turtlebot3_ws/src/install/rtabmap/include/rtabmap-0.22/rtabmap/core/camera/CameraStereoVideo.h
[293.168s] -- Installing: /home/devam/turtlebot3_ws/src/install/rtabmap/include/rtabmap-0.22/rtabmap/core/camera/CameraSeerSense.h
[293.168s] -- Installing: /home/devam/turtlebot3_ws/src/install/rtabmap/include/rtabmap-0.22/rtabmap/core/camera/CameraStereoDC1394.h
[293.168s] -- Installing: /home/devam/turtlebot3_ws/src/install/rtabmap/include/rtabmap-0.22/rtabmap/core/camera/CameraFreenect2.h
[293.169s] -- Installing: /home/devam/turtlebot3_ws/src/install/rtabmap/include/rtabmap-0.22/rtabmap/core/camera/CameraStereoZed.h
[293.169s] -- Installing: /home/devam/turtlebot3_ws/src/install/rtabmap/include/rtabmap-0.22/rtabmap/core/camera/CameraK4A.h
[293.169s] -- Installing: /home/devam/turtlebot3_ws/src/install/rtabmap/include/rtabmap-0.22/rtabmap/core/camera/CameraOpenNI2.h
[293.169s] -- Installing: /home/devam/turtlebot3_ws/src/install/rtabmap/include/rtabmap-0.22/rtabmap/core/camera/CameraStereoFlyCapture2.h
[293.169s] -- Installing: /home/devam/turtlebot3_ws/src/install/rtabmap/include/rtabmap-0.22/rtabmap/core/camera/CameraDepthAI.h
[293.169s] -- Installing: /home/devam/turtlebot3_ws/src/install/rtabmap/include/rtabmap-0.22/rtabmap/core/camera/CameraVideo.h
[293.169s] -- Installing: /home/devam/turtlebot3_ws/src/install/rtabmap/include/rtabmap-0.22/rtabmap/core/camera/CameraK4W2.h
[293.169s] -- Installing: /home/devam/turtlebot3_ws/src/install/rtabmap/include/rtabmap-0.22/rtabmap/core/camera/CameraMyntEye.h
[293.169s] -- Installing: /home/devam/turtlebot3_ws/src/install/rtabmap/include/rtabmap-0.22/rtabmap/core/camera/CameraStereoTara.h
[293.169s] -- Installing: /home/devam/turtlebot3_ws/src/install/rtabmap/include/rtabmap-0.22/rtabmap/core/camera/CameraRGBDImages.h
[293.169s] -- Installing: /home/devam/turtlebot3_ws/src/install/rtabmap/include/rtabmap-0.22/rtabmap/core/camera/CameraOpenni.h
[293.169s] -- Installing: /home/devam/turtlebot3_ws/src/install/rtabmap/include/rtabmap-0.22/rtabmap/core/camera/CameraStereoImages.h
[293.169s] -- Installing: /home/devam/turtlebot3_ws/src/install/rtabmap/include/rtabmap-0.22/rtabmap/core/camera/CameraImages.h
[293.169s] -- Installing: /home/devam/turtlebot3_ws/src/install/rtabmap/include/rtabmap-0.22/rtabmap/core/GlobalMap.h
[293.170s] -- Installing: /home/devam/turtlebot3_ws/src/install/rtabmap/include/rtabmap-0.22/rtabmap/core/SensorCaptureInfo.h
[293.170s] -- Installing: /home/devam/turtlebot3_ws/src/install/rtabmap/include/rtabmap-0.22/rtabmap/core/util3d_registration.h
[293.170s] -- Installing: /home/devam/turtlebot3_ws/src/install/rtabmap/include/rtabmap-0.22/rtabmap/core/OdometryInfo.h
[293.170s] -- Installing: /home/devam/turtlebot3_ws/src/install/rtabmap/include/rtabmap-0.22/rtabmap/core/SensorEvent.h
[293.170s] -- Installing: /home/devam/turtlebot3_ws/src/install/rtabmap/include/rtabmap-0.22/rtabmap/core/DBReader.h
[293.170s] -- Installing: /home/devam/turtlebot3_ws/src/install/rtabmap/include/rtabmap-0.22/rtabmap/core/LASWriter.h
[293.170s] -- Installing: /home/devam/turtlebot3_ws/src/install/rtabmap/include/rtabmap-0.22/rtabmap/core/RegistrationInfo.h
[293.170s] -- Installing: /home/devam/turtlebot3_ws/src/install/rtabmap/include/rtabmap-0.22/rtabmap/core/Registration.h
[293.170s] -- Installing: /home/devam/turtlebot3_ws/src/install/rtabmap/include/rtabmap-0.22/rtabmap/core/GeodeticCoords.h
[293.170s] -- Installing: /home/devam/turtlebot3_ws/src/install/rtabmap/include/rtabmap-0.22/rtabmap/core/Signature.h
[293.170s] -- Installing: /home/devam/turtlebot3_ws/src/install/rtabmap/include/rtabmap-0.22/rtabmap/core/LocalGridMaker.h
[293.170s] -- Installing: /home/devam/turtlebot3_ws/src/install/rtabmap/include/rtabmap-0.22/rtabmap/core/util3d_correspondences.h
[293.170s] -- Installing: /home/devam/turtlebot3_ws/src/install/rtabmap/include/rtabmap-0.22/rtabmap/core/util3d_mapping.h
[293.170s] -- Installing: /home/devam/turtlebot3_ws/src/install/rtabmap/include/rtabmap-0.22/rtabmap/core/util2d.h
[293.171s] -- Installing: /home/devam/turtlebot3_ws/src/install/rtabmap/include/rtabmap-0.22/rtabmap/core/IMUFilter.h
[293.171s] -- Installing: /home/devam/turtlebot3_ws/src/install/rtabmap/include/rtabmap-0.22/rtabmap/core/clams
[293.171s] -- Installing: /home/devam/turtlebot3_ws/src/install/rtabmap/include/rtabmap-0.22/rtabmap/core/clams/frame_projector.h
[293.171s] -- Installing: /home/devam/turtlebot3_ws/src/install/rtabmap/include/rtabmap-0.22/rtabmap/core/clams/slam_calibrator.h
[293.171s] -- Installing: /home/devam/turtlebot3_ws/src/install/rtabmap/include/rtabmap-0.22/rtabmap/core/clams/discrete_depth_distortion_model.h
[293.171s] -- Installing: /home/devam/turtlebot3_ws/src/install/rtabmap/include/rtabmap-0.22/rtabmap/core/StereoCameraModel.h
[293.171s] -- Installing: /home/devam/turtlebot3_ws/src/install/rtabmap/include/rtabmap-0.22/rtabmap/core/impl
[293.171s] -- Installing: /home/devam/turtlebot3_ws/src/install/rtabmap/include/rtabmap-0.22/rtabmap/core/impl/util3d_surface.hpp
[293.171s] -- Installing: /home/devam/turtlebot3_ws/src/install/rtabmap/include/rtabmap-0.22/rtabmap/core/impl/util3d.hpp
[293.171s] -- Installing: /home/devam/turtlebot3_ws/src/install/rtabmap/include/rtabmap-0.22/rtabmap/core/impl/util3d_mapping.hpp
[293.171s] -- Installing: /home/devam/turtlebot3_ws/src/install/rtabmap/include/rtabmap-0.22/rtabmap/core/impl/LocalMapMaker.hpp
[293.171s] -- Installing: /home/devam/turtlebot3_ws/src/install/rtabmap/include/rtabmap-0.22/rtabmap/core/EpipolarGeometry.h
[293.171s] -- Installing: /home/devam/turtlebot3_ws/src/install/rtabmap/include/rtabmap-0.22/rtabmap/core/OdometryThread.h
[293.171s] -- Installing: /home/devam/turtlebot3_ws/src/install/rtabmap/include/rtabmap-0.22/rtabmap/core/util3d_transforms.h
[293.171s] -- Installing: /home/devam/turtlebot3_ws/src/install/rtabmap/include/rtabmap-0.22/rtabmap/core/GlobalDescriptor.h
[293.171s] -- Installing: /home/devam/turtlebot3_ws/src/install/rtabmap/include/rtabmap-0.22/rtabmap/core/Landmark.h
[293.172s] -- Installing: /home/devam/turtlebot3_ws/src/install/rtabmap/include/rtabmap-0.22/rtabmap/core/Camera.h
[293.172s] -- Installing: /home/devam/turtlebot3_ws/src/install/rtabmap/include/rtabmap-0.22/rtabmap/core/Transform.h
[293.172s] -- Installing: /home/devam/turtlebot3_ws/src/install/rtabmap/include/rtabmap-0.22/rtabmap/core/ProgressState.h
[293.172s] -- Installing: /home/devam/turtlebot3_ws/src/install/rtabmap/include/rtabmap-0.22/rtabmap/core/lidar
[293.172s] -- Installing: /home/devam/turtlebot3_ws/src/install/rtabmap/include/rtabmap-0.22/rtabmap/core/lidar/LidarVLP16.h
[293.172s] -- Installing: /home/devam/turtlebot3_ws/src/install/rtabmap/include/rtabmap-0.22/rtabmap/core/UserDataEvent.h
[293.172s] -- Installing: /home/devam/turtlebot3_ws/src/install/rtabmap/include/rtabmap-0.22/rtabmap/core/MarkerDetector.h
[293.172s] -- Installing: /home/devam/turtlebot3_ws/src/install/rtabmap/include/rtabmap-0.22/rtabmap/core/ParamEvent.h
[293.172s] -- Installing: /home/devam/turtlebot3_ws/src/install/rtabmap/include/rtabmap-0.22/rtabmap/core/RegistrationVis.h
[293.172s] -- Installing: /home/devam/turtlebot3_ws/src/install/rtabmap/include/rtabmap-0.22/rtabmap/core/Compression.h
[293.172s] -- Installing: /home/devam/turtlebot3_ws/src/install/rtabmap/include/rtabmap-0.22/rtabmap/core/global_map
[293.172s] -- Installing: /home/devam/turtlebot3_ws/src/install/rtabmap/include/rtabmap-0.22/rtabmap/core/global_map/GridMap.h
[293.172s] -- Installing: /home/devam/turtlebot3_ws/src/install/rtabmap/include/rtabmap-0.22/rtabmap/core/global_map/OctoMap.h
[293.172s] -- Installing: /home/devam/turtlebot3_ws/src/install/rtabmap/include/rtabmap-0.22/rtabmap/core/global_map/OccupancyGrid.h
[293.172s] -- Installing: /home/devam/turtlebot3_ws/src/install/rtabmap/include/rtabmap-0.22/rtabmap/core/global_map/CloudMap.h
[293.172s] -- Installing: /home/devam/turtlebot3_ws/src/install/rtabmap/include/rtabmap-0.22/rtabmap/core/util3d_filtering.h
[293.172s] -- Installing: /home/devam/turtlebot3_ws/src/install/rtabmap/include/rtabmap-0.22/rtabmap/core/RtabmapThread.h
[293.172s] -- Installing: /home/devam/turtlebot3_ws/src/install/rtabmap/include/rtabmap-0.22/rtabmap/core/ParticleFilter.h
[293.173s] -- Installing: /home/devam/turtlebot3_ws/src/install/rtabmap/include/rtabmap-0.22/rtabmap/core/SensorData.h
[293.173s] -- Installing: /home/devam/turtlebot3_ws/src/install/rtabmap/include/rtabmap-0.22/rtabmap/core/BayesFilter.h
[293.173s] -- Installing: /home/devam/turtlebot3_ws/src/install/rtabmap/include/rtabmap-0.22/rtabmap/core/optimizer
[293.173s] -- Installing: /home/devam/turtlebot3_ws/src/install/rtabmap/include/rtabmap-0.22/rtabmap/core/optimizer/OptimizerG2O.h
[293.173s] -- Installing: /home/devam/turtlebot3_ws/src/install/rtabmap/include/rtabmap-0.22/rtabmap/core/optimizer/OptimizerCVSBA.h
[293.173s] -- Installing: /home/devam/turtlebot3_ws/src/install/rtabmap/include/rtabmap-0.22/rtabmap/core/optimizer/OptimizerCeres.h
[293.173s] -- Installing: /home/devam/turtlebot3_ws/src/install/rtabmap/include/rtabmap-0.22/rtabmap/core/optimizer/OptimizerTORO.h
[293.173s] -- Installing: /home/devam/turtlebot3_ws/src/install/rtabmap/include/rtabmap-0.22/rtabmap/core/optimizer/OptimizerGTSAM.h
[293.173s] -- Installing: /home/devam/turtlebot3_ws/src/install/rtabmap/include/rtabmap-0.22/rtabmap/core/GPS.h
[293.173s] -- Installing: /home/devam/turtlebot3_ws/src/install/rtabmap/include/rtabmap-0.22/rtabmap/core/Optimizer.h
[293.173s] -- Installing: /home/devam/turtlebot3_ws/src/install/rtabmap/include/rtabmap-0.22/rtabmap/core/RtabmapEvent.h
[293.173s] -- Installing: /home/devam/turtlebot3_ws/src/install/rtabmap/include/rtabmap-0.22/rtabmap/core/PythonInterface.h
[293.173s] -- Installing: /home/devam/turtlebot3_ws/src/install/rtabmap/include/rtabmap-0.22/rtabmap/core/rvl_codec.h
[293.173s] -- Installing: /home/devam/turtlebot3_ws/src/install/rtabmap/include/rtabmap-0.22/rtabmap/core/CameraRGB.h
[293.173s] -- Installing: /home/devam/turtlebot3_ws/src/install/rtabmap/include/rtabmap-0.22/rtabmap/core/FlannIndex.h
[293.173s] -- Installing: /home/devam/turtlebot3_ws/src/install/rtabmap/include/rtabmap-0.22/rtabmap/core/LocalGrid.h
[293.173s] -- Installing: /home/devam/turtlebot3_ws/src/install/rtabmap/include/rtabmap-0.22/rtabmap/core/Lidar.h
[293.174s] -- Installing: /home/devam/turtlebot3_ws/src/install/rtabmap/include/rtabmap-0.22/rtabmap/core/DBDriverSqlite3.h
[293.174s] -- Installing: /home/devam/turtlebot3_ws/src/install/rtabmap/include/rtabmap-0.22/rtabmap/core/util3d_features.h
[293.174s] -- Installing: /home/devam/turtlebot3_ws/src/install/rtabmap/include/rtabmap-0.22/rtabmap/core/CameraThread.h
[293.174s] -- Installing: /home/devam/turtlebot3_ws/src/install/rtabmap/include/rtabmap-0.22/rtabmap/core/Statistics.h
[293.174s] -- Installing: /home/devam/turtlebot3_ws/src/install/rtabmap/include/rtabmap-0.22/rtabmap/core/Parameters.h
[293.174s] -- Installing: /home/devam/turtlebot3_ws/src/install/rtabmap/include/rtabmap-0.22/rtabmap/core/Odometry.h
[293.174s] -- Installing: /home/devam/turtlebot3_ws/src/install/rtabmap/include/rtabmap-0.22/rtabmap/core/Memory.h
[293.174s] -- Installing: /home/devam/turtlebot3_ws/src/install/rtabmap/include/rtabmap-0.22/rtabmap/core/OctoMap.h
[293.174s] -- Installing: /home/devam/turtlebot3_ws/src/install/rtabmap/include/rtabmap-0.22/rtabmap/core/OccupancyGrid.h
[293.174s] -- Installing: /home/devam/turtlebot3_ws/src/install/rtabmap/include/rtabmap-0.22/rtabmap/core/Stereo.h
[293.174s] -- Installing: /home/devam/turtlebot3_ws/src/install/rtabmap/include/rtabmap-0.22/rtabmap/core/CameraModel.h
[293.174s] -- Installing: /home/devam/turtlebot3_ws/src/install/rtabmap/include/rtabmap-0.22/rtabmap/core/GlobalDescriptorExtractor.h
[293.174s] -- Installing: /home/devam/turtlebot3_ws/src/install/rtabmap/include/rtabmap-0.22/rtabmap/core/Features2d.h
[293.174s] -- Installing: /home/devam/turtlebot3_ws/src/install/rtabmap/include/rtabmap-0.22/rtabmap/core/VWDictionary.h
[293.174s] -- Installing: /home/devam/turtlebot3_ws/src/install/rtabmap/include/rtabmap-0.22/rtabmap/core/util3d_motion_estimation.h
[293.174s] -- Installing: /home/devam/turtlebot3_ws/src/install/rtabmap/include/rtabmap-0.22/rtabmap/core/RegistrationIcp.h
[293.174s] -- Installing: /home/devam/turtlebot3_ws/src/install/rtabmap/include/rtabmap-0.22/rtabmap/core/util3d.h
[293.174s] -- Installing: /home/devam/turtlebot3_ws/src/install/rtabmap/include/rtabmap-0.22/rtabmap/core/IMUThread.h
[293.174s] -- Installing: /home/devam/turtlebot3_ws/src/install/rtabmap/include/rtabmap-0.22/rtabmap/core/IMU.h
[293.175s] -- Installing: /home/devam/turtlebot3_ws/src/install/rtabmap/include/rtabmap-0.22/rtabmap/core/CameraEvent.h
[293.175s] -- Installing: /home/devam/turtlebot3_ws/src/install/rtabmap/include/rtabmap-0.22/rtabmap/core/odometry
[293.175s] -- Installing: /home/devam/turtlebot3_ws/src/install/rtabmap/include/rtabmap-0.22/rtabmap/core/odometry/OdometryF2M.h
[293.175s] -- Installing: /home/devam/turtlebot3_ws/src/install/rtabmap/include/rtabmap-0.22/rtabmap/core/odometry/OdometryDVO.h
[293.175s] -- Installing: /home/devam/turtlebot3_ws/src/install/rtabmap/include/rtabmap-0.22/rtabmap/core/odometry/OdometryViso2.h
[293.175s] -- Installing: /home/devam/turtlebot3_ws/src/install/rtabmap/include/rtabmap-0.22/rtabmap/core/odometry/OdometryLOAM.h
[293.175s] -- Installing: /home/devam/turtlebot3_ws/src/install/rtabmap/include/rtabmap-0.22/rtabmap/core/odometry/OdometryMSCKF.h
[293.175s] -- Installing: /home/devam/turtlebot3_ws/src/install/rtabmap/include/rtabmap-0.22/rtabmap/core/odometry/OdometryOpen3D.h
[293.175s] -- Installing: /home/devam/turtlebot3_ws/src/install/rtabmap/include/rtabmap-0.22/rtabmap/core/odometry/OdometryOkvis.h
[293.175s] -- Installing: /home/devam/turtlebot3_ws/src/install/rtabmap/include/rtabmap-0.22/rtabmap/core/odometry/OdometryFovis.h
[293.175s] -- Installing: /home/devam/turtlebot3_ws/src/install/rtabmap/include/rtabmap-0.22/rtabmap/core/odometry/OdometryVINS.h
[293.175s] -- Installing: /home/devam/turtlebot3_ws/src/install/rtabmap/include/rtabmap-0.22/rtabmap/core/odometry/OdometryORBSLAM3.h
[293.175s] -- Installing: /home/devam/turtlebot3_ws/src/install/rtabmap/include/rtabmap-0.22/rtabmap/core/odometry/OdometryMono.h
[293.175s] -- Installing: /home/devam/turtlebot3_ws/src/install/rtabmap/include/rtabmap-0.22/rtabmap/core/odometry/OdometryFLOAM.h
[293.175s] -- Installing: /home/devam/turtlebot3_ws/src/install/rtabmap/include/rtabmap-0.22/rtabmap/core/odometry/OdometryOpenVINS.h
[293.175s] -- Installing: /home/devam/turtlebot3_ws/src/install/rtabmap/include/rtabmap-0.22/rtabmap/core/odometry/OdometryORBSLAM2.h
[293.175s] -- Installing: /home/devam/turtlebot3_ws/src/install/rtabmap/include/rtabmap-0.22/rtabmap/core/odometry/OdometryF2F.h
[293.175s] -- Installing: /home/devam/turtlebot3_ws/src/install/rtabmap/include/rtabmap-0.22/rtabmap/core/Link.h
[293.175s] -- Installing: /home/devam/turtlebot3_ws/src/install/rtabmap/include/rtabmap-0.22/rtabmap/core/LaserScan.h
[293.175s] -- Installing: /home/devam/turtlebot3_ws/src/install/rtabmap/include/rtabmap-0.22/rtabmap/core/Image.h
[293.176s] -- Installing: /home/devam/turtlebot3_ws/src/install/rtabmap/include/rtabmap-0.22/rtabmap/core/PDALWriter.h
[293.176s] -- Installing: /home/devam/turtlebot3_ws/src/install/rtabmap/include/rtabmap-0.22/rtabmap/core/OdometryEvent.h
[293.176s] -- Installing: /home/devam/turtlebot3_ws/src/install/rtabmap/include/rtabmap-0.22/rtabmap/core/CameraInfo.h
[293.176s] -- Installing: /home/devam/turtlebot3_ws/src/install/rtabmap/include/rtabmap-0.22/rtabmap/core/GainCompensator.h
[293.176s] -- Installing: /home/devam/turtlebot3_ws/src/install/rtabmap/include/rtabmap-0.22/rtabmap/core/stereo
[293.176s] -- Installing: /home/devam/turtlebot3_ws/src/install/rtabmap/include/rtabmap-0.22/rtabmap/core/stereo/StereoBM.h
[293.176s] -- Installing: /home/devam/turtlebot3_ws/src/install/rtabmap/include/rtabmap-0.22/rtabmap/core/stereo/StereoSGBM.h
[293.176s] -- Installing: /home/devam/turtlebot3_ws/src/install/rtabmap/include/rtabmap-0.22/rtabmap/core/stereo/stereoRectifyFisheye.h
[293.176s] -- Installing: /home/devam/turtlebot3_ws/src/install/rtabmap/include/rtabmap-0.22/rtabmap/core/Graph.h
[293.176s] -- Installing: /home/devam/turtlebot3_ws/src/install/rtabmap/include/rtabmap-0.22/rtabmap/core/StereoDense.h
[293.176s] -- Installing: /home/devam/turtlebot3_ws/src/install/rtabmap/include/rtabmap-0.22/rtabmap/core/SensorCapture.h
[293.176s] -- Up-to-date: /home/devam/turtlebot3_ws/src/install/rtabmap/include/rtabmap-0.22/rtabmap
[293.176s] -- Up-to-date: /home/devam/turtlebot3_ws/src/install/rtabmap/include/rtabmap-0.22/rtabmap/core
[293.176s] -- Installing: /home/devam/turtlebot3_ws/src/install/rtabmap/include/rtabmap-0.22/rtabmap/core/rtabmap_core_export.h
[293.176s] -- Installing: /home/devam/turtlebot3_ws/src/install/rtabmap/include/rtabmap-0.22/rtabmap/core/Version.h
[293.176s] -- Installing: /home/devam/turtlebot3_ws/src/install/rtabmap/lib/rtabmap-0.22/RTABMap_coreTargets.cmake
[293.176s] -- Installing: /home/devam/turtlebot3_ws/src/install/rtabmap/lib/rtabmap-0.22/RTABMap_coreTargets-release.cmake
[293.176s] -- Installing: /home/devam/turtlebot3_ws/src/install/rtabmap/lib/librtabmap_gui.so.0.22.0
[293.178s] -- Installing: /home/devam/turtlebot3_ws/src/install/rtabmap/lib/librtabmap_gui.so.0.22
[293.178s] -- Set runtime path of "/home/devam/turtlebot3_ws/src/install/rtabmap/lib/librtabmap_gui.so.0.22.0" to ""
[293.178s] -- Installing: /home/devam/turtlebot3_ws/src/install/rtabmap/lib/librtabmap_gui.so
[293.178s] -- Up-to-date: /home/devam/turtlebot3_ws/src/install/rtabmap/include/rtabmap-0.22/rtabmap
[293.178s] -- Up-to-date: /home/devam/turtlebot3_ws/src/install/rtabmap/include/rtabmap-0.22/rtabmap/utilite
[293.178s] -- Installing: /home/devam/turtlebot3_ws/src/install/rtabmap/include/rtabmap-0.22/rtabmap/utilite/UPlot.h
[293.178s] -- Installing: /home/devam/turtlebot3_ws/src/install/rtabmap/include/rtabmap-0.22/rtabmap/utilite/UImageView.h
[293.178s] -- Installing: /home/devam/turtlebot3_ws/src/install/rtabmap/include/rtabmap-0.22/rtabmap/utilite/UCv2Qt.h
[293.178s] -- Installing: /home/devam/turtlebot3_ws/src/install/rtabmap/include/rtabmap-0.22/rtabmap/gui
[293.178s] -- Installing: /home/devam/turtlebot3_ws/src/install/rtabmap/include/rtabmap-0.22/rtabmap/gui/ImageView.h
[293.178s] -- Installing: /home/devam/turtlebot3_ws/src/install/rtabmap/include/rtabmap-0.22/rtabmap/gui/MultiSessionLocWidget.h
[293.178s] -- Installing: /home/devam/turtlebot3_ws/src/install/rtabmap/include/rtabmap-0.22/rtabmap/gui/ExportDialog.h
[293.178s] -- Installing: /home/devam/turtlebot3_ws/src/install/rtabmap/include/rtabmap-0.22/rtabmap/gui/DatabaseViewer.h
[293.178s] -- Installing: /home/devam/turtlebot3_ws/src/install/rtabmap/include/rtabmap-0.22/rtabmap/gui/LinkRefiningDialog.h
[293.179s] -- Installing: /home/devam/turtlebot3_ws/src/install/rtabmap/include/rtabmap-0.22/rtabmap/gui/EditConstraintDialog.h
[293.179s] -- Installing: /home/devam/turtlebot3_ws/src/install/rtabmap/include/rtabmap-0.22/rtabmap/gui/PostProcessingDialog.h
[293.179s] -- Installing: /home/devam/turtlebot3_ws/src/install/rtabmap/include/rtabmap-0.22/rtabmap/gui/GraphViewer.h
[293.179s] -- Installing: /home/devam/turtlebot3_ws/src/install/rtabmap/include/rtabmap-0.22/rtabmap/gui/ConsoleWidget.h
[293.179s] -- Installing: /home/devam/turtlebot3_ws/src/install/rtabmap/include/rtabmap-0.22/rtabmap/gui/CameraViewer.h
[293.179s] -- Installing: /home/devam/turtlebot3_ws/src/install/rtabmap/include/rtabmap-0.22/rtabmap/gui/KeypointItem.h
[293.179s] -- Installing: /home/devam/turtlebot3_ws/src/install/rtabmap/include/rtabmap-0.22/rtabmap/gui/PdfPlot.h
[293.179s] -- Installing: /home/devam/turtlebot3_ws/src/install/rtabmap/include/rtabmap-0.22/rtabmap/gui/CreateSimpleCalibrationDialog.h
[293.179s] -- Installing: /home/devam/turtlebot3_ws/src/install/rtabmap/include/rtabmap-0.22/rtabmap/gui/ParametersToolBox.h
[293.179s] -- Installing: /home/devam/turtlebot3_ws/src/install/rtabmap/include/rtabmap-0.22/rtabmap/gui/ProgressDialog.h
[293.179s] -- Installing: /home/devam/turtlebot3_ws/src/install/rtabmap/include/rtabmap-0.22/rtabmap/gui/LoopClosureViewer.h
[293.179s] -- Installing: /home/devam/turtlebot3_ws/src/install/rtabmap/include/rtabmap-0.22/rtabmap/gui/CloudViewerCellPicker.h
[293.179s] -- Installing: /home/devam/turtlebot3_ws/src/install/rtabmap/include/rtabmap-0.22/rtabmap/gui/CloudViewer.h
[293.179s] -- Installing: /home/devam/turtlebot3_ws/src/install/rtabmap/include/rtabmap-0.22/rtabmap/gui/MapVisibilityWidget.h
[293.179s] -- Installing: /home/devam/turtlebot3_ws/src/install/rtabmap/include/rtabmap-0.22/rtabmap/gui/CloudViewerInteractorStyle.h
[293.179s] -- Installing: /home/devam/turtlebot3_ws/src/install/rtabmap/include/rtabmap-0.22/rtabmap/gui/ExportCloudsDialog.h
[293.179s] -- Installing: /home/devam/turtlebot3_ws/src/install/rtabmap/include/rtabmap-0.22/rtabmap/gui/PreferencesDialog.h
[293.179s] -- Installing: /home/devam/turtlebot3_ws/src/install/rtabmap/include/rtabmap-0.22/rtabmap/gui/OdometryViewer.h
[293.179s] -- Installing: /home/devam/turtlebot3_ws/src/install/rtabmap/include/rtabmap-0.22/rtabmap/gui/StatsToolBox.h
[293.180s] -- Installing: /home/devam/turtlebot3_ws/src/install/rtabmap/include/rtabmap-0.22/rtabmap/gui/EditMapArea.h
[293.180s] -- Installing: /home/devam/turtlebot3_ws/src/install/rtabmap/include/rtabmap-0.22/rtabmap/gui/CalibrationDialog.h
[293.180s] -- Installing: /home/devam/turtlebot3_ws/src/install/rtabmap/include/rtabmap-0.22/rtabmap/gui/MainWindow.h
[293.180s] -- Installing: /home/devam/turtlebot3_ws/src/install/rtabmap/include/rtabmap-0.22/rtabmap/gui/ExportBundlerDialog.h
[293.180s] -- Installing: /home/devam/turtlebot3_ws/src/install/rtabmap/include/rtabmap-0.22/rtabmap/gui/DataRecorder.h
[293.180s] -- Installing: /home/devam/turtlebot3_ws/src/install/rtabmap/include/rtabmap-0.22/rtabmap/gui/MultiSessionLocSubView.h
[293.180s] -- Installing: /home/devam/turtlebot3_ws/src/install/rtabmap/include/rtabmap-0.22/rtabmap/gui/EditDepthArea.h
[293.180s] -- Installing: /home/devam/turtlebot3_ws/src/install/rtabmap/include/rtabmap-0.22/rtabmap/gui/AboutDialog.h
[293.180s] -- Installing: /home/devam/turtlebot3_ws/src/install/rtabmap/include/rtabmap-0.22/rtabmap/gui/RecoveryState.h
[293.180s] -- Installing: /home/devam/turtlebot3_ws/src/install/rtabmap/include/rtabmap-0.22/rtabmap/gui/TexturingState.h
[293.180s] -- Installing: /home/devam/turtlebot3_ws/src/install/rtabmap/include/rtabmap-0.22/rtabmap/gui/DepthCalibrationDialog.h
[293.180s] -- Up-to-date: /home/devam/turtlebot3_ws/src/install/rtabmap/include/rtabmap-0.22/rtabmap
[293.180s] -- Up-to-date: /home/devam/turtlebot3_ws/src/install/rtabmap/include/rtabmap-0.22/rtabmap/gui
[293.180s] -- Installing: /home/devam/turtlebot3_ws/src/install/rtabmap/include/rtabmap-0.22/rtabmap/gui/rtabmap_gui_export.h
[293.180s] -- Installing: /home/devam/turtlebot3_ws/src/install/rtabmap/lib/rtabmap-0.22/RTABMap_guiTargets.cmake
[293.180s] -- Installing: /home/devam/turtlebot3_ws/src/install/rtabmap/lib/rtabmap-0.22/RTABMap_guiTargets-release.cmake
[293.180s] -- Installing: /home/devam/turtlebot3_ws/src/install/rtabmap/bin/rtabmap
[293.180s] -- Set runtime path of "/home/devam/turtlebot3_ws/src/install/rtabmap/bin/rtabmap" to ""
[293.180s] -- Installing: /home/devam/turtlebot3_ws/src/install/rtabmap/bin/rtabmap-console
[293.181s] -- Set runtime path of "/home/devam/turtlebot3_ws/src/install/rtabmap/bin/rtabmap-console" to ""
[293.181s] -- Installing: /home/devam/turtlebot3_ws/src/install/rtabmap/bin/rtabmap-extractObject
[293.181s] -- Set runtime path of "/home/devam/turtlebot3_ws/src/install/rtabmap/bin/rtabmap-extractObject" to ""
[293.181s] -- Installing: /home/devam/turtlebot3_ws/src/install/rtabmap/bin/rtabmap-camera
[293.181s] -- Set runtime path of "/home/devam/turtlebot3_ws/src/install/rtabmap/bin/rtabmap-camera" to ""
[293.181s] -- Installing: /home/devam/turtlebot3_ws/src/install/rtabmap/bin/rtabmap-kitti_dataset
[293.181s] -- Set runtime path of "/home/devam/turtlebot3_ws/src/install/rtabmap/bin/rtabmap-kitti_dataset" to ""
[293.181s] -- Installing: /home/devam/turtlebot3_ws/src/install/rtabmap/bin/rtabmap-rgbd_dataset
[293.181s] -- Set runtime path of "/home/devam/turtlebot3_ws/src/install/rtabmap/bin/rtabmap-rgbd_dataset" to ""
[293.182s] -- Installing: /home/devam/turtlebot3_ws/src/install/rtabmap/bin/rtabmap-euroc_dataset
[293.182s] -- Set runtime path of "/home/devam/turtlebot3_ws/src/install/rtabmap/bin/rtabmap-euroc_dataset" to ""
[293.182s] -- Installing: /home/devam/turtlebot3_ws/src/install/rtabmap/bin/rtabmap-recovery
[293.182s] -- Set runtime path of "/home/devam/turtlebot3_ws/src/install/rtabmap/bin/rtabmap-recovery" to ""
[293.182s] -- Installing: /home/devam/turtlebot3_ws/src/install/rtabmap/bin/rtabmap-reprocess
[293.182s] -- Set runtime path of "/home/devam/turtlebot3_ws/src/install/rtabmap/bin/rtabmap-reprocess" to ""
[293.182s] -- Installing: /home/devam/turtlebot3_ws/src/install/rtabmap/bin/rtabmap-detectMoreLoopClosures
[293.182s] -- Set runtime path of "/home/devam/turtlebot3_ws/src/install/rtabmap/bin/rtabmap-detectMoreLoopClosures" to ""
[293.183s] -- Installing: /home/devam/turtlebot3_ws/src/install/rtabmap/bin/rtabmap-export
[293.183s] -- Set runtime path of "/home/devam/turtlebot3_ws/src/install/rtabmap/bin/rtabmap-export" to ""
[293.183s] -- Installing: /home/devam/turtlebot3_ws/src/install/rtabmap/bin/rtabmap-report
[293.183s] -- Set runtime path of "/home/devam/turtlebot3_ws/src/install/rtabmap/bin/rtabmap-report" to ""
[293.183s] -- Installing: /home/devam/turtlebot3_ws/src/install/rtabmap/bin/rtabmap-info
[293.183s] -- Set runtime path of "/home/devam/turtlebot3_ws/src/install/rtabmap/bin/rtabmap-info" to ""
[293.184s] -- Installing: /home/devam/turtlebot3_ws/src/install/rtabmap/bin/rtabmap-cleanupLocalGrids
[293.184s] -- Set runtime path of "/home/devam/turtlebot3_ws/src/install/rtabmap/bin/rtabmap-cleanupLocalGrids" to ""
[293.184s] -- Installing: /home/devam/turtlebot3_ws/src/install/rtabmap/bin/rtabmap-globalBundleAdjustment
[293.184s] -- Set runtime path of "/home/devam/turtlebot3_ws/src/install/rtabmap/bin/rtabmap-globalBundleAdjustment" to ""
[293.184s] -- Installing: /home/devam/turtlebot3_ws/src/install/rtabmap/bin/rtabmap-rgbd_camera
[293.184s] -- Set runtime path of "/home/devam/turtlebot3_ws/src/install/rtabmap/bin/rtabmap-rgbd_camera" to ""
[293.184s] -- Installing: /home/devam/turtlebot3_ws/src/install/rtabmap/bin/rtabmap-lidar_viewer
[293.184s] -- Set runtime path of "/home/devam/turtlebot3_ws/src/install/rtabmap/bin/rtabmap-lidar_viewer" to ""
[293.184s] -- Installing: /home/devam/turtlebot3_ws/src/install/rtabmap/bin/rtabmap-databaseViewer
[293.185s] -- Set runtime path of "/home/devam/turtlebot3_ws/src/install/rtabmap/bin/rtabmap-databaseViewer" to ""
[293.185s] -- Installing: /home/devam/turtlebot3_ws/src/install/rtabmap/bin/rtabmap-odometryViewer
[293.185s] -- Set runtime path of "/home/devam/turtlebot3_ws/src/install/rtabmap/bin/rtabmap-odometryViewer" to ""
[293.185s] -- Installing: /home/devam/turtlebot3_ws/src/install/rtabmap/bin/rtabmap-dataRecorder
[293.185s] -- Set runtime path of "/home/devam/turtlebot3_ws/src/install/rtabmap/bin/rtabmap-dataRecorder" to ""
[293.185s] -- Installing: /home/devam/turtlebot3_ws/src/install/rtabmap/bin/rtabmap-calibration
[293.185s] -- Set runtime path of "/home/devam/turtlebot3_ws/src/install/rtabmap/bin/rtabmap-calibration" to ""
[293.186s] -- Installing: /home/devam/turtlebot3_ws/src/install/rtabmap/lib/rtabmap-0.22/RTABMapTargets.cmake
[293.186s] -- Installing: /home/devam/turtlebot3_ws/src/install/rtabmap/lib/rtabmap-0.22/RTABMapConfig.cmake
[293.186s] -- Installing: /home/devam/turtlebot3_ws/src/install/rtabmap/lib/rtabmap-0.22/RTABMapConfigVersion.cmake
[293.187s] -- Installing: /home/devam/turtlebot3_ws/src/install/rtabmap/share/rtabmap/package.xml
[293.188s] Invoked command in '/home/devam/turtlebot3_ws/src/build/rtabmap' returned '0': CMAKE_PREFIX_PATH=${CMAKE_PREFIX_PATH}:/home/devam/FYP_ROS2/install/occ_map_creator:/home/devam/FYP_ROS2/install/ekf_slam:/home/devam/FYP_ROS2/install/ekf_localization:/home/devam/turtlebot3_ws/install/turtlebot3_teleop:/home/devam/turtlebot3_ws/install/turtlebot3_rtabmap_slam:/home/devam/turtlebot3_ws/install/turtlebot3_example:/home/devam/turtlebot3_ws/install/microstrain_inertial_rqt:/opt/ros/humble /usr/local/bin/cmake --install /home/devam/turtlebot3_ws/src/build/rtabmap
