[3.982s] Invoking command in '/home/devam/turtlebot3_ws/src/build/rtabmap_python': PYTHONPATH=/home/devam/turtlebot3_ws/src/build/rtabmap_python/prefix_override:/usr/lib/python3/dist-packages/colcon_core/task/python/colcon_distutils_commands:/home/devam/turtlebot3_ws/src/install/rtabmap_python/lib/python3.10/site-packages:${PYTHONPATH} /usr/bin/python3 -W ignore:setup.py install is deprecated -W ignore:easy_install command is deprecated setup.py develop --editable --build-directory /home/devam/turtlebot3_ws/src/build/rtabmap_python/build --no-deps symlink_data
[4.590s] running develop
[4.951s] running egg_info
[4.952s] creating rtabmap_python.egg-info
[4.984s] writing rtabmap_python.egg-info/PKG-INFO
[4.985s] writing dependency_links to rtabmap_python.egg-info/dependency_links.txt
[4.985s] writing requirements to rtabmap_python.egg-info/requires.txt
[4.985s] writing top-level names to rtabmap_python.egg-info/top_level.txt
[4.986s] writing manifest file 'rtabmap_python.egg-info/SOURCES.txt'
[5.060s] reading manifest file 'rtabmap_python.egg-info/SOURCES.txt'
[5.060s] writing manifest file 'rtabmap_python.egg-info/SOURCES.txt'
[5.100s] running build_ext
[5.100s] Creating /home/devam/turtlebot3_ws/src/install/rtabmap_python/lib/python3.10/site-packages/rtabmap-python.egg-link (link to .)
[5.104s] 
[5.104s] Installed /home/devam/turtlebot3_ws/src/build/rtabmap_python
[5.105s] running symlink_data
[5.105s] creating /home/devam/turtlebot3_ws/src/install/rtabmap_python/share/ament_index
[5.105s] creating /home/devam/turtlebot3_ws/src/install/rtabmap_python/share/ament_index/resource_index
[5.106s] creating /home/devam/turtlebot3_ws/src/install/rtabmap_python/share/ament_index/resource_index/packages
[5.106s] symbolically linking /home/devam/turtlebot3_ws/src/build/rtabmap_python/resource/rtabmap_python -> /home/devam/turtlebot3_ws/src/install/rtabmap_python/share/ament_index/resource_index/packages
[5.106s] symbolically linking /home/devam/turtlebot3_ws/src/build/rtabmap_python/package.xml -> /home/devam/turtlebot3_ws/src/install/rtabmap_python/share/rtabmap_python
[5.153s] Invoked command in '/home/devam/turtlebot3_ws/src/build/rtabmap_python' returned '0': PYTHONPATH=/home/devam/turtlebot3_ws/src/build/rtabmap_python/prefix_override:/usr/lib/python3/dist-packages/colcon_core/task/python/colcon_distutils_commands:/home/devam/turtlebot3_ws/src/install/rtabmap_python/lib/python3.10/site-packages:${PYTHONPATH} /usr/bin/python3 -W ignore:setup.py install is deprecated -W ignore:easy_install command is deprecated setup.py develop --editable --build-directory /home/devam/turtlebot3_ws/src/build/rtabmap_python/build --no-deps symlink_data
