[0.033s] Invoking command in '/home/devam/turtlebot3_ws/src/build/rtabmap_conversions': AMENT_PREFIX_PATH=/home/devam/turtlebot3_ws/src/install/rtabmap_msgs:${AMENT_PREFIX_PATH} CMAKE_PREFIX_PATH=/home/devam/turtlebot3_ws/src/install/rtabmap_msgs:/home/devam/turtlebot3_ws/src/install/rtabmap:/home/devam/turtlebot4_ws/install/turtlebot4_simulator:/home/devam/turtlebot4_ws/install/turtlebot4_ignition_bringup:/home/devam/turtlebot4_ws/install/turtlebot4_node:/home/devam/turtlebot4_ws/install/turtlebot4_navigation:/home/devam/turtlebot4_ws/install/turtlebot4_ignition_toolbox:/home/devam/turtlebot4_ws/install/turtlebot4_msgs:/home/devam/turtlebot4_ws/install/turtlebot4_ignition_gui_plugins:/home/devam/turtlebot4_ws/install/turtlebot4_description:/home/devam/turtlebot3_ws/install/velodyne_simulator:/home/devam/turtlebot3_ws/install/velodyne:/home/devam/turtlebot3_ws/install/velodyne_pointcloud:/home/devam/turtlebot3_ws/install/velodyne_driver:/home/devam/turtlebot3_ws/install/velodyne_msgs:/home/devam/turtlebot3_ws/install/velodyne_laserscan:/home/devam/turtlebot3_ws/install/velodyne_gazebo_plugins:/home/devam/turtlebot3_ws/install/velodyne_description:/home/devam/turtlebot3_ws/install/turtlebot3:/home/devam/turtlebot3_ws/install/turtlebot3_simulations:/home/devam/turtlebot3_ws/install/turtlebot3_bringup:/home/devam/turtlebot3_ws/install/turtlebot3_node:/home/devam/turtlebot3_ws/install/turtlebot3_navigation2:/home/devam/turtlebot3_ws/install/turtlebot3_fake_node:/home/devam/turtlebot3_ws/install/turtlebot3_msgs:/home/devam/turtlebot3_ws/install/turtlebot3_gazebo:/home/devam/turtlebot3_ws/install/turtlebot3_description:/home/devam/turtlebot3_ws/install/turtlebot3_cartographer:/home/devam/turtlebot3_ws/install/robot_gazebo:/home/devam/turtlebot3_ws/install/robot_description:/home/devam/turtlebot3_ws/install/robot_control:/home/devam/turtlebot3_ws/install/microstrain_inertial_msgs:/home/devam/turtlebot3_ws/install/microstrain_inertial_description:/home/devam/turtlebot3_ws/install/lio_sam:/home/devam/FYP_ROS2/install/occ_map_creator:/home/devam/FYP_ROS2/install/ekf_slam:/home/devam/FYP_ROS2/install/ekf_localization:/home/devam/turtlebot3_ws/install/turtlebot3_teleop:/home/devam/turtlebot3_ws/install/turtlebot3_rtabmap_slam:/home/devam/turtlebot3_ws/install/turtlebot3_example:/home/devam/turtlebot3_ws/install/microstrain_inertial_rqt:/opt/ros/humble LD_LIBRARY_PATH=/home/devam/turtlebot3_ws/src/install/rtabmap_msgs/lib:/home/devam/turtlebot3_ws/src/install/rtabmap/lib:/home/devam/turtlebot4_ws/install/turtlebot4_msgs/lib:/home/devam/turtlebot3_ws/install/velodyne_pointcloud/lib:/home/devam/turtlebot3_ws/install/velodyne_driver/lib:/home/devam/turtlebot3_ws/install/velodyne_msgs/lib:/home/devam/turtlebot3_ws/install/velodyne_laserscan/lib:/home/devam/turtlebot3_ws/install/velodyne_gazebo_plugins/lib:/home/devam/turtlebot3_ws/install/turtlebot3_msgs/lib:/home/devam/turtlebot3_ws/install/microstrain_inertial_msgs/lib:/home/devam/turtlebot3_ws/install/lio_sam/lib:/usr/lib/x86_64-linux-gnu/gazebo-11/plugins:/opt/ros/humble/opt/rviz_ogre_vendor/lib:/opt/ros/humble/lib/x86_64-linux-gnu:/opt/ros/humble/lib:/usr/share/gazebo/../../lib/x86_64-linux-gnu/gazebo-11/plugins PATH=/home/devam/turtlebot3_ws/src/install/rtabmap/bin:${PATH} PKG_CONFIG_PATH=/home/devam/turtlebot3_ws/src/install/rtabmap/lib/x86_64-linux-gnu/pkgconfig:/home/devam/turtlebot3_ws/src/install/rtabmap/lib/pkgconfig PYTHONPATH=/home/devam/turtlebot3_ws/src/install/rtabmap_msgs/local/lib/python3.10/dist-packages:${PYTHONPATH} /usr/local/bin/cmake /home/devam/turtlebot3_ws/src/src/rtabmap_ros/rtabmap_conversions -DCMAKE_BUILD_TYPE=Release -DAMENT_CMAKE_SYMLINK_INSTALL=1 -DCMAKE_INSTALL_PREFIX=/home/devam/turtlebot3_ws/src/install/rtabmap_conversions
[0.095s] -- The C compiler identification is GNU 11.4.0
[0.149s] -- The CXX compiler identification is GNU 11.4.0
[0.162s] -- Detecting C compiler ABI info
[0.304s] -- Detecting C compiler ABI info - done
[0.311s] -- Check for working C compiler: /usr/bin/cc - skipped
[0.311s] -- Detecting C compile features
[0.312s] -- Detecting C compile features - done
[0.326s] -- Detecting CXX compiler ABI info
[0.490s] -- Detecting CXX compiler ABI info - done
[0.503s] -- Check for working CXX compiler: /usr/bin/c++ - skipped
[0.503s] -- Detecting CXX compile features
[0.504s] -- Detecting CXX compile features - done
[0.506s] -- Found ament_cmake: 1.3.11 (/opt/ros/humble/share/ament_cmake/cmake)
[0.661s] -- Found Python3: /usr/bin/python3 (found version "3.10.12") found components: Interpreter 
[0.703s] -- Override CMake install command with custom implementation using symlinks instead of copying resources
[0.742s] -- Found cv_bridge: 3.2.1 (/opt/ros/humble/share/cv_bridge/cmake)
[0.813s] -- Found rosidl_generator_c: 3.1.6 (/opt/ros/humble/share/rosidl_generator_c/cmake)
[0.819s] -- Found rosidl_adapter: 3.1.6 (/opt/ros/humble/share/rosidl_adapter/cmake)
[0.828s] -- Found rosidl_generator_cpp: 3.1.6 (/opt/ros/humble/share/rosidl_generator_cpp/cmake)
[0.850s] -- Using all available rosidl_typesupport_c: rosidl_typesupport_fastrtps_c;rosidl_typesupport_introspection_c
[0.867s] -- Using all available rosidl_typesupport_cpp: rosidl_typesupport_fastrtps_cpp;rosidl_typesupport_introspection_cpp
[0.924s] -- Found image_geometry: 3.2.1 (/opt/ros/humble/share/image_geometry/cmake)
[0.928s] -- Found laser_geometry: 2.4.0 (/opt/ros/humble/share/laser_geometry/cmake)
[0.985s] -- Found rmw_implementation_cmake: 6.1.2 (/opt/ros/humble/share/rmw_implementation_cmake/cmake)
[0.989s] -- Found rmw_cyclonedds_cpp: 1.3.4 (/opt/ros/humble/share/rmw_cyclonedds_cpp/cmake)
[1.014s] -- Using RMW implementation 'rmw_cyclonedds_cpp' as default
[1.024s] -- Performing Test CMAKE_HAVE_LIBC_PTHREAD
[1.114s] -- Performing Test CMAKE_HAVE_LIBC_PTHREAD - Success
[1.115s] -- Found Threads: TRUE  
[1.167s] -- Found pcl_conversions: 2.4.5 (/opt/ros/humble/share/pcl_conversions/cmake)
[1.201s] [33mCMake Warning (dev) at /usr/lib/x86_64-linux-gnu/cmake/pcl/PCLConfig.cmake:146 (find_package):
[1.201s]   Policy CMP0144 is not set: find_package uses upper-case <PACKAGENAME>_ROOT
[1.201s]   variables.  Run "cmake --help-policy CMP0144" for policy details.  Use the
[1.201s]   cmake_policy command to set the policy and suppress this warning.
[1.201s] 
[1.201s]   CMake variable EIGEN_ROOT is set to:
[1.201s] 
[1.201s]     /usr/include/eigen3
[1.201s] 
[1.201s]   For compatibility, find_package is ignoring the variable, but code in a
[1.201s]   .cmake module might still use it.
[1.201s] Call Stack (most recent call first):
[1.202s]   /usr/lib/x86_64-linux-gnu/cmake/pcl/PCLConfig.cmake:299 (find_eigen)
[1.202s]   /usr/lib/x86_64-linux-gnu/cmake/pcl/PCLConfig.cmake:543 (find_external_library)
[1.202s]   /opt/ros/humble/share/pcl_conversions/cmake/ament_cmake_export_dependencies-extras.cmake:21 (find_package)
[1.202s]   /opt/ros/humble/share/pcl_conversions/cmake/pcl_conversionsConfig.cmake:41 (include)
[1.202s]   CMakeLists.txt:23 (find_package)
[1.202s] This warning is for project developers.  Use -Wno-dev to suppress it.
[1.202s] [0m
[1.204s] -- Checking for module 'eigen3'
[1.222s] --   Found eigen3, version 3.4.0
[1.314s] -- Found Eigen: /usr/include/eigen3 (Required is at least version "3.1") 
[1.314s] -- Eigen found (include: /usr/include/eigen3, version: 3.4.0)
[1.351s] [33mCMake Warning (dev) at /usr/lib/x86_64-linux-gnu/cmake/pcl/Modules/FindFLANN.cmake:44 (find_package):
[1.351s]   Policy CMP0144 is not set: find_package uses upper-case <PACKAGENAME>_ROOT
[1.351s]   variables.  Run "cmake --help-policy CMP0144" for policy details.  Use the
[1.351s]   cmake_policy command to set the policy and suppress this warning.
[1.351s] 
[1.351s]   CMake variable FLANN_ROOT is set to:
[1.351s] 
[1.351s]     /usr
[1.351s] 
[1.351s]   For compatibility, find_package is ignoring the variable, but code in a
[1.351s]   .cmake module might still use it.
[1.351s] Call Stack (most recent call first):
[1.351s]   /usr/lib/x86_64-linux-gnu/cmake/pcl/PCLConfig.cmake:256 (find_package)
[1.351s]   /usr/lib/x86_64-linux-gnu/cmake/pcl/PCLConfig.cmake:301 (find_flann)
[1.351s]   /usr/lib/x86_64-linux-gnu/cmake/pcl/PCLConfig.cmake:543 (find_external_library)
[1.351s]   /opt/ros/humble/share/pcl_conversions/cmake/ament_cmake_export_dependencies-extras.cmake:21 (find_package)
[1.351s]   /opt/ros/humble/share/pcl_conversions/cmake/pcl_conversionsConfig.cmake:41 (include)
[1.351s]   CMakeLists.txt:23 (find_package)
[1.351s] This warning is for project developers.  Use -Wno-dev to suppress it.
[1.351s] [0m
[1.364s] -- Checking for module 'flann'
[1.384s] --   Found flann, version 1.9.1
[1.483s] -- Found FLANN: /usr/lib/x86_64-linux-gnu/libflann_cpp.so  
[1.483s] -- FLANN found (include: /usr/include, lib: /usr/lib/x86_64-linux-gnu/libflann_cpp.so)
[3.147s] -- Checking for module 'libusb-1.0'
[3.185s] --   Found libusb-1.0, version 1.0.25
[3.288s] -- Found libusb: /usr/lib/x86_64-linux-gnu/libusb-1.0.so  
[3.290s] -- OpenNI found (version: 1.5.4.0, include: /usr/include/ni, lib: /usr/lib/libOpenNI.so;libusb::libusb)
[3.453s] -- OpenNI2 found (version: 2.2.0.33, include: /usr/include/openni2, lib: /usr/lib/x86_64-linux-gnu/libOpenNI2.so;libusb::libusb)
[3.614s] -- Eigen found (include: /usr/include/eigen3, version: 3.4.0)
[3.618s] -- OpenNI found (version: 1.5.4.0, include: /usr/include/ni, lib: /usr/lib/libOpenNI.so;libusb::libusb)
[3.624s] -- OpenNI2 found (version: 2.2.0.33, include: /usr/include/openni2, lib: /usr/lib/x86_64-linux-gnu/libOpenNI2.so;libusb::libusb)
[3.800s] -- Found Qhull version 8.0.2
[3.952s] -- OpenNI found (version: 1.5.4.0, include: /usr/include/ni, lib: /usr/lib/libOpenNI.so;libusb::libusb)
[4.099s] -- Found PCL_COMMON: /usr/lib/x86_64-linux-gnu/libpcl_common.so  
[4.100s] -- Found PCL_KDTREE: /usr/lib/x86_64-linux-gnu/libpcl_kdtree.so  
[4.100s] -- Found PCL_OCTREE: /usr/lib/x86_64-linux-gnu/libpcl_octree.so  
[4.101s] -- Found PCL_SEARCH: /usr/lib/x86_64-linux-gnu/libpcl_search.so  
[4.102s] -- Found PCL_SAMPLE_CONSENSUS: /usr/lib/x86_64-linux-gnu/libpcl_sample_consensus.so  
[4.102s] -- Found PCL_FILTERS: /usr/lib/x86_64-linux-gnu/libpcl_filters.so  
[4.102s] -- Found PCL_2D: /usr/include/pcl-1.12  
[4.103s] -- Found PCL_GEOMETRY: /usr/include/pcl-1.12  
[4.103s] -- Found PCL_IO: /usr/lib/x86_64-linux-gnu/libpcl_io.so  
[4.104s] -- Found PCL_FEATURES: /usr/lib/x86_64-linux-gnu/libpcl_features.so  
[4.105s] -- Found PCL_ML: /usr/lib/x86_64-linux-gnu/libpcl_ml.so  
[4.105s] -- Found PCL_SEGMENTATION: /usr/lib/x86_64-linux-gnu/libpcl_segmentation.so  
[4.106s] -- Found PCL_VISUALIZATION: /usr/lib/x86_64-linux-gnu/libpcl_visualization.so  
[4.107s] -- Found PCL_SURFACE: /usr/lib/x86_64-linux-gnu/libpcl_surface.so  
[4.108s] -- Found PCL_REGISTRATION: /usr/lib/x86_64-linux-gnu/libpcl_registration.so  
[4.108s] -- Found PCL_KEYPOINTS: /usr/lib/x86_64-linux-gnu/libpcl_keypoints.so  
[4.109s] -- Found PCL_TRACKING: /usr/lib/x86_64-linux-gnu/libpcl_tracking.so  
[4.115s] -- Found PCL_RECOGNITION: /usr/lib/x86_64-linux-gnu/libpcl_recognition.so  
[4.116s] -- Found PCL_STEREO: /usr/lib/x86_64-linux-gnu/libpcl_stereo.so  
[4.116s] -- Found PCL_APPS: /usr/lib/x86_64-linux-gnu/libpcl_apps.so  
[4.117s] -- Found PCL_IN_HAND_SCANNER: /usr/include/pcl-1.12  
[4.117s] -- Found PCL_MODELER: /usr/include/pcl-1.12  
[4.118s] -- Found PCL_POINT_CLOUD_EDITOR: /usr/include/pcl-1.12  
[4.118s] -- Found PCL_OUTOFCORE: /usr/lib/x86_64-linux-gnu/libpcl_outofcore.so  
[4.119s] -- Found PCL_PEOPLE: /usr/lib/x86_64-linux-gnu/libpcl_people.so  
[4.123s] -- Found rtabmap_msgs: 0.22.0 (/home/devam/turtlebot3_ws/src/install/rtabmap_msgs/share/rtabmap_msgs/cmake)
[4.153s] -- Found tf2_eigen: 0.25.13 (/opt/ros/humble/share/tf2_eigen/cmake)
[4.241s] -- Found tf2_geometry_msgs: 0.25.13 (/opt/ros/humble/share/tf2_geometry_msgs/cmake)
[4.250s] -- Found Eigen3: TRUE (found version "3.4.0") 
[4.250s] -- Ensuring Eigen3 include directory is part of orocos-kdl CMake target
[4.253s] -- Found OpenCV: /usr (found version "4.5.4") found components: core calib3d imgproc highgui stitching photo video aruco objdetect missing components: xfeatures2d nonfree gpu cudafeatures2d
[4.253s] [33mCMake Warning (dev) at /usr/local/share/cmake-3.27/Modules/CMakeFindDependencyMacro.cmake:76 (find_package):
[4.253s]   Policy CMP0074 is not set: find_package uses <PackageName>_ROOT variables.
[4.253s]   Run "cmake --help-policy CMP0074" for policy details.  Use the cmake_policy
[4.253s]   command to set the policy and suppress this warning.
[4.253s] 
[4.253s]   CMake variable PCL_ROOT is set to:
[4.253s] 
[4.253s]     /usr
[4.254s] 
[4.254s]   For compatibility, CMake is ignoring the variable.
[4.254s] Call Stack (most recent call first):
[4.254s]   /home/devam/turtlebot3_ws/src/install/rtabmap/lib/rtabmap-0.22/RTABMapConfig.cmake:7 (find_dependency)
[4.254s]   CMakeLists.txt:32 (find_package)
[4.254s] This warning is for project developers.  Use -Wno-dev to suppress it.
[4.254s] [0m
[4.336s] -- Configuring done (4.3s)
[4.368s] -- Generating done (0.0s)
[4.371s] -- Build files have been written to: /home/devam/turtlebot3_ws/src/build/rtabmap_conversions
[4.382s] Invoked command in '/home/devam/turtlebot3_ws/src/build/rtabmap_conversions' returned '0': AMENT_PREFIX_PATH=/home/devam/turtlebot3_ws/src/install/rtabmap_msgs:${AMENT_PREFIX_PATH} CMAKE_PREFIX_PATH=/home/devam/turtlebot3_ws/src/install/rtabmap_msgs:/home/devam/turtlebot3_ws/src/install/rtabmap:/home/devam/turtlebot4_ws/install/turtlebot4_simulator:/home/devam/turtlebot4_ws/install/turtlebot4_ignition_bringup:/home/devam/turtlebot4_ws/install/turtlebot4_node:/home/devam/turtlebot4_ws/install/turtlebot4_navigation:/home/devam/turtlebot4_ws/install/turtlebot4_ignition_toolbox:/home/devam/turtlebot4_ws/install/turtlebot4_msgs:/home/devam/turtlebot4_ws/install/turtlebot4_ignition_gui_plugins:/home/devam/turtlebot4_ws/install/turtlebot4_description:/home/devam/turtlebot3_ws/install/velodyne_simulator:/home/devam/turtlebot3_ws/install/velodyne:/home/devam/turtlebot3_ws/install/velodyne_pointcloud:/home/devam/turtlebot3_ws/install/velodyne_driver:/home/devam/turtlebot3_ws/install/velodyne_msgs:/home/devam/turtlebot3_ws/install/velodyne_laserscan:/home/devam/turtlebot3_ws/install/velodyne_gazebo_plugins:/home/devam/turtlebot3_ws/install/velodyne_description:/home/devam/turtlebot3_ws/install/turtlebot3:/home/devam/turtlebot3_ws/install/turtlebot3_simulations:/home/devam/turtlebot3_ws/install/turtlebot3_bringup:/home/devam/turtlebot3_ws/install/turtlebot3_node:/home/devam/turtlebot3_ws/install/turtlebot3_navigation2:/home/devam/turtlebot3_ws/install/turtlebot3_fake_node:/home/devam/turtlebot3_ws/install/turtlebot3_msgs:/home/devam/turtlebot3_ws/install/turtlebot3_gazebo:/home/devam/turtlebot3_ws/install/turtlebot3_description:/home/devam/turtlebot3_ws/install/turtlebot3_cartographer:/home/devam/turtlebot3_ws/install/robot_gazebo:/home/devam/turtlebot3_ws/install/robot_description:/home/devam/turtlebot3_ws/install/robot_control:/home/devam/turtlebot3_ws/install/microstrain_inertial_msgs:/home/devam/turtlebot3_ws/install/microstrain_inertial_description:/home/devam/turtlebot3_ws/install/lio_sam:/home/devam/FYP_ROS2/install/occ_map_creator:/home/devam/FYP_ROS2/install/ekf_slam:/home/devam/FYP_ROS2/install/ekf_localization:/home/devam/turtlebot3_ws/install/turtlebot3_teleop:/home/devam/turtlebot3_ws/install/turtlebot3_rtabmap_slam:/home/devam/turtlebot3_ws/install/turtlebot3_example:/home/devam/turtlebot3_ws/install/microstrain_inertial_rqt:/opt/ros/humble LD_LIBRARY_PATH=/home/devam/turtlebot3_ws/src/install/rtabmap_msgs/lib:/home/devam/turtlebot3_ws/src/install/rtabmap/lib:/home/devam/turtlebot4_ws/install/turtlebot4_msgs/lib:/home/devam/turtlebot3_ws/install/velodyne_pointcloud/lib:/home/devam/turtlebot3_ws/install/velodyne_driver/lib:/home/devam/turtlebot3_ws/install/velodyne_msgs/lib:/home/devam/turtlebot3_ws/install/velodyne_laserscan/lib:/home/devam/turtlebot3_ws/install/velodyne_gazebo_plugins/lib:/home/devam/turtlebot3_ws/install/turtlebot3_msgs/lib:/home/devam/turtlebot3_ws/install/microstrain_inertial_msgs/lib:/home/devam/turtlebot3_ws/install/lio_sam/lib:/usr/lib/x86_64-linux-gnu/gazebo-11/plugins:/opt/ros/humble/opt/rviz_ogre_vendor/lib:/opt/ros/humble/lib/x86_64-linux-gnu:/opt/ros/humble/lib:/usr/share/gazebo/../../lib/x86_64-linux-gnu/gazebo-11/plugins PATH=/home/devam/turtlebot3_ws/src/install/rtabmap/bin:${PATH} PKG_CONFIG_PATH=/home/devam/turtlebot3_ws/src/install/rtabmap/lib/x86_64-linux-gnu/pkgconfig:/home/devam/turtlebot3_ws/src/install/rtabmap/lib/pkgconfig PYTHONPATH=/home/devam/turtlebot3_ws/src/install/rtabmap_msgs/local/lib/python3.10/dist-packages:${PYTHONPATH} /usr/local/bin/cmake /home/devam/turtlebot3_ws/src/src/rtabmap_ros/rtabmap_conversions -DCMAKE_BUILD_TYPE=Release -DAMENT_CMAKE_SYMLINK_INSTALL=1 -DCMAKE_INSTALL_PREFIX=/home/devam/turtlebot3_ws/src/install/rtabmap_conversions
[4.383s] Invoking command in '/home/devam/turtlebot3_ws/src/build/rtabmap_conversions': AMENT_PREFIX_PATH=/home/devam/turtlebot3_ws/src/install/rtabmap_msgs:${AMENT_PREFIX_PATH} CMAKE_PREFIX_PATH=/home/devam/turtlebot3_ws/src/install/rtabmap_msgs:/home/devam/turtlebot3_ws/src/install/rtabmap:/home/devam/turtlebot4_ws/install/turtlebot4_simulator:/home/devam/turtlebot4_ws/install/turtlebot4_ignition_bringup:/home/devam/turtlebot4_ws/install/turtlebot4_node:/home/devam/turtlebot4_ws/install/turtlebot4_navigation:/home/devam/turtlebot4_ws/install/turtlebot4_ignition_toolbox:/home/devam/turtlebot4_ws/install/turtlebot4_msgs:/home/devam/turtlebot4_ws/install/turtlebot4_ignition_gui_plugins:/home/devam/turtlebot4_ws/install/turtlebot4_description:/home/devam/turtlebot3_ws/install/velodyne_simulator:/home/devam/turtlebot3_ws/install/velodyne:/home/devam/turtlebot3_ws/install/velodyne_pointcloud:/home/devam/turtlebot3_ws/install/velodyne_driver:/home/devam/turtlebot3_ws/install/velodyne_msgs:/home/devam/turtlebot3_ws/install/velodyne_laserscan:/home/devam/turtlebot3_ws/install/velodyne_gazebo_plugins:/home/devam/turtlebot3_ws/install/velodyne_description:/home/devam/turtlebot3_ws/install/turtlebot3:/home/devam/turtlebot3_ws/install/turtlebot3_simulations:/home/devam/turtlebot3_ws/install/turtlebot3_bringup:/home/devam/turtlebot3_ws/install/turtlebot3_node:/home/devam/turtlebot3_ws/install/turtlebot3_navigation2:/home/devam/turtlebot3_ws/install/turtlebot3_fake_node:/home/devam/turtlebot3_ws/install/turtlebot3_msgs:/home/devam/turtlebot3_ws/install/turtlebot3_gazebo:/home/devam/turtlebot3_ws/install/turtlebot3_description:/home/devam/turtlebot3_ws/install/turtlebot3_cartographer:/home/devam/turtlebot3_ws/install/robot_gazebo:/home/devam/turtlebot3_ws/install/robot_description:/home/devam/turtlebot3_ws/install/robot_control:/home/devam/turtlebot3_ws/install/microstrain_inertial_msgs:/home/devam/turtlebot3_ws/install/microstrain_inertial_description:/home/devam/turtlebot3_ws/install/lio_sam:/home/devam/FYP_ROS2/install/occ_map_creator:/home/devam/FYP_ROS2/install/ekf_slam:/home/devam/FYP_ROS2/install/ekf_localization:/home/devam/turtlebot3_ws/install/turtlebot3_teleop:/home/devam/turtlebot3_ws/install/turtlebot3_rtabmap_slam:/home/devam/turtlebot3_ws/install/turtlebot3_example:/home/devam/turtlebot3_ws/install/microstrain_inertial_rqt:/opt/ros/humble LD_LIBRARY_PATH=/home/devam/turtlebot3_ws/src/install/rtabmap_msgs/lib:/home/devam/turtlebot3_ws/src/install/rtabmap/lib:/home/devam/turtlebot4_ws/install/turtlebot4_msgs/lib:/home/devam/turtlebot3_ws/install/velodyne_pointcloud/lib:/home/devam/turtlebot3_ws/install/velodyne_driver/lib:/home/devam/turtlebot3_ws/install/velodyne_msgs/lib:/home/devam/turtlebot3_ws/install/velodyne_laserscan/lib:/home/devam/turtlebot3_ws/install/velodyne_gazebo_plugins/lib:/home/devam/turtlebot3_ws/install/turtlebot3_msgs/lib:/home/devam/turtlebot3_ws/install/microstrain_inertial_msgs/lib:/home/devam/turtlebot3_ws/install/lio_sam/lib:/usr/lib/x86_64-linux-gnu/gazebo-11/plugins:/opt/ros/humble/opt/rviz_ogre_vendor/lib:/opt/ros/humble/lib/x86_64-linux-gnu:/opt/ros/humble/lib:/usr/share/gazebo/../../lib/x86_64-linux-gnu/gazebo-11/plugins PATH=/home/devam/turtlebot3_ws/src/install/rtabmap/bin:${PATH} PKG_CONFIG_PATH=/home/devam/turtlebot3_ws/src/install/rtabmap/lib/x86_64-linux-gnu/pkgconfig:/home/devam/turtlebot3_ws/src/install/rtabmap/lib/pkgconfig PYTHONPATH=/home/devam/turtlebot3_ws/src/install/rtabmap_msgs/local/lib/python3.10/dist-packages:${PYTHONPATH} /usr/local/bin/cmake --build /home/devam/turtlebot3_ws/src/build/rtabmap_conversions
[4.419s] [ 50%] [32mBuilding CXX object CMakeFiles/rtabmap_conversions.dir/src/MsgConversion.cpp.o[0m
[12.978s] [100%] [32m[1mLinking CXX shared library librtabmap_conversions.so[0m
[13.289s] [100%] Built target rtabmap_conversions
[13.294s] Invoked command in '/home/devam/turtlebot3_ws/src/build/rtabmap_conversions' returned '0': AMENT_PREFIX_PATH=/home/devam/turtlebot3_ws/src/install/rtabmap_msgs:${AMENT_PREFIX_PATH} CMAKE_PREFIX_PATH=/home/devam/turtlebot3_ws/src/install/rtabmap_msgs:/home/devam/turtlebot3_ws/src/install/rtabmap:/home/devam/turtlebot4_ws/install/turtlebot4_simulator:/home/devam/turtlebot4_ws/install/turtlebot4_ignition_bringup:/home/devam/turtlebot4_ws/install/turtlebot4_node:/home/devam/turtlebot4_ws/install/turtlebot4_navigation:/home/devam/turtlebot4_ws/install/turtlebot4_ignition_toolbox:/home/devam/turtlebot4_ws/install/turtlebot4_msgs:/home/devam/turtlebot4_ws/install/turtlebot4_ignition_gui_plugins:/home/devam/turtlebot4_ws/install/turtlebot4_description:/home/devam/turtlebot3_ws/install/velodyne_simulator:/home/devam/turtlebot3_ws/install/velodyne:/home/devam/turtlebot3_ws/install/velodyne_pointcloud:/home/devam/turtlebot3_ws/install/velodyne_driver:/home/devam/turtlebot3_ws/install/velodyne_msgs:/home/devam/turtlebot3_ws/install/velodyne_laserscan:/home/devam/turtlebot3_ws/install/velodyne_gazebo_plugins:/home/devam/turtlebot3_ws/install/velodyne_description:/home/devam/turtlebot3_ws/install/turtlebot3:/home/devam/turtlebot3_ws/install/turtlebot3_simulations:/home/devam/turtlebot3_ws/install/turtlebot3_bringup:/home/devam/turtlebot3_ws/install/turtlebot3_node:/home/devam/turtlebot3_ws/install/turtlebot3_navigation2:/home/devam/turtlebot3_ws/install/turtlebot3_fake_node:/home/devam/turtlebot3_ws/install/turtlebot3_msgs:/home/devam/turtlebot3_ws/install/turtlebot3_gazebo:/home/devam/turtlebot3_ws/install/turtlebot3_description:/home/devam/turtlebot3_ws/install/turtlebot3_cartographer:/home/devam/turtlebot3_ws/install/robot_gazebo:/home/devam/turtlebot3_ws/install/robot_description:/home/devam/turtlebot3_ws/install/robot_control:/home/devam/turtlebot3_ws/install/microstrain_inertial_msgs:/home/devam/turtlebot3_ws/install/microstrain_inertial_description:/home/devam/turtlebot3_ws/install/lio_sam:/home/devam/FYP_ROS2/install/occ_map_creator:/home/devam/FYP_ROS2/install/ekf_slam:/home/devam/FYP_ROS2/install/ekf_localization:/home/devam/turtlebot3_ws/install/turtlebot3_teleop:/home/devam/turtlebot3_ws/install/turtlebot3_rtabmap_slam:/home/devam/turtlebot3_ws/install/turtlebot3_example:/home/devam/turtlebot3_ws/install/microstrain_inertial_rqt:/opt/ros/humble LD_LIBRARY_PATH=/home/devam/turtlebot3_ws/src/install/rtabmap_msgs/lib:/home/devam/turtlebot3_ws/src/install/rtabmap/lib:/home/devam/turtlebot4_ws/install/turtlebot4_msgs/lib:/home/devam/turtlebot3_ws/install/velodyne_pointcloud/lib:/home/devam/turtlebot3_ws/install/velodyne_driver/lib:/home/devam/turtlebot3_ws/install/velodyne_msgs/lib:/home/devam/turtlebot3_ws/install/velodyne_laserscan/lib:/home/devam/turtlebot3_ws/install/velodyne_gazebo_plugins/lib:/home/devam/turtlebot3_ws/install/turtlebot3_msgs/lib:/home/devam/turtlebot3_ws/install/microstrain_inertial_msgs/lib:/home/devam/turtlebot3_ws/install/lio_sam/lib:/usr/lib/x86_64-linux-gnu/gazebo-11/plugins:/opt/ros/humble/opt/rviz_ogre_vendor/lib:/opt/ros/humble/lib/x86_64-linux-gnu:/opt/ros/humble/lib:/usr/share/gazebo/../../lib/x86_64-linux-gnu/gazebo-11/plugins PATH=/home/devam/turtlebot3_ws/src/install/rtabmap/bin:${PATH} PKG_CONFIG_PATH=/home/devam/turtlebot3_ws/src/install/rtabmap/lib/x86_64-linux-gnu/pkgconfig:/home/devam/turtlebot3_ws/src/install/rtabmap/lib/pkgconfig PYTHONPATH=/home/devam/turtlebot3_ws/src/install/rtabmap_msgs/local/lib/python3.10/dist-packages:${PYTHONPATH} /usr/local/bin/cmake --build /home/devam/turtlebot3_ws/src/build/rtabmap_conversions
[13.296s] Invoking command in '/home/devam/turtlebot3_ws/src/build/rtabmap_conversions': AMENT_PREFIX_PATH=/home/devam/turtlebot3_ws/src/install/rtabmap_msgs:${AMENT_PREFIX_PATH} CMAKE_PREFIX_PATH=/home/devam/turtlebot3_ws/src/install/rtabmap_msgs:/home/devam/turtlebot3_ws/src/install/rtabmap:/home/devam/turtlebot4_ws/install/turtlebot4_simulator:/home/devam/turtlebot4_ws/install/turtlebot4_ignition_bringup:/home/devam/turtlebot4_ws/install/turtlebot4_node:/home/devam/turtlebot4_ws/install/turtlebot4_navigation:/home/devam/turtlebot4_ws/install/turtlebot4_ignition_toolbox:/home/devam/turtlebot4_ws/install/turtlebot4_msgs:/home/devam/turtlebot4_ws/install/turtlebot4_ignition_gui_plugins:/home/devam/turtlebot4_ws/install/turtlebot4_description:/home/devam/turtlebot3_ws/install/velodyne_simulator:/home/devam/turtlebot3_ws/install/velodyne:/home/devam/turtlebot3_ws/install/velodyne_pointcloud:/home/devam/turtlebot3_ws/install/velodyne_driver:/home/devam/turtlebot3_ws/install/velodyne_msgs:/home/devam/turtlebot3_ws/install/velodyne_laserscan:/home/devam/turtlebot3_ws/install/velodyne_gazebo_plugins:/home/devam/turtlebot3_ws/install/velodyne_description:/home/devam/turtlebot3_ws/install/turtlebot3:/home/devam/turtlebot3_ws/install/turtlebot3_simulations:/home/devam/turtlebot3_ws/install/turtlebot3_bringup:/home/devam/turtlebot3_ws/install/turtlebot3_node:/home/devam/turtlebot3_ws/install/turtlebot3_navigation2:/home/devam/turtlebot3_ws/install/turtlebot3_fake_node:/home/devam/turtlebot3_ws/install/turtlebot3_msgs:/home/devam/turtlebot3_ws/install/turtlebot3_gazebo:/home/devam/turtlebot3_ws/install/turtlebot3_description:/home/devam/turtlebot3_ws/install/turtlebot3_cartographer:/home/devam/turtlebot3_ws/install/robot_gazebo:/home/devam/turtlebot3_ws/install/robot_description:/home/devam/turtlebot3_ws/install/robot_control:/home/devam/turtlebot3_ws/install/microstrain_inertial_msgs:/home/devam/turtlebot3_ws/install/microstrain_inertial_description:/home/devam/turtlebot3_ws/install/lio_sam:/home/devam/FYP_ROS2/install/occ_map_creator:/home/devam/FYP_ROS2/install/ekf_slam:/home/devam/FYP_ROS2/install/ekf_localization:/home/devam/turtlebot3_ws/install/turtlebot3_teleop:/home/devam/turtlebot3_ws/install/turtlebot3_rtabmap_slam:/home/devam/turtlebot3_ws/install/turtlebot3_example:/home/devam/turtlebot3_ws/install/microstrain_inertial_rqt:/opt/ros/humble LD_LIBRARY_PATH=/home/devam/turtlebot3_ws/src/install/rtabmap_msgs/lib:/home/devam/turtlebot3_ws/src/install/rtabmap/lib:/home/devam/turtlebot4_ws/install/turtlebot4_msgs/lib:/home/devam/turtlebot3_ws/install/velodyne_pointcloud/lib:/home/devam/turtlebot3_ws/install/velodyne_driver/lib:/home/devam/turtlebot3_ws/install/velodyne_msgs/lib:/home/devam/turtlebot3_ws/install/velodyne_laserscan/lib:/home/devam/turtlebot3_ws/install/velodyne_gazebo_plugins/lib:/home/devam/turtlebot3_ws/install/turtlebot3_msgs/lib:/home/devam/turtlebot3_ws/install/microstrain_inertial_msgs/lib:/home/devam/turtlebot3_ws/install/lio_sam/lib:/usr/lib/x86_64-linux-gnu/gazebo-11/plugins:/opt/ros/humble/opt/rviz_ogre_vendor/lib:/opt/ros/humble/lib/x86_64-linux-gnu:/opt/ros/humble/lib:/usr/share/gazebo/../../lib/x86_64-linux-gnu/gazebo-11/plugins PATH=/home/devam/turtlebot3_ws/src/install/rtabmap/bin:${PATH} PKG_CONFIG_PATH=/home/devam/turtlebot3_ws/src/install/rtabmap/lib/x86_64-linux-gnu/pkgconfig:/home/devam/turtlebot3_ws/src/install/rtabmap/lib/pkgconfig PYTHONPATH=/home/devam/turtlebot3_ws/src/install/rtabmap_msgs/local/lib/python3.10/dist-packages:${PYTHONPATH} /usr/local/bin/cmake --install /home/devam/turtlebot3_ws/src/build/rtabmap_conversions
[13.298s] -- Install configuration: "Release"
[13.299s] -- Execute custom install script
[13.299s] -- Symlinking: /home/devam/turtlebot3_ws/src/install/rtabmap_conversions/share/rtabmap_conversions/environment/library_path.sh
[13.302s] -- Symlinking: /home/devam/turtlebot3_ws/src/install/rtabmap_conversions/share/rtabmap_conversions/environment/library_path.dsv
[13.305s] -- Symlinking: /home/devam/turtlebot3_ws/src/install/rtabmap_conversions/share/ament_index/resource_index/package_run_dependencies/rtabmap_conversions
[13.309s] -- Symlinking: /home/devam/turtlebot3_ws/src/install/rtabmap_conversions/share/ament_index/resource_index/parent_prefix_path/rtabmap_conversions
[13.315s] -- Symlinking: /home/devam/turtlebot3_ws/src/install/rtabmap_conversions/share/rtabmap_conversions/environment/ament_prefix_path.sh
[13.320s] -- Symlinking: /home/devam/turtlebot3_ws/src/install/rtabmap_conversions/share/rtabmap_conversions/environment/ament_prefix_path.dsv
[13.329s] -- Symlinking: /home/devam/turtlebot3_ws/src/install/rtabmap_conversions/share/rtabmap_conversions/environment/path.sh
[13.339s] -- Symlinking: /home/devam/turtlebot3_ws/src/install/rtabmap_conversions/share/rtabmap_conversions/environment/path.dsv
[13.350s] -- Symlinking: /home/devam/turtlebot3_ws/src/install/rtabmap_conversions/share/rtabmap_conversions/local_setup.bash
[13.361s] -- Symlinking: /home/devam/turtlebot3_ws/src/install/rtabmap_conversions/share/rtabmap_conversions/local_setup.sh
[13.373s] -- Symlinking: /home/devam/turtlebot3_ws/src/install/rtabmap_conversions/share/rtabmap_conversions/local_setup.zsh
[13.385s] -- Symlinking: /home/devam/turtlebot3_ws/src/install/rtabmap_conversions/share/rtabmap_conversions/local_setup.dsv
[13.397s] -- Symlinking: /home/devam/turtlebot3_ws/src/install/rtabmap_conversions/share/rtabmap_conversions/package.dsv
[13.407s] -- Symlinking: /home/devam/turtlebot3_ws/src/install/rtabmap_conversions/share/ament_index/resource_index/packages/rtabmap_conversions
[13.420s] -- Symlinking: /home/devam/turtlebot3_ws/src/install/rtabmap_conversions/share/rtabmap_conversions/cmake/ament_cmake_export_dependencies-extras.cmake
[13.432s] -- Symlinking: /home/devam/turtlebot3_ws/src/install/rtabmap_conversions/share/rtabmap_conversions/cmake/ament_cmake_export_include_directories-extras.cmake
[13.441s] -- Symlinking: /home/devam/turtlebot3_ws/src/install/rtabmap_conversions/share/rtabmap_conversions/cmake/ament_cmake_export_targets-extras.cmake
[13.451s] -- Symlinking: /home/devam/turtlebot3_ws/src/install/rtabmap_conversions/share/rtabmap_conversions/cmake/ament_cmake_export_libraries-extras.cmake
[13.461s] -- Symlinking: /home/devam/turtlebot3_ws/src/install/rtabmap_conversions/share/rtabmap_conversions/cmake/rtabmap_conversionsConfig.cmake
[13.470s] -- Symlinking: /home/devam/turtlebot3_ws/src/install/rtabmap_conversions/share/rtabmap_conversions/cmake/rtabmap_conversionsConfig-version.cmake
[13.481s] -- Symlinking: /home/devam/turtlebot3_ws/src/install/rtabmap_conversions/share/rtabmap_conversions/package.xml
[13.490s] -- Installing: /home/devam/turtlebot3_ws/src/install/rtabmap_conversions/lib/librtabmap_conversions.so
[13.492s] -- Set runtime path of "/home/devam/turtlebot3_ws/src/install/rtabmap_conversions/lib/librtabmap_conversions.so" to ""
[13.492s] -- Installing: /home/devam/turtlebot3_ws/src/install/rtabmap_conversions/include
[13.493s] -- Installing: /home/devam/turtlebot3_ws/src/install/rtabmap_conversions/include/rtabmap_conversions
[13.493s] -- Installing: /home/devam/turtlebot3_ws/src/install/rtabmap_conversions/include/rtabmap_conversions/MsgConversion.h
[13.493s] -- Installing: /home/devam/turtlebot3_ws/src/install/rtabmap_conversions/share/rtabmap_conversions/cmake/rtabmap_conversionsExport.cmake
[13.494s] -- Installing: /home/devam/turtlebot3_ws/src/install/rtabmap_conversions/share/rtabmap_conversions/cmake/rtabmap_conversionsExport-release.cmake
[13.500s] Invoked command in '/home/devam/turtlebot3_ws/src/build/rtabmap_conversions' returned '0': AMENT_PREFIX_PATH=/home/devam/turtlebot3_ws/src/install/rtabmap_msgs:${AMENT_PREFIX_PATH} CMAKE_PREFIX_PATH=/home/devam/turtlebot3_ws/src/install/rtabmap_msgs:/home/devam/turtlebot3_ws/src/install/rtabmap:/home/devam/turtlebot4_ws/install/turtlebot4_simulator:/home/devam/turtlebot4_ws/install/turtlebot4_ignition_bringup:/home/devam/turtlebot4_ws/install/turtlebot4_node:/home/devam/turtlebot4_ws/install/turtlebot4_navigation:/home/devam/turtlebot4_ws/install/turtlebot4_ignition_toolbox:/home/devam/turtlebot4_ws/install/turtlebot4_msgs:/home/devam/turtlebot4_ws/install/turtlebot4_ignition_gui_plugins:/home/devam/turtlebot4_ws/install/turtlebot4_description:/home/devam/turtlebot3_ws/install/velodyne_simulator:/home/devam/turtlebot3_ws/install/velodyne:/home/devam/turtlebot3_ws/install/velodyne_pointcloud:/home/devam/turtlebot3_ws/install/velodyne_driver:/home/devam/turtlebot3_ws/install/velodyne_msgs:/home/devam/turtlebot3_ws/install/velodyne_laserscan:/home/devam/turtlebot3_ws/install/velodyne_gazebo_plugins:/home/devam/turtlebot3_ws/install/velodyne_description:/home/devam/turtlebot3_ws/install/turtlebot3:/home/devam/turtlebot3_ws/install/turtlebot3_simulations:/home/devam/turtlebot3_ws/install/turtlebot3_bringup:/home/devam/turtlebot3_ws/install/turtlebot3_node:/home/devam/turtlebot3_ws/install/turtlebot3_navigation2:/home/devam/turtlebot3_ws/install/turtlebot3_fake_node:/home/devam/turtlebot3_ws/install/turtlebot3_msgs:/home/devam/turtlebot3_ws/install/turtlebot3_gazebo:/home/devam/turtlebot3_ws/install/turtlebot3_description:/home/devam/turtlebot3_ws/install/turtlebot3_cartographer:/home/devam/turtlebot3_ws/install/robot_gazebo:/home/devam/turtlebot3_ws/install/robot_description:/home/devam/turtlebot3_ws/install/robot_control:/home/devam/turtlebot3_ws/install/microstrain_inertial_msgs:/home/devam/turtlebot3_ws/install/microstrain_inertial_description:/home/devam/turtlebot3_ws/install/lio_sam:/home/devam/FYP_ROS2/install/occ_map_creator:/home/devam/FYP_ROS2/install/ekf_slam:/home/devam/FYP_ROS2/install/ekf_localization:/home/devam/turtlebot3_ws/install/turtlebot3_teleop:/home/devam/turtlebot3_ws/install/turtlebot3_rtabmap_slam:/home/devam/turtlebot3_ws/install/turtlebot3_example:/home/devam/turtlebot3_ws/install/microstrain_inertial_rqt:/opt/ros/humble LD_LIBRARY_PATH=/home/devam/turtlebot3_ws/src/install/rtabmap_msgs/lib:/home/devam/turtlebot3_ws/src/install/rtabmap/lib:/home/devam/turtlebot4_ws/install/turtlebot4_msgs/lib:/home/devam/turtlebot3_ws/install/velodyne_pointcloud/lib:/home/devam/turtlebot3_ws/install/velodyne_driver/lib:/home/devam/turtlebot3_ws/install/velodyne_msgs/lib:/home/devam/turtlebot3_ws/install/velodyne_laserscan/lib:/home/devam/turtlebot3_ws/install/velodyne_gazebo_plugins/lib:/home/devam/turtlebot3_ws/install/turtlebot3_msgs/lib:/home/devam/turtlebot3_ws/install/microstrain_inertial_msgs/lib:/home/devam/turtlebot3_ws/install/lio_sam/lib:/usr/lib/x86_64-linux-gnu/gazebo-11/plugins:/opt/ros/humble/opt/rviz_ogre_vendor/lib:/opt/ros/humble/lib/x86_64-linux-gnu:/opt/ros/humble/lib:/usr/share/gazebo/../../lib/x86_64-linux-gnu/gazebo-11/plugins PATH=/home/devam/turtlebot3_ws/src/install/rtabmap/bin:${PATH} PKG_CONFIG_PATH=/home/devam/turtlebot3_ws/src/install/rtabmap/lib/x86_64-linux-gnu/pkgconfig:/home/devam/turtlebot3_ws/src/install/rtabmap/lib/pkgconfig PYTHONPATH=/home/devam/turtlebot3_ws/src/install/rtabmap_msgs/local/lib/python3.10/dist-packages:${PYTHONPATH} /usr/local/bin/cmake --install /home/devam/turtlebot3_ws/src/build/rtabmap_conversions
