[0.132s] Invoking command in '/home/devam/turtlebot3_ws/src/build/turtlebot3_msgs': CMAKE_PREFIX_PATH=${CMAKE_PREFIX_PATH}:/home/devam/FYP_ROS2/install/occ_map_creator:/home/devam/FYP_ROS2/install/ekf_slam:/home/devam/FYP_ROS2/install/ekf_localization:/home/devam/turtlebot3_ws/install/turtlebot3_teleop:/home/devam/turtlebot3_ws/install/turtlebot3_rtabmap_slam:/home/devam/turtlebot3_ws/install/turtlebot3_example:/home/devam/turtlebot3_ws/install/microstrain_inertial_rqt:/opt/ros/humble /usr/local/bin/cmake /home/devam/turtlebot3_ws/src/turtlebot3_msgs -DCMAKE_BUILD_TYPE=Release -DAMENT_CMAKE_SYMLINK_INSTALL=1 -DCMAKE_INSTALL_PREFIX=/home/devam/turtlebot3_ws/src/install/turtlebot3_msgs
[0.815s] -- The C compiler identification is GNU 11.4.0
[0.815s] -- The CXX compiler identification is GNU 11.4.0
[0.816s] -- Detecting C compiler ABI info
[0.816s] -- Detecting C compiler ABI info - done
[0.816s] -- Check for working C compiler: /usr/bin/cc - skipped
[0.816s] -- Detecting C compile features
[0.816s] -- Detecting C compile features - done
[0.816s] -- Detecting CXX compiler ABI info
[0.816s] -- Detecting CXX compiler ABI info - done
[0.817s] -- Check for working CXX compiler: /usr/bin/c++ - skipped
[0.817s] -- Detecting CXX compile features
[0.818s] -- Detecting CXX compile features - done
[0.818s] -- Found action_msgs: 1.2.1 (/opt/ros/humble/share/action_msgs/cmake)
[0.882s] -- Found Python3: /usr/bin/python3 (found version "3.10.12") found components: Interpreter 
[0.975s] -- Override CMake install command with custom implementation using symlinks instead of copying resources
[1.144s] -- Found rosidl_generator_c: 3.1.6 (/opt/ros/humble/share/rosidl_generator_c/cmake)
[1.155s] -- Found rosidl_adapter: 3.1.6 (/opt/ros/humble/share/rosidl_adapter/cmake)
[1.171s] -- Found rosidl_generator_cpp: 3.1.6 (/opt/ros/humble/share/rosidl_generator_cpp/cmake)
[1.197s] -- Using all available rosidl_typesupport_c: rosidl_typesupport_fastrtps_c;rosidl_typesupport_introspection_c
[1.229s] -- Using all available rosidl_typesupport_cpp: rosidl_typesupport_fastrtps_cpp;rosidl_typesupport_introspection_cpp
[1.309s] -- Found rosidl_default_generators: 1.2.0 (/opt/ros/humble/share/rosidl_default_generators/cmake)
[1.354s] -- Found std_msgs: 4.9.0 (/opt/ros/humble/share/std_msgs/cmake)
[1.442s] -- Found geometry_msgs: 4.9.0 (/opt/ros/humble/share/geometry_msgs/cmake)
[2.594s] -- Found ament_cmake_cppcheck: 0.12.12 (/opt/ros/humble/share/ament_cmake_cppcheck/cmake)
[2.602s] -- Found ament_cmake_cpplint: 0.12.12 (/opt/ros/humble/share/ament_cmake_cpplint/cmake)
[2.608s] -- Found ament_cmake_uncrustify: 0.12.12 (/opt/ros/humble/share/ament_cmake_uncrustify/cmake)
[2.615s] -- Found ament_cmake_ros: 0.10.0 (/opt/ros/humble/share/ament_cmake_ros/cmake)
[4.162s] -- Using all available rosidl_typesupport_c: rosidl_typesupport_fastrtps_c;rosidl_typesupport_introspection_c
[4.667s] -- Using all available rosidl_typesupport_cpp: rosidl_typesupport_fastrtps_cpp;rosidl_typesupport_introspection_cpp
[4.671s] [33mCMake Warning (dev) at /opt/ros/humble/share/rosidl_generator_py/cmake/rosidl_generator_py_generate_interfaces.cmake:20 (find_package):
[4.671s]   Policy CMP0148 is not set: The FindPythonInterp and FindPythonLibs modules
[4.672s]   are removed.  Run "cmake --help-policy CMP0148" for policy details.  Use
[4.672s]   the cmake_policy command to set the policy and suppress this warning.
[4.672s] 
[4.672s] Call Stack (most recent call first):
[4.673s]   /opt/ros/humble/share/ament_cmake_core/cmake/core/ament_execute_extensions.cmake:48 (include)
[4.673s]   /opt/ros/humble/share/rosidl_cmake/cmake/rosidl_generate_interfaces.cmake:286 (ament_execute_extensions)
[4.673s]   CMakeLists.txt:47 (rosidl_generate_interfaces)
[4.673s] This warning is for project developers.  Use -Wno-dev to suppress it.
[4.674s] [0m
[4.704s] -- Found PythonInterp: /usr/bin/python3 (found suitable version "3.10.12", minimum required is "3.6") 
[4.709s] -- Found python_cmake_module: 0.10.0 (/opt/ros/humble/share/python_cmake_module/cmake)
[4.709s] [33mCMake Warning (dev) at /opt/ros/humble/share/python_cmake_module/cmake/Modules/FindPythonExtra.cmake:52 (find_package):
[4.709s]   Policy CMP0148 is not set: The FindPythonInterp and FindPythonLibs modules
[4.709s]   are removed.  Run "cmake --help-policy CMP0148" for policy details.  Use
[4.709s]   the cmake_policy command to set the policy and suppress this warning.
[4.709s] 
[4.709s] Call Stack (most recent call first):
[4.710s]   /opt/ros/humble/share/rosidl_generator_py/cmake/rosidl_generator_py_generate_interfaces.cmake:23 (find_package)
[4.710s]   /opt/ros/humble/share/ament_cmake_core/cmake/core/ament_execute_extensions.cmake:48 (include)
[4.710s]   /opt/ros/humble/share/rosidl_cmake/cmake/rosidl_generate_interfaces.cmake:286 (ament_execute_extensions)
[4.710s]   CMakeLists.txt:47 (rosidl_generate_interfaces)
[4.710s] This warning is for project developers.  Use -Wno-dev to suppress it.
[4.710s] [0m
[4.754s] [33mCMake Warning (dev) at /opt/ros/humble/share/python_cmake_module/cmake/Modules/FindPythonExtra.cmake:140 (find_package):
[4.754s]   Policy CMP0148 is not set: The FindPythonInterp and FindPythonLibs modules
[4.754s]   are removed.  Run "cmake --help-policy CMP0148" for policy details.  Use
[4.754s]   the cmake_policy command to set the policy and suppress this warning.
[4.754s] 
[4.754s] Call Stack (most recent call first):
[4.754s]   /opt/ros/humble/share/rosidl_generator_py/cmake/rosidl_generator_py_generate_interfaces.cmake:23 (find_package)
[4.755s]   /opt/ros/humble/share/ament_cmake_core/cmake/core/ament_execute_extensions.cmake:48 (include)
[4.755s]   /opt/ros/humble/share/rosidl_cmake/cmake/rosidl_generate_interfaces.cmake:286 (ament_execute_extensions)
[4.755s]   CMakeLists.txt:47 (rosidl_generate_interfaces)
[4.755s] This warning is for project developers.  Use -Wno-dev to suppress it.
[4.755s] [0m
[4.764s] -- Found PythonLibs: /usr/lib/x86_64-linux-gnu/libpython3.10.so (found suitable version "3.10.12", minimum required is "3.5") 
[4.764s] -- Using PYTHON_EXECUTABLE: /usr/bin/python3
[4.764s] -- Using PYTHON_INCLUDE_DIRS: /usr/include/python3.10
[4.764s] -- Using PYTHON_LIBRARIES: /usr/lib/x86_64-linux-gnu/libpython3.10.so
[4.794s] -- Found PythonExtra: .so  
[4.925s] -- Found ament_cmake_flake8: 0.12.12 (/opt/ros/humble/share/ament_cmake_flake8/cmake)
[4.931s] -- Found ament_cmake_pep257: 0.12.12 (/opt/ros/humble/share/ament_cmake_pep257/cmake)
[4.943s] -- Configuring done (4.8s)
[4.997s] -- Generating done (0.0s)
[5.010s] -- Build files have been written to: /home/devam/turtlebot3_ws/src/build/turtlebot3_msgs
